
          -------------------------------------------------------
          Amber 20 PMEMD                              2020
          -------------------------------------------------------

| PMEMD implementation of SANDER, Release 18

|  Compiled date/time: Mon Apr 27 21:19:54 2020
| Run on 09/29/2020 at 21:28:40

|   Executable path: /opt/software/Amber/20-fosscuda-2019b/amber20/bin/pmemd.cuda
| Working directory: /mnt/ls15/scratch/users/songlin3/run/solvation_amber20/en/two_steps_tip3p_ethylenediame/step2_vdw_to_nothing/0.95206
|          Hostname: lac-344

  [-O]verwriting output

File Assignments:
|   MDIN: heat.in                                                               
|  MDOUT: heat.out                                                              
| INPCRD: min.rst                                                               
|   PARM: en_step2_final.prmtop                                                 
| RESTRT: heat.rst                                                              
|   REFC: min.rst                                                               
|  MDVEL: mdvel                                                                 
|   MDEN: mden                                                                  
|  MDCRD: heat.netcdf                                                           
| MDINFO: heat.mdinfo                                                           
|  MDFRC: mdfrc                                                                 


 Here is the input file:

nvt for free MD                                                                
 &cntrl                                                                        
  imin=0,                                                                      
  irest=0,                                                                     
  ntx=1,                                                                       
  ig=-1,                                                                       
  nstlim=200000,                                                               
  dt=0.001,                                                                    
  cut=10.0,                                                                    
  ntc=1,                                                                       
  ntf=1,                                                                       
  ntb=1,                                                                       
  ntt=3,                                                                       
  gamma_ln=2.0,                                                                
  tempi=0.0,                                                                   
  temp0=300.0,                                                                 
  ntpr=5000,                                                                   
  ntwr=5000,                                                                   
  ntwx=10000,                                                                  
  ntwv=0,                                                                      
  ioutfm=1,                                                                    
  iwrap=0,                                                                     
  nmropt=1,                                                                    
  ifsc = 1, icfe=1,                                                            
  clambda=0.95206,                                                             
  timask1=':1', scmask1=':1', scmask2='',                                      
  timask2='', crgmask = ':1',                                                  
/                                                                              
&wt TYPE='TEMP0', istep1=0, istep2=190000, value1=0.0, value2=300.0 /          
&wt TYPE='TEMP0', istep1=190001, istep2=200000, value1=300.0, value2=300.0 /   
&wt TYPE='DUMPFREQ', istep1=10000, /                                           
&wt TYPE='END', /                                                              


Note: ig = -1. Setting random seed to   122954 based on wallclock time in 
      microseconds.
| irandom = 1, using AMBER's internal random number generator (default).
 
|--------------------- INFORMATION ----------------------
| GPU (CUDA) Version of PMEMD in use: NVIDIA GPU IN USE.
|                    Version 18.0.0
| 
|                      03/25/2018
| 
| Implementation by:
|                    Ross C. Walker     (SDSC)
|                    Scott Le Grand     (nVIDIA)
| 
| Version 18 performance extensions by:
|                    David Cerutti     (Rutgers)
| 
| Precision model in use:
|      [SPFP] - Single Precision Forces, 64-bit Fixed Point
|               Accumulation. (Default)
| 
|--------------------------------------------------------
 
|----------------- CITATION INFORMATION -----------------
|
|    When publishing work that utilized the CUDA version
|    of AMBER, please cite the following in addition to
|    the regular AMBER citations:
|
|  - Romelia Salomon-Ferrer; Andreas W. Goetz; Duncan
|    Poole; Scott Le Grand; Ross C. Walker "Routine
|    microsecond molecular dynamics simulations with
|    AMBER - Part II: Particle Mesh Ewald", J. Chem.
|    Theory Comput., 2013, 9 (9), pp3878-3888,
|    DOI: 10.1021/ct400314y.
|
|  - Andreas W. Goetz; Mark J. Williamson; Dong Xu;
|    Duncan Poole; Scott Le Grand; Ross C. Walker
|    "Routine microsecond molecular dynamics simulations
|    with AMBER - Part I: Generalized Born", J. Chem.
|    Theory Comput., 2012, 8 (5), pp1542-1555.
|
|  - Scott Le Grand; Andreas W. Goetz; Ross C. Walker
|    "SPFP: Speed without compromise - a mixed precision
|    model for GPU accelerated molecular dynamics
|    simulations.", Comp. Phys. Comm., 2013, 184
|    pp374-380, DOI: 10.1016/j.cpc.2012.09.022
|
|    When publishing work that utilized the CUDA version
|    of TI, BAR, MBAR or FEP please cite the following 
|    publications in addition to the regular AMBER 
|    GPU citations:
|
|  - Daniel J. Mermelstein; Charles Lin; Gard Nelson; 
|    Rachael Kretsch; J. Andrew McCammon; Ross C. Walker
|    "Fast and Flexible GPU Accelerated Binding 
|    Free Energy Calculations within the AMBER Molecular
|    Dynamics Package" J. Comp. Chem., 2018,
|    DOI: 10.1002/jcc.25187
|
|  - Tai-Sung Lee; Yuan Hu; Brad Sherborne; Zhuyan Guo;
|    Darrin M. York
|    "Toward Fast and Accurate Binding Affinity Prediction with
|    pmemdGTI: An Efficient Implementation of GPU-Accelerated
|    Thermodynamic Integration"
|    J. Chem. Theory Comput., 2017, 13 (7), 3077
|
|
|--------------------------------------------------------
 
|------------------- GPU DEVICE INFO --------------------
|
|            CUDA_VISIBLE_DEVICES: 0
|   CUDA Capable Devices Detected:      1
|           CUDA Device ID in use:      0
|                CUDA Device Name: Tesla K80
|     CUDA Device Global Mem Size:  12206 MB
| CUDA Device Num Multiprocessors:     13
|           CUDA Device Core Freq:   0.82 GHz
|
|--------------------------------------------------------
 
 
| Conditional Compilation Defines Used:
| FFTW_FFT
| BINTRAJ
| MKL
| CUDA
| EMIL

| Largest sphere to fit in unit cell has radius =    27.375

| New format PARM file being parsed.
| Version =    1.000 Date = 09/18/20 Time = 17:37:14

| Note: 1-4 EEL scale factors are being read from the topology file.

| Note: 1-4 VDW scale factors are being read from the topology file.
| Duplicated    0 dihedrals

| Duplicated    0 dihedrals

--------------------------------------------------------------------------------
   1.  RESOURCE   USE: 
--------------------------------------------------------------------------------

 getting box info from netcdf restart file
 NATOM  =   20955 NTYPES =       6 NBONH =   20951 MBONA  =       3
 NTHETH =      16 MTHETA =       2 NPHIH =      20 MPHIA  =       1
 NHPARM =       0 NPARM  =       0 NNB   =   27975 NRES   =    6982
 NBONA  =       3 NTHETA =       2 NPHIA =       1 NUMBND =       6
 NUMANG =       6 NPTRA  =       2 NATYP =       6 NPHB   =       1
 IFBOX  =       2 NMXRS  =      12 IFCAP =       0 NEXTRA =       0
 NCOPY  =       0

| Coordinate Index Table dimensions:    10   10   10
| Direct force subcell size =     6.7054    6.7054    6.7054

     BOX TYPE: TRUNCATED OCTAHEDRON

--------------------------------------------------------------------------------
   2.  CONTROL  DATA  FOR  THE  RUN
--------------------------------------------------------------------------------

default_name                                                                    

General flags:
     imin    =       0, nmropt  =       1

Nature and format of input:
     ntx     =       1, irest   =       0, ntrx    =       1

Nature and format of output:
     ntxo    =       2, ntpr    =    5000, ntrx    =       1, ntwr    =    5000
     iwrap   =       0, ntwx    =   10000, ntwv    =       0, ntwe    =       0
     ioutfm  =       1, ntwprt  =       0, idecomp =       0, rbornstat=      0

Potential function:
     ntf     =       1, ntb     =       1, igb     =       0, nsnb    =      25
     ipol    =       0, gbsa    =       0, iesp    =       0
     dielc   =   1.00000, cut     =  10.00000, intdiel =   1.00000

Frozen or restrained atoms:
     ibelly  =       0, ntr     =       0

Molecular dynamics:
     nstlim  =    200000, nscm    =      1000, nrespa  =         1
     t       =   0.00000, dt      =   0.00100, vlimit  =  -1.00000

Langevin dynamics temperature regulation:
     ig      =  122954
     temp0   = 300.00000, tempi   =   0.00000, gamma_ln=   2.00000

NMR refinement options:
     iscale  =       0, noeskp  =       1, ipnlty  =       1, mxsub   =       1
     scalm   = 100.00000, pencut  =   0.10000, tausw   =   0.10000

Free energy options:
     icfe    =       1, ifsc    =       1, klambda =       1
     clambda =  0.9521, scalpha =  0.5000, scbeta  = 12.0000
     sceeorder =       2
     dynlmb =  0.0000 logdvdl =       0

| Intermolecular bonds treatment:
|     no_intermolecular_bonds =       1

| Energy averages sample interval:
|     ene_avg_sampling =    5000

Ewald parameters:
     verbose =       0, ew_type =       0, nbflag  =       1, use_pme =       1
     vdwmeth =       1, eedmeth =       1, netfrc  =       1
     Box X =   67.054   Box Y =   67.054   Box Z =   67.054
     Alpha =  109.471   Beta  =  109.471   Gamma =  109.471
     NFFT1 =   64       NFFT2 =   64       NFFT3 =   64
     Cutoff=   10.000   Tol   =0.100E-04
     Ewald Coefficient =  0.27511
     Interpolation order =    4
     TI Mask 1 :1; matches     12 atoms
     TI Mask 2  matches      0 atoms
     TI region 1:   20955 atoms
     TI region 2:   20943 atoms
     SC Mask 1 :1; matches     12 atoms
Removing charge of      -0.6664 from atom       1
Removing charge of      -0.6664 from atom       2
Removing charge of      -0.0664 from atom       3
Removing charge of      -0.0664 from atom       4
Removing charge of       0.2792 from atom       5
Removing charge of       0.2802 from atom       6
Removing charge of       0.2802 from atom       7
Removing charge of       0.2792 from atom       8
Removing charge of       0.0898 from atom       9
Removing charge of       0.0837 from atom      10
Removing charge of       0.0898 from atom      11
Removing charge of       0.0837 from atom      12
Total charge of  -0.00000000 removed from      12 atoms
    No charge on TI atoms. Skipping extra recip sum.

--------------------------------------------------------------------------------
   3.  ATOMIC COORDINATES AND VELOCITIES
--------------------------------------------------------------------------------

default_name                                                                    
 begin time read from input coords =     0.000 ps



           Begin reading energy term weight changes/NMR restraints
 WEIGHT CHANGES:
 TEMP0         0 190000    0.000000  300.000000      0      0
 TEMP0    190001 200000  300.000000  300.000000      0      0
 DUMPFREQ  10000      0    0.000000    0.000000      0      0

 RESTRAINTS:
                          ** No restraint defined **

                  Done reading weight changes/NMR restraints


 
 Number of triangulated 3-point waters found:     6981
 Number of shake restraints removed in TI region  1 :        0
 Number of shake restraints removed in TI region  2 :        0

     Sum of charges for TI region  1 =   0.00000000
     Skip neutralizing charges...


     Sum of charges for TI region  2 =   0.00000000
     Skip neutralizing charges...

| Dynamic Memory, Types Used:
| Reals              918964
| Integers           797094

| Nonbonded Pairs Initial Allocation:     6338363

| GPU memory information (estimate):
| KB of GPU memory in use:    245588
| KB of CPU memory in use:     50996

--------------------------------------------------------------------------------
   4.  RESULTS
--------------------------------------------------------------------------------

   DOF for the SC part  1 of the system:   36

| TI region  1


 NSTEP =        0   TIME(PS) =       0.000  TEMP(K) =     0.00  PRESS =     0.0
 Etot   =    -63486.8828  EKtot   =         0.0000  EPtot      =    -63486.8828
 BOND   =      3637.3697  ANGLE   =         0.0000  DIHED      =         0.0000
 1-4 NB =         0.0000  1-4 EEL =         0.0000  VDWAALS    =      3818.7682
 EELEC  =    -70943.0207  EHBOND  =         0.0000  RESTRAINT  =         0.0000
 DV/DL  =         6.5206
 ------------------------------------------------------------------------------

  Softcore part of the system:      12 atoms,       TEMP(K)    =           0.00
 SC_Etot=         0.3337  SC_EKtot=         0.0000  SC_EPtot   =         0.3337
 SC_BOND=         0.0112  SC_ANGLE=         0.0701  SC_DIHED   =         0.0503
 SC_14NB=         0.2808  SC_14EEL=         0.0000  SC_VDW     =        -0.0787
 SC_EEL =         0.0000
 SC_RES_DIST=     0.0000  SC_RES_ANG=       0.0000  SC_RES_TORS=         0.0000
 SC_EEL_DER=      0.0000  SC_VDW_DER=       0.0088  SC_DERIV   =         0.0088
 ------------------------------------------------------------------------------


| TI region  2


 NSTEP =        0   TIME(PS) =       0.000  TEMP(K) =     0.00  PRESS =     0.0
 Etot   =    -63486.8828  EKtot   =         0.0000  EPtot      =    -63486.8828
 BOND   =      3637.3697  ANGLE   =         0.0000  DIHED      =         0.0000
 1-4 NB =         0.0000  1-4 EEL =         0.0000  VDWAALS    =      3818.7682
 EELEC  =    -70943.0207  EHBOND  =         0.0000  RESTRAINT  =         0.0000
 DV/DL  =         6.5206
 ------------------------------------------------------------------------------

 NMR restraints: Bond =    0.000   Angle =     0.000   Torsion =     0.000
===============================================================================

| TI region  1


 NSTEP =     5000   TIME(PS) =       5.000  TEMP(K) =     7.30  PRESS =     0.0
 Etot   =    -63323.8038  EKtot   =       456.0019  EPtot      =    -63779.8057
 BOND   =      3919.9328  ANGLE   =         0.0000  DIHED      =         0.0000
 1-4 NB =         0.0000  1-4 EEL =         0.0000  VDWAALS    =      4175.9720
 EELEC  =    -71875.7105  EHBOND  =         0.0000  RESTRAINT  =         0.0000
 DV/DL  =         7.1036
 ------------------------------------------------------------------------------

  Softcore part of the system:      12 atoms,       TEMP(K)    =           6.71
 SC_Etot=         0.8017  SC_EKtot=         0.2400  SC_EPtot   =         0.5617
 SC_BOND=         0.1073  SC_ANGLE=         0.1633  SC_DIHED   =         0.0708
 SC_14NB=         0.2982  SC_14EEL=         0.0000  SC_VDW     =        -0.0779
 SC_EEL =         0.0000
 SC_RES_DIST=     0.0000  SC_RES_ANG=       0.0000  SC_RES_TORS=         0.0000
 SC_EEL_DER=      0.0000  SC_VDW_DER=      -0.0094  SC_DERIV   =        -0.0094
 ------------------------------------------------------------------------------


| TI region  2


 NSTEP =     5000   TIME(PS) =       5.000  TEMP(K) =     7.30  PRESS =     0.0
 Etot   =    -63324.0439  EKtot   =       455.7619  EPtot      =    -63779.8057
 BOND   =      3919.9328  ANGLE   =         0.0000  DIHED      =         0.0000
 1-4 NB =         0.0000  1-4 EEL =         0.0000  VDWAALS    =      4175.9720
 EELEC  =    -71875.7105  EHBOND  =         0.0000  RESTRAINT  =         0.0000
 DV/DL  =         7.1036
 ------------------------------------------------------------------------------

 NMR restraints: Bond =    0.000   Angle =     0.000   Torsion =     0.000
===============================================================================

| TI region  1


 NSTEP =    10000   TIME(PS) =      10.000  TEMP(K) =    15.02  PRESS =     0.0
 Etot   =    -62495.4361  EKtot   =       937.8901  EPtot      =    -63433.3262
 BOND   =      4123.3527  ANGLE   =         0.0000  DIHED      =        -0.0000
 1-4 NB =         0.0000  1-4 EEL =         0.0000  VDWAALS    =      4215.5807
 EELEC  =    -71772.2597  EHBOND  =         0.0000  RESTRAINT  =         0.0000
 DV/DL  =         6.8379
 ------------------------------------------------------------------------------

  Softcore part of the system:      12 atoms,       TEMP(K)    =          15.39
 SC_Etot=         1.3539  SC_EKtot=         0.5505  SC_EPtot   =         0.8035
 SC_BOND=         0.1896  SC_ANGLE=         0.3574  SC_DIHED   =         0.0512
 SC_14NB=         0.2841  SC_14EEL=         0.0000  SC_VDW     =        -0.0789
 SC_EEL =         0.0000
 SC_RES_DIST=     0.0000  SC_RES_ANG=       0.0000  SC_RES_TORS=         0.0000
 SC_EEL_DER=      0.0000  SC_VDW_DER=       0.0084  SC_DERIV   =         0.0084
 ------------------------------------------------------------------------------


| TI region  2


 NSTEP =    10000   TIME(PS) =      10.000  TEMP(K) =    15.02  PRESS =     0.0
 Etot   =    -62495.9866  EKtot   =       937.3396  EPtot      =    -63433.3262
 BOND   =      4123.3527  ANGLE   =         0.0000  DIHED      =        -0.0000
 1-4 NB =         0.0000  1-4 EEL =         0.0000  VDWAALS    =      4215.5807
 EELEC  =    -71772.2597  EHBOND  =         0.0000  RESTRAINT  =         0.0000
 DV/DL  =         6.8379
 ------------------------------------------------------------------------------

 NMR restraints: Bond =    0.000   Angle =     0.000   Torsion =     0.000
===============================================================================

| TI region  1


 NSTEP =    15000   TIME(PS) =      15.000  TEMP(K) =    23.12  PRESS =     0.0
 Etot   =    -61576.6748  EKtot   =      1444.2271  EPtot      =    -63020.9019
 BOND   =      4285.3010  ANGLE   =         0.0000  DIHED      =        -0.0000
 1-4 NB =         0.0000  1-4 EEL =         0.0000  VDWAALS    =      4156.1350
 EELEC  =    -71462.3379  EHBOND  =         0.0000  RESTRAINT  =         0.0000
 DV/DL  =         6.6365
 ------------------------------------------------------------------------------

  Softcore part of the system:      12 atoms,       TEMP(K)    =          24.43
 SC_Etot=         1.9126  SC_EKtot=         0.8738  SC_EPtot   =         1.0388
 SC_BOND=         0.2873  SC_ANGLE=         0.4987  SC_DIHED   =         0.0601
 SC_14NB=         0.2731  SC_14EEL=         0.0000  SC_VDW     =        -0.0804
 SC_EEL =         0.0000
 SC_RES_DIST=     0.0000  SC_RES_ANG=       0.0000  SC_RES_TORS=         0.0000
 SC_EEL_DER=      0.0000  SC_VDW_DER=      -0.1939  SC_DERIV   =        -0.1939
 ------------------------------------------------------------------------------


| TI region  2


 NSTEP =    15000   TIME(PS) =      15.000  TEMP(K) =    23.12  PRESS =     0.0
 Etot   =    -61577.5487  EKtot   =      1443.3532  EPtot      =    -63020.9019
 BOND   =      4285.3010  ANGLE   =         0.0000  DIHED      =        -0.0000
 1-4 NB =         0.0000  1-4 EEL =         0.0000  VDWAALS    =      4156.1350
 EELEC  =    -71462.3379  EHBOND  =         0.0000  RESTRAINT  =         0.0000
 DV/DL  =         6.6365
 ------------------------------------------------------------------------------

 NMR restraints: Bond =    0.000   Angle =     0.000   Torsion =     0.000
===============================================================================

| TI region  1


 NSTEP =    20000   TIME(PS) =      20.000  TEMP(K) =    30.78  PRESS =     0.0
 Etot   =    -60702.4811  EKtot   =      1922.6345  EPtot      =    -62625.1156
 BOND   =      4491.1265  ANGLE   =         0.0000  DIHED      =        -0.0000
 1-4 NB =         0.0000  1-4 EEL =         0.0000  VDWAALS    =      4169.0424
 EELEC  =    -71285.2845  EHBOND  =         0.0000  RESTRAINT  =         0.0000
 DV/DL  =         6.7962
 ------------------------------------------------------------------------------

  Softcore part of the system:      12 atoms,       TEMP(K)    =          25.10
 SC_Etot=         2.0599  SC_EKtot=         0.8977  SC_EPtot   =         1.1623
 SC_BOND=         0.1806  SC_ANGLE=         0.6137  SC_DIHED   =         0.1409
 SC_14NB=         0.3060  SC_14EEL=         0.0000  SC_VDW     =        -0.0790
 SC_EEL =         0.0000
 SC_RES_DIST=     0.0000  SC_RES_ANG=       0.0000  SC_RES_TORS=         0.0000
 SC_EEL_DER=      0.0000  SC_VDW_DER=      -0.0661  SC_DERIV   =        -0.0661
 ------------------------------------------------------------------------------


| TI region  2


 NSTEP =    20000   TIME(PS) =      20.000  TEMP(K) =    30.78  PRESS =     0.0
 Etot   =    -60703.3788  EKtot   =      1921.7368  EPtot      =    -62625.1156
 BOND   =      4491.1265  ANGLE   =         0.0000  DIHED      =        -0.0000
 1-4 NB =         0.0000  1-4 EEL =         0.0000  VDWAALS    =      4169.0424
 EELEC  =    -71285.2845  EHBOND  =         0.0000  RESTRAINT  =         0.0000
 DV/DL  =         6.7962
 ------------------------------------------------------------------------------

 NMR restraints: Bond =    0.000   Angle =     0.000   Torsion =     0.000
===============================================================================

| TI region  1


 NSTEP =    25000   TIME(PS) =      25.000  TEMP(K) =    38.95  PRESS =     0.0
 Etot   =    -59783.9030  EKtot   =      2433.2085  EPtot      =    -62217.1115
 BOND   =      4656.5922  ANGLE   =         0.0000  DIHED      =        -0.0000
 1-4 NB =         0.0000  1-4 EEL =         0.0000  VDWAALS    =      4133.2060
 EELEC  =    -71006.9097  EHBOND  =         0.0000  RESTRAINT  =         0.0000
 DV/DL  =         8.0492
 ------------------------------------------------------------------------------

  Softcore part of the system:      12 atoms,       TEMP(K)    =          38.70
 SC_Etot=         3.0353  SC_EKtot=         1.3843  SC_EPtot   =         1.6510
 SC_BOND=         0.6402  SC_ANGLE=         0.7086  SC_DIHED   =         0.1753
 SC_14NB=         0.1966  SC_14EEL=         0.0000  SC_VDW     =        -0.0698
 SC_EEL =         0.0000
 SC_RES_DIST=     0.0000  SC_RES_ANG=       0.0000  SC_RES_TORS=         0.0000
 SC_EEL_DER=      0.0000  SC_VDW_DER=      -0.0839  SC_DERIV   =        -0.0839
 ------------------------------------------------------------------------------


| TI region  2


 NSTEP =    25000   TIME(PS) =      25.000  TEMP(K) =    38.95  PRESS =     0.0
 Etot   =    -59785.2873  EKtot   =      2431.8242  EPtot      =    -62217.1115
 BOND   =      4656.5922  ANGLE   =         0.0000  DIHED      =        -0.0000
 1-4 NB =         0.0000  1-4 EEL =         0.0000  VDWAALS    =      4133.2060
 EELEC  =    -71006.9097  EHBOND  =         0.0000  RESTRAINT  =         0.0000
 DV/DL  =         8.0492
 ------------------------------------------------------------------------------

 NMR restraints: Bond =    0.000   Angle =     0.000   Torsion =     0.000
===============================================================================

| TI region  1


 NSTEP =    30000   TIME(PS) =      30.000  TEMP(K) =    46.40  PRESS =     0.0
 Etot   =    -58859.6382  EKtot   =      2897.9897  EPtot      =    -61757.6280
 BOND   =      4925.0785  ANGLE   =         0.0000  DIHED      =         0.0000
 1-4 NB =         0.0000  1-4 EEL =         0.0000  VDWAALS    =      4062.5347
 EELEC  =    -70745.2411  EHBOND  =         0.0000  RESTRAINT  =         0.0000
 DV/DL  =         7.6376
 ------------------------------------------------------------------------------

  Softcore part of the system:      12 atoms,       TEMP(K)    =          53.53
 SC_Etot=         3.7472  SC_EKtot=         1.9149  SC_EPtot   =         1.8323
 SC_BOND=         0.3279  SC_ANGLE=         0.5525  SC_DIHED   =         0.6613
 SC_14NB=         0.3842  SC_14EEL=         0.0000  SC_VDW     =        -0.0936
 SC_EEL =         0.0000
 SC_RES_DIST=     0.0000  SC_RES_ANG=       0.0000  SC_RES_TORS=         0.0000
 SC_EEL_DER=      0.0000  SC_VDW_DER=      -0.2742  SC_DERIV   =        -0.2742
 ------------------------------------------------------------------------------


| TI region  2


 NSTEP =    30000   TIME(PS) =      30.000  TEMP(K) =    46.39  PRESS =     0.0
 Etot   =    -58861.5531  EKtot   =      2896.0749  EPtot      =    -61757.6280
 BOND   =      4925.0785  ANGLE   =         0.0000  DIHED      =         0.0000
 1-4 NB =         0.0000  1-4 EEL =         0.0000  VDWAALS    =      4062.5347
 EELEC  =    -70745.2411  EHBOND  =         0.0000  RESTRAINT  =         0.0000
 DV/DL  =         7.6376
 ------------------------------------------------------------------------------

 NMR restraints: Bond =    0.000   Angle =     0.000   Torsion =     0.000
===============================================================================

| TI region  1


 NSTEP =    35000   TIME(PS) =      35.000  TEMP(K) =    54.97  PRESS =     0.0
 Etot   =    -57909.0458  EKtot   =      3433.4768  EPtot      =    -61342.5226
 BOND   =      5051.3865  ANGLE   =         0.0000  DIHED      =        -0.0000
 1-4 NB =         0.0000  1-4 EEL =         0.0000  VDWAALS    =      4025.0363
 EELEC  =    -70418.9454  EHBOND  =         0.0000  RESTRAINT  =         0.0000
 DV/DL  =         6.2196
 ------------------------------------------------------------------------------

  Softcore part of the system:      12 atoms,       TEMP(K)    =          59.97
 SC_Etot=         4.2697  SC_EKtot=         2.1452  SC_EPtot   =         2.1245
 SC_BOND=         0.3014  SC_ANGLE=         1.0105  SC_DIHED   =         0.5141
 SC_14NB=         0.3791  SC_14EEL=         0.0000  SC_VDW     =        -0.0806
 SC_EEL =         0.0000
 SC_RES_DIST=     0.0000  SC_RES_ANG=       0.0000  SC_RES_TORS=         0.0000
 SC_EEL_DER=      0.0000  SC_VDW_DER=       0.0086  SC_DERIV   =         0.0086
 ------------------------------------------------------------------------------


| TI region  2


 NSTEP =    35000   TIME(PS) =      35.000  TEMP(K) =    54.97  PRESS =     0.0
 Etot   =    -57911.1910  EKtot   =      3431.3316  EPtot      =    -61342.5226
 BOND   =      5051.3865  ANGLE   =         0.0000  DIHED      =        -0.0000
 1-4 NB =         0.0000  1-4 EEL =         0.0000  VDWAALS    =      4025.0363
 EELEC  =    -70418.9454  EHBOND  =         0.0000  RESTRAINT  =         0.0000
 DV/DL  =         6.2196
 ------------------------------------------------------------------------------

 NMR restraints: Bond =    0.000   Angle =     0.000   Torsion =     0.000
===============================================================================

| TI region  1


 NSTEP =    40000   TIME(PS) =      40.000  TEMP(K) =    62.89  PRESS =     0.0
 Etot   =    -56965.3780  EKtot   =      3928.0493  EPtot      =    -60893.4273
 BOND   =      5274.0828  ANGLE   =         0.0000  DIHED      =        -0.0000
 1-4 NB =         0.0000  1-4 EEL =         0.0000  VDWAALS    =      3914.5923
 EELEC  =    -70082.1024  EHBOND  =         0.0000  RESTRAINT  =         0.0000
 DV/DL  =         8.1413
 ------------------------------------------------------------------------------

  Softcore part of the system:      12 atoms,       TEMP(K)    =          57.72
 SC_Etot=         4.0905  SC_EKtot=         2.0646  SC_EPtot   =         2.0259
 SC_BOND=         0.4379  SC_ANGLE=         1.0428  SC_DIHED   =         0.1766
 SC_14NB=         0.4459  SC_14EEL=         0.0000  SC_VDW     =        -0.0772
 SC_EEL =         0.0000
 SC_RES_DIST=     0.0000  SC_RES_ANG=       0.0000  SC_RES_TORS=         0.0000
 SC_EEL_DER=      0.0000  SC_VDW_DER=      -0.1203  SC_DERIV   =        -0.1203
 ------------------------------------------------------------------------------


| TI region  2


 NSTEP =    40000   TIME(PS) =      40.000  TEMP(K) =    62.89  PRESS =     0.0
 Etot   =    -56967.4426  EKtot   =      3925.9847  EPtot      =    -60893.4273
 BOND   =      5274.0828  ANGLE   =         0.0000  DIHED      =        -0.0000
 1-4 NB =         0.0000  1-4 EEL =         0.0000  VDWAALS    =      3914.5923
 EELEC  =    -70082.1024  EHBOND  =         0.0000  RESTRAINT  =         0.0000
 DV/DL  =         8.1413
 ------------------------------------------------------------------------------

 NMR restraints: Bond =    0.000   Angle =     0.000   Torsion =     0.000
===============================================================================

| TI region  1


 NSTEP =    45000   TIME(PS) =      45.000  TEMP(K) =    70.12  PRESS =     0.0
 Etot   =    -56023.8333  EKtot   =      4379.6460  EPtot      =    -60403.4793
 BOND   =      5435.2934  ANGLE   =         0.0000  DIHED      =         0.0000
 1-4 NB =         0.0000  1-4 EEL =         0.0000  VDWAALS    =      3848.3173
 EELEC  =    -69687.0900  EHBOND  =         0.0000  RESTRAINT  =         0.0000
 DV/DL  =        -3.6950
 ------------------------------------------------------------------------------

  Softcore part of the system:      12 atoms,       TEMP(K)    =          71.33
 SC_Etot=         4.9753  SC_EKtot=         2.5513  SC_EPtot   =         2.4240
 SC_BOND=         0.5912  SC_ANGLE=         1.0950  SC_DIHED   =         0.6684
 SC_14NB=         0.1288  SC_14EEL=         0.0000  SC_VDW     =        -0.0593
 SC_EEL =         0.0000
 SC_RES_DIST=     0.0000  SC_RES_ANG=       0.0000  SC_RES_TORS=         0.0000
 SC_EEL_DER=      0.0000  SC_VDW_DER=      -1.6511  SC_DERIV   =        -1.6511
 ------------------------------------------------------------------------------


| TI region  2


 NSTEP =    45000   TIME(PS) =      45.000  TEMP(K) =    70.12  PRESS =     0.0
 Etot   =    -56026.3846  EKtot   =      4377.0947  EPtot      =    -60403.4793
 BOND   =      5435.2934  ANGLE   =         0.0000  DIHED      =         0.0000
 1-4 NB =         0.0000  1-4 EEL =         0.0000  VDWAALS    =      3848.3173
 EELEC  =    -69687.0900  EHBOND  =         0.0000  RESTRAINT  =         0.0000
 DV/DL  =        -3.6950
 ------------------------------------------------------------------------------

 NMR restraints: Bond =    0.000   Angle =     0.000   Torsion =     0.000
===============================================================================

| TI region  1


 NSTEP =    50000   TIME(PS) =      50.000  TEMP(K) =    78.50  PRESS =     0.0
 Etot   =    -54998.7407  EKtot   =      4903.3252  EPtot      =    -59902.0659
 BOND   =      5598.0590  ANGLE   =         0.0000  DIHED      =        -0.0000
 1-4 NB =         0.0000  1-4 EEL =         0.0000  VDWAALS    =      3875.6287
 EELEC  =    -69375.7536  EHBOND  =         0.0000  RESTRAINT  =         0.0000
 DV/DL  =        -3.8105
 ------------------------------------------------------------------------------

  Softcore part of the system:      12 atoms,       TEMP(K)    =          99.30
 SC_Etot=         5.6024  SC_EKtot=         3.5520  SC_EPtot   =         2.0504
 SC_BOND=         0.5831  SC_ANGLE=         0.9203  SC_DIHED   =         0.4156
 SC_14NB=         0.1951  SC_14EEL=         0.0000  SC_VDW     =        -0.0636
 SC_EEL =         0.0000
 SC_RES_DIST=     0.0000  SC_RES_ANG=       0.0000  SC_RES_TORS=         0.0000
 SC_EEL_DER=      0.0000  SC_VDW_DER=      -2.0888  SC_DERIV   =        -2.0888
 ------------------------------------------------------------------------------


| TI region  2


 NSTEP =    50000   TIME(PS) =      50.000  TEMP(K) =    78.49  PRESS =     0.0
 Etot   =    -55002.2927  EKtot   =      4899.7732  EPtot      =    -59902.0659
 BOND   =      5598.0590  ANGLE   =         0.0000  DIHED      =        -0.0000
 1-4 NB =         0.0000  1-4 EEL =         0.0000  VDWAALS    =      3875.6287
 EELEC  =    -69375.7536  EHBOND  =         0.0000  RESTRAINT  =         0.0000
 DV/DL  =        -3.8105
 ------------------------------------------------------------------------------

 NMR restraints: Bond =    0.000   Angle =     0.000   Torsion =     0.000
===============================================================================

| TI region  1


 NSTEP =    55000   TIME(PS) =      55.000  TEMP(K) =    86.40  PRESS =     0.0
 Etot   =    -54003.7905  EKtot   =      5396.9961  EPtot      =    -59400.7866
 BOND   =      5727.5393  ANGLE   =         0.0000  DIHED      =        -0.0000
 1-4 NB =         0.0000  1-4 EEL =         0.0000  VDWAALS    =      3549.8000
 EELEC  =    -68678.1259  EHBOND  =         0.0000  RESTRAINT  =         0.0000
 DV/DL  =        -7.5011
 ------------------------------------------------------------------------------

  Softcore part of the system:      12 atoms,       TEMP(K)    =          71.97
 SC_Etot=         5.6352  SC_EKtot=         2.5742  SC_EPtot   =         3.0610
 SC_BOND=         1.6301  SC_ANGLE=         0.7178  SC_DIHED   =         0.3075
 SC_14NB=         0.4854  SC_14EEL=         0.0000  SC_VDW     =        -0.0798
 SC_EEL =         0.0000
 SC_RES_DIST=     0.0000  SC_RES_ANG=       0.0000  SC_RES_TORS=         0.0000
 SC_EEL_DER=      0.0000  SC_VDW_DER=      -2.3878  SC_DERIV   =        -2.3878
 ------------------------------------------------------------------------------


| TI region  2


 NSTEP =    55000   TIME(PS) =      55.000  TEMP(K) =    86.41  PRESS =     0.0
 Etot   =    -54006.3647  EKtot   =      5394.4219  EPtot      =    -59400.7866
 BOND   =      5727.5393  ANGLE   =         0.0000  DIHED      =        -0.0000
 1-4 NB =         0.0000  1-4 EEL =         0.0000  VDWAALS    =      3549.8000
 EELEC  =    -68678.1259  EHBOND  =         0.0000  RESTRAINT  =         0.0000
 DV/DL  =        -7.5011
 ------------------------------------------------------------------------------

 NMR restraints: Bond =    0.000   Angle =     0.000   Torsion =     0.000
===============================================================================

| TI region  1


 NSTEP =    60000   TIME(PS) =      60.000  TEMP(K) =    93.17  PRESS =     0.0
 Etot   =    -53091.1538  EKtot   =      5819.6802  EPtot      =    -58910.8339
 BOND   =      5940.6062  ANGLE   =         0.0000  DIHED      =         0.0000
 1-4 NB =         0.0000  1-4 EEL =         0.0000  VDWAALS    =      3533.5994
 EELEC  =    -68385.0395  EHBOND  =         0.0000  RESTRAINT  =         0.0000
 DV/DL  =         1.6870
 ------------------------------------------------------------------------------

  Softcore part of the system:      12 atoms,       TEMP(K)    =         130.93
 SC_Etot=         7.6332  SC_EKtot=         4.6832  SC_EPtot   =         2.9501
 SC_BOND=         0.7495  SC_ANGLE=         1.8592  SC_DIHED   =         0.2756
 SC_14NB=         0.1369  SC_14EEL=         0.0000  SC_VDW     =        -0.0712
 SC_EEL =         0.0000
 SC_RES_DIST=     0.0000  SC_RES_ANG=       0.0000  SC_RES_TORS=         0.0000
 SC_EEL_DER=      0.0000  SC_VDW_DER=      -0.8288  SC_DERIV   =        -0.8288
 ------------------------------------------------------------------------------


| TI region  2


 NSTEP =    60000   TIME(PS) =      60.000  TEMP(K) =    93.15  PRESS =     0.0
 Etot   =    -53095.8369  EKtot   =      5814.9970  EPtot      =    -58910.8339
 BOND   =      5940.6062  ANGLE   =         0.0000  DIHED      =         0.0000
 1-4 NB =         0.0000  1-4 EEL =         0.0000  VDWAALS    =      3533.5994
 EELEC  =    -68385.0395  EHBOND  =         0.0000  RESTRAINT  =         0.0000
 DV/DL  =         1.6870
 ------------------------------------------------------------------------------

 NMR restraints: Bond =    0.000   Angle =     0.000   Torsion =     0.000
===============================================================================

| TI region  1


 NSTEP =    65000   TIME(PS) =      65.000  TEMP(K) =   101.86  PRESS =     0.0
 Etot   =    -51838.9609  EKtot   =      6362.3491  EPtot      =    -58201.3100
 BOND   =      6071.9092  ANGLE   =         0.0000  DIHED      =        -0.0000
 1-4 NB =         0.0000  1-4 EEL =         0.0000  VDWAALS    =      3457.6888
 EELEC  =    -67730.9080  EHBOND  =         0.0000  RESTRAINT  =         0.0000
 DV/DL  =        -1.6054
 ------------------------------------------------------------------------------

  Softcore part of the system:      12 atoms,       TEMP(K)    =          66.34
 SC_Etot=         6.3709  SC_EKtot=         2.3731  SC_EPtot   =         3.9978
 SC_BOND=         1.1427  SC_ANGLE=         2.3699  SC_DIHED   =         0.5155
 SC_14NB=         0.0348  SC_14EEL=         0.0000  SC_VDW     =        -0.0651
 SC_EEL =         0.0000
 SC_RES_DIST=     0.0000  SC_RES_ANG=       0.0000  SC_RES_TORS=         0.0000
 SC_EEL_DER=      0.0000  SC_VDW_DER=      -1.4542  SC_DERIV   =        -1.4542
 ------------------------------------------------------------------------------


| TI region  2


 NSTEP =    65000   TIME(PS) =      65.000  TEMP(K) =   101.88  PRESS =     0.0
 Etot   =    -51841.3340  EKtot   =      6359.9760  EPtot      =    -58201.3100
 BOND   =      6071.9092  ANGLE   =         0.0000  DIHED      =        -0.0000
 1-4 NB =         0.0000  1-4 EEL =         0.0000  VDWAALS    =      3457.6888
 EELEC  =    -67730.9080  EHBOND  =         0.0000  RESTRAINT  =         0.0000
 DV/DL  =        -1.6054
 ------------------------------------------------------------------------------

 NMR restraints: Bond =    0.000   Angle =     0.000   Torsion =     0.000
===============================================================================

| TI region  1


 NSTEP =    70000   TIME(PS) =      70.000  TEMP(K) =   110.28  PRESS =     0.0
 Etot   =    -50799.6223  EKtot   =      6888.0542  EPtot      =    -57687.6765
 BOND   =      6319.4553  ANGLE   =         0.0000  DIHED      =        -0.0000
 1-4 NB =         0.0000  1-4 EEL =         0.0000  VDWAALS    =      3284.9018
 EELEC  =    -67292.0336  EHBOND  =         0.0000  RESTRAINT  =         0.0000
 DV/DL  =        -1.6356
 ------------------------------------------------------------------------------

  Softcore part of the system:      12 atoms,       TEMP(K)    =         120.29
 SC_Etot=         8.3809  SC_EKtot=         4.3028  SC_EPtot   =         4.0780
 SC_BOND=         0.4654  SC_ANGLE=         2.2949  SC_DIHED   =         1.1371
 SC_14NB=         0.2585  SC_14EEL=         0.0000  SC_VDW     =        -0.0778
 SC_EEL =         0.0000
 SC_RES_DIST=     0.0000  SC_RES_ANG=       0.0000  SC_RES_TORS=         0.0000
 SC_EEL_DER=      0.0000  SC_VDW_DER=      -1.6351  SC_DERIV   =        -1.6351
 ------------------------------------------------------------------------------


| TI region  2


 NSTEP =    70000   TIME(PS) =      70.000  TEMP(K) =   110.27  PRESS =     0.0
 Etot   =    -50803.9251  EKtot   =      6883.7514  EPtot      =    -57687.6765
 BOND   =      6319.4553  ANGLE   =         0.0000  DIHED      =        -0.0000
 1-4 NB =         0.0000  1-4 EEL =         0.0000  VDWAALS    =      3284.9018
 EELEC  =    -67292.0336  EHBOND  =         0.0000  RESTRAINT  =         0.0000
 DV/DL  =        -1.6356
 ------------------------------------------------------------------------------

 NMR restraints: Bond =    0.000   Angle =     0.000   Torsion =     0.000
===============================================================================

| TI region  1


 NSTEP =    75000   TIME(PS) =      75.000  TEMP(K) =   116.73  PRESS =     0.0
 Etot   =    -49782.8570  EKtot   =      7291.3140  EPtot      =    -57074.1710
 BOND   =      6391.1658  ANGLE   =         0.0000  DIHED      =        -0.0000
 1-4 NB =         0.0000  1-4 EEL =         0.0000  VDWAALS    =      3030.1273
 EELEC  =    -66495.4641  EHBOND  =         0.0000  RESTRAINT  =         0.0000
 DV/DL  =         6.2222
 ------------------------------------------------------------------------------

  Softcore part of the system:      12 atoms,       TEMP(K)    =         132.25
 SC_Etot=         9.0020  SC_EKtot=         4.7305  SC_EPtot   =         4.2714
 SC_BOND=         1.8386  SC_ANGLE=         1.8913  SC_DIHED   =         0.3643
 SC_14NB=         0.2430  SC_14EEL=         0.0000  SC_VDW     =        -0.0658
 SC_EEL =         0.0000
 SC_RES_DIST=     0.0000  SC_RES_ANG=       0.0000  SC_RES_TORS=         0.0000
 SC_EEL_DER=      0.0000  SC_VDW_DER=      -0.0562  SC_DERIV   =        -0.0562
 ------------------------------------------------------------------------------


| TI region  2


 NSTEP =    75000   TIME(PS) =      75.000  TEMP(K) =   116.72  PRESS =     0.0
 Etot   =    -49787.5875  EKtot   =      7286.5834  EPtot      =    -57074.1710
 BOND   =      6391.1658  ANGLE   =         0.0000  DIHED      =        -0.0000
 1-4 NB =         0.0000  1-4 EEL =         0.0000  VDWAALS    =      3030.1273
 EELEC  =    -66495.4641  EHBOND  =         0.0000  RESTRAINT  =         0.0000
 DV/DL  =         6.2222
 ------------------------------------------------------------------------------

 NMR restraints: Bond =    0.000   Angle =     0.000   Torsion =     0.000
===============================================================================

| TI region  1


 NSTEP =    80000   TIME(PS) =      80.000  TEMP(K) =   125.82  PRESS =     0.0
 Etot   =    -48540.0811  EKtot   =      7858.7935  EPtot      =    -56398.8746
 BOND   =      6528.4893  ANGLE   =         0.0000  DIHED      =        -0.0000
 1-4 NB =         0.0000  1-4 EEL =         0.0000  VDWAALS    =      2791.8464
 EELEC  =    -65719.2103  EHBOND  =         0.0000  RESTRAINT  =         0.0000
 DV/DL  =         1.1735
 ------------------------------------------------------------------------------

  Softcore part of the system:      12 atoms,       TEMP(K)    =         107.99
 SC_Etot=         9.4912  SC_EKtot=         3.8627  SC_EPtot   =         5.6285
 SC_BOND=         2.4021  SC_ANGLE=         2.5038  SC_DIHED   =         0.4880
 SC_14NB=         0.3007  SC_14EEL=         0.0000  SC_VDW     =        -0.0661
 SC_EEL =         0.0000
 SC_RES_DIST=     0.0000  SC_RES_ANG=       0.0000  SC_RES_TORS=         0.0000
 SC_EEL_DER=      0.0000  SC_VDW_DER=      -0.8196  SC_DERIV   =        -0.8196
 ------------------------------------------------------------------------------


| TI region  2


 NSTEP =    80000   TIME(PS) =      80.000  TEMP(K) =   125.83  PRESS =     0.0
 Etot   =    -48543.9438  EKtot   =      7854.9307  EPtot      =    -56398.8746
 BOND   =      6528.4893  ANGLE   =         0.0000  DIHED      =        -0.0000
 1-4 NB =         0.0000  1-4 EEL =         0.0000  VDWAALS    =      2791.8464
 EELEC  =    -65719.2103  EHBOND  =         0.0000  RESTRAINT  =         0.0000
 DV/DL  =         1.1735
 ------------------------------------------------------------------------------

 NMR restraints: Bond =    0.000   Angle =     0.000   Torsion =     0.000
===============================================================================

| TI region  1


 NSTEP =    85000   TIME(PS) =      85.000  TEMP(K) =   133.31  PRESS =     0.0
 Etot   =    -47328.5571  EKtot   =      8327.0322  EPtot      =    -55655.5894
 BOND   =      6673.5413  ANGLE   =         0.0000  DIHED      =        -0.0000
 1-4 NB =         0.0000  1-4 EEL =         0.0000  VDWAALS    =      2609.4407
 EELEC  =    -64938.5713  EHBOND  =         0.0000  RESTRAINT  =         0.0000
 DV/DL  =         6.4439
 ------------------------------------------------------------------------------

  Softcore part of the system:      12 atoms,       TEMP(K)    =         182.00
 SC_Etot=        11.3722  SC_EKtot=         6.5100  SC_EPtot   =         4.8622
 SC_BOND=         2.5505  SC_ANGLE=         1.9503  SC_DIHED   =         0.2128
 SC_14NB=         0.2222  SC_14EEL=         0.0000  SC_VDW     =        -0.0736
 SC_EEL =         0.0000
 SC_RES_DIST=     0.0000  SC_RES_ANG=       0.0000  SC_RES_TORS=         0.0000
 SC_EEL_DER=      0.0000  SC_VDW_DER=       0.0053  SC_DERIV   =         0.0053
 ------------------------------------------------------------------------------


| TI region  2


 NSTEP =    85000   TIME(PS) =      85.000  TEMP(K) =   133.28  PRESS =     0.0
 Etot   =    -47335.0671  EKtot   =      8320.5222  EPtot      =    -55655.5894
 BOND   =      6673.5413  ANGLE   =         0.0000  DIHED      =        -0.0000
 1-4 NB =         0.0000  1-4 EEL =         0.0000  VDWAALS    =      2609.4407
 EELEC  =    -64938.5713  EHBOND  =         0.0000  RESTRAINT  =         0.0000
 DV/DL  =         6.4439
 ------------------------------------------------------------------------------

 NMR restraints: Bond =    0.000   Angle =     0.000   Torsion =     0.000
===============================================================================

| TI region  1


 NSTEP =    90000   TIME(PS) =      90.000  TEMP(K) =   139.32  PRESS =     0.0
 Etot   =    -46161.8889  EKtot   =      8702.5059  EPtot      =    -54864.3947
 BOND   =      6752.4785  ANGLE   =         0.0000  DIHED      =         0.0000
 1-4 NB =         0.0000  1-4 EEL =         0.0000  VDWAALS    =      2402.4374
 EELEC  =    -64019.3106  EHBOND  =         0.0000  RESTRAINT  =         0.0000
 DV/DL  =        -3.1049
 ------------------------------------------------------------------------------

  Softcore part of the system:      12 atoms,       TEMP(K)    =         149.29
 SC_Etot=        10.1918  SC_EKtot=         5.3401  SC_EPtot   =         4.8517
 SC_BOND=         2.1886  SC_ANGLE=         2.3626  SC_DIHED   =         0.3351
 SC_14NB=         0.0385  SC_14EEL=         0.0000  SC_VDW     =        -0.0730
 SC_EEL =         0.0000
 SC_RES_DIST=     0.0000  SC_RES_ANG=       0.0000  SC_RES_TORS=         0.0000
 SC_EEL_DER=      0.0000  SC_VDW_DER=      -1.4850  SC_DERIV   =        -1.4850
 ------------------------------------------------------------------------------


| TI region  2


 NSTEP =    90000   TIME(PS) =      90.000  TEMP(K) =   139.32  PRESS =     0.0
 Etot   =    -46167.2289  EKtot   =      8697.1658  EPtot      =    -54864.3947
 BOND   =      6752.4785  ANGLE   =         0.0000  DIHED      =         0.0000
 1-4 NB =         0.0000  1-4 EEL =         0.0000  VDWAALS    =      2402.4374
 EELEC  =    -64019.3106  EHBOND  =         0.0000  RESTRAINT  =         0.0000
 DV/DL  =        -3.1049
 ------------------------------------------------------------------------------

 NMR restraints: Bond =    0.000   Angle =     0.000   Torsion =     0.000
===============================================================================

| TI region  1


 NSTEP =    95000   TIME(PS) =      95.000  TEMP(K) =   149.13  PRESS =     0.0
 Etot   =    -44479.5161  EKtot   =      9314.7354  EPtot      =    -53794.2515
 BOND   =      7067.0879  ANGLE   =         0.0000  DIHED      =         0.0000
 1-4 NB =         0.0000  1-4 EEL =         0.0000  VDWAALS    =      2148.3982
 EELEC  =    -63009.7375  EHBOND  =         0.0000  RESTRAINT  =         0.0000
 DV/DL  =        -5.1555
 ------------------------------------------------------------------------------

  Softcore part of the system:      12 atoms,       TEMP(K)    =         161.83
 SC_Etot=         9.2505  SC_EKtot=         5.7884  SC_EPtot   =         3.4621
 SC_BOND=         0.5715  SC_ANGLE=         2.3909  SC_DIHED   =         0.1768
 SC_14NB=         0.4064  SC_14EEL=         0.0000  SC_VDW     =        -0.0836
 SC_EEL =         0.0000
 SC_RES_DIST=     0.0000  SC_RES_ANG=       0.0000  SC_RES_TORS=         0.0000
 SC_EEL_DER=      0.0000  SC_VDW_DER=      -1.9913  SC_DERIV   =        -1.9913
 ------------------------------------------------------------------------------


| TI region  2


 NSTEP =    95000   TIME(PS) =      95.000  TEMP(K) =   149.12  PRESS =     0.0
 Etot   =    -44485.3045  EKtot   =      9308.9469  EPtot      =    -53794.2515
 BOND   =      7067.0879  ANGLE   =         0.0000  DIHED      =         0.0000
 1-4 NB =         0.0000  1-4 EEL =         0.0000  VDWAALS    =      2148.3982
 EELEC  =    -63009.7375  EHBOND  =         0.0000  RESTRAINT  =         0.0000
 DV/DL  =        -5.1555
 ------------------------------------------------------------------------------

 NMR restraints: Bond =    0.000   Angle =     0.000   Torsion =     0.000
===============================================================================

| TI region  1


 NSTEP =   100000   TIME(PS) =     100.000  TEMP(K) =   155.89  PRESS =     0.0
 Etot   =    -43061.5493  EKtot   =      9737.0586  EPtot      =    -52798.6079
 BOND   =      7238.0850  ANGLE   =         0.0000  DIHED      =         0.0000
 1-4 NB =         0.0000  1-4 EEL =         0.0000  VDWAALS    =      1837.9061
 EELEC  =    -61874.5990  EHBOND  =         0.0000  RESTRAINT  =         0.0000
 DV/DL  =        -2.9353
 ------------------------------------------------------------------------------

  Softcore part of the system:      12 atoms,       TEMP(K)    =         139.40
 SC_Etot=         9.7956  SC_EKtot=         4.9864  SC_EPtot   =         4.8092
 SC_BOND=         2.0663  SC_ANGLE=         2.4728  SC_DIHED   =         0.0803
 SC_14NB=         0.2656  SC_14EEL=         0.0000  SC_VDW     =        -0.0759
 SC_EEL =         0.0000
 SC_RES_DIST=     0.0000  SC_RES_ANG=       0.0000  SC_RES_TORS=         0.0000
 SC_EEL_DER=      0.0000  SC_VDW_DER=      -1.7551  SC_DERIV   =        -1.7551
 ------------------------------------------------------------------------------


| TI region  2


 NSTEP =   100000   TIME(PS) =     100.000  TEMP(K) =   155.90  PRESS =     0.0
 Etot   =    -43066.5357  EKtot   =      9732.0722  EPtot      =    -52798.6079
 BOND   =      7238.0850  ANGLE   =         0.0000  DIHED      =         0.0000
 1-4 NB =         0.0000  1-4 EEL =         0.0000  VDWAALS    =      1837.9061
 EELEC  =    -61874.5990  EHBOND  =         0.0000  RESTRAINT  =         0.0000
 DV/DL  =        -2.9353
 ------------------------------------------------------------------------------

 NMR restraints: Bond =    0.000   Angle =     0.000   Torsion =     0.000
===============================================================================

| TI region  1


 NSTEP =   105000   TIME(PS) =     105.000  TEMP(K) =   165.11  PRESS =     0.0
 Etot   =    -41597.1399  EKtot   =     10313.4326  EPtot      =    -51910.5725
 BOND   =      7265.2742  ANGLE   =         0.0000  DIHED      =        -0.0000
 1-4 NB =         0.0000  1-4 EEL =         0.0000  VDWAALS    =      1431.0790
 EELEC  =    -60606.9258  EHBOND  =         0.0000  RESTRAINT  =         0.0000
 DV/DL  =        -0.3048
 ------------------------------------------------------------------------------

  Softcore part of the system:      12 atoms,       TEMP(K)    =         185.14
 SC_Etot=        13.0184  SC_EKtot=         6.6225  SC_EPtot   =         6.3958
 SC_BOND=         2.1564  SC_ANGLE=         2.7039  SC_DIHED   =         0.7560
 SC_14NB=         0.8788  SC_14EEL=         0.0000  SC_VDW     =        -0.0993
 SC_EEL =         0.0000
 SC_RES_DIST=     0.0000  SC_RES_ANG=       0.0000  SC_RES_TORS=         0.0000
 SC_EEL_DER=      0.0000  SC_VDW_DER=      -1.4555  SC_DERIV   =        -1.4555
 ------------------------------------------------------------------------------


| TI region  2


 NSTEP =   105000   TIME(PS) =     105.000  TEMP(K) =   165.10  PRESS =     0.0
 Etot   =    -41603.7624  EKtot   =     10306.8101  EPtot      =    -51910.5725
 BOND   =      7265.2742  ANGLE   =         0.0000  DIHED      =        -0.0000
 1-4 NB =         0.0000  1-4 EEL =         0.0000  VDWAALS    =      1431.0790
 EELEC  =    -60606.9258  EHBOND  =         0.0000  RESTRAINT  =         0.0000
 DV/DL  =        -0.3048
 ------------------------------------------------------------------------------

 NMR restraints: Bond =    0.000   Angle =     0.000   Torsion =     0.000
===============================================================================

| TI region  1


 NSTEP =   110000   TIME(PS) =     110.000  TEMP(K) =   172.07  PRESS =     0.0
 Etot   =    -40187.6614  EKtot   =     10747.9482  EPtot      =    -50935.6097
 BOND   =      7404.2042  ANGLE   =         0.0000  DIHED      =         0.0000
 1-4 NB =         0.0000  1-4 EEL =         0.0000  VDWAALS    =      1276.6187
 EELEC  =    -59616.4326  EHBOND  =         0.0000  RESTRAINT  =         0.0000
 DV/DL  =        -6.3896
 ------------------------------------------------------------------------------

  Softcore part of the system:      12 atoms,       TEMP(K)    =         131.87
 SC_Etot=         9.7939  SC_EKtot=         4.7168  SC_EPtot   =         5.0771
 SC_BOND=         1.4138  SC_ANGLE=         2.2635  SC_DIHED   =         1.2821
 SC_14NB=         0.1731  SC_14EEL=         0.0000  SC_VDW     =        -0.0555
 SC_EEL =         0.0000
 SC_RES_DIST=     0.0000  SC_RES_ANG=       0.0000  SC_RES_TORS=         0.0000
 SC_EEL_DER=      0.0000  SC_VDW_DER=      -2.2588  SC_DERIV   =        -2.2588
 ------------------------------------------------------------------------------


| TI region  2


 NSTEP =   110000   TIME(PS) =     110.000  TEMP(K) =   172.09  PRESS =     0.0
 Etot   =    -40192.3782  EKtot   =     10743.2314  EPtot      =    -50935.6097
 BOND   =      7404.2042  ANGLE   =         0.0000  DIHED      =         0.0000
 1-4 NB =         0.0000  1-4 EEL =         0.0000  VDWAALS    =      1276.6187
 EELEC  =    -59616.4326  EHBOND  =         0.0000  RESTRAINT  =         0.0000
 DV/DL  =        -6.3896
 ------------------------------------------------------------------------------

 NMR restraints: Bond =    0.000   Angle =     0.000   Torsion =     0.000
===============================================================================

| TI region  1


 NSTEP =   115000   TIME(PS) =     115.000  TEMP(K) =   181.20  PRESS =     0.0
 Etot   =    -38811.8978  EKtot   =     11318.3916  EPtot      =    -50130.2895
 BOND   =      7500.6482  ANGLE   =         0.0000  DIHED      =        -0.0000
 1-4 NB =         0.0000  1-4 EEL =         0.0000  VDWAALS    =      1056.8798
 EELEC  =    -58687.8174  EHBOND  =         0.0000  RESTRAINT  =         0.0000
 DV/DL  =        -9.0589
 ------------------------------------------------------------------------------

  Softcore part of the system:      12 atoms,       TEMP(K)    =         263.75
 SC_Etot=        13.0316  SC_EKtot=         9.4340  SC_EPtot   =         3.5976
 SC_BOND=         0.7441  SC_ANGLE=         2.4726  SC_DIHED   =         0.3351
 SC_14NB=         0.1188  SC_14EEL=         0.0000  SC_VDW     =        -0.0730
 SC_EEL =         0.0000
 SC_RES_DIST=     0.0000  SC_RES_ANG=       0.0000  SC_RES_TORS=         0.0000
 SC_EEL_DER=      0.0000  SC_VDW_DER=      -2.6192  SC_DERIV   =        -2.6192
 ------------------------------------------------------------------------------


| TI region  2


 NSTEP =   115000   TIME(PS) =     115.000  TEMP(K) =   181.16  PRESS =     0.0
 Etot   =    -38821.3319  EKtot   =     11308.9576  EPtot      =    -50130.2895
 BOND   =      7500.6482  ANGLE   =         0.0000  DIHED      =        -0.0000
 1-4 NB =         0.0000  1-4 EEL =         0.0000  VDWAALS    =      1056.8798
 EELEC  =    -58687.8174  EHBOND  =         0.0000  RESTRAINT  =         0.0000
 DV/DL  =        -9.0589
 ------------------------------------------------------------------------------

 NMR restraints: Bond =    0.000   Angle =     0.000   Torsion =     0.000
===============================================================================

| TI region  1


 NSTEP =   120000   TIME(PS) =     120.000  TEMP(K) =   186.98  PRESS =     0.0
 Etot   =    -37553.5511  EKtot   =     11679.1162  EPtot      =    -49232.6673
 BOND   =      7656.5538  ANGLE   =         0.0000  DIHED      =        -0.0000
 1-4 NB =         0.0000  1-4 EEL =         0.0000  VDWAALS    =       853.2050
 EELEC  =    -57742.4261  EHBOND  =         0.0000  RESTRAINT  =         0.0000
 DV/DL  =        -3.6544
 ------------------------------------------------------------------------------

  Softcore part of the system:      12 atoms,       TEMP(K)    =         210.14
 SC_Etot=        13.9640  SC_EKtot=         7.5164  SC_EPtot   =         6.4475
 SC_BOND=         3.3300  SC_ANGLE=         2.6588  SC_DIHED   =         0.2006
 SC_14NB=         0.3368  SC_14EEL=         0.0000  SC_VDW     =        -0.0786
 SC_EEL =         0.0000
 SC_RES_DIST=     0.0000  SC_RES_ANG=       0.0000  SC_RES_TORS=         0.0000
 SC_EEL_DER=      0.0000  SC_VDW_DER=      -1.9588  SC_DERIV   =        -1.9588
 ------------------------------------------------------------------------------


| TI region  2


 NSTEP =   120000   TIME(PS) =     120.000  TEMP(K) =   186.97  PRESS =     0.0
 Etot   =    -37561.0675  EKtot   =     11671.5998  EPtot      =    -49232.6673
 BOND   =      7656.5538  ANGLE   =         0.0000  DIHED      =        -0.0000
 1-4 NB =         0.0000  1-4 EEL =         0.0000  VDWAALS    =       853.2050
 EELEC  =    -57742.4261  EHBOND  =         0.0000  RESTRAINT  =         0.0000
 DV/DL  =        -3.6544
 ------------------------------------------------------------------------------

 NMR restraints: Bond =    0.000   Angle =     0.000   Torsion =     0.000
===============================================================================

| TI region  1


 NSTEP =   125000   TIME(PS) =     125.000  TEMP(K) =   197.27  PRESS =     0.0
 Etot   =    -36443.4993  EKtot   =     12321.9922  EPtot      =    -48765.4915
 BOND   =      7907.5191  ANGLE   =         0.0000  DIHED      =         0.0000
 1-4 NB =         0.0000  1-4 EEL =         0.0000  VDWAALS    =       862.3006
 EELEC  =    -57535.3111  EHBOND  =         0.0000  RESTRAINT  =         0.0000
 DV/DL  =        -3.9334
 ------------------------------------------------------------------------------

  Softcore part of the system:      12 atoms,       TEMP(K)    =         205.04
 SC_Etot=        14.4300  SC_EKtot=         7.3343  SC_EPtot   =         7.0957
 SC_BOND=         2.9501  SC_ANGLE=         2.9309  SC_DIHED   =         0.9395
 SC_14NB=         0.3496  SC_14EEL=         0.0000  SC_VDW     =        -0.0744
 SC_EEL =         0.0000
 SC_RES_DIST=     0.0000  SC_RES_ANG=       0.0000  SC_RES_TORS=         0.0000
 SC_EEL_DER=      0.0000  SC_VDW_DER=      -2.0563  SC_DERIV   =        -2.0563
 ------------------------------------------------------------------------------


| TI region  2


 NSTEP =   125000   TIME(PS) =     125.000  TEMP(K) =   197.27  PRESS =     0.0
 Etot   =    -36450.8336  EKtot   =     12314.6579  EPtot      =    -48765.4915
 BOND   =      7907.5191  ANGLE   =         0.0000  DIHED      =         0.0000
 1-4 NB =         0.0000  1-4 EEL =         0.0000  VDWAALS    =       862.3006
 EELEC  =    -57535.3111  EHBOND  =         0.0000  RESTRAINT  =         0.0000
 DV/DL  =        -3.9334
 ------------------------------------------------------------------------------

 NMR restraints: Bond =    0.000   Angle =     0.000   Torsion =     0.000
===============================================================================

| TI region  1


 NSTEP =   130000   TIME(PS) =     130.000  TEMP(K) =   205.14  PRESS =     0.0
 Etot   =    -35263.1965  EKtot   =     12813.5166  EPtot      =    -48076.7131
 BOND   =      7816.7087  ANGLE   =         0.0000  DIHED      =        -0.0000
 1-4 NB =         0.0000  1-4 EEL =         0.0000  VDWAALS    =       694.6530
 EELEC  =    -56588.0749  EHBOND  =         0.0000  RESTRAINT  =         0.0000
 DV/DL  =        -4.6490
 ------------------------------------------------------------------------------

  Softcore part of the system:      12 atoms,       TEMP(K)    =         176.80
 SC_Etot=        16.5094  SC_EKtot=         6.3242  SC_EPtot   =        10.1852
 SC_BOND=         3.5808  SC_ANGLE=         5.6935  SC_DIHED   =         0.3495
 SC_14NB=         0.6592  SC_14EEL=         0.0000  SC_VDW     =        -0.0978
 SC_EEL =         0.0000
 SC_RES_DIST=     0.0000  SC_RES_ANG=       0.0000  SC_RES_TORS=         0.0000
 SC_EEL_DER=      0.0000  SC_VDW_DER=      -1.9937  SC_DERIV   =        -1.9937
 ------------------------------------------------------------------------------


| TI region  2


 NSTEP =   130000   TIME(PS) =     130.000  TEMP(K) =   205.16  PRESS =     0.0
 Etot   =    -35269.5207  EKtot   =     12807.1924  EPtot      =    -48076.7131
 BOND   =      7816.7087  ANGLE   =         0.0000  DIHED      =        -0.0000
 1-4 NB =         0.0000  1-4 EEL =         0.0000  VDWAALS    =       694.6530
 EELEC  =    -56588.0749  EHBOND  =         0.0000  RESTRAINT  =         0.0000
 DV/DL  =        -4.6490
 ------------------------------------------------------------------------------

 NMR restraints: Bond =    0.000   Angle =     0.000   Torsion =     0.000
===============================================================================

| TI region  1


 NSTEP =   135000   TIME(PS) =     135.000  TEMP(K) =   213.01  PRESS =     0.0
 Etot   =    -33893.5938  EKtot   =     13304.9580  EPtot      =    -47198.5518
 BOND   =      8098.5902  ANGLE   =         0.0000  DIHED      =        -0.0000
 1-4 NB =         0.0000  1-4 EEL =         0.0000  VDWAALS    =       586.9682
 EELEC  =    -55884.1102  EHBOND  =         0.0000  RESTRAINT  =         0.0000
 DV/DL  =        -3.6460
 ------------------------------------------------------------------------------

  Softcore part of the system:      12 atoms,       TEMP(K)    =         243.00
 SC_Etot=        17.9757  SC_EKtot=         8.6919  SC_EPtot   =         9.2839
 SC_BOND=         2.5463  SC_ANGLE=         5.7742  SC_DIHED   =         0.7470
 SC_14NB=         0.2940  SC_14EEL=         0.0000  SC_VDW     =        -0.0777
 SC_EEL =         0.0000
 SC_RES_DIST=     0.0000  SC_RES_ANG=       0.0000  SC_RES_TORS=         0.0000
 SC_EEL_DER=      0.0000  SC_VDW_DER=      -2.0114  SC_DERIV   =        -2.0114
 ------------------------------------------------------------------------------


| TI region  2


 NSTEP =   135000   TIME(PS) =     135.000  TEMP(K) =   212.99  PRESS =     0.0
 Etot   =    -33902.2857  EKtot   =     13296.2661  EPtot      =    -47198.5518
 BOND   =      8098.5902  ANGLE   =         0.0000  DIHED      =        -0.0000
 1-4 NB =         0.0000  1-4 EEL =         0.0000  VDWAALS    =       586.9682
 EELEC  =    -55884.1102  EHBOND  =         0.0000  RESTRAINT  =         0.0000
 DV/DL  =        -3.6460
 ------------------------------------------------------------------------------

 NMR restraints: Bond =    0.000   Angle =     0.000   Torsion =     0.000
===============================================================================

| TI region  1


 NSTEP =   140000   TIME(PS) =     140.000  TEMP(K) =   220.73  PRESS =     0.0
 Etot   =    -32609.3185  EKtot   =     13787.2715  EPtot      =    -46396.5899
 BOND   =      8186.4140  ANGLE   =         0.0000  DIHED      =         0.0000
 1-4 NB =         0.0000  1-4 EEL =         0.0000  VDWAALS    =       471.4246
 EELEC  =    -55054.4286  EHBOND  =         0.0000  RESTRAINT  =         0.0000
 DV/DL  =        -5.1035
 ------------------------------------------------------------------------------

  Softcore part of the system:      12 atoms,       TEMP(K)    =         123.92
 SC_Etot=        12.2434  SC_EKtot=         4.4324  SC_EPtot   =         7.8110
 SC_BOND=         2.1921  SC_ANGLE=         4.9085  SC_DIHED   =         0.5473
 SC_14NB=         0.2233  SC_14EEL=         0.0000  SC_VDW     =        -0.0603
 SC_EEL =         0.0000
 SC_RES_DIST=     0.0000  SC_RES_ANG=       0.0000  SC_RES_TORS=         0.0000
 SC_EEL_DER=      0.0000  SC_VDW_DER=      -2.1635  SC_DERIV   =        -2.1635
 ------------------------------------------------------------------------------


| TI region  2


 NSTEP =   140000   TIME(PS) =     140.000  TEMP(K) =   220.78  PRESS =     0.0
 Etot   =    -32613.7509  EKtot   =     13782.8391  EPtot      =    -46396.5899
 BOND   =      8186.4140  ANGLE   =         0.0000  DIHED      =         0.0000
 1-4 NB =         0.0000  1-4 EEL =         0.0000  VDWAALS    =       471.4246
 EELEC  =    -55054.4286  EHBOND  =         0.0000  RESTRAINT  =         0.0000
 DV/DL  =        -5.1035
 ------------------------------------------------------------------------------

 NMR restraints: Bond =    0.000   Angle =     0.000   Torsion =     0.000
===============================================================================

| TI region  1


 NSTEP =   145000   TIME(PS) =     145.000  TEMP(K) =   227.98  PRESS =     0.0
 Etot   =    -31352.9004  EKtot   =     14240.0479  EPtot      =    -45592.9482
 BOND   =      8367.3032  ANGLE   =         0.0000  DIHED      =        -0.0000
 1-4 NB =         0.0000  1-4 EEL =         0.0000  VDWAALS    =       390.9272
 EELEC  =    -54351.1786  EHBOND  =         0.0000  RESTRAINT  =         0.0000
 DV/DL  =        -2.3021
 ------------------------------------------------------------------------------

  Softcore part of the system:      12 atoms,       TEMP(K)    =         243.72
 SC_Etot=        16.6145  SC_EKtot=         8.7179  SC_EPtot   =         7.8966
 SC_BOND=         1.7172  SC_ANGLE=         5.2027  SC_DIHED   =         1.0060
 SC_14NB=         0.0334  SC_14EEL=         0.0000  SC_VDW     =        -0.0626
 SC_EEL =         0.0000
 SC_RES_DIST=     0.0000  SC_RES_ANG=       0.0000  SC_RES_TORS=         0.0000
 SC_EEL_DER=      0.0000  SC_VDW_DER=      -1.8111  SC_DERIV   =        -1.8111
 ------------------------------------------------------------------------------


| TI region  2


 NSTEP =   145000   TIME(PS) =     145.000  TEMP(K) =   227.97  PRESS =     0.0
 Etot   =    -31361.6182  EKtot   =     14231.3300  EPtot      =    -45592.9482
 BOND   =      8367.3032  ANGLE   =         0.0000  DIHED      =        -0.0000
 1-4 NB =         0.0000  1-4 EEL =         0.0000  VDWAALS    =       390.9272
 EELEC  =    -54351.1786  EHBOND  =         0.0000  RESTRAINT  =         0.0000
 DV/DL  =        -2.3021
 ------------------------------------------------------------------------------

 NMR restraints: Bond =    0.000   Angle =     0.000   Torsion =     0.000
===============================================================================

| TI region  1


 NSTEP =   150000   TIME(PS) =     150.000  TEMP(K) =   235.65  PRESS =     0.0
 Etot   =    -30257.6670  EKtot   =     14719.0059  EPtot      =    -44976.6729
 BOND   =      8598.6839  ANGLE   =         0.0000  DIHED      =         0.0000
 1-4 NB =         0.0000  1-4 EEL =         0.0000  VDWAALS    =       439.3061
 EELEC  =    -54014.6629  EHBOND  =         0.0000  RESTRAINT  =         0.0000
 DV/DL  =        -3.6560
 ------------------------------------------------------------------------------

  Softcore part of the system:      12 atoms,       TEMP(K)    =         269.42
 SC_Etot=        15.7749  SC_EKtot=         9.6368  SC_EPtot   =         6.1381
 SC_BOND=         1.5819  SC_ANGLE=         3.0638  SC_DIHED   =         1.2546
 SC_14NB=         0.3211  SC_14EEL=         0.0000  SC_VDW     =        -0.0832
 SC_EEL =         0.0000
 SC_RES_DIST=     0.0000  SC_RES_ANG=       0.0000  SC_RES_TORS=         0.0000
 SC_EEL_DER=      0.0000  SC_VDW_DER=      -2.0226  SC_DERIV   =        -2.0226
 ------------------------------------------------------------------------------


| TI region  2


 NSTEP =   150000   TIME(PS) =     150.000  TEMP(K) =   235.63  PRESS =     0.0
 Etot   =    -30267.3039  EKtot   =     14709.3690  EPtot      =    -44976.6729
 BOND   =      8598.6839  ANGLE   =         0.0000  DIHED      =         0.0000
 1-4 NB =         0.0000  1-4 EEL =         0.0000  VDWAALS    =       439.3061
 EELEC  =    -54014.6629  EHBOND  =         0.0000  RESTRAINT  =         0.0000
 DV/DL  =        -3.6560
 ------------------------------------------------------------------------------

 NMR restraints: Bond =    0.000   Angle =     0.000   Torsion =     0.000
===============================================================================

| TI region  1


 NSTEP =   155000   TIME(PS) =     155.000  TEMP(K) =   244.17  PRESS =     0.0
 Etot   =    -28983.5123  EKtot   =     15251.5098  EPtot      =    -44235.0221
 BOND   =      8635.9019  ANGLE   =         0.0000  DIHED      =         0.0000
 1-4 NB =         0.0000  1-4 EEL =         0.0000  VDWAALS    =       244.7585
 EELEC  =    -53115.6825  EHBOND  =         0.0000  RESTRAINT  =         0.0000
 DV/DL  =        -0.0229
 ------------------------------------------------------------------------------

  Softcore part of the system:      12 atoms,       TEMP(K)    =         205.37
 SC_Etot=        17.5512  SC_EKtot=         7.3460  SC_EPtot   =        10.2052
 SC_BOND=         5.1477  SC_ANGLE=         4.3209  SC_DIHED   =         0.7654
 SC_14NB=         0.0325  SC_14EEL=         0.0000  SC_VDW     =        -0.0613
 SC_EEL =         0.0000
 SC_RES_DIST=     0.0000  SC_RES_ANG=       0.0000  SC_RES_TORS=         0.0000
 SC_EEL_DER=      0.0000  SC_VDW_DER=      -1.1936  SC_DERIV   =        -1.1936
 ------------------------------------------------------------------------------


| TI region  2


 NSTEP =   155000   TIME(PS) =     155.000  TEMP(K) =   244.19  PRESS =     0.0
 Etot   =    -28990.8583  EKtot   =     15244.1638  EPtot      =    -44235.0221
 BOND   =      8635.9019  ANGLE   =         0.0000  DIHED      =         0.0000
 1-4 NB =         0.0000  1-4 EEL =         0.0000  VDWAALS    =       244.7585
 EELEC  =    -53115.6825  EHBOND  =         0.0000  RESTRAINT  =         0.0000
 DV/DL  =        -0.0229
 ------------------------------------------------------------------------------

 NMR restraints: Bond =    0.000   Angle =     0.000   Torsion =     0.000
===============================================================================

| TI region  1


 NSTEP =   160000   TIME(PS) =     160.000  TEMP(K) =   251.90  PRESS =     0.0
 Etot   =    -27816.1371  EKtot   =     15734.2793  EPtot      =    -43550.4164
 BOND   =      8830.1952  ANGLE   =         0.0000  DIHED      =         0.0000
 1-4 NB =         0.0000  1-4 EEL =         0.0000  VDWAALS    =        94.4535
 EELEC  =    -52475.0651  EHBOND  =         0.0000  RESTRAINT  =         0.0000
 DV/DL  =        -3.4788
 ------------------------------------------------------------------------------

  Softcore part of the system:      12 atoms,       TEMP(K)    =         233.17
 SC_Etot=        17.2959  SC_EKtot=         8.3403  SC_EPtot   =         8.9556
 SC_BOND=         3.5790  SC_ANGLE=         3.4476  SC_DIHED   =         1.4098
 SC_14NB=         0.6052  SC_14EEL=         0.0000  SC_VDW     =        -0.0859
 SC_EEL =         0.0000
 SC_RES_DIST=     0.0000  SC_RES_ANG=       0.0000  SC_RES_TORS=         0.0000
 SC_EEL_DER=      0.0000  SC_VDW_DER=      -1.9965  SC_DERIV   =        -1.9965
 ------------------------------------------------------------------------------


| TI region  2


 NSTEP =   160000   TIME(PS) =     160.000  TEMP(K) =   251.91  PRESS =     0.0
 Etot   =    -27824.4774  EKtot   =     15725.9390  EPtot      =    -43550.4164
 BOND   =      8830.1952  ANGLE   =         0.0000  DIHED      =         0.0000
 1-4 NB =         0.0000  1-4 EEL =         0.0000  VDWAALS    =        94.4535
 EELEC  =    -52475.0651  EHBOND  =         0.0000  RESTRAINT  =         0.0000
 DV/DL  =        -3.4788
 ------------------------------------------------------------------------------

 NMR restraints: Bond =    0.000   Angle =     0.000   Torsion =     0.000
===============================================================================

| TI region  1


 NSTEP =   165000   TIME(PS) =     165.000  TEMP(K) =   260.67  PRESS =     0.0
 Etot   =    -26521.7689  EKtot   =     16282.0527  EPtot      =    -42803.8216
 BOND   =      9143.6913  ANGLE   =         0.0000  DIHED      =        -0.0000
 1-4 NB =         0.0000  1-4 EEL =         0.0000  VDWAALS    =       187.2116
 EELEC  =    -52134.7245  EHBOND  =         0.0000  RESTRAINT  =         0.0000
 DV/DL  =        -1.7836
 ------------------------------------------------------------------------------

  Softcore part of the system:      12 atoms,       TEMP(K)    =         156.26
 SC_Etot=        12.2121  SC_EKtot=         5.5893  SC_EPtot   =         6.6228
 SC_BOND=         1.6815  SC_ANGLE=         3.8036  SC_DIHED   =         1.0767
 SC_14NB=         0.1431  SC_14EEL=         0.0000  SC_VDW     =        -0.0822
 SC_EEL =         0.0000
 SC_RES_DIST=     0.0000  SC_RES_ANG=       0.0000  SC_RES_TORS=         0.0000
 SC_EEL_DER=      0.0000  SC_VDW_DER=      -1.6377  SC_DERIV   =        -1.6377
 ------------------------------------------------------------------------------


| TI region  2


 NSTEP =   165000   TIME(PS) =     165.000  TEMP(K) =   260.73  PRESS =     0.0
 Etot   =    -26527.3582  EKtot   =     16276.4634  EPtot      =    -42803.8216
 BOND   =      9143.6913  ANGLE   =         0.0000  DIHED      =        -0.0000
 1-4 NB =         0.0000  1-4 EEL =         0.0000  VDWAALS    =       187.2116
 EELEC  =    -52134.7245  EHBOND  =         0.0000  RESTRAINT  =         0.0000
 DV/DL  =        -1.7836
 ------------------------------------------------------------------------------

 NMR restraints: Bond =    0.000   Angle =     0.000   Torsion =     0.000
===============================================================================

| TI region  1


 NSTEP =   170000   TIME(PS) =     170.000  TEMP(K) =   266.43  PRESS =     0.0
 Etot   =    -25728.8378  EKtot   =     16642.0605  EPtot      =    -42370.8983
 BOND   =      9267.0214  ANGLE   =         0.0000  DIHED      =        -0.0000
 1-4 NB =         0.0000  1-4 EEL =         0.0000  VDWAALS    =       203.0977
 EELEC  =    -51841.0174  EHBOND  =         0.0000  RESTRAINT  =         0.0000
 DV/DL  =        -1.3495
 ------------------------------------------------------------------------------

  Softcore part of the system:      12 atoms,       TEMP(K)    =         241.00
 SC_Etot=        16.8530  SC_EKtot=         8.6203  SC_EPtot   =         8.2327
 SC_BOND=         3.4998  SC_ANGLE=         4.0398  SC_DIHED   =         0.3682
 SC_14NB=         0.4072  SC_14EEL=         0.0000  SC_VDW     =        -0.0822
 SC_EEL =         0.0000
 SC_RES_DIST=     0.0000  SC_RES_ANG=       0.0000  SC_RES_TORS=         0.0000
 SC_EEL_DER=      0.0000  SC_VDW_DER=      -1.5421  SC_DERIV   =        -1.5421
 ------------------------------------------------------------------------------


| TI region  2


 NSTEP =   170000   TIME(PS) =     170.000  TEMP(K) =   266.45  PRESS =     0.0
 Etot   =    -25737.4581  EKtot   =     16633.4403  EPtot      =    -42370.8983
 BOND   =      9267.0214  ANGLE   =         0.0000  DIHED      =        -0.0000
 1-4 NB =         0.0000  1-4 EEL =         0.0000  VDWAALS    =       203.0977
 EELEC  =    -51841.0174  EHBOND  =         0.0000  RESTRAINT  =         0.0000
 DV/DL  =        -1.3495
 ------------------------------------------------------------------------------

 NMR restraints: Bond =    0.000   Angle =     0.000   Torsion =     0.000
===============================================================================

| TI region  1


 NSTEP =   175000   TIME(PS) =     175.000  TEMP(K) =   275.19  PRESS =     0.0
 Etot   =    -24386.5166  EKtot   =     17189.2090  EPtot      =    -41575.7255
 BOND   =      9473.1234  ANGLE   =         0.0000  DIHED      =         0.0000
 1-4 NB =         0.0000  1-4 EEL =         0.0000  VDWAALS    =       141.0212
 EELEC  =    -51189.8701  EHBOND  =         0.0000  RESTRAINT  =         0.0000
 DV/DL  =        -5.6879
 ------------------------------------------------------------------------------

  Softcore part of the system:      12 atoms,       TEMP(K)    =         241.07
 SC_Etot=        18.8939  SC_EKtot=         8.6230  SC_EPtot   =        10.2710
 SC_BOND=         6.1894  SC_ANGLE=         2.7556  SC_DIHED   =         1.0248
 SC_14NB=         0.3967  SC_14EEL=         0.0000  SC_VDW     =        -0.0955
 SC_EEL =         0.0000
 SC_RES_DIST=     0.0000  SC_RES_ANG=       0.0000  SC_RES_TORS=         0.0000
 SC_EEL_DER=      0.0000  SC_VDW_DER=      -2.1107  SC_DERIV   =        -2.1107
 ------------------------------------------------------------------------------


| TI region  2


 NSTEP =   175000   TIME(PS) =     175.000  TEMP(K) =   275.21  PRESS =     0.0
 Etot   =    -24395.1395  EKtot   =     17180.5860  EPtot      =    -41575.7255
 BOND   =      9473.1234  ANGLE   =         0.0000  DIHED      =         0.0000
 1-4 NB =         0.0000  1-4 EEL =         0.0000  VDWAALS    =       141.0212
 EELEC  =    -51189.8701  EHBOND  =         0.0000  RESTRAINT  =         0.0000
 DV/DL  =        -5.6879
 ------------------------------------------------------------------------------

 NMR restraints: Bond =    0.000   Angle =     0.000   Torsion =     0.000
===============================================================================

| TI region  1


 NSTEP =   180000   TIME(PS) =     180.000  TEMP(K) =   281.77  PRESS =     0.0
 Etot   =    -23313.2051  EKtot   =     17600.1270  EPtot      =    -40913.3321
 BOND   =      9681.1583  ANGLE   =         0.0000  DIHED      =         0.0000
 1-4 NB =         0.0000  1-4 EEL =         0.0000  VDWAALS    =        75.1231
 EELEC  =    -50669.6134  EHBOND  =         0.0000  RESTRAINT  =         0.0000
 DV/DL  =        -7.3405
 ------------------------------------------------------------------------------

  Softcore part of the system:      12 atoms,       TEMP(K)    =         268.76
 SC_Etot=        20.3768  SC_EKtot=         9.6133  SC_EPtot   =        10.7635
 SC_BOND=         3.9591  SC_ANGLE=         6.3251  SC_DIHED   =         0.5214
 SC_14NB=         0.0152  SC_14EEL=         0.0000  SC_VDW     =        -0.0573
 SC_EEL =         0.0000
 SC_RES_DIST=     0.0000  SC_RES_ANG=       0.0000  SC_RES_TORS=         0.0000
 SC_EEL_DER=      0.0000  SC_VDW_DER=      -2.3073  SC_DERIV   =        -2.3073
 ------------------------------------------------------------------------------


| TI region  2


 NSTEP =   180000   TIME(PS) =     180.000  TEMP(K) =   281.78  PRESS =     0.0
 Etot   =    -23322.8184  EKtot   =     17590.5137  EPtot      =    -40913.3321
 BOND   =      9681.1583  ANGLE   =         0.0000  DIHED      =         0.0000
 1-4 NB =         0.0000  1-4 EEL =         0.0000  VDWAALS    =        75.1231
 EELEC  =    -50669.6134  EHBOND  =         0.0000  RESTRAINT  =         0.0000
 DV/DL  =        -7.3405
 ------------------------------------------------------------------------------

 NMR restraints: Bond =    0.000   Angle =     0.000   Torsion =     0.000
===============================================================================

| TI region  1


 NSTEP =   185000   TIME(PS) =     185.000  TEMP(K) =   291.09  PRESS =     0.0
 Etot   =    -22434.3183  EKtot   =     18182.0352  EPtot      =    -40616.3534
 BOND   =      9597.9814  ANGLE   =         0.0000  DIHED      =        -0.0000
 1-4 NB =         0.0000  1-4 EEL =         0.0000  VDWAALS    =       108.2247
 EELEC  =    -50322.5596  EHBOND  =         0.0000  RESTRAINT  =         0.0000
 DV/DL  =        -6.5354
 ------------------------------------------------------------------------------

  Softcore part of the system:      12 atoms,       TEMP(K)    =         256.78
 SC_Etot=        20.9851  SC_EKtot=         9.1850  SC_EPtot   =        11.8001
 SC_BOND=         7.3569  SC_ANGLE=         3.0409  SC_DIHED   =         1.3638
 SC_14NB=         0.1161  SC_14EEL=         0.0000  SC_VDW     =        -0.0776
 SC_EEL =         0.0000
 SC_RES_DIST=     0.0000  SC_RES_ANG=       0.0000  SC_RES_TORS=         0.0000
 SC_EEL_DER=      0.0000  SC_VDW_DER=      -2.2107  SC_DERIV   =        -2.2107
 ------------------------------------------------------------------------------


| TI region  2


 NSTEP =   185000   TIME(PS) =     185.000  TEMP(K) =   291.11  PRESS =     0.0
 Etot   =    -22443.5033  EKtot   =     18172.8502  EPtot      =    -40616.3534
 BOND   =      9597.9814  ANGLE   =         0.0000  DIHED      =        -0.0000
 1-4 NB =         0.0000  1-4 EEL =         0.0000  VDWAALS    =       108.2247
 EELEC  =    -50322.5596  EHBOND  =         0.0000  RESTRAINT  =         0.0000
 DV/DL  =        -6.5354
 ------------------------------------------------------------------------------

 NMR restraints: Bond =    0.000   Angle =     0.000   Torsion =     0.000
===============================================================================

| TI region  1


 NSTEP =   190000   TIME(PS) =     190.000  TEMP(K) =   300.57  PRESS =     0.0
 Etot   =    -21082.4016  EKtot   =     18774.6113  EPtot      =    -39857.0130
 BOND   =      9855.3027  ANGLE   =         0.0000  DIHED      =         0.0000
 1-4 NB =         0.0000  1-4 EEL =         0.0000  VDWAALS    =      -189.8339
 EELEC  =    -49522.4818  EHBOND  =         0.0000  RESTRAINT  =         0.0000
 DV/DL  =        -3.9196
 ------------------------------------------------------------------------------

  Softcore part of the system:      12 atoms,       TEMP(K)    =         327.55
 SC_Etot=        24.0132  SC_EKtot=        11.7161  SC_EPtot   =        12.2971
 SC_BOND=         3.1612  SC_ANGLE=         6.4625  SC_DIHED   =         1.6778
 SC_14NB=         1.0866  SC_14EEL=         0.0000  SC_VDW     =        -0.0911
 SC_EEL =         0.0000
 SC_RES_DIST=     0.0000  SC_RES_ANG=       0.0000  SC_RES_TORS=         0.0000
 SC_EEL_DER=      0.0000  SC_VDW_DER=      -1.9322  SC_DERIV   =        -1.9322
 ------------------------------------------------------------------------------


| TI region  2


 NSTEP =   190000   TIME(PS) =     190.000  TEMP(K) =   300.56  PRESS =     0.0
 Etot   =    -21094.1178  EKtot   =     18762.8952  EPtot      =    -39857.0130
 BOND   =      9855.3027  ANGLE   =         0.0000  DIHED      =         0.0000
 1-4 NB =         0.0000  1-4 EEL =         0.0000  VDWAALS    =      -189.8339
 EELEC  =    -49522.4818  EHBOND  =         0.0000  RESTRAINT  =         0.0000
 DV/DL  =        -3.9196
 ------------------------------------------------------------------------------

 NMR restraints: Bond =    0.000   Angle =     0.000   Torsion =     0.000
===============================================================================

| TI region  1


 NSTEP =   195000   TIME(PS) =     195.000  TEMP(K) =   301.63  PRESS =     0.0
 Etot   =    -21241.2530  EKtot   =     18840.3906  EPtot      =    -40081.6436
 BOND   =      9816.5755  ANGLE   =         0.0000  DIHED      =         0.0000
 1-4 NB =         0.0000  1-4 EEL =         0.0000  VDWAALS    =       185.3889
 EELEC  =    -50083.6081  EHBOND  =         0.0000  RESTRAINT  =         0.0000
 DV/DL  =        -3.4806
 ------------------------------------------------------------------------------

  Softcore part of the system:      12 atoms,       TEMP(K)    =         191.22
 SC_Etot=        14.7038  SC_EKtot=         6.8400  SC_EPtot   =         7.8638
 SC_BOND=         1.5890  SC_ANGLE=         4.3299  SC_DIHED   =         0.9754
 SC_14NB=         1.0503  SC_14EEL=         0.0000  SC_VDW     =        -0.0808
 SC_EEL =         0.0000
 SC_RES_DIST=     0.0000  SC_RES_ANG=       0.0000  SC_RES_TORS=         0.0000
 SC_EEL_DER=      0.0000  SC_VDW_DER=      -1.7589  SC_DERIV   =        -1.7589
 ------------------------------------------------------------------------------


| TI region  2


 NSTEP =   195000   TIME(PS) =     195.000  TEMP(K) =   301.69  PRESS =     0.0
 Etot   =    -21248.0929  EKtot   =     18833.5506  EPtot      =    -40081.6436
 BOND   =      9816.5755  ANGLE   =         0.0000  DIHED      =         0.0000
 1-4 NB =         0.0000  1-4 EEL =         0.0000  VDWAALS    =       185.3889
 EELEC  =    -50083.6081  EHBOND  =         0.0000  RESTRAINT  =         0.0000
 DV/DL  =        -3.4806
 ------------------------------------------------------------------------------

 NMR restraints: Bond =    0.000   Angle =     0.000   Torsion =     0.000
===============================================================================

| TI region  1


 NSTEP =   200000   TIME(PS) =     200.000  TEMP(K) =   299.60  PRESS =     0.0
 Etot   =    -21084.2004  EKtot   =     18713.9980  EPtot      =    -39798.1985
 BOND   =      9904.8348  ANGLE   =         0.0000  DIHED      =        -0.0000
 1-4 NB =         0.0000  1-4 EEL =         0.0000  VDWAALS    =       -45.5674
 EELEC  =    -49657.4658  EHBOND  =         0.0000  RESTRAINT  =         0.0000
 DV/DL  =        -3.7766
 ------------------------------------------------------------------------------

  Softcore part of the system:      12 atoms,       TEMP(K)    =         305.52
 SC_Etot=        19.7622  SC_EKtot=        10.9281  SC_EPtot   =         8.8341
 SC_BOND=         3.4052  SC_ANGLE=         4.7259  SC_DIHED   =         0.6742
 SC_14NB=         0.1135  SC_14EEL=         0.0000  SC_VDW     =        -0.0847
 SC_EEL =         0.0000
 SC_RES_DIST=     0.0000  SC_RES_ANG=       0.0000  SC_RES_TORS=         0.0000
 SC_EEL_DER=      0.0000  SC_VDW_DER=      -1.8881  SC_DERIV   =        -1.8881
 ------------------------------------------------------------------------------


| TI region  2


 NSTEP =   200000   TIME(PS) =     200.000  TEMP(K) =   299.60  PRESS =     0.0
 Etot   =    -21095.1285  EKtot   =     18703.0699  EPtot      =    -39798.1985
 BOND   =      9904.8348  ANGLE   =         0.0000  DIHED      =        -0.0000
 1-4 NB =         0.0000  1-4 EEL =         0.0000  VDWAALS    =       -45.5674
 EELEC  =    -49657.4658  EHBOND  =         0.0000  RESTRAINT  =         0.0000
 DV/DL  =        -3.7766
 ------------------------------------------------------------------------------

 NMR restraints: Bond =    0.000   Angle =     0.000   Torsion =     0.000
===============================================================================

| TI region  1


      A V E R A G E S   O V E R      40 S T E P S


 NSTEP =   200000   TIME(PS) =     200.000  TEMP(K) =   160.45  PRESS =     0.0
 Etot   =    -42057.2372  EKtot   =     10022.2731  EPtot      =    -52079.5103
 BOND   =      7136.9562  ANGLE   =         0.0000  DIHED      =         0.0000
 1-4 NB =         0.0000  1-4 EEL =         0.0000  VDWAALS    =      1957.2358
 EELEC  =    -61173.7023  EHBOND  =         0.0000  RESTRAINT  =         0.0000
 DV/DL  =        -0.9142
 ------------------------------------------------------------------------------

 NMR restraints: Bond =    0.000   Angle =     0.000   Torsion =     0.000
===============================================================================
  Softcore part of the system:      12 atoms,       TEMP(K)    =         154.85
 SC_Etot=        11.1244  SC_EKtot=         5.5389  SC_EPtot   =         5.5855
 SC_BOND=         2.0258  SC_ANGLE=         2.7175  SC_DIHED   =         0.6026
 SC_14NB=         0.3159  SC_14EEL=         0.0000  SC_VDW     =        -0.0763
 SC_EEL =         0.0000
 SC_RES_DIST=     0.0000  SC_RES_ANG=       0.0000  SC_RES_TORS=         0.0000
 SC_EEL_DER=      0.0000  SC_VDW_DER=      -1.3952  SC_DERIV   =        -1.3952
 ------------------------------------------------------------------------------


      R M S  F L U C T U A T I O N S


 NSTEP =   200000   TIME(PS) =     200.000  TEMP(K) =    90.24  PRESS =     0.0
 Etot   =     13589.0243  EKtot   =      5636.8303  EPtot      =      7965.5370
 BOND   =      1777.1815  ANGLE   =         0.0000  DIHED      =         0.0000
 1-4 NB =         0.0000  1-4 EEL =         0.0000  VDWAALS    =      1619.2301
 EELEC  =      7807.7466  EHBOND  =         0.0000  RESTRAINT  =         0.0000
 DV/DL  =         5.0505
 ------------------------------------------------------------------------------

  Softcore part of the system:      12 atoms,       TEMP(K)    =          86.25
 SC_Etot=         6.1371  SC_EKtot=         3.0853  SC_EPtot   =         3.2915
 SC_BOND=         1.6616  SC_ANGLE=         1.7162  SC_DIHED   =         0.4264
 SC_14NB=         0.2468  SC_14EEL=         0.0000  SC_VDW     =         0.0108
 SC_EEL =         0.0000
 SC_RES_DIST=     0.0000  SC_RES_ANG=       0.0000  SC_RES_TORS=         0.0000
 SC_EEL_DER=      0.0000  SC_VDW_DER=       0.8399  SC_DERIV   =         0.8399
 ------------------------------------------------------------------------------


| TI region  2


      A V E R A G E S   O V E R      40 S T E P S


 NSTEP =   200000   TIME(PS) =     200.000  TEMP(K) =   160.46  PRESS =     0.0
 Etot   =    -42062.7761  EKtot   =     10016.7342  EPtot      =    -52079.5103
 BOND   =      7136.9562  ANGLE   =         0.0000  DIHED      =         0.0000
 1-4 NB =         0.0000  1-4 EEL =         0.0000  VDWAALS    =      1957.2358
 EELEC  =    -61173.7023  EHBOND  =         0.0000  RESTRAINT  =         0.0000
 DV/DL  =        -0.9142
 ------------------------------------------------------------------------------

 NMR restraints: Bond =    0.000   Angle =     0.000   Torsion =     0.000
===============================================================================

      R M S  F L U C T U A T I O N S


 NSTEP =   200000   TIME(PS) =     200.000  TEMP(K) =    90.25  PRESS =     0.0
 Etot   =     13586.2289  EKtot   =      5634.0221  EPtot      =      7965.5370
 BOND   =      1777.1815  ANGLE   =         0.0000  DIHED      =         0.0000
 1-4 NB =         0.0000  1-4 EEL =         0.0000  VDWAALS    =      1619.2301
 EELEC  =      7807.7466  EHBOND  =         0.0000  RESTRAINT  =         0.0000
 DV/DL  =         5.0505
 ------------------------------------------------------------------------------


      DV/DL, AVERAGES OVER      40 STEPS


 NSTEP =   200000   TIME(PS) =     200.000  TEMP(K) =    90.25  PRESS =     0.0
 Etot   =         0.0000  EKtot   =         0.0000  EPtot      =        -0.9142
 BOND   =         0.0000  ANGLE   =         0.0000  DIHED      =         0.0000
 1-4 NB =         0.0000  1-4 EEL =         0.0000  VDWAALS    =         0.4810
 EELEC  =         0.0000  EHBOND  =         0.0000  RESTRAINT  =         0.0000
 DV/DL  =        -0.9142
 ------------------------------------------------------------------------------


 NMR restraints on final step:

--------------------------------------------------------------------------------
   5.  TIMINGS
--------------------------------------------------------------------------------

|  NonSetup CPU Time in Major Routines:
|
|     Routine           Sec        %
|     ------------------------------
|     Nonbond          75.09   15.47
|     Bond              0.00    0.00
|     Angle             0.00    0.00
|     Dihedral          0.00    0.00
|     Shake             0.00    0.00
|     RunMD           409.62   84.38
|     Other             0.75    0.16
|     ------------------------------
|     Total           485.47

|  PME Nonbond Pairlist CPU Time:
|
|     Routine              Sec        %
|     ---------------------------------
|     Set Up Cit           0.00    0.00
|     Build List           0.00    0.00
|     ---------------------------------
|     Total                0.00    0.00

|  PME Direct Force CPU Time:
|
|     Routine              Sec        %
|     ---------------------------------
|     NonBonded Calc       0.00    0.00
|     Exclude Masked       0.00    0.00
|     Other                0.50    0.10
|     ---------------------------------
|     Total                0.50    0.10

|  PME Reciprocal Force CPU Time:
|
|     Routine              Sec        %
|     ---------------------------------
|     1D bspline           0.00    0.00
|     Grid Charges         0.00    0.00
|     Scalar Sum           0.00    0.00
|     Gradient Sum         0.00    0.00
|     FFT                  0.00    0.00
|     ---------------------------------
|     Total                0.00    0.00

|  Final Performance Info:
|     -----------------------------------------------------
|     Average timings for last       1 steps:
|     Elapsed(s) =       0.00 Per Step(ms) =       4.87
|         ns/day =      17.73   seconds/ns =    4874.02
|
|     Average timings for all steps:
|     Elapsed(s) =     485.92 Per Step(ms) =       2.43
|         ns/day =      35.56   seconds/ns =    2429.61
|     -----------------------------------------------------

|  Setup CPU time:            0.62 seconds
|  NonSetup CPU time:       485.47 seconds
|  Total CPU time:          486.08 seconds     0.14 hours

|  Setup wall time:           1    seconds
|  NonSetup wall time:      486    seconds
|  Total wall time:         487    seconds     0.14 hours
