
          -------------------------------------------------------
          Amber 20 PMEMD                              2020
          -------------------------------------------------------

| PMEMD implementation of SANDER, Release 18

|  Compiled date/time: Mon Apr 27 21:19:54 2020
| Run on 10/06/2020 at 15:37:40

|   Executable path: /opt/software/Amber/20-fosscuda-2019b/amber20/bin/pmemd.cuda
| Working directory: /mnt/ls15/scratch/users/songlin3/run/solvation_amber20/en/two_steps_tip3p_ethylenediame/step1_ethylenediame_to_vdw/0.43738
|          Hostname: csn-020

  [-O]verwriting output

File Assignments:
|   MDIN: heat.in                                                               
|  MDOUT: heat.out                                                              
| INPCRD: min.rst                                                               
|   PARM: en_step1_final.prmtop                                                 
| RESTRT: heat.rst                                                              
|   REFC: min.rst                                                               
|  MDVEL: mdvel                                                                 
|   MDEN: mden                                                                  
|  MDCRD: heat.netcdf                                                           
| MDINFO: heat.mdinfo                                                           
|  MDFRC: mdfrc                                                                 


 Here is the input file:

nvt for free MD                                                                
 &cntrl                                                                        
  imin=0,                                                                      
  irest=0,                                                                     
  ntx=1,                                                                       
  ig=-1,                                                                       
  nstlim=200000,                                                               
  dt=0.001,                                                                    
  cut=10.0,                                                                    
  ntc=1,                                                                       
  ntf=1,                                                                       
  ntb=1,                                                                       
  ntt=3,                                                                       
  gamma_ln=2.0,                                                                
  tempi=0.0,                                                                   
  temp0=300.0,                                                                 
  ntpr=5000,                                                                   
  ntwr=5000,                                                                   
  ntwx=10000,                                                                  
  ntwv=0,                                                                      
  ioutfm=1,                                                                    
  iwrap=0,                                                                     
  nmropt=1,                                                                    
  ifsc = 0, icfe=1,                                                            
  clambda=0.43738,                                                             
  timask1=':1',                                                                
  timask2=':2', crgmask = ':2',                                                
/                                                                              
&wt TYPE='TEMP0', istep1=0, istep2=190000, value1=0.0, value2=300.0 /          
&wt TYPE='TEMP0', istep1=190001, istep2=200000, value1=300.0, value2=300.0 /   
&wt TYPE='DUMPFREQ', istep1=10000, /                                           
&wt TYPE='END', /                                                              


Note: ig = -1. Setting random seed to   388688 based on wallclock time in 
      microseconds.
| irandom = 1, using AMBER's internal random number generator (default).
 
|--------------------- INFORMATION ----------------------
| GPU (CUDA) Version of PMEMD in use: NVIDIA GPU IN USE.
|                    Version 18.0.0
| 
|                      03/25/2018
| 
| Implementation by:
|                    Ross C. Walker     (SDSC)
|                    Scott Le Grand     (nVIDIA)
| 
| Version 18 performance extensions by:
|                    David Cerutti     (Rutgers)
| 
| Precision model in use:
|      [SPFP] - Single Precision Forces, 64-bit Fixed Point
|               Accumulation. (Default)
| 
|--------------------------------------------------------
 
|----------------- CITATION INFORMATION -----------------
|
|    When publishing work that utilized the CUDA version
|    of AMBER, please cite the following in addition to
|    the regular AMBER citations:
|
|  - Romelia Salomon-Ferrer; Andreas W. Goetz; Duncan
|    Poole; Scott Le Grand; Ross C. Walker "Routine
|    microsecond molecular dynamics simulations with
|    AMBER - Part II: Particle Mesh Ewald", J. Chem.
|    Theory Comput., 2013, 9 (9), pp3878-3888,
|    DOI: 10.1021/ct400314y.
|
|  - Andreas W. Goetz; Mark J. Williamson; Dong Xu;
|    Duncan Poole; Scott Le Grand; Ross C. Walker
|    "Routine microsecond molecular dynamics simulations
|    with AMBER - Part I: Generalized Born", J. Chem.
|    Theory Comput., 2012, 8 (5), pp1542-1555.
|
|  - Scott Le Grand; Andreas W. Goetz; Ross C. Walker
|    "SPFP: Speed without compromise - a mixed precision
|    model for GPU accelerated molecular dynamics
|    simulations.", Comp. Phys. Comm., 2013, 184
|    pp374-380, DOI: 10.1016/j.cpc.2012.09.022
|
|    When publishing work that utilized the CUDA version
|    of TI, BAR, MBAR or FEP please cite the following 
|    publications in addition to the regular AMBER 
|    GPU citations:
|
|  - Daniel J. Mermelstein; Charles Lin; Gard Nelson; 
|    Rachael Kretsch; J. Andrew McCammon; Ross C. Walker
|    "Fast and Flexible GPU Accelerated Binding 
|    Free Energy Calculations within the AMBER Molecular
|    Dynamics Package" J. Comp. Chem., 2018,
|    DOI: 10.1002/jcc.25187
|
|  - Tai-Sung Lee; Yuan Hu; Brad Sherborne; Zhuyan Guo;
|    Darrin M. York
|    "Toward Fast and Accurate Binding Affinity Prediction with
|    pmemdGTI: An Efficient Implementation of GPU-Accelerated
|    Thermodynamic Integration"
|    J. Chem. Theory Comput., 2017, 13 (7), 3077
|
|
|--------------------------------------------------------
 
|------------------- GPU DEVICE INFO --------------------
|
|            CUDA_VISIBLE_DEVICES: 0
|   CUDA Capable Devices Detected:      1
|           CUDA Device ID in use:      0
|                CUDA Device Name: Tesla K20m
|     CUDA Device Global Mem Size:   4743 MB
| CUDA Device Num Multiprocessors:     13
|           CUDA Device Core Freq:   0.71 GHz
|
|--------------------------------------------------------
 
 
| Conditional Compilation Defines Used:
| FFTW_FFT
| BINTRAJ
| MKL
| CUDA
| EMIL

| Largest sphere to fit in unit cell has radius =    27.375

| New format PARM file being parsed.
| Version =    1.000 Date = 05/26/20 Time = 15:44:31

| Note: 1-4 EEL scale factors are being read from the topology file.

| Note: 1-4 VDW scale factors are being read from the topology file.
| Duplicated    0 dihedrals

| Duplicated    0 dihedrals

--------------------------------------------------------------------------------
   1.  RESOURCE   USE: 
--------------------------------------------------------------------------------

 getting box info from netcdf restart file
 NATOM  =   20967 NTYPES =       6 NBONH =   20959 MBONA  =       6
 NTHETH =      32 MTHETA =       4 NPHIH =      40 MPHIA  =       2
 NHPARM =       0 NPARM  =       0 NNB   =   28026 NRES   =    6983
 NBONA  =       6 NTHETA =       4 NPHIA =       2 NUMBND =       6
 NUMANG =       6 NPTRA  =       2 NATYP =       6 NPHB   =       1
 IFBOX  =       2 NMXRS  =      12 IFCAP =       0 NEXTRA =       0
 NCOPY  =       0

| Coordinate Index Table dimensions:    10   10   10
| Direct force subcell size =     6.7054    6.7054    6.7054

     BOX TYPE: TRUNCATED OCTAHEDRON

--------------------------------------------------------------------------------
   2.  CONTROL  DATA  FOR  THE  RUN
--------------------------------------------------------------------------------

default_name                                                                    

General flags:
     imin    =       0, nmropt  =       1

Nature and format of input:
     ntx     =       1, irest   =       0, ntrx    =       1

Nature and format of output:
     ntxo    =       2, ntpr    =    5000, ntrx    =       1, ntwr    =    5000
     iwrap   =       0, ntwx    =   10000, ntwv    =       0, ntwe    =       0
     ioutfm  =       1, ntwprt  =       0, idecomp =       0, rbornstat=      0

Potential function:
     ntf     =       1, ntb     =       1, igb     =       0, nsnb    =      25
     ipol    =       0, gbsa    =       0, iesp    =       0
     dielc   =   1.00000, cut     =  10.00000, intdiel =   1.00000

Frozen or restrained atoms:
     ibelly  =       0, ntr     =       0

Molecular dynamics:
     nstlim  =    200000, nscm    =      1000, nrespa  =         1
     t       =   0.00000, dt      =   0.00100, vlimit  =  -1.00000

Langevin dynamics temperature regulation:
     ig      =  388688
     temp0   = 300.00000, tempi   =   0.00000, gamma_ln=   2.00000

NMR refinement options:
     iscale  =       0, noeskp  =       1, ipnlty  =       1, mxsub   =       1
     scalm   = 100.00000, pencut  =   0.10000, tausw   =   0.10000

Free energy options:
     icfe    =       1, ifsc    =       0, klambda =       1
     clambda =  0.4374, scalpha =  0.5000, scbeta  = 12.0000
     sceeorder =       2
     dynlmb =  0.0000 logdvdl =       0

| Intermolecular bonds treatment:
|     no_intermolecular_bonds =       1

| Energy averages sample interval:
|     ene_avg_sampling =    5000

Ewald parameters:
     verbose =       0, ew_type =       0, nbflag  =       1, use_pme =       1
     vdwmeth =       1, eedmeth =       1, netfrc  =       1
     Box X =   67.054   Box Y =   67.054   Box Z =   67.054
     Alpha =  109.471   Beta  =  109.471   Gamma =  109.471
     NFFT1 =   64       NFFT2 =   64       NFFT3 =   64
     Cutoff=   10.000   Tol   =0.100E-04
     Ewald Coefficient =  0.27511
     Interpolation order =    4
     TI Mask 1 :1; matches     12 atoms
     TI Mask 2 :2; matches     12 atoms
     TI region 1:   20955 atoms
     TI region 2:   20955 atoms
Removing charge of      -0.6664 from atom      13
Removing charge of      -0.6664 from atom      14
Removing charge of      -0.0664 from atom      15
Removing charge of      -0.0664 from atom      16
Removing charge of       0.2792 from atom      17
Removing charge of       0.2802 from atom      18
Removing charge of       0.2802 from atom      19
Removing charge of       0.2792 from atom      20
Removing charge of       0.0898 from atom      21
Removing charge of       0.0837 from atom      22
Removing charge of       0.0898 from atom      23
Removing charge of       0.0837 from atom      24
Total charge of  -0.00000000 removed from      12 atoms
     Checking for mismatched coordinates.

--------------------------------------------------------------------------------
   3.  ATOMIC COORDINATES AND VELOCITIES
--------------------------------------------------------------------------------

default_name                                                                    
 begin time read from input coords =     0.000 ps



           Begin reading energy term weight changes/NMR restraints
 WEIGHT CHANGES:
 TEMP0         0 190000    0.000000  300.000000      0      0
 TEMP0    190001 200000  300.000000  300.000000      0      0
 DUMPFREQ  10000      0    0.000000    0.000000      0      0

 RESTRAINTS:
                          ** No restraint defined **

                  Done reading weight changes/NMR restraints


 
 Number of triangulated 3-point waters found:     6981

     Sum of charges for TI region  1 =  -0.00000000
     Skip neutralizing charges...


     Sum of charges for TI region  2 =   0.00000000
     Skip neutralizing charges...

| Dynamic Memory, Types Used:
| Reals              919408
| Integers           798260

| Nonbonded Pairs Initial Allocation:     6341993

| GPU memory information (estimate):
| KB of GPU memory in use:    246078
| KB of CPU memory in use:     51390

--------------------------------------------------------------------------------
   4.  RESULTS
--------------------------------------------------------------------------------


| TI region  1


 NSTEP =        0   TIME(PS) =       0.000  TEMP(K) =     0.00  PRESS =     0.0
 Etot   =    -89194.8918  EKtot   =         0.0000  EPtot      =    -89194.8918
 BOND   =      7191.1656  ANGLE   =         0.1207  DIHED      =         0.1198
 1-4 NB =         0.3441  1-4 EEL =        23.0963  VDWAALS    =     19257.1806
 EELEC  =   -115666.9190  EHBOND  =         0.0000  RESTRAINT  =         0.0000
 DV/DL  =        -2.7631
 ------------------------------------------------------------------------------


| TI region  2


 NSTEP =        0   TIME(PS) =       0.000  TEMP(K) =     0.00  PRESS =     0.0
 Etot   =    -89194.8918  EKtot   =         0.0000  EPtot      =    -89194.8918
 BOND   =      7191.1656  ANGLE   =         0.1207  DIHED      =         0.1198
 1-4 NB =         0.3441  1-4 EEL =        23.0963  VDWAALS    =     19257.1806
 EELEC  =   -115666.9190  EHBOND  =         0.0000  RESTRAINT  =         0.0000
 DV/DL  =        -2.7631
 ------------------------------------------------------------------------------

 NMR restraints: Bond =    0.000   Angle =     0.000   Torsion =     0.000
===============================================================================

| TI region  1


 NSTEP =     5000   TIME(PS) =       5.000  TEMP(K) =     7.46  PRESS =     0.0
 Etot   =    -88771.4524  EKtot   =       465.7774  EPtot      =    -89237.2298
 BOND   =      7425.1506  ANGLE   =         0.3812  DIHED      =         0.2716
 1-4 NB =         0.1832  1-4 EEL =        22.4968  VDWAALS    =     19589.2826
 EELEC  =   -116274.9959  EHBOND  =         0.0000  RESTRAINT  =         0.0000
 DV/DL  =        -0.2929
 ------------------------------------------------------------------------------


| TI region  2


 NSTEP =     5000   TIME(PS) =       5.000  TEMP(K) =     7.46  PRESS =     0.0
 Etot   =    -88771.4536  EKtot   =       465.7762  EPtot      =    -89237.2298
 BOND   =      7425.1506  ANGLE   =         0.3812  DIHED      =         0.2716
 1-4 NB =         0.1832  1-4 EEL =        22.4968  VDWAALS    =     19589.2826
 EELEC  =   -116274.9959  EHBOND  =         0.0000  RESTRAINT  =         0.0000
 DV/DL  =        -0.2929
 ------------------------------------------------------------------------------

 NMR restraints: Bond =    0.000   Angle =     0.000   Torsion =     0.000
===============================================================================

| TI region  1


 NSTEP =    10000   TIME(PS) =      10.000  TEMP(K) =    15.24  PRESS =     0.0
 Etot   =    -87954.2410  EKtot   =       951.7782  EPtot      =    -88906.0193
 BOND   =      7587.7804  ANGLE   =         0.4031  DIHED      =         0.3753
 1-4 NB =         0.1991  1-4 EEL =        22.2850  VDWAALS    =     19394.2553
 EELEC  =   -115911.3175  EHBOND  =         0.0000  RESTRAINT  =         0.0000
 DV/DL  =        -0.2700
 ------------------------------------------------------------------------------


| TI region  2


 NSTEP =    10000   TIME(PS) =      10.000  TEMP(K) =    15.24  PRESS =     0.0
 Etot   =    -87954.2361  EKtot   =       951.7832  EPtot      =    -88906.0193
 BOND   =      7587.7804  ANGLE   =         0.4031  DIHED      =         0.3753
 1-4 NB =         0.1991  1-4 EEL =        22.2850  VDWAALS    =     19394.2553
 EELEC  =   -115911.3175  EHBOND  =         0.0000  RESTRAINT  =         0.0000
 DV/DL  =        -0.2700
 ------------------------------------------------------------------------------

 NMR restraints: Bond =    0.000   Angle =     0.000   Torsion =     0.000
===============================================================================

| TI region  1


 NSTEP =    15000   TIME(PS) =      15.000  TEMP(K) =    22.86  PRESS =     0.0
 Etot   =    -87125.8965  EKtot   =      1427.9429  EPtot      =    -88553.8394
 BOND   =      7754.5501  ANGLE   =         0.3439  DIHED      =         0.5485
 1-4 NB =         0.2341  1-4 EEL =        21.7427  VDWAALS    =     19595.7990
 EELEC  =   -115927.0577  EHBOND  =         0.0000  RESTRAINT  =         0.0000
 DV/DL  =        -0.1594
 ------------------------------------------------------------------------------


| TI region  2


 NSTEP =    15000   TIME(PS) =      15.000  TEMP(K) =    22.86  PRESS =     0.0
 Etot   =    -87125.8933  EKtot   =      1427.9461  EPtot      =    -88553.8394
 BOND   =      7754.5501  ANGLE   =         0.3439  DIHED      =         0.5485
 1-4 NB =         0.2341  1-4 EEL =        21.7427  VDWAALS    =     19595.7990
 EELEC  =   -115927.0577  EHBOND  =         0.0000  RESTRAINT  =         0.0000
 DV/DL  =        -0.1594
 ------------------------------------------------------------------------------

 NMR restraints: Bond =    0.000   Angle =     0.000   Torsion =     0.000
===============================================================================

| TI region  1


 NSTEP =    20000   TIME(PS) =      20.000  TEMP(K) =    30.84  PRESS =     0.0
 Etot   =    -86210.7918  EKtot   =      1926.5481  EPtot      =    -88137.3399
 BOND   =      7958.9778  ANGLE   =         0.5132  DIHED      =         0.2855
 1-4 NB =         0.3443  1-4 EEL =        22.9337  VDWAALS    =     19552.3823
 EELEC  =   -115672.7767  EHBOND  =         0.0000  RESTRAINT  =         0.0000
 DV/DL  =         0.3309
 ------------------------------------------------------------------------------


| TI region  2


 NSTEP =    20000   TIME(PS) =      20.000  TEMP(K) =    30.84  PRESS =     0.0
 Etot   =    -86210.7782  EKtot   =      1926.5617  EPtot      =    -88137.3399
 BOND   =      7958.9778  ANGLE   =         0.5132  DIHED      =         0.2855
 1-4 NB =         0.3443  1-4 EEL =        22.9337  VDWAALS    =     19552.3823
 EELEC  =   -115672.7767  EHBOND  =         0.0000  RESTRAINT  =         0.0000
 DV/DL  =         0.3309
 ------------------------------------------------------------------------------

 NMR restraints: Bond =    0.000   Angle =     0.000   Torsion =     0.000
===============================================================================

| TI region  1


 NSTEP =    25000   TIME(PS) =      25.000  TEMP(K) =    38.45  PRESS =     0.0
 Etot   =    -85339.1012  EKtot   =      2401.9169  EPtot      =    -87741.0181
 BOND   =      8190.3640  ANGLE   =         0.7447  DIHED      =         0.2624
 1-4 NB =         0.1566  1-4 EEL =        22.1555  VDWAALS    =     19587.7348
 EELEC  =   -115542.4360  EHBOND  =         0.0000  RESTRAINT  =         0.0000
 DV/DL  =         0.3928
 ------------------------------------------------------------------------------


| TI region  2


 NSTEP =    25000   TIME(PS) =      25.000  TEMP(K) =    38.45  PRESS =     0.0
 Etot   =    -85339.1198  EKtot   =      2401.8983  EPtot      =    -87741.0181
 BOND   =      8190.3640  ANGLE   =         0.7447  DIHED      =         0.2624
 1-4 NB =         0.1566  1-4 EEL =        22.1555  VDWAALS    =     19587.7348
 EELEC  =   -115542.4360  EHBOND  =         0.0000  RESTRAINT  =         0.0000
 DV/DL  =         0.3928
 ------------------------------------------------------------------------------

 NMR restraints: Bond =    0.000   Angle =     0.000   Torsion =     0.000
===============================================================================

| TI region  1


 NSTEP =    30000   TIME(PS) =      30.000  TEMP(K) =    46.74  PRESS =     0.0
 Etot   =    -84461.5255  EKtot   =      2919.1915  EPtot      =    -87380.7170
 BOND   =      8390.0674  ANGLE   =         0.4863  DIHED      =         0.3375
 1-4 NB =         0.3498  1-4 EEL =        22.2421  VDWAALS    =     19587.1861
 EELEC  =   -115381.3862  EHBOND  =         0.0000  RESTRAINT  =         0.0000
 DV/DL  =        -0.7299
 ------------------------------------------------------------------------------


| TI region  2


 NSTEP =    30000   TIME(PS) =      30.000  TEMP(K) =    46.74  PRESS =     0.0
 Etot   =    -84461.5083  EKtot   =      2919.2086  EPtot      =    -87380.7170
 BOND   =      8390.0674  ANGLE   =         0.4863  DIHED      =         0.3375
 1-4 NB =         0.3498  1-4 EEL =        22.2421  VDWAALS    =     19587.1861
 EELEC  =   -115381.3862  EHBOND  =         0.0000  RESTRAINT  =         0.0000
 DV/DL  =        -0.7299
 ------------------------------------------------------------------------------

 NMR restraints: Bond =    0.000   Angle =     0.000   Torsion =     0.000
===============================================================================

| TI region  1


 NSTEP =    35000   TIME(PS) =      35.000  TEMP(K) =    54.46  PRESS =     0.0
 Etot   =    -83596.1699  EKtot   =      3401.8405  EPtot      =    -86998.0103
 BOND   =      8589.9665  ANGLE   =         0.4385  DIHED      =         0.1966
 1-4 NB =         0.3502  1-4 EEL =        22.7870  VDWAALS    =     19656.2978
 EELEC  =   -115268.0469  EHBOND  =         0.0000  RESTRAINT  =         0.0000
 DV/DL  =         0.2023
 ------------------------------------------------------------------------------


| TI region  2


 NSTEP =    35000   TIME(PS) =      35.000  TEMP(K) =    54.46  PRESS =     0.0
 Etot   =    -83596.1116  EKtot   =      3401.8988  EPtot      =    -86998.0103
 BOND   =      8589.9665  ANGLE   =         0.4385  DIHED      =         0.1966
 1-4 NB =         0.3502  1-4 EEL =        22.7870  VDWAALS    =     19656.2978
 EELEC  =   -115268.0469  EHBOND  =         0.0000  RESTRAINT  =         0.0000
 DV/DL  =         0.2023
 ------------------------------------------------------------------------------

 NMR restraints: Bond =    0.000   Angle =     0.000   Torsion =     0.000
===============================================================================

| TI region  1


 NSTEP =    40000   TIME(PS) =      40.000  TEMP(K) =    62.74  PRESS =     0.0
 Etot   =    -82777.6348  EKtot   =      3919.0791  EPtot      =    -86696.7138
 BOND   =      8821.5962  ANGLE   =         0.9293  DIHED      =         0.1697
 1-4 NB =         0.4384  1-4 EEL =        23.2717  VDWAALS    =     19673.8510
 EELEC  =   -115216.9701  EHBOND  =         0.0000  RESTRAINT  =         0.0000
 DV/DL  =        -2.3866
 ------------------------------------------------------------------------------


| TI region  2


 NSTEP =    40000   TIME(PS) =      40.000  TEMP(K) =    62.74  PRESS =     0.0
 Etot   =    -82777.6140  EKtot   =      3919.0999  EPtot      =    -86696.7138
 BOND   =      8821.5962  ANGLE   =         0.9293  DIHED      =         0.1697
 1-4 NB =         0.4384  1-4 EEL =        23.2717  VDWAALS    =     19673.8510
 EELEC  =   -115216.9701  EHBOND  =         0.0000  RESTRAINT  =         0.0000
 DV/DL  =        -2.3866
 ------------------------------------------------------------------------------

 NMR restraints: Bond =    0.000   Angle =     0.000   Torsion =     0.000
===============================================================================

| TI region  1


 NSTEP =    45000   TIME(PS) =      45.000  TEMP(K) =    69.57  PRESS =     0.0
 Etot   =    -81958.4138  EKtot   =      4345.5858  EPtot      =    -86303.9996
 BOND   =      8944.5573  ANGLE   =         0.7820  DIHED      =         0.3175
 1-4 NB =         0.4997  1-4 EEL =        22.5354  VDWAALS    =     19541.0895
 EELEC  =   -114813.7811  EHBOND  =         0.0000  RESTRAINT  =         0.0000
 DV/DL  =        -0.7012
 ------------------------------------------------------------------------------


| TI region  2


 NSTEP =    45000   TIME(PS) =      45.000  TEMP(K) =    69.57  PRESS =     0.0
 Etot   =    -81958.4664  EKtot   =      4345.5332  EPtot      =    -86303.9996
 BOND   =      8944.5573  ANGLE   =         0.7820  DIHED      =         0.3175
 1-4 NB =         0.4997  1-4 EEL =        22.5354  VDWAALS    =     19541.0895
 EELEC  =   -114813.7811  EHBOND  =         0.0000  RESTRAINT  =         0.0000
 DV/DL  =        -0.7012
 ------------------------------------------------------------------------------

 NMR restraints: Bond =    0.000   Angle =     0.000   Torsion =     0.000
===============================================================================

| TI region  1


 NSTEP =    50000   TIME(PS) =      50.000  TEMP(K) =    78.19  PRESS =     0.0
 Etot   =    -81037.6517  EKtot   =      4883.7874  EPtot      =    -85921.4392
 BOND   =      9169.8908  ANGLE   =         1.1844  DIHED      =         0.8092
 1-4 NB =         0.2002  1-4 EEL =        23.0780  VDWAALS    =     19693.9164
 EELEC  =   -114810.5181  EHBOND  =         0.0000  RESTRAINT  =         0.0000
 DV/DL  =        -2.8101
 ------------------------------------------------------------------------------


| TI region  2


 NSTEP =    50000   TIME(PS) =      50.000  TEMP(K) =    78.19  PRESS =     0.0
 Etot   =    -81037.6510  EKtot   =      4883.7882  EPtot      =    -85921.4392
 BOND   =      9169.8908  ANGLE   =         1.1844  DIHED      =         0.8092
 1-4 NB =         0.2002  1-4 EEL =        23.0780  VDWAALS    =     19693.9164
 EELEC  =   -114810.5181  EHBOND  =         0.0000  RESTRAINT  =         0.0000
 DV/DL  =        -2.8101
 ------------------------------------------------------------------------------

 NMR restraints: Bond =    0.000   Angle =     0.000   Torsion =     0.000
===============================================================================

| TI region  1


 NSTEP =    55000   TIME(PS) =      55.000  TEMP(K) =    87.23  PRESS =     0.0
 Etot   =    -80092.8093  EKtot   =      5448.8377  EPtot      =    -85541.6470
 BOND   =      9243.1050  ANGLE   =         0.9957  DIHED      =         0.2468
 1-4 NB =         0.2805  1-4 EEL =        22.6684  VDWAALS    =     19412.4324
 EELEC  =   -114221.3758  EHBOND  =         0.0000  RESTRAINT  =         0.0000
 DV/DL  =        -1.2086
 ------------------------------------------------------------------------------


| TI region  2


 NSTEP =    55000   TIME(PS) =      55.000  TEMP(K) =    87.23  PRESS =     0.0
 Etot   =    -80092.7759  EKtot   =      5448.8711  EPtot      =    -85541.6470
 BOND   =      9243.1050  ANGLE   =         0.9957  DIHED      =         0.2468
 1-4 NB =         0.2805  1-4 EEL =        22.6684  VDWAALS    =     19412.4324
 EELEC  =   -114221.3758  EHBOND  =         0.0000  RESTRAINT  =         0.0000
 DV/DL  =        -1.2086
 ------------------------------------------------------------------------------

 NMR restraints: Bond =    0.000   Angle =     0.000   Torsion =     0.000
===============================================================================

| TI region  1


 NSTEP =    60000   TIME(PS) =      60.000  TEMP(K) =    94.53  PRESS =     0.0
 Etot   =    -79219.0102  EKtot   =      5904.8234  EPtot      =    -85123.8336
 BOND   =      9506.5383  ANGLE   =         1.3531  DIHED      =         0.1513
 1-4 NB =         0.0635  1-4 EEL =        22.4018  VDWAALS    =     19496.1499
 EELEC  =   -114150.4916  EHBOND  =         0.0000  RESTRAINT  =         0.0000
 DV/DL  =        -1.8056
 ------------------------------------------------------------------------------


| TI region  2


 NSTEP =    60000   TIME(PS) =      60.000  TEMP(K) =    94.53  PRESS =     0.0
 Etot   =    -79219.0021  EKtot   =      5904.8316  EPtot      =    -85123.8336
 BOND   =      9506.5383  ANGLE   =         1.3531  DIHED      =         0.1513
 1-4 NB =         0.0635  1-4 EEL =        22.4018  VDWAALS    =     19496.1499
 EELEC  =   -114150.4916  EHBOND  =         0.0000  RESTRAINT  =         0.0000
 DV/DL  =        -1.8056
 ------------------------------------------------------------------------------

 NMR restraints: Bond =    0.000   Angle =     0.000   Torsion =     0.000
===============================================================================

| TI region  1


 NSTEP =    65000   TIME(PS) =      65.000  TEMP(K) =   102.21  PRESS =     0.0
 Etot   =    -78378.7106  EKtot   =      6384.0843  EPtot      =    -84762.7949
 BOND   =      9583.1993  ANGLE   =         1.8517  DIHED      =         0.1470
 1-4 NB =         0.3245  1-4 EEL =        22.6417  VDWAALS    =     19267.8261
 EELEC  =   -113638.7851  EHBOND  =         0.0000  RESTRAINT  =         0.0000
 DV/DL  =        -4.4391
 ------------------------------------------------------------------------------


| TI region  2


 NSTEP =    65000   TIME(PS) =      65.000  TEMP(K) =   102.21  PRESS =     0.0
 Etot   =    -78378.6827  EKtot   =      6384.1122  EPtot      =    -84762.7949
 BOND   =      9583.1993  ANGLE   =         1.8517  DIHED      =         0.1470
 1-4 NB =         0.3245  1-4 EEL =        22.6417  VDWAALS    =     19267.8261
 EELEC  =   -113638.7851  EHBOND  =         0.0000  RESTRAINT  =         0.0000
 DV/DL  =        -4.4391
 ------------------------------------------------------------------------------

 NMR restraints: Bond =    0.000   Angle =     0.000   Torsion =     0.000
===============================================================================

| TI region  1


 NSTEP =    70000   TIME(PS) =      70.000  TEMP(K) =   108.81  PRESS =     0.0
 Etot   =    -77534.9047  EKtot   =      6796.6710  EPtot      =    -84331.5757
 BOND   =      9760.6382  ANGLE   =         1.1254  DIHED      =         0.1963
 1-4 NB =         0.4606  1-4 EEL =        23.8413  VDWAALS    =     19295.8186
 EELEC  =   -113413.6562  EHBOND  =         0.0000  RESTRAINT  =         0.0000
 DV/DL  =        -3.8771
 ------------------------------------------------------------------------------


| TI region  2


 NSTEP =    70000   TIME(PS) =      70.000  TEMP(K) =   108.81  PRESS =     0.0
 Etot   =    -77534.9480  EKtot   =      6796.6276  EPtot      =    -84331.5757
 BOND   =      9760.6382  ANGLE   =         1.1254  DIHED      =         0.1963
 1-4 NB =         0.4606  1-4 EEL =        23.8413  VDWAALS    =     19295.8186
 EELEC  =   -113413.6562  EHBOND  =         0.0000  RESTRAINT  =         0.0000
 DV/DL  =        -3.8771
 ------------------------------------------------------------------------------

 NMR restraints: Bond =    0.000   Angle =     0.000   Torsion =     0.000
===============================================================================

| TI region  1


 NSTEP =    75000   TIME(PS) =      75.000  TEMP(K) =   117.63  PRESS =     0.0
 Etot   =    -76558.0475  EKtot   =      7347.1752  EPtot      =    -83905.2227
 BOND   =      9861.4681  ANGLE   =         1.9830  DIHED      =         0.3760
 1-4 NB =         0.2955  1-4 EEL =        22.0573  VDWAALS    =     19004.1277
 EELEC  =   -112795.5302  EHBOND  =         0.0000  RESTRAINT  =         0.0000
 DV/DL  =        -3.5150
 ------------------------------------------------------------------------------


| TI region  2


 NSTEP =    75000   TIME(PS) =      75.000  TEMP(K) =   117.63  PRESS =     0.0
 Etot   =    -76558.0388  EKtot   =      7347.1838  EPtot      =    -83905.2227
 BOND   =      9861.4681  ANGLE   =         1.9830  DIHED      =         0.3760
 1-4 NB =         0.2955  1-4 EEL =        22.0573  VDWAALS    =     19004.1277
 EELEC  =   -112795.5302  EHBOND  =         0.0000  RESTRAINT  =         0.0000
 DV/DL  =        -3.5150
 ------------------------------------------------------------------------------

 NMR restraints: Bond =    0.000   Angle =     0.000   Torsion =     0.000
===============================================================================

| TI region  1


 NSTEP =    80000   TIME(PS) =      80.000  TEMP(K) =   125.47  PRESS =     0.0
 Etot   =    -75624.8000  EKtot   =      7837.1945  EPtot      =    -83461.9946
 BOND   =     10138.7710  ANGLE   =         1.5761  DIHED      =         0.4409
 1-4 NB =         0.1858  1-4 EEL =        22.4244  VDWAALS    =     19099.2096
 EELEC  =   -112724.6024  EHBOND  =         0.0000  RESTRAINT  =         0.0000
 DV/DL  =        -5.6784
 ------------------------------------------------------------------------------


| TI region  2


 NSTEP =    80000   TIME(PS) =      80.000  TEMP(K) =   125.47  PRESS =     0.0
 Etot   =    -75624.8799  EKtot   =      7837.1147  EPtot      =    -83461.9946
 BOND   =     10138.7710  ANGLE   =         1.5761  DIHED      =         0.4409
 1-4 NB =         0.1858  1-4 EEL =        22.4244  VDWAALS    =     19099.2096
 EELEC  =   -112724.6024  EHBOND  =         0.0000  RESTRAINT  =         0.0000
 DV/DL  =        -5.6784
 ------------------------------------------------------------------------------

 NMR restraints: Bond =    0.000   Angle =     0.000   Torsion =     0.000
===============================================================================

| TI region  1


 NSTEP =    85000   TIME(PS) =      85.000  TEMP(K) =   133.40  PRESS =     0.0
 Etot   =    -74625.2095  EKtot   =      8332.2356  EPtot      =    -82957.4451
 BOND   =     10249.9726  ANGLE   =         2.0774  DIHED      =         0.5014
 1-4 NB =         0.3744  1-4 EEL =        22.9728  VDWAALS    =     18882.3996
 EELEC  =   -112115.7433  EHBOND  =         0.0000  RESTRAINT  =         0.0000
 DV/DL  =        -4.4763
 ------------------------------------------------------------------------------


| TI region  2


 NSTEP =    85000   TIME(PS) =      85.000  TEMP(K) =   133.40  PRESS =     0.0
 Etot   =    -74625.1545  EKtot   =      8332.2906  EPtot      =    -82957.4451
 BOND   =     10249.9726  ANGLE   =         2.0774  DIHED      =         0.5014
 1-4 NB =         0.3744  1-4 EEL =        22.9728  VDWAALS    =     18882.3996
 EELEC  =   -112115.7433  EHBOND  =         0.0000  RESTRAINT  =         0.0000
 DV/DL  =        -4.4763
 ------------------------------------------------------------------------------

 NMR restraints: Bond =    0.000   Angle =     0.000   Torsion =     0.000
===============================================================================

| TI region  1


 NSTEP =    90000   TIME(PS) =      90.000  TEMP(K) =   140.96  PRESS =     0.0
 Etot   =    -73684.9538  EKtot   =      8805.0048  EPtot      =    -82489.9585
 BOND   =     10429.7682  ANGLE   =         2.3621  DIHED      =         0.4612
 1-4 NB =         0.4978  1-4 EEL =        22.5915  VDWAALS    =     18939.4559
 EELEC  =   -111885.0952  EHBOND  =         0.0000  RESTRAINT  =         0.0000
 DV/DL  =        -7.6787
 ------------------------------------------------------------------------------


| TI region  2


 NSTEP =    90000   TIME(PS) =      90.000  TEMP(K) =   140.97  PRESS =     0.0
 Etot   =    -73684.8569  EKtot   =      8805.1016  EPtot      =    -82489.9585
 BOND   =     10429.7682  ANGLE   =         2.3621  DIHED      =         0.4612
 1-4 NB =         0.4978  1-4 EEL =        22.5915  VDWAALS    =     18939.4559
 EELEC  =   -111885.0952  EHBOND  =         0.0000  RESTRAINT  =         0.0000
 DV/DL  =        -7.6787
 ------------------------------------------------------------------------------

 NMR restraints: Bond =    0.000   Angle =     0.000   Torsion =     0.000
===============================================================================

| TI region  1


 NSTEP =    95000   TIME(PS) =      95.000  TEMP(K) =   150.35  PRESS =     0.0
 Etot   =    -72563.8525  EKtot   =      9391.1425  EPtot      =    -81954.9951
 BOND   =     10627.3150  ANGLE   =         2.3094  DIHED      =         0.2478
 1-4 NB =         0.3665  1-4 EEL =        23.5646  VDWAALS    =     18831.1253
 EELEC  =   -111439.9237  EHBOND  =         0.0000  RESTRAINT  =         0.0000
 DV/DL  =        -8.4340
 ------------------------------------------------------------------------------


| TI region  2


 NSTEP =    95000   TIME(PS) =      95.000  TEMP(K) =   150.35  PRESS =     0.0
 Etot   =    -72563.7381  EKtot   =      9391.2570  EPtot      =    -81954.9951
 BOND   =     10627.3150  ANGLE   =         2.3094  DIHED      =         0.2478
 1-4 NB =         0.3665  1-4 EEL =        23.5646  VDWAALS    =     18831.1253
 EELEC  =   -111439.9237  EHBOND  =         0.0000  RESTRAINT  =         0.0000
 DV/DL  =        -8.4340
 ------------------------------------------------------------------------------

 NMR restraints: Bond =    0.000   Angle =     0.000   Torsion =     0.000
===============================================================================

| TI region  1


 NSTEP =   100000   TIME(PS) =     100.000  TEMP(K) =   157.12  PRESS =     0.0
 Etot   =    -71693.4210  EKtot   =      9814.0660  EPtot      =    -81507.4870
 BOND   =     10941.7538  ANGLE   =         3.5054  DIHED      =         0.7945
 1-4 NB =         0.8948  1-4 EEL =        24.1691  VDWAALS    =     18780.2582
 EELEC  =   -111258.8628  EHBOND  =         0.0000  RESTRAINT  =         0.0000
 DV/DL  =       -11.4418
 ------------------------------------------------------------------------------


| TI region  2


 NSTEP =   100000   TIME(PS) =     100.000  TEMP(K) =   157.12  PRESS =     0.0
 Etot   =    -71693.4482  EKtot   =      9814.0388  EPtot      =    -81507.4870
 BOND   =     10941.7538  ANGLE   =         3.5054  DIHED      =         0.7945
 1-4 NB =         0.8948  1-4 EEL =        24.1691  VDWAALS    =     18780.2582
 EELEC  =   -111258.8628  EHBOND  =         0.0000  RESTRAINT  =         0.0000
 DV/DL  =       -11.4418
 ------------------------------------------------------------------------------

 NMR restraints: Bond =    0.000   Angle =     0.000   Torsion =     0.000
===============================================================================

| TI region  1


 NSTEP =   105000   TIME(PS) =     105.000  TEMP(K) =   164.22  PRESS =     0.0
 Etot   =    -70842.1414  EKtot   =     10257.3242  EPtot      =    -81099.4656
 BOND   =     10943.8551  ANGLE   =         1.9693  DIHED      =         0.2697
 1-4 NB =         0.1724  1-4 EEL =        22.2872  VDWAALS    =     18650.8470
 EELEC  =   -110718.8663  EHBOND  =         0.0000  RESTRAINT  =         0.0000
 DV/DL  =        -7.3372
 ------------------------------------------------------------------------------


| TI region  2


 NSTEP =   105000   TIME(PS) =     105.000  TEMP(K) =   164.21  PRESS =     0.0
 Etot   =    -70842.2532  EKtot   =     10257.2124  EPtot      =    -81099.4656
 BOND   =     10943.8551  ANGLE   =         1.9693  DIHED      =         0.2697
 1-4 NB =         0.1724  1-4 EEL =        22.2872  VDWAALS    =     18650.8470
 EELEC  =   -110718.8663  EHBOND  =         0.0000  RESTRAINT  =         0.0000
 DV/DL  =        -7.3372
 ------------------------------------------------------------------------------

 NMR restraints: Bond =    0.000   Angle =     0.000   Torsion =     0.000
===============================================================================

| TI region  1


 NSTEP =   110000   TIME(PS) =     110.000  TEMP(K) =   172.09  PRESS =     0.0
 Etot   =    -69664.3102  EKtot   =     10749.3414  EPtot      =    -80413.6516
 BOND   =     11085.5691  ANGLE   =         2.1868  DIHED      =         0.6232
 1-4 NB =         0.4001  1-4 EEL =        22.2069  VDWAALS    =     18408.2274
 EELEC  =   -109932.8651  EHBOND  =         0.0000  RESTRAINT  =         0.0000
 DV/DL  =       -10.2071
 ------------------------------------------------------------------------------


| TI region  2


 NSTEP =   110000   TIME(PS) =     110.000  TEMP(K) =   172.09  PRESS =     0.0
 Etot   =    -69664.3935  EKtot   =     10749.2581  EPtot      =    -80413.6516
 BOND   =     11085.5691  ANGLE   =         2.1868  DIHED      =         0.6232
 1-4 NB =         0.4001  1-4 EEL =        22.2069  VDWAALS    =     18408.2274
 EELEC  =   -109932.8651  EHBOND  =         0.0000  RESTRAINT  =         0.0000
 DV/DL  =       -10.2071
 ------------------------------------------------------------------------------

 NMR restraints: Bond =    0.000   Angle =     0.000   Torsion =     0.000
===============================================================================

| TI region  1


 NSTEP =   115000   TIME(PS) =     115.000  TEMP(K) =   181.71  PRESS =     0.0
 Etot   =    -68465.8858  EKtot   =     11350.2310  EPtot      =    -79816.1169
 BOND   =     11436.2695  ANGLE   =         2.5872  DIHED      =         0.1803
 1-4 NB =         0.2392  1-4 EEL =        22.7166  VDWAALS    =     18536.0586
 EELEC  =   -109814.1683  EHBOND  =         0.0000  RESTRAINT  =         0.0000
 DV/DL  =       -10.4613
 ------------------------------------------------------------------------------


| TI region  2


 NSTEP =   115000   TIME(PS) =     115.000  TEMP(K) =   181.72  PRESS =     0.0
 Etot   =    -68465.7412  EKtot   =     11350.3756  EPtot      =    -79816.1169
 BOND   =     11436.2695  ANGLE   =         2.5872  DIHED      =         0.1803
 1-4 NB =         0.2392  1-4 EEL =        22.7166  VDWAALS    =     18536.0586
 EELEC  =   -109814.1683  EHBOND  =         0.0000  RESTRAINT  =         0.0000
 DV/DL  =       -10.4613
 ------------------------------------------------------------------------------

 NMR restraints: Bond =    0.000   Angle =     0.000   Torsion =     0.000
===============================================================================

| TI region  1


 NSTEP =   120000   TIME(PS) =     120.000  TEMP(K) =   187.18  PRESS =     0.0
 Etot   =    -67640.7010  EKtot   =     11691.5845  EPtot      =    -79332.2855
 BOND   =     11600.5188  ANGLE   =         2.0306  DIHED      =         0.2101
 1-4 NB =         0.3185  1-4 EEL =        23.3441  VDWAALS    =     18439.1395
 EELEC  =   -109397.8470  EHBOND  =         0.0000  RESTRAINT  =         0.0000
 DV/DL  =       -11.6869
 ------------------------------------------------------------------------------


| TI region  2


 NSTEP =   120000   TIME(PS) =     120.000  TEMP(K) =   187.18  PRESS =     0.0
 Etot   =    -67640.7029  EKtot   =     11691.5826  EPtot      =    -79332.2855
 BOND   =     11600.5188  ANGLE   =         2.0306  DIHED      =         0.2101
 1-4 NB =         0.3185  1-4 EEL =        23.3441  VDWAALS    =     18439.1395
 EELEC  =   -109397.8470  EHBOND  =         0.0000  RESTRAINT  =         0.0000
 DV/DL  =       -11.6869
 ------------------------------------------------------------------------------

 NMR restraints: Bond =    0.000   Angle =     0.000   Torsion =     0.000
===============================================================================

| TI region  1


 NSTEP =   125000   TIME(PS) =     125.000  TEMP(K) =   196.08  PRESS =     0.0
 Etot   =    -66469.3167  EKtot   =     12247.4155  EPtot      =    -78716.7322
 BOND   =     11659.2434  ANGLE   =         3.3322  DIHED      =         0.2816
 1-4 NB =         0.0165  1-4 EEL =        22.4480  VDWAALS    =     18317.3807
 EELEC  =   -108719.4346  EHBOND  =         0.0000  RESTRAINT  =         0.0000
 DV/DL  =        -8.3208
 ------------------------------------------------------------------------------


| TI region  2


 NSTEP =   125000   TIME(PS) =     125.000  TEMP(K) =   196.07  PRESS =     0.0
 Etot   =    -66469.4264  EKtot   =     12247.3058  EPtot      =    -78716.7322
 BOND   =     11659.2434  ANGLE   =         3.3322  DIHED      =         0.2816
 1-4 NB =         0.0165  1-4 EEL =        22.4480  VDWAALS    =     18317.3807
 EELEC  =   -108719.4346  EHBOND  =         0.0000  RESTRAINT  =         0.0000
 DV/DL  =        -8.3208
 ------------------------------------------------------------------------------

 NMR restraints: Bond =    0.000   Angle =     0.000   Torsion =     0.000
===============================================================================

| TI region  1


 NSTEP =   130000   TIME(PS) =     130.000  TEMP(K) =   208.30  PRESS =     0.0
 Etot   =    -65113.0986  EKtot   =     13010.7873  EPtot      =    -78123.8858
 BOND   =     11738.3910  ANGLE   =         3.8315  DIHED      =         0.5620
 1-4 NB =         0.2883  1-4 EEL =        21.8210  VDWAALS    =     17899.3328
 EELEC  =   -107788.1125  EHBOND  =         0.0000  RESTRAINT  =         0.0000
 DV/DL  =        -4.2386
 ------------------------------------------------------------------------------


| TI region  2


 NSTEP =   130000   TIME(PS) =     130.000  TEMP(K) =   208.30  PRESS =     0.0
 Etot   =    -65113.2552  EKtot   =     13010.6306  EPtot      =    -78123.8858
 BOND   =     11738.3910  ANGLE   =         3.8315  DIHED      =         0.5620
 1-4 NB =         0.2883  1-4 EEL =        21.8210  VDWAALS    =     17899.3328
 EELEC  =   -107788.1125  EHBOND  =         0.0000  RESTRAINT  =         0.0000
 DV/DL  =        -4.2386
 ------------------------------------------------------------------------------

 NMR restraints: Bond =    0.000   Angle =     0.000   Torsion =     0.000
===============================================================================

| TI region  1


 NSTEP =   135000   TIME(PS) =     135.000  TEMP(K) =   212.55  PRESS =     0.0
 Etot   =    -64148.3871  EKtot   =     13276.6133  EPtot      =    -77425.0004
 BOND   =     11802.6117  ANGLE   =         2.9525  DIHED      =         0.3947
 1-4 NB =         0.8113  1-4 EEL =        23.7446  VDWAALS    =     17698.9747
 EELEC  =   -106954.4899  EHBOND  =         0.0000  RESTRAINT  =         0.0000
 DV/DL  =        -9.7945
 ------------------------------------------------------------------------------


| TI region  2


 NSTEP =   135000   TIME(PS) =     135.000  TEMP(K) =   212.55  PRESS =     0.0
 Etot   =    -64148.3822  EKtot   =     13276.6182  EPtot      =    -77425.0004
 BOND   =     11802.6117  ANGLE   =         2.9525  DIHED      =         0.3947
 1-4 NB =         0.8113  1-4 EEL =        23.7446  VDWAALS    =     17698.9747
 EELEC  =   -106954.4899  EHBOND  =         0.0000  RESTRAINT  =         0.0000
 DV/DL  =        -9.7945
 ------------------------------------------------------------------------------

 NMR restraints: Bond =    0.000   Angle =     0.000   Torsion =     0.000
===============================================================================

| TI region  1


 NSTEP =   140000   TIME(PS) =     140.000  TEMP(K) =   220.70  PRESS =     0.0
 Etot   =    -62570.5698  EKtot   =     13785.4975  EPtot      =    -76356.0673
 BOND   =     12111.2044  ANGLE   =         3.9304  DIHED      =         0.5293
 1-4 NB =         0.2739  1-4 EEL =        24.0273  VDWAALS    =     17451.5464
 EELEC  =   -105947.5790  EHBOND  =         0.0000  RESTRAINT  =         0.0000
 DV/DL  =       -12.7841
 ------------------------------------------------------------------------------


| TI region  2


 NSTEP =   140000   TIME(PS) =     140.000  TEMP(K) =   220.70  PRESS =     0.0
 Etot   =    -62570.5498  EKtot   =     13785.5175  EPtot      =    -76356.0673
 BOND   =     12111.2044  ANGLE   =         3.9304  DIHED      =         0.5293
 1-4 NB =         0.2739  1-4 EEL =        24.0273  VDWAALS    =     17451.5464
 EELEC  =   -105947.5790  EHBOND  =         0.0000  RESTRAINT  =         0.0000
 DV/DL  =       -12.7841
 ------------------------------------------------------------------------------

 NMR restraints: Bond =    0.000   Angle =     0.000   Torsion =     0.000
===============================================================================

| TI region  1


 NSTEP =   145000   TIME(PS) =     145.000  TEMP(K) =   226.28  PRESS =     0.0
 Etot   =    -61670.7819  EKtot   =     14133.9513  EPtot      =    -75804.7332
 BOND   =     12176.3190  ANGLE   =         4.0607  DIHED      =         0.4976
 1-4 NB =         0.6923  1-4 EEL =        23.5611  VDWAALS    =     17125.9297
 EELEC  =   -105135.7938  EHBOND  =         0.0000  RESTRAINT  =         0.0000
 DV/DL  =        -9.4483
 ------------------------------------------------------------------------------


| TI region  2


 NSTEP =   145000   TIME(PS) =     145.000  TEMP(K) =   226.28  PRESS =     0.0
 Etot   =    -61670.9021  EKtot   =     14133.8311  EPtot      =    -75804.7332
 BOND   =     12176.3190  ANGLE   =         4.0607  DIHED      =         0.4976
 1-4 NB =         0.6923  1-4 EEL =        23.5611  VDWAALS    =     17125.9297
 EELEC  =   -105135.7938  EHBOND  =         0.0000  RESTRAINT  =         0.0000
 DV/DL  =        -9.4483
 ------------------------------------------------------------------------------

 NMR restraints: Bond =    0.000   Angle =     0.000   Torsion =     0.000
===============================================================================

| TI region  1


 NSTEP =   150000   TIME(PS) =     150.000  TEMP(K) =   233.00  PRESS =     0.0
 Etot   =    -60352.7771  EKtot   =     14554.0009  EPtot      =    -74906.7780
 BOND   =     12250.5507  ANGLE   =         1.5784  DIHED      =         0.3903
 1-4 NB =         0.2893  1-4 EEL =        23.0059  VDWAALS    =     16636.3432
 EELEC  =   -103818.9357  EHBOND  =         0.0000  RESTRAINT  =         0.0000
 DV/DL  =        -6.3555
 ------------------------------------------------------------------------------


| TI region  2


 NSTEP =   150000   TIME(PS) =     150.000  TEMP(K) =   233.01  PRESS =     0.0
 Etot   =    -60352.6658  EKtot   =     14554.1122  EPtot      =    -74906.7780
 BOND   =     12250.5507  ANGLE   =         1.5784  DIHED      =         0.3903
 1-4 NB =         0.2893  1-4 EEL =        23.0059  VDWAALS    =     16636.3432
 EELEC  =   -103818.9357  EHBOND  =         0.0000  RESTRAINT  =         0.0000
 DV/DL  =        -6.3555
 ------------------------------------------------------------------------------

 NMR restraints: Bond =    0.000   Angle =     0.000   Torsion =     0.000
===============================================================================

| TI region  1


 NSTEP =   155000   TIME(PS) =     155.000  TEMP(K) =   243.34  PRESS =     0.0
 Etot   =    -58495.5164  EKtot   =     15199.3003  EPtot      =    -73694.8167
 BOND   =     12364.5804  ANGLE   =         3.9385  DIHED      =         0.5605
 1-4 NB =         0.1243  1-4 EEL =        21.8555  VDWAALS    =     16328.4685
 EELEC  =   -102414.3443  EHBOND  =         0.0000  RESTRAINT  =         0.0000
 DV/DL  =        -8.3508
 ------------------------------------------------------------------------------


| TI region  2


 NSTEP =   155000   TIME(PS) =     155.000  TEMP(K) =   243.33  PRESS =     0.0
 Etot   =    -58495.5411  EKtot   =     15199.2756  EPtot      =    -73694.8167
 BOND   =     12364.5804  ANGLE   =         3.9385  DIHED      =         0.5605
 1-4 NB =         0.1243  1-4 EEL =        21.8555  VDWAALS    =     16328.4685
 EELEC  =   -102414.3443  EHBOND  =         0.0000  RESTRAINT  =         0.0000
 DV/DL  =        -8.3508
 ------------------------------------------------------------------------------

 NMR restraints: Bond =    0.000   Angle =     0.000   Torsion =     0.000
===============================================================================

| TI region  1


 NSTEP =   160000   TIME(PS) =     160.000  TEMP(K) =   252.04  PRESS =     0.0
 Etot   =    -57050.0128  EKtot   =     15743.0198  EPtot      =    -72793.0326
 BOND   =     12372.6088  ANGLE   =         2.3628  DIHED      =         1.6517
 1-4 NB =         0.4345  1-4 EEL =        21.6355  VDWAALS    =     15749.4272
 EELEC  =   -100941.1530  EHBOND  =         0.0000  RESTRAINT  =         0.0000
 DV/DL  =        -7.8853
 ------------------------------------------------------------------------------


| TI region  2


 NSTEP =   160000   TIME(PS) =     160.000  TEMP(K) =   252.04  PRESS =     0.0
 Etot   =    -57050.0279  EKtot   =     15743.0046  EPtot      =    -72793.0326
 BOND   =     12372.6088  ANGLE   =         2.3628  DIHED      =         1.6517
 1-4 NB =         0.4345  1-4 EEL =        21.6355  VDWAALS    =     15749.4272
 EELEC  =   -100941.1530  EHBOND  =         0.0000  RESTRAINT  =         0.0000
 DV/DL  =        -7.8853
 ------------------------------------------------------------------------------

 NMR restraints: Bond =    0.000   Angle =     0.000   Torsion =     0.000
===============================================================================

| TI region  1


 NSTEP =   165000   TIME(PS) =     165.000  TEMP(K) =   255.96  PRESS =     0.0
 Etot   =    -55218.9665  EKtot   =     15987.6064  EPtot      =    -71206.5730
 BOND   =     12741.7641  ANGLE   =         5.2147  DIHED      =         1.8005
 1-4 NB =         0.3707  1-4 EEL =        23.5495  VDWAALS    =     15716.8988
 EELEC  =    -99696.1712  EHBOND  =         0.0000  RESTRAINT  =         0.0000
 DV/DL  =        -5.2091
 ------------------------------------------------------------------------------


| TI region  2


 NSTEP =   165000   TIME(PS) =     165.000  TEMP(K) =   255.95  PRESS =     0.0
 Etot   =    -55219.2474  EKtot   =     15987.3256  EPtot      =    -71206.5730
 BOND   =     12741.7641  ANGLE   =         5.2147  DIHED      =         1.8005
 1-4 NB =         0.3707  1-4 EEL =        23.5495  VDWAALS    =     15716.8988
 EELEC  =    -99696.1712  EHBOND  =         0.0000  RESTRAINT  =         0.0000
 DV/DL  =        -5.2091
 ------------------------------------------------------------------------------

 NMR restraints: Bond =    0.000   Angle =     0.000   Torsion =     0.000
===============================================================================

| TI region  1


 NSTEP =   170000   TIME(PS) =     170.000  TEMP(K) =   265.34  PRESS =     0.0
 Etot   =    -53906.2302  EKtot   =     16573.9937  EPtot      =    -70480.2239
 BOND   =     12624.9949  ANGLE   =         3.7802  DIHED      =         2.1947
 1-4 NB =         0.0914  1-4 EEL =        22.8460  VDWAALS    =     15145.7455
 EELEC  =    -98279.8766  EHBOND  =         0.0000  RESTRAINT  =         0.0000
 DV/DL  =         0.3249
 ------------------------------------------------------------------------------


| TI region  2


 NSTEP =   170000   TIME(PS) =     170.000  TEMP(K) =   265.34  PRESS =     0.0
 Etot   =    -53906.3684  EKtot   =     16573.8555  EPtot      =    -70480.2239
 BOND   =     12624.9949  ANGLE   =         3.7802  DIHED      =         2.1947
 1-4 NB =         0.0914  1-4 EEL =        22.8460  VDWAALS    =     15145.7455
 EELEC  =    -98279.8766  EHBOND  =         0.0000  RESTRAINT  =         0.0000
 DV/DL  =         0.3249
 ------------------------------------------------------------------------------

 NMR restraints: Bond =    0.000   Angle =     0.000   Torsion =     0.000
===============================================================================

| TI region  1


 NSTEP =   175000   TIME(PS) =     175.000  TEMP(K) =   274.55  PRESS =     0.0
 Etot   =    -51939.8684  EKtot   =     17149.3530  EPtot      =    -69089.2214
 BOND   =     12669.4913  ANGLE   =         5.0682  DIHED      =         1.4124
 1-4 NB =         0.3562  1-4 EEL =        23.3668  VDWAALS    =     14662.2447
 EELEC  =    -96451.1610  EHBOND  =         0.0000  RESTRAINT  =         0.0000
 DV/DL  =        -9.3345
 ------------------------------------------------------------------------------


| TI region  2


 NSTEP =   175000   TIME(PS) =     175.000  TEMP(K) =   274.56  PRESS =     0.0
 Etot   =    -51939.8359  EKtot   =     17149.3855  EPtot      =    -69089.2214
 BOND   =     12669.4913  ANGLE   =         5.0682  DIHED      =         1.4124
 1-4 NB =         0.3562  1-4 EEL =        23.3668  VDWAALS    =     14662.2447
 EELEC  =    -96451.1610  EHBOND  =         0.0000  RESTRAINT  =         0.0000
 DV/DL  =        -9.3345
 ------------------------------------------------------------------------------

 NMR restraints: Bond =    0.000   Angle =     0.000   Torsion =     0.000
===============================================================================

| TI region  1


 NSTEP =   180000   TIME(PS) =     180.000  TEMP(K) =   283.68  PRESS =     0.0
 Etot   =    -50349.8836  EKtot   =     17719.1147  EPtot      =    -68068.9983
 BOND   =     12627.7705  ANGLE   =         4.1364  DIHED      =         0.4468
 1-4 NB =         0.0242  1-4 EEL =        21.2637  VDWAALS    =     14522.6077
 EELEC  =    -95245.2475  EHBOND  =         0.0000  RESTRAINT  =         0.0000
 DV/DL  =       -11.1529
 ------------------------------------------------------------------------------


| TI region  2


 NSTEP =   180000   TIME(PS) =     180.000  TEMP(K) =   283.68  PRESS =     0.0
 Etot   =    -50349.8504  EKtot   =     17719.1479  EPtot      =    -68068.9983
 BOND   =     12627.7705  ANGLE   =         4.1364  DIHED      =         0.4468
 1-4 NB =         0.0242  1-4 EEL =        21.2637  VDWAALS    =     14522.6077
 EELEC  =    -95245.2475  EHBOND  =         0.0000  RESTRAINT  =         0.0000
 DV/DL  =       -11.1529
 ------------------------------------------------------------------------------

 NMR restraints: Bond =    0.000   Angle =     0.000   Torsion =     0.000
===============================================================================

| TI region  1


 NSTEP =   185000   TIME(PS) =     185.000  TEMP(K) =   290.72  PRESS =     0.0
 Etot   =    -48983.4816  EKtot   =     18159.1549  EPtot      =    -67142.6365
 BOND   =     12777.5254  ANGLE   =         2.9631  DIHED      =         0.9056
 1-4 NB =         0.3049  1-4 EEL =        21.0898  VDWAALS    =     14214.5743
 EELEC  =    -94159.9997  EHBOND  =         0.0000  RESTRAINT  =         0.0000
 DV/DL  =       -10.9189
 ------------------------------------------------------------------------------


| TI region  2


 NSTEP =   185000   TIME(PS) =     185.000  TEMP(K) =   290.72  PRESS =     0.0
 Etot   =    -48983.5264  EKtot   =     18159.1101  EPtot      =    -67142.6365
 BOND   =     12777.5254  ANGLE   =         2.9631  DIHED      =         0.9056
 1-4 NB =         0.3049  1-4 EEL =        21.0898  VDWAALS    =     14214.5743
 EELEC  =    -94159.9997  EHBOND  =         0.0000  RESTRAINT  =         0.0000
 DV/DL  =       -10.9189
 ------------------------------------------------------------------------------

 NMR restraints: Bond =    0.000   Angle =     0.000   Torsion =     0.000
===============================================================================

| TI region  1


 NSTEP =   190000   TIME(PS) =     190.000  TEMP(K) =   300.23  PRESS =     0.0
 Etot   =    -47651.4482  EKtot   =     18753.2209  EPtot      =    -66404.6691
 BOND   =     13045.7868  ANGLE   =         3.8976  DIHED      =         0.9569
 1-4 NB =         0.3429  1-4 EEL =        22.8944  VDWAALS    =     13888.4736
 EELEC  =    -93367.0213  EHBOND  =         0.0000  RESTRAINT  =         0.0000
 DV/DL  =       -15.0152
 ------------------------------------------------------------------------------


| TI region  2


 NSTEP =   190000   TIME(PS) =     190.000  TEMP(K) =   300.23  PRESS =     0.0
 Etot   =    -47651.6289  EKtot   =     18753.0402  EPtot      =    -66404.6691
 BOND   =     13045.7868  ANGLE   =         3.8976  DIHED      =         0.9569
 1-4 NB =         0.3429  1-4 EEL =        22.8944  VDWAALS    =     13888.4736
 EELEC  =    -93367.0213  EHBOND  =         0.0000  RESTRAINT  =         0.0000
 DV/DL  =       -15.0152
 ------------------------------------------------------------------------------

 NMR restraints: Bond =    0.000   Angle =     0.000   Torsion =     0.000
===============================================================================

| TI region  1


 NSTEP =   195000   TIME(PS) =     195.000  TEMP(K) =   301.22  PRESS =     0.0
 Etot   =    -47237.8252  EKtot   =     18814.6938  EPtot      =    -66052.5189
 BOND   =     12976.2738  ANGLE   =         9.5696  DIHED      =         1.0221
 1-4 NB =         0.2966  1-4 EEL =        23.3761  VDWAALS    =     13563.8301
 EELEC  =    -92626.8873  EHBOND  =         0.0000  RESTRAINT  =         0.0000
 DV/DL  =        -6.3587
 ------------------------------------------------------------------------------


| TI region  2


 NSTEP =   195000   TIME(PS) =     195.000  TEMP(K) =   301.22  PRESS =     0.0
 Etot   =    -47237.7048  EKtot   =     18814.8142  EPtot      =    -66052.5189
 BOND   =     12976.2738  ANGLE   =         9.5696  DIHED      =         1.0221
 1-4 NB =         0.2966  1-4 EEL =        23.3761  VDWAALS    =     13563.8301
 EELEC  =    -92626.8873  EHBOND  =         0.0000  RESTRAINT  =         0.0000
 DV/DL  =        -6.3587
 ------------------------------------------------------------------------------

 NMR restraints: Bond =    0.000   Angle =     0.000   Torsion =     0.000
===============================================================================

| TI region  1


 NSTEP =   200000   TIME(PS) =     200.000  TEMP(K) =   298.47  PRESS =     0.0
 Etot   =    -47430.5589  EKtot   =     18643.2553  EPtot      =    -66073.8142
 BOND   =     13157.0886  ANGLE   =         4.4055  DIHED      =         0.2430
 1-4 NB =         1.0287  1-4 EEL =        23.6766  VDWAALS    =     13837.7021
 EELEC  =    -93097.9587  EHBOND  =         0.0000  RESTRAINT  =         0.0000
 DV/DL  =        -5.3143
 ------------------------------------------------------------------------------


| TI region  2


 NSTEP =   200000   TIME(PS) =     200.000  TEMP(K) =   298.47  PRESS =     0.0
 Etot   =    -47430.5831  EKtot   =     18643.2311  EPtot      =    -66073.8142
 BOND   =     13157.0886  ANGLE   =         4.4055  DIHED      =         0.2430
 1-4 NB =         1.0287  1-4 EEL =        23.6766  VDWAALS    =     13837.7021
 EELEC  =    -93097.9587  EHBOND  =         0.0000  RESTRAINT  =         0.0000
 DV/DL  =        -5.3143
 ------------------------------------------------------------------------------

 NMR restraints: Bond =    0.000   Angle =     0.000   Torsion =     0.000
===============================================================================

| TI region  1


      A V E R A G E S   O V E R      40 S T E P S


 NSTEP =   200000   TIME(PS) =     200.000  TEMP(K) =   160.30  PRESS =     0.0
 Etot   =    -69610.2590  EKtot   =     10012.6036  EPtot      =    -79622.8625
 BOND   =     10683.4462  ANGLE   =         2.4785  DIHED      =         0.5568
 1-4 NB =         0.3394  1-4 EEL =        22.7394  VDWAALS    =     17841.8588
 EELEC  =   -108174.2816  EHBOND  =         0.0000  RESTRAINT  =         0.0000
 DV/DL  =        -5.7207
 ------------------------------------------------------------------------------

 NMR restraints: Bond =    0.000   Angle =     0.000   Torsion =     0.000
===============================================================================

      R M S  F L U C T U A T I O N S


 NSTEP =   200000   TIME(PS) =     200.000  TEMP(K) =    89.95  PRESS =     0.0
 Etot   =     12718.5531  EKtot   =      5618.7314  EPtot      =      7173.1765
 BOND   =      1747.0406  ANGLE   =         1.7959  DIHED      =         0.4675
 1-4 NB =         0.2120  1-4 EEL =         0.7332  VDWAALS    =      1961.1134
 EELEC  =      7501.0261  EHBOND  =         0.0000  RESTRAINT  =         0.0000
 DV/DL  =         4.2879
 ------------------------------------------------------------------------------


| TI region  2


      A V E R A G E S   O V E R      40 S T E P S


 NSTEP =   200000   TIME(PS) =     200.000  TEMP(K) =   160.30  PRESS =     0.0
 Etot   =    -69610.2736  EKtot   =     10012.5889  EPtot      =    -79622.8625
 BOND   =     10683.4462  ANGLE   =         2.4785  DIHED      =         0.5568
 1-4 NB =         0.3394  1-4 EEL =        22.7394  VDWAALS    =     17841.8588
 EELEC  =   -108174.2816  EHBOND  =         0.0000  RESTRAINT  =         0.0000
 DV/DL  =        -5.7207
 ------------------------------------------------------------------------------

 NMR restraints: Bond =    0.000   Angle =     0.000   Torsion =     0.000
===============================================================================

      R M S  F L U C T U A T I O N S


 NSTEP =   200000   TIME(PS) =     200.000  TEMP(K) =    89.95  PRESS =     0.0
 Etot   =     12718.5328  EKtot   =      5618.7112  EPtot      =      7173.1765
 BOND   =      1747.0406  ANGLE   =         1.7959  DIHED      =         0.4675
 1-4 NB =         0.2120  1-4 EEL =         0.7332  VDWAALS    =      1961.1134
 EELEC  =      7501.0261  EHBOND  =         0.0000  RESTRAINT  =         0.0000
 DV/DL  =         4.2879
 ------------------------------------------------------------------------------


      DV/DL, AVERAGES OVER      40 STEPS


 NSTEP =   200000   TIME(PS) =     200.000  TEMP(K) =    89.95  PRESS =     0.0
 Etot   =         0.0000  EKtot   =         0.0000  EPtot      =        -5.7207
 BOND   =        -0.0144  ANGLE   =        -0.0012  DIHED      =        -0.0003
 1-4 NB =        -0.0003  1-4 EEL =       -40.4170  VDWAALS    =        -0.0003
 EELEC  =        34.7128  EHBOND  =         0.0000  RESTRAINT  =         0.0000
 DV/DL  =        -5.7207
 ------------------------------------------------------------------------------


 NMR restraints on final step:

--------------------------------------------------------------------------------
   5.  TIMINGS
--------------------------------------------------------------------------------

|  NonSetup CPU Time in Major Routines:
|
|     Routine           Sec        %
|     ------------------------------
|     Nonbond         108.24   19.42
|     Bond              0.00    0.00
|     Angle             0.00    0.00
|     Dihedral          0.00    0.00
|     Shake             0.00    0.00
|     RunMD           448.19   80.42
|     Other             0.89    0.16
|     ------------------------------
|     Total           557.32

|  PME Nonbond Pairlist CPU Time:
|
|     Routine              Sec        %
|     ---------------------------------
|     Set Up Cit           0.00    0.00
|     Build List           0.00    0.00
|     ---------------------------------
|     Total                0.00    0.00

|  PME Direct Force CPU Time:
|
|     Routine              Sec        %
|     ---------------------------------
|     NonBonded Calc       0.00    0.00
|     Exclude Masked       0.00    0.00
|     Other                0.58    0.10
|     ---------------------------------
|     Total                0.58    0.10

|  PME Reciprocal Force CPU Time:
|
|     Routine              Sec        %
|     ---------------------------------
|     1D bspline           0.00    0.00
|     Grid Charges         0.00    0.00
|     Scalar Sum           0.00    0.00
|     Gradient Sum         0.00    0.00
|     FFT                  0.00    0.00
|     ---------------------------------
|     Total                0.00    0.00

|  Final Performance Info:
|     -----------------------------------------------------
|     Average timings for last       1 steps:
|     Elapsed(s) =       0.01 Per Step(ms) =       5.04
|         ns/day =      17.14   seconds/ns =    5041.02
|
|     Average timings for all steps:
|     Elapsed(s) =     557.57 Per Step(ms) =       2.79
|         ns/day =      30.99   seconds/ns =    2787.85
|     -----------------------------------------------------

|  Setup CPU time:            0.64 seconds
|  NonSetup CPU time:       557.32 seconds
|  Total CPU time:          557.96 seconds     0.15 hours

|  Setup wall time:           1    seconds
|  NonSetup wall time:      558    seconds
|  Total wall time:         559    seconds     0.16 hours
