
          -------------------------------------------------------
          Amber 20 PMEMD                              2020
          -------------------------------------------------------

| PMEMD implementation of SANDER, Release 18

|  Compiled date/time: Mon Apr 27 21:19:54 2020
| Run on 09/29/2020 at 21:52:38

|   Executable path: /opt/software/Amber/20-fosscuda-2019b/amber20/bin/pmemd.cuda
| Working directory: /mnt/ls15/scratch/users/songlin3/run/solvation_amber20/en/one_step_tip3p_ethylenediame/ethylenediame_to_dummy/0.68392
|          Hostname: nvf-002

  [-O]verwriting output

File Assignments:
|   MDIN: min.in                                                                
|  MDOUT: min.out                                                               
| INPCRD: en_step2_final.inpcrd                                                 
|   PARM: en_step2_final.prmtop                                                 
| RESTRT: min.rst                                                               
|   REFC: en_step2_final.inpcrd                                                 
|  MDVEL: mdvel                                                                 
|   MDEN: mden                                                                  
|  MDCRD: min.netcdf                                                            
| MDINFO: min.mdinfo                                                            
|  MDFRC: mdfrc                                                                 


 Here is the input file:

minimization                                                                   
 &cntrl                                                                        
  imin=1,                                                                      
  ntmin=2,                                                                     
  maxcyc=20000,                                                                
  cut=10.0,                                                                    
  ntc=1,                                                                       
  ntf=1,                                                                       
  ntb=1,                                                                       
  ntpr=5000,                                                                   
  ntwr=5000,                                                                   
  ntwx=2000,                                                                   
  ioutfm=1,                                                                    
  iwrap=0,                                                                     
  ifsc = 1, icfe=1,                                                            
  clambda=0.68392,                                                             
  timask1=':1', scmask1=':1', scmask2=':2',                                    
  timask2=':2',                                                                
/                                                                              


Note: ig = -1. Setting random seed to   666419 based on wallclock time in 
      microseconds.
| irandom = 1, using AMBER's internal random number generator (default).
 
|--------------------- INFORMATION ----------------------
| GPU (CUDA) Version of PMEMD in use: NVIDIA GPU IN USE.
|                    Version 18.0.0
| 
|                      03/25/2018
| 
| Implementation by:
|                    Ross C. Walker     (SDSC)
|                    Scott Le Grand     (nVIDIA)
| 
| Version 18 performance extensions by:
|                    David Cerutti     (Rutgers)
| 
| Precision model in use:
|      [SPFP] - Single Precision Forces, 64-bit Fixed Point
|               Accumulation. (Default)
| 
|--------------------------------------------------------
 
|----------------- CITATION INFORMATION -----------------
|
|    When publishing work that utilized the CUDA version
|    of AMBER, please cite the following in addition to
|    the regular AMBER citations:
|
|  - Romelia Salomon-Ferrer; Andreas W. Goetz; Duncan
|    Poole; Scott Le Grand; Ross C. Walker "Routine
|    microsecond molecular dynamics simulations with
|    AMBER - Part II: Particle Mesh Ewald", J. Chem.
|    Theory Comput., 2013, 9 (9), pp3878-3888,
|    DOI: 10.1021/ct400314y.
|
|  - Andreas W. Goetz; Mark J. Williamson; Dong Xu;
|    Duncan Poole; Scott Le Grand; Ross C. Walker
|    "Routine microsecond molecular dynamics simulations
|    with AMBER - Part I: Generalized Born", J. Chem.
|    Theory Comput., 2012, 8 (5), pp1542-1555.
|
|  - Scott Le Grand; Andreas W. Goetz; Ross C. Walker
|    "SPFP: Speed without compromise - a mixed precision
|    model for GPU accelerated molecular dynamics
|    simulations.", Comp. Phys. Comm., 2013, 184
|    pp374-380, DOI: 10.1016/j.cpc.2012.09.022
|
|    When publishing work that utilized the CUDA version
|    of TI, BAR, MBAR or FEP please cite the following 
|    publications in addition to the regular AMBER 
|    GPU citations:
|
|  - Daniel J. Mermelstein; Charles Lin; Gard Nelson; 
|    Rachael Kretsch; J. Andrew McCammon; Ross C. Walker
|    "Fast and Flexible GPU Accelerated Binding 
|    Free Energy Calculations within the AMBER Molecular
|    Dynamics Package" J. Comp. Chem., 2018,
|    DOI: 10.1002/jcc.25187
|
|  - Tai-Sung Lee; Yuan Hu; Brad Sherborne; Zhuyan Guo;
|    Darrin M. York
|    "Toward Fast and Accurate Binding Affinity Prediction with
|    pmemdGTI: An Efficient Implementation of GPU-Accelerated
|    Thermodynamic Integration"
|    J. Chem. Theory Comput., 2017, 13 (7), 3077
|
|
|--------------------------------------------------------
 
|------------------- GPU DEVICE INFO --------------------
|
|            CUDA_VISIBLE_DEVICES: 0
|   CUDA Capable Devices Detected:      1
|           CUDA Device ID in use:      0
|                CUDA Device Name: Tesla V100S-PCIE-32GB
|     CUDA Device Global Mem Size:  32510 MB
| CUDA Device Num Multiprocessors:     80
|           CUDA Device Core Freq:   1.60 GHz
|
|--------------------------------------------------------
 
 
| Conditional Compilation Defines Used:
| FFTW_FFT
| BINTRAJ
| MKL
| CUDA
| EMIL

| Largest sphere to fit in unit cell has radius =    27.375

| New format PARM file being parsed.
| Version =    1.000 Date = 09/14/20 Time = 14:18:37

| Note: 1-4 EEL scale factors are being read from the topology file.

| Note: 1-4 VDW scale factors are being read from the topology file.
| Duplicated    0 dihedrals

| Duplicated    0 dihedrals

--------------------------------------------------------------------------------
   1.  RESOURCE   USE: 
--------------------------------------------------------------------------------

 getting new box info from bottom of inpcrd
 NATOM  =   20967 NTYPES =      10 NBONH =   20959 MBONA  =       6
 NTHETH =      32 MTHETA =       4 NPHIH =      40 MPHIA  =       2
 NHPARM =       0 NPARM  =       0 NNB   =   28026 NRES   =    6983
 NBONA  =       6 NTHETA =       4 NPHIA =       2 NUMBND =       6
 NUMANG =       6 NPTRA  =       2 NATYP =       6 NPHB   =       1
 IFBOX  =       2 NMXRS  =      12 IFCAP =       0 NEXTRA =       0
 NCOPY  =       0

| Coordinate Index Table dimensions:    10   10   10
| Direct force subcell size =     6.7054    6.7054    6.7054

     BOX TYPE: TRUNCATED OCTAHEDRON

--------------------------------------------------------------------------------
   2.  CONTROL  DATA  FOR  THE  RUN
--------------------------------------------------------------------------------

default_name                                                                    

General flags:
     imin    =       1, nmropt  =       0

Nature and format of input:
     ntx     =       1, irest   =       0, ntrx    =       1

Nature and format of output:
     ntxo    =       2, ntpr    =    5000, ntrx    =       1, ntwr    =    5000
     iwrap   =       0, ntwx    =    2000, ntwv    =       0, ntwe    =       0
     ioutfm  =       1, ntwprt  =       0, idecomp =       0, rbornstat=      0

Potential function:
     ntf     =       1, ntb     =       1, igb     =       0, nsnb    =      25
     ipol    =       0, gbsa    =       0, iesp    =       0
     dielc   =   1.00000, cut     =  10.00000, intdiel =   1.00000

Frozen or restrained atoms:
     ibelly  =       0, ntr     =       0

Energy minimization:
     maxcyc  =   20000, ncyc    =      10, ntmin   =       2
     dx0     =   0.01000, drms    =   0.00010

Free energy options:
     icfe    =       1, ifsc    =       1, klambda =       1
     clambda =  0.6839, scalpha =  0.5000, scbeta  = 12.0000
     sceeorder =       2
     dynlmb =  0.0000 logdvdl =       0

| Intermolecular bonds treatment:
|     no_intermolecular_bonds =       1

| Energy averages sample interval:
|     ene_avg_sampling =       1

Ewald parameters:
     verbose =       0, ew_type =       0, nbflag  =       1, use_pme =       1
     vdwmeth =       1, eedmeth =       1, netfrc  =       0
     Box X =   67.054   Box Y =   67.054   Box Z =   67.054
     Alpha =  109.471   Beta  =  109.471   Gamma =  109.471
     NFFT1 =   64       NFFT2 =   64       NFFT3 =   64
     Cutoff=   10.000   Tol   =0.100E-04
     Ewald Coefficient =  0.27511
     Interpolation order =    4
     TI Mask 1 :1; matches     12 atoms
     TI Mask 2 :2; matches     12 atoms
     TI region 1:   20955 atoms
     TI region 2:   20955 atoms
     SC Mask 1 :1; matches     12 atoms
     SC Mask 2 :2; matches     12 atoms

--------------------------------------------------------------------------------
   3.  ATOMIC COORDINATES AND VELOCITIES
--------------------------------------------------------------------------------

                                                                                
 begin time read from input coords =     0.000 ps

 
 Number of triangulated 3-point waters found:     6981
 Number of shake restraints removed in TI region  1 :        0
 Number of shake restraints removed in TI region  2 :        0

     Sum of charges for TI region  1 =  -0.00000000
     Skip neutralizing charges...


     Sum of charges for TI region  2 =   0.00000000
     Skip neutralizing charges...

| Dynamic Memory, Types Used:
| Reals              856711
| Integers           798232

| Nonbonded Pairs Initial Allocation:     6341993

| GPU memory information (estimate):
| KB of GPU memory in use:    185786
| KB of CPU memory in use:     54074

--------------------------------------------------------------------------------
   4.  RESULTS
--------------------------------------------------------------------------------


| TI region  1



   NSTEP       ENERGY          RMS            GMAX         NAME    NUMBER
      1      -5.5547E+04     3.5072E+01     7.6996E+02     O       16870

 BOND    =        0.3368  ANGLE   =        0.0000  DIHED      =        0.0000
 VDWAALS =    15067.0311  EEL     =   -70614.0417  HBOND      =        0.0000
 1-4 VDW =        0.0000  1-4 EEL =       -0.0000  RESTRAINT  =        0.0000
 DV/DL  =         7.4511
  Softcore part of the system:      12 atoms,       TEMP(K)    =           0.00
 SC_Etot=         0.0000  SC_EKtot=         0.0000  SC_EPtot   =        25.5863
 SC_BOND=         1.6151  SC_ANGLE=         5.5194  SC_DIHED   =         1.5241
 SC_14NB=         1.0949  SC_14EEL=        45.0353  SC_VDW     =        -0.0823
 SC_EEL =       -29.1201
 SC_RES_DIST=     0.0000  SC_RES_ANG=       0.0000  SC_RES_TORS=         0.0000
 SC_EEL_DER=     -0.1357  SC_VDW_DER=       0.0620  SC_DERIV   =        -0.0737
 ------------------------------------------------------------------------------


| TI region  2



   NSTEP       ENERGY          RMS            GMAX         NAME    NUMBER
      1      -5.5547E+04     3.5072E+01     7.6996E+02     O       16870

 BOND    =        0.3368  ANGLE   =        0.0000  DIHED      =        0.0000
 VDWAALS =    15067.0311  EEL     =   -70614.0417  HBOND      =        0.0000
 1-4 VDW =        0.0000  1-4 EEL =       -0.0000  RESTRAINT  =        0.0000
 DV/DL  =         7.4511
  Softcore part of the system:      12 atoms,       TEMP(K)    =           0.00
 SC_Etot=         0.0000  SC_EKtot=         0.0000  SC_EPtot   =         8.6585
 SC_BOND=         1.6151  SC_ANGLE=         5.5194  SC_DIHED   =         1.5241
 SC_14NB=         0.0000  SC_14EEL=         0.0000  SC_VDW     =         0.0000
 SC_EEL =         0.0000
 SC_RES_DIST=     0.0000  SC_RES_ANG=       0.0000  SC_RES_TORS=         0.0000
 SC_EEL_DER=     -0.1357  SC_VDW_DER=       0.0620  SC_DERIV   =        -0.0737
 ------------------------------------------------------------------------------


| TI region  1



   NSTEP       ENERGY          RMS            GMAX         NAME    NUMBER
   5000      -8.7121E+04     1.0650E-01     1.6133E+00     H2      14625

 BOND    =     6743.1946  ANGLE   =        0.0000  DIHED      =       -0.0000
 VDWAALS =    17284.5848  EEL     =  -111149.2394  HBOND      =        0.0000
 1-4 VDW =        0.0000  1-4 EEL =       -0.0000  RESTRAINT  =        0.0000
 DV/DL  =         5.3852
  Softcore part of the system:      12 atoms,       TEMP(K)    =           0.00
 SC_Etot=         0.0000  SC_EKtot=         0.0000  SC_EPtot   =        13.8078
 SC_BOND=         0.0462  SC_ANGLE=         0.1443  SC_DIHED   =         0.2975
 SC_14NB=         0.4132  SC_14EEL=        40.5255  SC_VDW     =        -0.0889
 SC_EEL =       -27.5301
 SC_RES_DIST=     0.0000  SC_RES_ANG=       0.0000  SC_RES_TORS=         0.0000
 SC_EEL_DER=     -0.1747  SC_VDW_DER=       0.0327  SC_DERIV   =        -0.1421
 ------------------------------------------------------------------------------


| TI region  2



   NSTEP       ENERGY          RMS            GMAX         NAME    NUMBER
   5000      -8.7121E+04     1.0650E-01     1.6133E+00     H2      14625

 BOND    =     6743.1946  ANGLE   =        0.0000  DIHED      =       -0.0000
 VDWAALS =    17284.5848  EEL     =  -111149.2394  HBOND      =        0.0000
 1-4 VDW =        0.0000  1-4 EEL =       -0.0000  RESTRAINT  =        0.0000
 DV/DL  =         5.3852
  Softcore part of the system:      12 atoms,       TEMP(K)    =           0.00
 SC_Etot=         0.0000  SC_EKtot=         0.0000  SC_EPtot   =         0.0334
 SC_BOND=         0.0000  SC_ANGLE=         0.0141  SC_DIHED   =         0.0193
 SC_14NB=         0.0000  SC_14EEL=         0.0000  SC_VDW     =         0.0000
 SC_EEL =         0.0000
 SC_RES_DIST=     0.0000  SC_RES_ANG=       0.0000  SC_RES_TORS=         0.0000
 SC_EEL_DER=     -0.1747  SC_VDW_DER=       0.0327  SC_DERIV   =        -0.1421
 ------------------------------------------------------------------------------


| TI region  1



   NSTEP       ENERGY          RMS            GMAX         NAME    NUMBER
  10000      -8.8110E+04     4.9455E-02     1.4522E+00     H2      16440

 BOND    =     6961.1437  ANGLE   =        0.0000  DIHED      =        0.0000
 VDWAALS =    18263.1123  EEL     =  -113333.9082  HBOND      =        0.0000
 1-4 VDW =        0.0000  1-4 EEL =        0.0000  RESTRAINT  =        0.0000
 DV/DL  =         5.4094
  Softcore part of the system:      12 atoms,       TEMP(K)    =           0.00
 SC_Etot=         0.0000  SC_EKtot=         0.0000  SC_EPtot   =        13.8053
 SC_BOND=         0.0470  SC_ANGLE=         0.1489  SC_DIHED   =         0.3149
 SC_14NB=         0.4161  SC_14EEL=        40.5335  SC_VDW     =        -0.0891
 SC_EEL =       -27.5659
 SC_RES_DIST=     0.0000  SC_RES_ANG=       0.0000  SC_RES_TORS=         0.0000
 SC_EEL_DER=     -0.1552  SC_VDW_DER=       0.0365  SC_DERIV   =        -0.1187
 ------------------------------------------------------------------------------


| TI region  2



   NSTEP       ENERGY          RMS            GMAX         NAME    NUMBER
  10000      -8.8110E+04     4.9455E-02     1.4522E+00     H2      16440

 BOND    =     6961.1437  ANGLE   =        0.0000  DIHED      =        0.0000
 VDWAALS =    18263.1123  EEL     =  -113333.9082  HBOND      =        0.0000
 1-4 VDW =        0.0000  1-4 EEL =        0.0000  RESTRAINT  =        0.0000
 DV/DL  =         5.4094
  Softcore part of the system:      12 atoms,       TEMP(K)    =           0.00
 SC_Etot=         0.0000  SC_EKtot=         0.0000  SC_EPtot   =         0.0334
 SC_BOND=         0.0000  SC_ANGLE=         0.0141  SC_DIHED   =         0.0193
 SC_14NB=         0.0000  SC_14EEL=         0.0000  SC_VDW     =         0.0000
 SC_EEL =         0.0000
 SC_RES_DIST=     0.0000  SC_RES_ANG=       0.0000  SC_RES_TORS=         0.0000
 SC_EEL_DER=     -0.1552  SC_VDW_DER=       0.0365  SC_DERIV   =        -0.1187
 ------------------------------------------------------------------------------


| TI region  1



   NSTEP       ENERGY          RMS            GMAX         NAME    NUMBER
  15000      -8.8507E+04     1.2314E-01     1.6628E+00     H2       8064

 BOND    =     7031.7795  ANGLE   =        0.0000  DIHED      =       -0.0000
 VDWAALS =    18684.2148  EEL     =  -114222.6952  HBOND      =        0.0000
 1-4 VDW =        0.0000  1-4 EEL =       -0.0000  RESTRAINT  =        0.0000
 DV/DL  =         6.2752
  Softcore part of the system:      12 atoms,       TEMP(K)    =           0.00
 SC_Etot=         0.0000  SC_EKtot=         0.0000  SC_EPtot   =        13.8072
 SC_BOND=         0.0475  SC_ANGLE=         0.1424  SC_DIHED   =         0.3010
 SC_14NB=         0.4115  SC_14EEL=        40.5383  SC_VDW     =        -0.0889
 SC_EEL =       -27.5446
 SC_RES_DIST=     0.0000  SC_RES_ANG=       0.0000  SC_RES_TORS=         0.0000
 SC_EEL_DER=     -0.0847  SC_VDW_DER=       0.0383  SC_DERIV   =        -0.0464
 ------------------------------------------------------------------------------


| TI region  2



   NSTEP       ENERGY          RMS            GMAX         NAME    NUMBER
  15000      -8.8507E+04     1.2314E-01     1.6628E+00     H2       8064

 BOND    =     7031.7795  ANGLE   =        0.0000  DIHED      =       -0.0000
 VDWAALS =    18684.2148  EEL     =  -114222.6952  HBOND      =        0.0000
 1-4 VDW =        0.0000  1-4 EEL =       -0.0000  RESTRAINT  =        0.0000
 DV/DL  =         6.2752
  Softcore part of the system:      12 atoms,       TEMP(K)    =           0.00
 SC_Etot=         0.0000  SC_EKtot=         0.0000  SC_EPtot   =         0.0334
 SC_BOND=         0.0000  SC_ANGLE=         0.0141  SC_DIHED   =         0.0193
 SC_14NB=         0.0000  SC_14EEL=         0.0000  SC_VDW     =         0.0000
 SC_EEL =         0.0000
 SC_RES_DIST=     0.0000  SC_RES_ANG=       0.0000  SC_RES_TORS=         0.0000
 SC_EEL_DER=     -0.0847  SC_VDW_DER=       0.0383  SC_DERIV   =        -0.0464
 ------------------------------------------------------------------------------


| TI region  1



   NSTEP       ENERGY          RMS            GMAX         NAME    NUMBER
  20000      -8.8763E+04     6.2412E-02     1.3047E+00     H2      12687

 BOND    =     7095.2298  ANGLE   =        0.0000  DIHED      =        0.0000
 VDWAALS =    18881.5868  EEL     =  -114740.3061  HBOND      =        0.0000
 1-4 VDW =        0.0000  1-4 EEL =        0.0000  RESTRAINT  =        0.0000
 DV/DL  =         7.0240
  Softcore part of the system:      12 atoms,       TEMP(K)    =           0.00
 SC_Etot=         0.0000  SC_EKtot=         0.0000  SC_EPtot   =        13.8090
 SC_BOND=         0.0481  SC_ANGLE=         0.1379  SC_DIHED   =         0.2829
 SC_14NB=         0.4105  SC_14EEL=        40.5727  SC_VDW     =        -0.0887
 SC_EEL =       -27.5543
 SC_RES_DIST=     0.0000  SC_RES_ANG=       0.0000  SC_RES_TORS=         0.0000
 SC_EEL_DER=     -0.0110  SC_VDW_DER=       0.0403  SC_DERIV   =         0.0292
 ------------------------------------------------------------------------------


| TI region  2



   NSTEP       ENERGY          RMS            GMAX         NAME    NUMBER
  20000      -8.8763E+04     6.2412E-02     1.3047E+00     H2      12687

 BOND    =     7095.2298  ANGLE   =        0.0000  DIHED      =        0.0000
 VDWAALS =    18881.5868  EEL     =  -114740.3061  HBOND      =        0.0000
 1-4 VDW =        0.0000  1-4 EEL =        0.0000  RESTRAINT  =        0.0000
 DV/DL  =         7.0240
  Softcore part of the system:      12 atoms,       TEMP(K)    =           0.00
 SC_Etot=         0.0000  SC_EKtot=         0.0000  SC_EPtot   =         0.0334
 SC_BOND=         0.0000  SC_ANGLE=         0.0141  SC_DIHED   =         0.0193
 SC_14NB=         0.0000  SC_14EEL=         0.0000  SC_VDW     =         0.0000
 SC_EEL =         0.0000
 SC_RES_DIST=     0.0000  SC_RES_ANG=       0.0000  SC_RES_TORS=         0.0000
 SC_EEL_DER=     -0.0110  SC_VDW_DER=       0.0403  SC_DERIV   =         0.0292
 ------------------------------------------------------------------------------



  Maximum number of minimization cycles reached.


                    FINAL RESULTS


| TI region  1



   NSTEP       ENERGY          RMS            GMAX         NAME    NUMBER
  20000      -8.8763E+04     6.2412E-02     1.3047E+00     H2      12687

 BOND    =     7095.2298  ANGLE   =        0.0000  DIHED      =        0.0000
 VDWAALS =    18881.5868  EEL     =  -114740.3061  HBOND      =        0.0000
 1-4 VDW =        0.0000  1-4 EEL =        0.0000  RESTRAINT  =        0.0000
 DV/DL  =         7.0240
  Softcore part of the system:      12 atoms,       TEMP(K)    =           0.00
 SC_Etot=         0.0000  SC_EKtot=         0.0000  SC_EPtot   =        13.8090
 SC_BOND=         0.0481  SC_ANGLE=         0.1379  SC_DIHED   =         0.2829
 SC_14NB=         0.4105  SC_14EEL=        40.5727  SC_VDW     =        -0.0887
 SC_EEL =       -27.5543
 SC_RES_DIST=     0.0000  SC_RES_ANG=       0.0000  SC_RES_TORS=         0.0000
 SC_EEL_DER=     -0.0110  SC_VDW_DER=       0.0403  SC_DERIV   =         0.0292
 ------------------------------------------------------------------------------


| TI region  2



   NSTEP       ENERGY          RMS            GMAX         NAME    NUMBER
  20000      -8.8763E+04     6.2412E-02     1.3047E+00     H2      12687

 BOND    =     7095.2298  ANGLE   =        0.0000  DIHED      =        0.0000
 VDWAALS =    18881.5868  EEL     =  -114740.3061  HBOND      =        0.0000
 1-4 VDW =        0.0000  1-4 EEL =        0.0000  RESTRAINT  =        0.0000
 DV/DL  =         7.0240
  Softcore part of the system:      12 atoms,       TEMP(K)    =           0.00
 SC_Etot=         0.0000  SC_EKtot=         0.0000  SC_EPtot   =         0.0334
 SC_BOND=         0.0000  SC_ANGLE=         0.0141  SC_DIHED   =         0.0193
 SC_14NB=         0.0000  SC_14EEL=         0.0000  SC_VDW     =         0.0000
 SC_EEL =         0.0000
 SC_RES_DIST=     0.0000  SC_RES_ANG=       0.0000  SC_RES_TORS=         0.0000
 SC_EEL_DER=     -0.0110  SC_VDW_DER=       0.0403  SC_DERIV   =         0.0292
 ------------------------------------------------------------------------------

--------------------------------------------------------------------------------
   5.  TIMINGS
--------------------------------------------------------------------------------

|  NonSetup CPU Time in Major Routines:
|
|     Routine           Sec        %
|     ------------------------------
|     Nonbond          10.06   34.50
|     Bond              0.00    0.00
|     Angle             0.00    0.00
|     Dihedral          0.00    0.00
|     Shake             0.00    0.00
|     Other            19.11   65.50
|     ------------------------------
|     Total            29.17

|  PME Nonbond Pairlist CPU Time:
|
|     Routine              Sec        %
|     ---------------------------------
|     Set Up Cit           0.00    0.00
|     Build List           0.00    0.00
|     ---------------------------------
|     Total                0.00    0.00

|  PME Direct Force CPU Time:
|
|     Routine              Sec        %
|     ---------------------------------
|     NonBonded Calc       0.00    0.00
|     Exclude Masked       0.00    0.00
|     Other                0.04    0.15
|     ---------------------------------
|     Total                0.04    0.15

|  PME Reciprocal Force CPU Time:
|
|     Routine              Sec        %
|     ---------------------------------
|     1D bspline           0.00    0.00
|     Grid Charges         0.00    0.00
|     Scalar Sum           0.00    0.00
|     Gradient Sum         0.00    0.00
|     FFT                  0.00    0.00
|     ---------------------------------
|     Total                0.00    0.00

|  Setup CPU time:            0.63 seconds
|  NonSetup CPU time:        29.17 seconds
|  Total CPU time:           29.80 seconds     0.01 hours

|  Setup wall time:           0    seconds
|  NonSetup wall time:       30    seconds
|  Total wall time:          30    seconds     0.01 hours
