
          -------------------------------------------------------
          Amber 20 PMEMD                              2020
          -------------------------------------------------------

| PMEMD implementation of SANDER, Release 18

|  Compiled date/time: Mon Apr 27 21:19:54 2020
| Run on 09/29/2020 at 21:31:21

|   Executable path: /opt/software/Amber/20-fosscuda-2019b/amber20/bin/pmemd.cuda
| Working directory: /mnt/ls15/scratch/users/songlin3/run/solvation_amber20/en/two_steps_tip3p_ethylenediame/step1_ethylenediame_to_vdw/0.04794
|          Hostname: lac-138

  [-O]verwriting output

File Assignments:
|   MDIN: heat.in                                                               
|  MDOUT: heat.out                                                              
| INPCRD: min.rst                                                               
|   PARM: en_step1_final.prmtop                                                 
| RESTRT: heat.rst                                                              
|   REFC: min.rst                                                               
|  MDVEL: mdvel                                                                 
|   MDEN: mden                                                                  
|  MDCRD: heat.netcdf                                                           
| MDINFO: heat.mdinfo                                                           
|  MDFRC: mdfrc                                                                 


 Here is the input file:

nvt for free MD                                                                
 &cntrl                                                                        
  imin=0,                                                                      
  irest=0,                                                                     
  ntx=1,                                                                       
  ig=-1,                                                                       
  nstlim=100000,                                                               
  dt=0.002,                                                                    
  cut=10.0,                                                                    
  ntc=2,                                                                       
  ntf=2,                                                                       
  ntb=1,                                                                       
  ntt=3,                                                                       
  gamma_ln=2.0,                                                                
  tempi=0.0,                                                                   
  temp0=300.0,                                                                 
  ntpr=5000,                                                                   
  ntwr=5000,                                                                   
  ntwx=10000,                                                                  
  ntwv=0,                                                                      
  ioutfm=1,                                                                    
  iwrap=0,                                                                     
  nmropt=1,                                                                    
  ifsc = 0, icfe=1,                                                            
  clambda=0.04794,                                                             
  timask1=':1',                                                                
  timask2=':2', crgmask = ':2',                                                
/                                                                              
&wt TYPE='TEMP0', istep1=0, istep2=90000, value1=0.0, value2=300.0 /           
&wt TYPE='TEMP0', istep1=90001, istep2=100000, value1=300.0, value2=300.0 /    
&wt TYPE='DUMPFREQ', istep1=10000, /                                           
&wt TYPE='END', /                                                              


Note: ig = -1. Setting random seed to   742096 based on wallclock time in 
      microseconds.
| irandom = 1, using AMBER's internal random number generator (default).
 
|--------------------- INFORMATION ----------------------
| GPU (CUDA) Version of PMEMD in use: NVIDIA GPU IN USE.
|                    Version 18.0.0
| 
|                      03/25/2018
| 
| Implementation by:
|                    Ross C. Walker     (SDSC)
|                    Scott Le Grand     (nVIDIA)
| 
| Version 18 performance extensions by:
|                    David Cerutti     (Rutgers)
| 
| Precision model in use:
|      [SPFP] - Single Precision Forces, 64-bit Fixed Point
|               Accumulation. (Default)
| 
|--------------------------------------------------------
 
|----------------- CITATION INFORMATION -----------------
|
|    When publishing work that utilized the CUDA version
|    of AMBER, please cite the following in addition to
|    the regular AMBER citations:
|
|  - Romelia Salomon-Ferrer; Andreas W. Goetz; Duncan
|    Poole; Scott Le Grand; Ross C. Walker "Routine
|    microsecond molecular dynamics simulations with
|    AMBER - Part II: Particle Mesh Ewald", J. Chem.
|    Theory Comput., 2013, 9 (9), pp3878-3888,
|    DOI: 10.1021/ct400314y.
|
|  - Andreas W. Goetz; Mark J. Williamson; Dong Xu;
|    Duncan Poole; Scott Le Grand; Ross C. Walker
|    "Routine microsecond molecular dynamics simulations
|    with AMBER - Part I: Generalized Born", J. Chem.
|    Theory Comput., 2012, 8 (5), pp1542-1555.
|
|  - Scott Le Grand; Andreas W. Goetz; Ross C. Walker
|    "SPFP: Speed without compromise - a mixed precision
|    model for GPU accelerated molecular dynamics
|    simulations.", Comp. Phys. Comm., 2013, 184
|    pp374-380, DOI: 10.1016/j.cpc.2012.09.022
|
|    When publishing work that utilized the CUDA version
|    of TI, BAR, MBAR or FEP please cite the following 
|    publications in addition to the regular AMBER 
|    GPU citations:
|
|  - Daniel J. Mermelstein; Charles Lin; Gard Nelson; 
|    Rachael Kretsch; J. Andrew McCammon; Ross C. Walker
|    "Fast and Flexible GPU Accelerated Binding 
|    Free Energy Calculations within the AMBER Molecular
|    Dynamics Package" J. Comp. Chem., 2018,
|    DOI: 10.1002/jcc.25187
|
|  - Tai-Sung Lee; Yuan Hu; Brad Sherborne; Zhuyan Guo;
|    Darrin M. York
|    "Toward Fast and Accurate Binding Affinity Prediction with
|    pmemdGTI: An Efficient Implementation of GPU-Accelerated
|    Thermodynamic Integration"
|    J. Chem. Theory Comput., 2017, 13 (7), 3077
|
|
|--------------------------------------------------------
 
|------------------- GPU DEVICE INFO --------------------
|
|            CUDA_VISIBLE_DEVICES: 0
|   CUDA Capable Devices Detected:      1
|           CUDA Device ID in use:      0
|                CUDA Device Name: Tesla K80
|     CUDA Device Global Mem Size:  12206 MB
| CUDA Device Num Multiprocessors:     13
|           CUDA Device Core Freq:   0.82 GHz
|
|--------------------------------------------------------
 
 
| Conditional Compilation Defines Used:
| FFTW_FFT
| BINTRAJ
| MKL
| CUDA
| EMIL

| Largest sphere to fit in unit cell has radius =    27.375

| New format PARM file being parsed.
| Version =    1.000 Date = 05/26/20 Time = 15:44:31

| Note: 1-4 EEL scale factors are being read from the topology file.

| Note: 1-4 VDW scale factors are being read from the topology file.
| Duplicated    0 dihedrals

| Duplicated    0 dihedrals

--------------------------------------------------------------------------------
   1.  RESOURCE   USE: 
--------------------------------------------------------------------------------

 getting box info from netcdf restart file
 NATOM  =   20967 NTYPES =       6 NBONH =   20959 MBONA  =       6
 NTHETH =      32 MTHETA =       4 NPHIH =      40 MPHIA  =       2
 NHPARM =       0 NPARM  =       0 NNB   =   28026 NRES   =    6983
 NBONA  =       6 NTHETA =       4 NPHIA =       2 NUMBND =       6
 NUMANG =       6 NPTRA  =       2 NATYP =       6 NPHB   =       1
 IFBOX  =       2 NMXRS  =      12 IFCAP =       0 NEXTRA =       0
 NCOPY  =       0

| Coordinate Index Table dimensions:    10   10   10
| Direct force subcell size =     6.7054    6.7054    6.7054

     BOX TYPE: TRUNCATED OCTAHEDRON

--------------------------------------------------------------------------------
   2.  CONTROL  DATA  FOR  THE  RUN
--------------------------------------------------------------------------------

default_name                                                                    

General flags:
     imin    =       0, nmropt  =       1

Nature and format of input:
     ntx     =       1, irest   =       0, ntrx    =       1

Nature and format of output:
     ntxo    =       2, ntpr    =    5000, ntrx    =       1, ntwr    =    5000
     iwrap   =       0, ntwx    =   10000, ntwv    =       0, ntwe    =       0
     ioutfm  =       1, ntwprt  =       0, idecomp =       0, rbornstat=      0

Potential function:
     ntf     =       2, ntb     =       1, igb     =       0, nsnb    =      25
     ipol    =       0, gbsa    =       0, iesp    =       0
     dielc   =   1.00000, cut     =  10.00000, intdiel =   1.00000

Frozen or restrained atoms:
     ibelly  =       0, ntr     =       0

Molecular dynamics:
     nstlim  =    100000, nscm    =      1000, nrespa  =         1
     t       =   0.00000, dt      =   0.00200, vlimit  =  -1.00000

Langevin dynamics temperature regulation:
     ig      =  742096
     temp0   = 300.00000, tempi   =   0.00000, gamma_ln=   2.00000

SHAKE:
     ntc     =       2, jfastw  =       0
     tol     =   0.00001

NMR refinement options:
     iscale  =       0, noeskp  =       1, ipnlty  =       1, mxsub   =       1
     scalm   = 100.00000, pencut  =   0.10000, tausw   =   0.10000

Free energy options:
     icfe    =       1, ifsc    =       0, klambda =       1
     clambda =  0.0479, scalpha =  0.5000, scbeta  = 12.0000
     sceeorder =       2
     dynlmb =  0.0000 logdvdl =       0

| Intermolecular bonds treatment:
|     no_intermolecular_bonds =       1

| Energy averages sample interval:
|     ene_avg_sampling =    5000

Ewald parameters:
     verbose =       0, ew_type =       0, nbflag  =       1, use_pme =       1
     vdwmeth =       1, eedmeth =       1, netfrc  =       1
     Box X =   67.054   Box Y =   67.054   Box Z =   67.054
     Alpha =  109.471   Beta  =  109.471   Gamma =  109.471
     NFFT1 =   64       NFFT2 =   64       NFFT3 =   64
     Cutoff=   10.000   Tol   =0.100E-04
     Ewald Coefficient =  0.27511
     Interpolation order =    4
     TI Mask 1 :1; matches     12 atoms
     TI Mask 2 :2; matches     12 atoms
     TI region 1:   20955 atoms
     TI region 2:   20955 atoms
Removing charge of      -0.6664 from atom      13
Removing charge of      -0.6664 from atom      14
Removing charge of      -0.0664 from atom      15
Removing charge of      -0.0664 from atom      16
Removing charge of       0.2792 from atom      17
Removing charge of       0.2802 from atom      18
Removing charge of       0.2802 from atom      19
Removing charge of       0.2792 from atom      20
Removing charge of       0.0898 from atom      21
Removing charge of       0.0837 from atom      22
Removing charge of       0.0898 from atom      23
Removing charge of       0.0837 from atom      24
Total charge of  -0.00000000 removed from      12 atoms
     Checking for mismatched coordinates.

--------------------------------------------------------------------------------
   3.  ATOMIC COORDINATES AND VELOCITIES
--------------------------------------------------------------------------------

default_name                                                                    
 begin time read from input coords =     0.000 ps



           Begin reading energy term weight changes/NMR restraints
 WEIGHT CHANGES:
 TEMP0         0  90000    0.000000  300.000000      0      0
 TEMP0     90001 100000  300.000000  300.000000      0      0
 DUMPFREQ  10000      0    0.000000    0.000000      0      0

 RESTRAINTS:
                          ** No restraint defined **

                  Done reading weight changes/NMR restraints


 
 Number of triangulated 3-point waters found:     6981

     Sum of charges for TI region  1 =  -0.00000000
     Skip neutralizing charges...


     Sum of charges for TI region  2 =   0.00000000
     Skip neutralizing charges...

| Dynamic Memory, Types Used:
| Reals              919424
| Integers           798292

| Nonbonded Pairs Initial Allocation:     6341993

| GPU memory information (estimate):
| KB of GPU memory in use:    244837
| KB of CPU memory in use:     50149

--------------------------------------------------------------------------------
   4.  RESULTS
--------------------------------------------------------------------------------


| TI region  1


 NSTEP =        0   TIME(PS) =       0.000  TEMP(K) =     0.00  PRESS =     0.0
 Etot   =    -65212.8720  EKtot   =         0.0000  EPtot      =    -65212.8720
 BOND   =         0.0709  ANGLE   =         0.4508  DIHED      =         0.7167
 1-4 NB =         0.3951  1-4 EEL =        40.6068  VDWAALS    =      5150.9565
 EELEC  =    -70406.0688  EHBOND  =         0.0000  RESTRAINT  =         0.0000
 DV/DL  =       -14.1931
 ------------------------------------------------------------------------------


| TI region  2


 NSTEP =        0   TIME(PS) =       0.000  TEMP(K) =     0.00  PRESS =     0.0
 Etot   =    -65212.8720  EKtot   =         0.0000  EPtot      =    -65212.8720
 BOND   =         0.0709  ANGLE   =         0.4508  DIHED      =         0.7167
 1-4 NB =         0.3951  1-4 EEL =        40.6068  VDWAALS    =      5150.9565
 EELEC  =    -70406.0688  EHBOND  =         0.0000  RESTRAINT  =         0.0000
 DV/DL  =       -14.1931
 ------------------------------------------------------------------------------

 NMR restraints: Bond =    0.000   Angle =     0.000   Torsion =     0.000
===============================================================================

| TI region  1


 NSTEP =     5000   TIME(PS) =      10.000  TEMP(K) =    15.83  PRESS =     0.0
 Etot   =    -82221.0039  EKtot   =       659.2438  EPtot      =    -82880.2476
 BOND   =         0.0430  ANGLE   =         0.2744  DIHED      =         0.3038
 1-4 NB =         0.2185  1-4 EEL =        37.7755  VDWAALS    =     14974.6243
 EELEC  =    -97893.4871  EHBOND  =         0.0000  RESTRAINT  =         0.0000
 DV/DL  =        -0.6608
 ------------------------------------------------------------------------------


| TI region  2


 NSTEP =     5000   TIME(PS) =      10.000  TEMP(K) =    15.83  PRESS =     0.0
 Etot   =    -82221.0039  EKtot   =       659.2438  EPtot      =    -82880.2476
 BOND   =         0.0430  ANGLE   =         0.2744  DIHED      =         0.3038
 1-4 NB =         0.2185  1-4 EEL =        37.7755  VDWAALS    =     14974.6243
 EELEC  =    -97893.4871  EHBOND  =         0.0000  RESTRAINT  =         0.0000
 DV/DL  =        -0.6608
 ------------------------------------------------------------------------------

 NMR restraints: Bond =    0.000   Angle =     0.000   Torsion =     0.000
===============================================================================

| TI region  1


 NSTEP =    10000   TIME(PS) =      20.000  TEMP(K) =    32.73  PRESS =     0.0
 Etot   =    -80988.2358  EKtot   =      1363.1739  EPtot      =    -82351.4096
 BOND   =         0.2464  ANGLE   =         0.5182  DIHED      =         0.1696
 1-4 NB =         0.1990  1-4 EEL =        38.1835  VDWAALS    =     15023.4636
 EELEC  =    -97414.1899  EHBOND  =         0.0000  RESTRAINT  =         0.0000
 DV/DL  =        -0.2024
 ------------------------------------------------------------------------------


| TI region  2


 NSTEP =    10000   TIME(PS) =      20.000  TEMP(K) =    32.73  PRESS =     0.0
 Etot   =    -80988.2358  EKtot   =      1363.1739  EPtot      =    -82351.4096
 BOND   =         0.2464  ANGLE   =         0.5182  DIHED      =         0.1696
 1-4 NB =         0.1990  1-4 EEL =        38.1835  VDWAALS    =     15023.4636
 EELEC  =    -97414.1899  EHBOND  =         0.0000  RESTRAINT  =         0.0000
 DV/DL  =        -0.2024
 ------------------------------------------------------------------------------

 NMR restraints: Bond =    0.000   Angle =     0.000   Torsion =     0.000
===============================================================================

| TI region  1


 NSTEP =    15000   TIME(PS) =      30.000  TEMP(K) =    48.60  PRESS =     0.0
 Etot   =    -79842.5594  EKtot   =      2024.0395  EPtot      =    -81866.5989
 BOND   =         0.0383  ANGLE   =         0.7359  DIHED      =         0.5085
 1-4 NB =         0.3469  1-4 EEL =        38.0675  VDWAALS    =     15092.2532
 EELEC  =    -96998.5492  EHBOND  =         0.0000  RESTRAINT  =         0.0000
 DV/DL  =        -0.5682
 ------------------------------------------------------------------------------


| TI region  2


 NSTEP =    15000   TIME(PS) =      30.000  TEMP(K) =    48.60  PRESS =     0.0
 Etot   =    -79842.5594  EKtot   =      2024.0395  EPtot      =    -81866.5989
 BOND   =         0.0383  ANGLE   =         0.7359  DIHED      =         0.5085
 1-4 NB =         0.3469  1-4 EEL =        38.0675  VDWAALS    =     15092.2532
 EELEC  =    -96998.5492  EHBOND  =         0.0000  RESTRAINT  =         0.0000
 DV/DL  =        -0.5682
 ------------------------------------------------------------------------------

 NMR restraints: Bond =    0.000   Angle =     0.000   Torsion =     0.000
===============================================================================

| TI region  1


 NSTEP =    20000   TIME(PS) =      40.000  TEMP(K) =    65.98  PRESS =     0.0
 Etot   =    -78647.4546  EKtot   =      2747.6542  EPtot      =    -81395.1089
 BOND   =         0.2413  ANGLE   =         1.4274  DIHED      =         0.6219
 1-4 NB =         0.2326  1-4 EEL =        37.0965  VDWAALS    =     15062.5351
 EELEC  =    -96497.2636  EHBOND  =         0.0000  RESTRAINT  =         0.0000
 DV/DL  =         1.4029
 ------------------------------------------------------------------------------


| TI region  2


 NSTEP =    20000   TIME(PS) =      40.000  TEMP(K) =    65.98  PRESS =     0.0
 Etot   =    -78647.4546  EKtot   =      2747.6542  EPtot      =    -81395.1089
 BOND   =         0.2413  ANGLE   =         1.4274  DIHED      =         0.6219
 1-4 NB =         0.2326  1-4 EEL =        37.0965  VDWAALS    =     15062.5351
 EELEC  =    -96497.2636  EHBOND  =         0.0000  RESTRAINT  =         0.0000
 DV/DL  =         1.4029
 ------------------------------------------------------------------------------

 NMR restraints: Bond =    0.000   Angle =     0.000   Torsion =     0.000
===============================================================================

| TI region  1


 NSTEP =    25000   TIME(PS) =      50.000  TEMP(K) =    82.39  PRESS =     0.0
 Etot   =    -77536.6756  EKtot   =      3431.2915  EPtot      =    -80967.9670
 BOND   =         0.4411  ANGLE   =         1.5569  DIHED      =         0.5259
 1-4 NB =         0.5612  1-4 EEL =        38.5435  VDWAALS    =     14936.8157
 EELEC  =    -95946.4114  EHBOND  =         0.0000  RESTRAINT  =         0.0000
 DV/DL  =         2.3094
 ------------------------------------------------------------------------------


| TI region  2


 NSTEP =    25000   TIME(PS) =      50.000  TEMP(K) =    82.39  PRESS =     0.0
 Etot   =    -77536.6756  EKtot   =      3431.2915  EPtot      =    -80967.9670
 BOND   =         0.4411  ANGLE   =         1.5569  DIHED      =         0.5259
 1-4 NB =         0.5612  1-4 EEL =        38.5435  VDWAALS    =     14936.8157
 EELEC  =    -95946.4114  EHBOND  =         0.0000  RESTRAINT  =         0.0000
 DV/DL  =         2.3094
 ------------------------------------------------------------------------------

 NMR restraints: Bond =    0.000   Angle =     0.000   Torsion =     0.000
===============================================================================

| TI region  1


 NSTEP =    30000   TIME(PS) =      60.000  TEMP(K) =    99.08  PRESS =     0.0
 Etot   =    -76263.0417  EKtot   =      4126.0639  EPtot      =    -80389.1055
 BOND   =         0.6595  ANGLE   =         3.0474  DIHED      =         0.8038
 1-4 NB =         0.1693  1-4 EEL =        37.7719  VDWAALS    =     14813.8599
 EELEC  =    -95245.4173  EHBOND  =         0.0000  RESTRAINT  =         0.0000
 DV/DL  =        -0.2857
 ------------------------------------------------------------------------------


| TI region  2


 NSTEP =    30000   TIME(PS) =      60.000  TEMP(K) =    99.08  PRESS =     0.0
 Etot   =    -76263.0417  EKtot   =      4126.0639  EPtot      =    -80389.1055
 BOND   =         0.6595  ANGLE   =         3.0474  DIHED      =         0.8038
 1-4 NB =         0.1693  1-4 EEL =        37.7719  VDWAALS    =     14813.8599
 EELEC  =    -95245.4173  EHBOND  =         0.0000  RESTRAINT  =         0.0000
 DV/DL  =        -0.2857
 ------------------------------------------------------------------------------

 NMR restraints: Bond =    0.000   Angle =     0.000   Torsion =     0.000
===============================================================================

| TI region  1


 NSTEP =    35000   TIME(PS) =      70.000  TEMP(K) =   117.72  PRESS =     0.0
 Etot   =    -74923.7034  EKtot   =      4902.7019  EPtot      =    -79826.4053
 BOND   =         0.1653  ANGLE   =         1.2604  DIHED      =         0.2684
 1-4 NB =         0.2818  1-4 EEL =        37.7565  VDWAALS    =     14660.2198
 EELEC  =    -94526.3575  EHBOND  =         0.0000  RESTRAINT  =         0.0000
 DV/DL  =        -0.0004
 ------------------------------------------------------------------------------


| TI region  2


 NSTEP =    35000   TIME(PS) =      70.000  TEMP(K) =   117.72  PRESS =     0.0
 Etot   =    -74923.7034  EKtot   =      4902.7019  EPtot      =    -79826.4053
 BOND   =         0.1653  ANGLE   =         1.2604  DIHED      =         0.2684
 1-4 NB =         0.2818  1-4 EEL =        37.7565  VDWAALS    =     14660.2198
 EELEC  =    -94526.3575  EHBOND  =         0.0000  RESTRAINT  =         0.0000
 DV/DL  =        -0.0004
 ------------------------------------------------------------------------------

 NMR restraints: Bond =    0.000   Angle =     0.000   Torsion =     0.000
===============================================================================

| TI region  1


 NSTEP =    40000   TIME(PS) =      80.000  TEMP(K) =   133.01  PRESS =     0.0
 Etot   =    -73792.2791  EKtot   =      5539.1528  EPtot      =    -79331.4319
 BOND   =         0.0954  ANGLE   =         2.3477  DIHED      =         0.2809
 1-4 NB =         0.6690  1-4 EEL =        40.3248  VDWAALS    =     14774.2026
 EELEC  =    -94149.3523  EHBOND  =         0.0000  RESTRAINT  =         0.0000
 DV/DL  =        -0.9048
 ------------------------------------------------------------------------------


| TI region  2


 NSTEP =    40000   TIME(PS) =      80.000  TEMP(K) =   133.01  PRESS =     0.0
 Etot   =    -73792.2791  EKtot   =      5539.1528  EPtot      =    -79331.4319
 BOND   =         0.0954  ANGLE   =         2.3477  DIHED      =         0.2809
 1-4 NB =         0.6690  1-4 EEL =        40.3248  VDWAALS    =     14774.2026
 EELEC  =    -94149.3523  EHBOND  =         0.0000  RESTRAINT  =         0.0000
 DV/DL  =        -0.9048
 ------------------------------------------------------------------------------

 NMR restraints: Bond =    0.000   Angle =     0.000   Torsion =     0.000
===============================================================================

| TI region  1


 NSTEP =    45000   TIME(PS) =      90.000  TEMP(K) =   148.58  PRESS =     0.0
 Etot   =    -72310.9691  EKtot   =      6187.8056  EPtot      =    -78498.7746
 BOND   =         0.8579  ANGLE   =         1.5170  DIHED      =         1.3130
 1-4 NB =         0.3031  1-4 EEL =        36.1508  VDWAALS    =     14457.9962
 EELEC  =    -92996.9125  EHBOND  =         0.0000  RESTRAINT  =         0.0000
 DV/DL  =         2.9758
 ------------------------------------------------------------------------------


| TI region  2


 NSTEP =    45000   TIME(PS) =      90.000  TEMP(K) =   148.58  PRESS =     0.0
 Etot   =    -72310.9691  EKtot   =      6187.8056  EPtot      =    -78498.7746
 BOND   =         0.8579  ANGLE   =         1.5170  DIHED      =         1.3130
 1-4 NB =         0.3031  1-4 EEL =        36.1508  VDWAALS    =     14457.9962
 EELEC  =    -92996.9125  EHBOND  =         0.0000  RESTRAINT  =         0.0000
 DV/DL  =         2.9758
 ------------------------------------------------------------------------------

 NMR restraints: Bond =    0.000   Angle =     0.000   Torsion =     0.000
===============================================================================

| TI region  1


 NSTEP =    50000   TIME(PS) =     100.000  TEMP(K) =   165.94  PRESS =     0.0
 Etot   =    -70972.8689  EKtot   =      6910.5470  EPtot      =    -77883.4160
 BOND   =         0.4954  ANGLE   =         2.0157  DIHED      =         0.3206
 1-4 NB =         0.5855  1-4 EEL =        38.3883  VDWAALS    =     14272.2385
 EELEC  =    -92197.4600  EHBOND  =         0.0000  RESTRAINT  =         0.0000
 DV/DL  =        -0.6548
 ------------------------------------------------------------------------------


| TI region  2


 NSTEP =    50000   TIME(PS) =     100.000  TEMP(K) =   165.94  PRESS =     0.0
 Etot   =    -70972.8689  EKtot   =      6910.5470  EPtot      =    -77883.4160
 BOND   =         0.4954  ANGLE   =         2.0157  DIHED      =         0.3206
 1-4 NB =         0.5855  1-4 EEL =        38.3883  VDWAALS    =     14272.2385
 EELEC  =    -92197.4600  EHBOND  =         0.0000  RESTRAINT  =         0.0000
 DV/DL  =        -0.6548
 ------------------------------------------------------------------------------

 NMR restraints: Bond =    0.000   Angle =     0.000   Torsion =     0.000
===============================================================================

| TI region  1


 NSTEP =    55000   TIME(PS) =     110.000  TEMP(K) =   184.53  PRESS =     0.0
 Etot   =    -69139.8207  EKtot   =      7684.9293  EPtot      =    -76824.7500
 BOND   =         0.1577  ANGLE   =         3.5138  DIHED      =         1.5059
 1-4 NB =         0.4818  1-4 EEL =        39.7615  VDWAALS    =     13873.1724
 EELEC  =    -90743.3432  EHBOND  =         0.0000  RESTRAINT  =         0.0000
 DV/DL  =         3.7004
 ------------------------------------------------------------------------------


| TI region  2


 NSTEP =    55000   TIME(PS) =     110.000  TEMP(K) =   184.53  PRESS =     0.0
 Etot   =    -69139.8207  EKtot   =      7684.9293  EPtot      =    -76824.7500
 BOND   =         0.1577  ANGLE   =         3.5138  DIHED      =         1.5059
 1-4 NB =         0.4818  1-4 EEL =        39.7615  VDWAALS    =     13873.1724
 EELEC  =    -90743.3432  EHBOND  =         0.0000  RESTRAINT  =         0.0000
 DV/DL  =         3.7004
 ------------------------------------------------------------------------------

 NMR restraints: Bond =    0.000   Angle =     0.000   Torsion =     0.000
===============================================================================

| TI region  1


 NSTEP =    60000   TIME(PS) =     120.000  TEMP(K) =   200.80  PRESS =     0.0
 Etot   =    -67646.1137  EKtot   =      8362.4246  EPtot      =    -76008.5383
 BOND   =         0.4637  ANGLE   =         4.0695  DIHED      =         1.1825
 1-4 NB =         0.2193  1-4 EEL =        35.9761  VDWAALS    =     13392.6654
 EELEC  =    -89443.1148  EHBOND  =         0.0000  RESTRAINT  =         0.0000
 DV/DL  =         2.8268
 ------------------------------------------------------------------------------


| TI region  2


 NSTEP =    60000   TIME(PS) =     120.000  TEMP(K) =   200.80  PRESS =     0.0
 Etot   =    -67646.1137  EKtot   =      8362.4246  EPtot      =    -76008.5383
 BOND   =         0.4637  ANGLE   =         4.0695  DIHED      =         1.1825
 1-4 NB =         0.2193  1-4 EEL =        35.9761  VDWAALS    =     13392.6654
 EELEC  =    -89443.1148  EHBOND  =         0.0000  RESTRAINT  =         0.0000
 DV/DL  =         2.8268
 ------------------------------------------------------------------------------

 NMR restraints: Bond =    0.000   Angle =     0.000   Torsion =     0.000
===============================================================================

| TI region  1


 NSTEP =    65000   TIME(PS) =     130.000  TEMP(K) =   213.54  PRESS =     0.0
 Etot   =    -65464.1442  EKtot   =      8893.0727  EPtot      =    -74357.2169
 BOND   =         0.3323  ANGLE   =         3.9299  DIHED      =         0.3513
 1-4 NB =         0.3712  1-4 EEL =        38.7764  VDWAALS    =     12721.3554
 EELEC  =    -87122.3333  EHBOND  =         0.0000  RESTRAINT  =         0.0000
 DV/DL  =        -1.3764
 ------------------------------------------------------------------------------


| TI region  2


 NSTEP =    65000   TIME(PS) =     130.000  TEMP(K) =   213.54  PRESS =     0.0
 Etot   =    -65464.1442  EKtot   =      8893.0727  EPtot      =    -74357.2169
 BOND   =         0.3323  ANGLE   =         3.9299  DIHED      =         0.3513
 1-4 NB =         0.3712  1-4 EEL =        38.7764  VDWAALS    =     12721.3554
 EELEC  =    -87122.3333  EHBOND  =         0.0000  RESTRAINT  =         0.0000
 DV/DL  =        -1.3764
 ------------------------------------------------------------------------------

 NMR restraints: Bond =    0.000   Angle =     0.000   Torsion =     0.000
===============================================================================

| TI region  1


 NSTEP =    70000   TIME(PS) =     140.000  TEMP(K) =   231.06  PRESS =     0.0
 Etot   =    -62540.6317  EKtot   =      9622.7129  EPtot      =    -72163.3446
 BOND   =         0.3788  ANGLE   =         3.3580  DIHED      =         1.3610
 1-4 NB =         0.2440  1-4 EEL =        36.5918  VDWAALS    =     12092.7829
 EELEC  =    -84298.0611  EHBOND  =         0.0000  RESTRAINT  =         0.0000
 DV/DL  =        -4.6441
 ------------------------------------------------------------------------------


| TI region  2


 NSTEP =    70000   TIME(PS) =     140.000  TEMP(K) =   231.06  PRESS =     0.0
 Etot   =    -62540.6317  EKtot   =      9622.7129  EPtot      =    -72163.3446
 BOND   =         0.3788  ANGLE   =         3.3580  DIHED      =         1.3610
 1-4 NB =         0.2440  1-4 EEL =        36.5918  VDWAALS    =     12092.7829
 EELEC  =    -84298.0611  EHBOND  =         0.0000  RESTRAINT  =         0.0000
 DV/DL  =        -4.6441
 ------------------------------------------------------------------------------

 NMR restraints: Bond =    0.000   Angle =     0.000   Torsion =     0.000
===============================================================================

| TI region  1


 NSTEP =    75000   TIME(PS) =     150.000  TEMP(K) =   250.60  PRESS =     0.0
 Etot   =    -59937.2285  EKtot   =     10436.2105  EPtot      =    -70373.4389
 BOND   =         0.9177  ANGLE   =         4.1053  DIHED      =         0.9917
 1-4 NB =         0.5155  1-4 EEL =        41.1717  VDWAALS    =     11215.3042
 EELEC  =    -81636.4451  EHBOND  =         0.0000  RESTRAINT  =         0.0000
 DV/DL  =         5.6038
 ------------------------------------------------------------------------------


| TI region  2


 NSTEP =    75000   TIME(PS) =     150.000  TEMP(K) =   250.60  PRESS =     0.0
 Etot   =    -59937.2285  EKtot   =     10436.2105  EPtot      =    -70373.4389
 BOND   =         0.9177  ANGLE   =         4.1053  DIHED      =         0.9917
 1-4 NB =         0.5155  1-4 EEL =        41.1717  VDWAALS    =     11215.3042
 EELEC  =    -81636.4451  EHBOND  =         0.0000  RESTRAINT  =         0.0000
 DV/DL  =         5.6038
 ------------------------------------------------------------------------------

 NMR restraints: Bond =    0.000   Angle =     0.000   Torsion =     0.000
===============================================================================

| TI region  1


 NSTEP =    80000   TIME(PS) =     160.000  TEMP(K) =   263.67  PRESS =     0.0
 Etot   =    -57634.9012  EKtot   =     10980.6644  EPtot      =    -68615.5655
 BOND   =         1.5137  ANGLE   =         4.2152  DIHED      =         0.7947
 1-4 NB =         0.0421  1-4 EEL =        34.9699  VDWAALS    =     10678.8551
 EELEC  =    -79335.9562  EHBOND  =         0.0000  RESTRAINT  =         0.0000
 DV/DL  =         1.5547
 ------------------------------------------------------------------------------


| TI region  2


 NSTEP =    80000   TIME(PS) =     160.000  TEMP(K) =   263.67  PRESS =     0.0
 Etot   =    -57634.9012  EKtot   =     10980.6644  EPtot      =    -68615.5655
 BOND   =         1.5137  ANGLE   =         4.2152  DIHED      =         0.7947
 1-4 NB =         0.0421  1-4 EEL =        34.9699  VDWAALS    =     10678.8551
 EELEC  =    -79335.9562  EHBOND  =         0.0000  RESTRAINT  =         0.0000
 DV/DL  =         1.5547
 ------------------------------------------------------------------------------

 NMR restraints: Bond =    0.000   Angle =     0.000   Torsion =     0.000
===============================================================================

| TI region  1


 NSTEP =    85000   TIME(PS) =     170.000  TEMP(K) =   281.59  PRESS =     0.0
 Etot   =    -55534.3370  EKtot   =     11727.0873  EPtot      =    -67261.4243
 BOND   =         0.1412  ANGLE   =         4.9451  DIHED      =         0.9460
 1-4 NB =         0.7905  1-4 EEL =        40.5405  VDWAALS    =      9963.6497
 EELEC  =    -77272.4372  EHBOND  =         0.0000  RESTRAINT  =         0.0000
 DV/DL  =        -0.2251
 ------------------------------------------------------------------------------


| TI region  2


 NSTEP =    85000   TIME(PS) =     170.000  TEMP(K) =   281.59  PRESS =     0.0
 Etot   =    -55534.3370  EKtot   =     11727.0873  EPtot      =    -67261.4243
 BOND   =         0.1412  ANGLE   =         4.9451  DIHED      =         0.9460
 1-4 NB =         0.7905  1-4 EEL =        40.5405  VDWAALS    =      9963.6497
 EELEC  =    -77272.4372  EHBOND  =         0.0000  RESTRAINT  =         0.0000
 DV/DL  =        -0.2251
 ------------------------------------------------------------------------------

 NMR restraints: Bond =    0.000   Angle =     0.000   Torsion =     0.000
===============================================================================

| TI region  1


 NSTEP =    90000   TIME(PS) =     180.000  TEMP(K) =   298.68  PRESS =     0.0
 Etot   =    -53396.9856  EKtot   =     12438.8021  EPtot      =    -65835.7878
 BOND   =         0.2436  ANGLE   =         4.9514  DIHED      =         1.0094
 1-4 NB =         0.5403  1-4 EEL =        39.3231  VDWAALS    =      9443.5711
 EELEC  =    -75325.4266  EHBOND  =         0.0000  RESTRAINT  =         0.0000
 DV/DL  =         0.0833
 ------------------------------------------------------------------------------


| TI region  2


 NSTEP =    90000   TIME(PS) =     180.000  TEMP(K) =   298.68  PRESS =     0.0
 Etot   =    -53396.9856  EKtot   =     12438.8021  EPtot      =    -65835.7878
 BOND   =         0.2436  ANGLE   =         4.9514  DIHED      =         1.0094
 1-4 NB =         0.5403  1-4 EEL =        39.3231  VDWAALS    =      9443.5711
 EELEC  =    -75325.4266  EHBOND  =         0.0000  RESTRAINT  =         0.0000
 DV/DL  =         0.0833
 ------------------------------------------------------------------------------

 NMR restraints: Bond =    0.000   Angle =     0.000   Torsion =     0.000
===============================================================================

| TI region  1


 NSTEP =    95000   TIME(PS) =     190.000  TEMP(K) =   297.89  PRESS =     0.0
 Etot   =    -53403.8980  EKtot   =     12405.8522  EPtot      =    -65809.7503
 BOND   =         1.5397  ANGLE   =         5.4276  DIHED      =         0.4908
 1-4 NB =         0.0843  1-4 EEL =        36.0487  VDWAALS    =      9543.4409
 EELEC  =    -75396.7824  EHBOND  =         0.0000  RESTRAINT  =         0.0000
 DV/DL  =        -4.1505
 ------------------------------------------------------------------------------


| TI region  2


 NSTEP =    95000   TIME(PS) =     190.000  TEMP(K) =   297.89  PRESS =     0.0
 Etot   =    -53403.8980  EKtot   =     12405.8522  EPtot      =    -65809.7503
 BOND   =         1.5397  ANGLE   =         5.4276  DIHED      =         0.4908
 1-4 NB =         0.0843  1-4 EEL =        36.0487  VDWAALS    =      9543.4409
 EELEC  =    -75396.7824  EHBOND  =         0.0000  RESTRAINT  =         0.0000
 DV/DL  =        -4.1505
 ------------------------------------------------------------------------------

 NMR restraints: Bond =    0.000   Angle =     0.000   Torsion =     0.000
===============================================================================

| TI region  1


 NSTEP =   100000   TIME(PS) =     200.000  TEMP(K) =   299.50  PRESS =     0.0
 Etot   =    -53315.9104  EKtot   =     12472.9407  EPtot      =    -65788.8511
 BOND   =         0.6824  ANGLE   =         6.9143  DIHED      =         0.9855
 1-4 NB =         0.9537  1-4 EEL =        40.6935  VDWAALS    =      9669.9431
 EELEC  =    -75509.0235  EHBOND  =         0.0000  RESTRAINT  =         0.0000
 DV/DL  =        -0.3989
 ------------------------------------------------------------------------------


| TI region  2


 NSTEP =   100000   TIME(PS) =     200.000  TEMP(K) =   299.50  PRESS =     0.0
 Etot   =    -53315.9104  EKtot   =     12472.9407  EPtot      =    -65788.8511
 BOND   =         0.6824  ANGLE   =         6.9143  DIHED      =         0.9855
 1-4 NB =         0.9537  1-4 EEL =        40.6935  VDWAALS    =      9669.9431
 EELEC  =    -75509.0235  EHBOND  =         0.0000  RESTRAINT  =         0.0000
 DV/DL  =        -0.3989
 ------------------------------------------------------------------------------

 NMR restraints: Bond =    0.000   Angle =     0.000   Torsion =     0.000
===============================================================================

| TI region  1


      A V E R A G E S   O V E R      20 S T E P S


 NSTEP =   100000   TIME(PS) =     200.000  TEMP(K) =   171.59  PRESS =     0.0
 Etot   =    -68275.6381  EKtot   =      7145.8185  EPtot      =    -75421.4567
 BOND   =         0.4827  ANGLE   =         3.0065  DIHED      =         0.7368
 1-4 NB =         0.3905  1-4 EEL =        38.1956  VDWAALS    =     13033.1475
 EELEC  =    -88497.4162  EHBOND  =         0.0000  RESTRAINT  =         0.0000
 DV/DL  =         0.3192
 ------------------------------------------------------------------------------

 NMR restraints: Bond =    0.000   Angle =     0.000   Torsion =     0.000
===============================================================================

      R M S  F L U C T U A T I O N S


 NSTEP =   100000   TIME(PS) =     200.000  TEMP(K) =    92.09  PRESS =     0.0
 Etot   =      9743.1399  EKtot   =      3834.9387  EPtot      =      5983.5345
 BOND   =         0.4273  ANGLE   =         1.7860  DIHED      =         0.3996
 1-4 NB =         0.2341  1-4 EEL =         1.7002  VDWAALS    =      2104.6116
 EELEC  =      8073.4405  EHBOND  =         0.0000  RESTRAINT  =         0.0000
 DV/DL  =         2.3734
 ------------------------------------------------------------------------------


| TI region  2


      A V E R A G E S   O V E R      20 S T E P S


 NSTEP =   100000   TIME(PS) =     200.000  TEMP(K) =   171.59  PRESS =     0.0
 Etot   =    -68275.6381  EKtot   =      7145.8185  EPtot      =    -75421.4567
 BOND   =         0.4827  ANGLE   =         3.0065  DIHED      =         0.7368
 1-4 NB =         0.3905  1-4 EEL =        38.1956  VDWAALS    =     13033.1475
 EELEC  =    -88497.4162  EHBOND  =         0.0000  RESTRAINT  =         0.0000
 DV/DL  =         0.3192
 ------------------------------------------------------------------------------

 NMR restraints: Bond =    0.000   Angle =     0.000   Torsion =     0.000
===============================================================================

      R M S  F L U C T U A T I O N S


 NSTEP =   100000   TIME(PS) =     200.000  TEMP(K) =    92.09  PRESS =     0.0
 Etot   =      9743.1399  EKtot   =      3834.9387  EPtot      =      5983.5345
 BOND   =         0.4273  ANGLE   =         1.7860  DIHED      =         0.3996
 1-4 NB =         0.2341  1-4 EEL =         1.7002  VDWAALS    =      2104.6116
 EELEC  =      8073.4405  EHBOND  =         0.0000  RESTRAINT  =         0.0000
 DV/DL  =         2.3734
 ------------------------------------------------------------------------------


      DV/DL, AVERAGES OVER      20 STEPS


 NSTEP =   100000   TIME(PS) =     200.000  TEMP(K) =    92.09  PRESS =     0.0
 Etot   =         0.0000  EKtot   =         0.0000  EPtot      =         0.3192
 BOND   =         0.0000  ANGLE   =         0.0000  DIHED      =         0.0000
 1-4 NB =         0.0000  1-4 EEL =       -40.1189  VDWAALS    =         0.0000
 EELEC  =        40.4382  EHBOND  =         0.0000  RESTRAINT  =         0.0000
 DV/DL  =         0.3192
 ------------------------------------------------------------------------------


 NMR restraints on final step:

--------------------------------------------------------------------------------
   5.  TIMINGS
--------------------------------------------------------------------------------

|  NonSetup CPU Time in Major Routines:
|
|     Routine           Sec        %
|     ------------------------------
|     Nonbond          44.64   18.31
|     Bond              0.00    0.00
|     Angle             0.00    0.00
|     Dihedral          0.00    0.00
|     Shake             0.47    0.19
|     RunMD           198.23   81.30
|     Other             0.48    0.20
|     ------------------------------
|     Total           243.82

|  PME Nonbond Pairlist CPU Time:
|
|     Routine              Sec        %
|     ---------------------------------
|     Set Up Cit           0.00    0.00
|     Build List           0.00    0.00
|     ---------------------------------
|     Total                0.00    0.00

|  PME Direct Force CPU Time:
|
|     Routine              Sec        %
|     ---------------------------------
|     NonBonded Calc       0.00    0.00
|     Exclude Masked       0.00    0.00
|     Other                0.34    0.14
|     ---------------------------------
|     Total                0.34    0.14

|  PME Reciprocal Force CPU Time:
|
|     Routine              Sec        %
|     ---------------------------------
|     1D bspline           0.00    0.00
|     Grid Charges         0.00    0.00
|     Scalar Sum           0.00    0.00
|     Gradient Sum         0.00    0.00
|     FFT                  0.00    0.00
|     ---------------------------------
|     Total                0.00    0.00

|  Final Performance Info:
|     -----------------------------------------------------
|     Average timings for last       1 steps:
|     Elapsed(s) =       0.00 Per Step(ms) =       2.78
|         ns/day =      62.20   seconds/ns =    1389.04
|
|     Average timings for all steps:
|     Elapsed(s) =     244.11 Per Step(ms) =       2.44
|         ns/day =      70.79   seconds/ns =    1220.57
|     -----------------------------------------------------

|  Setup CPU time:            0.66 seconds
|  NonSetup CPU time:       243.82 seconds
|  Total CPU time:          244.48 seconds     0.07 hours

|  Setup wall time:           0    seconds
|  NonSetup wall time:      245    seconds
|  Total wall time:         245    seconds     0.07 hours
