
          -------------------------------------------------------
          Amber 20 PMEMD                              2020
          -------------------------------------------------------

| PMEMD implementation of SANDER, Release 18

|  Compiled date/time: Mon Apr 27 21:19:54 2020
| Run on 10/06/2020 at 15:40:41

|   Executable path: /opt/software/Amber/20-fosscuda-2019b/amber20/bin/pmemd.cuda
| Working directory: /mnt/ls15/scratch/users/songlin3/run/solvation_amber20/en/two_steps_tip3p_ethylenediame/step1_ethylenediame_to_vdw/0.56262
|          Hostname: lac-081

  [-O]verwriting output

File Assignments:
|   MDIN: heat.in                                                               
|  MDOUT: heat.out                                                              
| INPCRD: min.rst                                                               
|   PARM: en_step1_final.prmtop                                                 
| RESTRT: heat.rst                                                              
|   REFC: min.rst                                                               
|  MDVEL: mdvel                                                                 
|   MDEN: mden                                                                  
|  MDCRD: heat.netcdf                                                           
| MDINFO: heat.mdinfo                                                           
|  MDFRC: mdfrc                                                                 


 Here is the input file:

nvt for free MD                                                                
 &cntrl                                                                        
  imin=0,                                                                      
  irest=0,                                                                     
  ntx=1,                                                                       
  ig=-1,                                                                       
  nstlim=200000,                                                               
  dt=0.001,                                                                    
  cut=10.0,                                                                    
  ntc=1,                                                                       
  ntf=1,                                                                       
  ntb=1,                                                                       
  ntt=3,                                                                       
  gamma_ln=2.0,                                                                
  tempi=0.0,                                                                   
  temp0=300.0,                                                                 
  ntpr=5000,                                                                   
  ntwr=5000,                                                                   
  ntwx=10000,                                                                  
  ntwv=0,                                                                      
  ioutfm=1,                                                                    
  iwrap=0,                                                                     
  nmropt=1,                                                                    
  ifsc = 0, icfe=1,                                                            
  clambda=0.56262,                                                             
  timask1=':1',                                                                
  timask2=':2', crgmask = ':2',                                                
/                                                                              
&wt TYPE='TEMP0', istep1=0, istep2=190000, value1=0.0, value2=300.0 /          
&wt TYPE='TEMP0', istep1=190001, istep2=200000, value1=300.0, value2=300.0 /   
&wt TYPE='DUMPFREQ', istep1=10000, /                                           
&wt TYPE='END', /                                                              


Note: ig = -1. Setting random seed to   700670 based on wallclock time in 
      microseconds.
| irandom = 1, using AMBER's internal random number generator (default).
 
|--------------------- INFORMATION ----------------------
| GPU (CUDA) Version of PMEMD in use: NVIDIA GPU IN USE.
|                    Version 18.0.0
| 
|                      03/25/2018
| 
| Implementation by:
|                    Ross C. Walker     (SDSC)
|                    Scott Le Grand     (nVIDIA)
| 
| Version 18 performance extensions by:
|                    David Cerutti     (Rutgers)
| 
| Precision model in use:
|      [SPFP] - Single Precision Forces, 64-bit Fixed Point
|               Accumulation. (Default)
| 
|--------------------------------------------------------
 
|----------------- CITATION INFORMATION -----------------
|
|    When publishing work that utilized the CUDA version
|    of AMBER, please cite the following in addition to
|    the regular AMBER citations:
|
|  - Romelia Salomon-Ferrer; Andreas W. Goetz; Duncan
|    Poole; Scott Le Grand; Ross C. Walker "Routine
|    microsecond molecular dynamics simulations with
|    AMBER - Part II: Particle Mesh Ewald", J. Chem.
|    Theory Comput., 2013, 9 (9), pp3878-3888,
|    DOI: 10.1021/ct400314y.
|
|  - Andreas W. Goetz; Mark J. Williamson; Dong Xu;
|    Duncan Poole; Scott Le Grand; Ross C. Walker
|    "Routine microsecond molecular dynamics simulations
|    with AMBER - Part I: Generalized Born", J. Chem.
|    Theory Comput., 2012, 8 (5), pp1542-1555.
|
|  - Scott Le Grand; Andreas W. Goetz; Ross C. Walker
|    "SPFP: Speed without compromise - a mixed precision
|    model for GPU accelerated molecular dynamics
|    simulations.", Comp. Phys. Comm., 2013, 184
|    pp374-380, DOI: 10.1016/j.cpc.2012.09.022
|
|    When publishing work that utilized the CUDA version
|    of TI, BAR, MBAR or FEP please cite the following 
|    publications in addition to the regular AMBER 
|    GPU citations:
|
|  - Daniel J. Mermelstein; Charles Lin; Gard Nelson; 
|    Rachael Kretsch; J. Andrew McCammon; Ross C. Walker
|    "Fast and Flexible GPU Accelerated Binding 
|    Free Energy Calculations within the AMBER Molecular
|    Dynamics Package" J. Comp. Chem., 2018,
|    DOI: 10.1002/jcc.25187
|
|  - Tai-Sung Lee; Yuan Hu; Brad Sherborne; Zhuyan Guo;
|    Darrin M. York
|    "Toward Fast and Accurate Binding Affinity Prediction with
|    pmemdGTI: An Efficient Implementation of GPU-Accelerated
|    Thermodynamic Integration"
|    J. Chem. Theory Comput., 2017, 13 (7), 3077
|
|
|--------------------------------------------------------
 
|------------------- GPU DEVICE INFO --------------------
|
|            CUDA_VISIBLE_DEVICES: 0
|   CUDA Capable Devices Detected:      1
|           CUDA Device ID in use:      0
|                CUDA Device Name: Tesla K80
|     CUDA Device Global Mem Size:  12206 MB
| CUDA Device Num Multiprocessors:     13
|           CUDA Device Core Freq:   0.82 GHz
|
|--------------------------------------------------------
 
 
| Conditional Compilation Defines Used:
| FFTW_FFT
| BINTRAJ
| MKL
| CUDA
| EMIL

| Largest sphere to fit in unit cell has radius =    27.375

| New format PARM file being parsed.
| Version =    1.000 Date = 05/26/20 Time = 15:44:31

| Note: 1-4 EEL scale factors are being read from the topology file.

| Note: 1-4 VDW scale factors are being read from the topology file.
| Duplicated    0 dihedrals

| Duplicated    0 dihedrals

--------------------------------------------------------------------------------
   1.  RESOURCE   USE: 
--------------------------------------------------------------------------------

 getting box info from netcdf restart file
 NATOM  =   20967 NTYPES =       6 NBONH =   20959 MBONA  =       6
 NTHETH =      32 MTHETA =       4 NPHIH =      40 MPHIA  =       2
 NHPARM =       0 NPARM  =       0 NNB   =   28026 NRES   =    6983
 NBONA  =       6 NTHETA =       4 NPHIA =       2 NUMBND =       6
 NUMANG =       6 NPTRA  =       2 NATYP =       6 NPHB   =       1
 IFBOX  =       2 NMXRS  =      12 IFCAP =       0 NEXTRA =       0
 NCOPY  =       0

| Coordinate Index Table dimensions:    10   10   10
| Direct force subcell size =     6.7054    6.7054    6.7054

     BOX TYPE: TRUNCATED OCTAHEDRON

--------------------------------------------------------------------------------
   2.  CONTROL  DATA  FOR  THE  RUN
--------------------------------------------------------------------------------

default_name                                                                    

General flags:
     imin    =       0, nmropt  =       1

Nature and format of input:
     ntx     =       1, irest   =       0, ntrx    =       1

Nature and format of output:
     ntxo    =       2, ntpr    =    5000, ntrx    =       1, ntwr    =    5000
     iwrap   =       0, ntwx    =   10000, ntwv    =       0, ntwe    =       0
     ioutfm  =       1, ntwprt  =       0, idecomp =       0, rbornstat=      0

Potential function:
     ntf     =       1, ntb     =       1, igb     =       0, nsnb    =      25
     ipol    =       0, gbsa    =       0, iesp    =       0
     dielc   =   1.00000, cut     =  10.00000, intdiel =   1.00000

Frozen or restrained atoms:
     ibelly  =       0, ntr     =       0

Molecular dynamics:
     nstlim  =    200000, nscm    =      1000, nrespa  =         1
     t       =   0.00000, dt      =   0.00100, vlimit  =  -1.00000

Langevin dynamics temperature regulation:
     ig      =  700670
     temp0   = 300.00000, tempi   =   0.00000, gamma_ln=   2.00000

NMR refinement options:
     iscale  =       0, noeskp  =       1, ipnlty  =       1, mxsub   =       1
     scalm   = 100.00000, pencut  =   0.10000, tausw   =   0.10000

Free energy options:
     icfe    =       1, ifsc    =       0, klambda =       1
     clambda =  0.5626, scalpha =  0.5000, scbeta  = 12.0000
     sceeorder =       2
     dynlmb =  0.0000 logdvdl =       0

| Intermolecular bonds treatment:
|     no_intermolecular_bonds =       1

| Energy averages sample interval:
|     ene_avg_sampling =    5000

Ewald parameters:
     verbose =       0, ew_type =       0, nbflag  =       1, use_pme =       1
     vdwmeth =       1, eedmeth =       1, netfrc  =       1
     Box X =   67.054   Box Y =   67.054   Box Z =   67.054
     Alpha =  109.471   Beta  =  109.471   Gamma =  109.471
     NFFT1 =   64       NFFT2 =   64       NFFT3 =   64
     Cutoff=   10.000   Tol   =0.100E-04
     Ewald Coefficient =  0.27511
     Interpolation order =    4
     TI Mask 1 :1; matches     12 atoms
     TI Mask 2 :2; matches     12 atoms
     TI region 1:   20955 atoms
     TI region 2:   20955 atoms
Removing charge of      -0.6664 from atom      13
Removing charge of      -0.6664 from atom      14
Removing charge of      -0.0664 from atom      15
Removing charge of      -0.0664 from atom      16
Removing charge of       0.2792 from atom      17
Removing charge of       0.2802 from atom      18
Removing charge of       0.2802 from atom      19
Removing charge of       0.2792 from atom      20
Removing charge of       0.0898 from atom      21
Removing charge of       0.0837 from atom      22
Removing charge of       0.0898 from atom      23
Removing charge of       0.0837 from atom      24
Total charge of  -0.00000000 removed from      12 atoms
     Checking for mismatched coordinates.

--------------------------------------------------------------------------------
   3.  ATOMIC COORDINATES AND VELOCITIES
--------------------------------------------------------------------------------

default_name                                                                    
 begin time read from input coords =     0.000 ps



           Begin reading energy term weight changes/NMR restraints
 WEIGHT CHANGES:
 TEMP0         0 190000    0.000000  300.000000      0      0
 TEMP0    190001 200000  300.000000  300.000000      0      0
 DUMPFREQ  10000      0    0.000000    0.000000      0      0

 RESTRAINTS:
                          ** No restraint defined **

                  Done reading weight changes/NMR restraints


 
 Number of triangulated 3-point waters found:     6981

     Sum of charges for TI region  1 =  -0.00000000
     Skip neutralizing charges...


     Sum of charges for TI region  2 =   0.00000000
     Skip neutralizing charges...

| Dynamic Memory, Types Used:
| Reals              919408
| Integers           798260

| Nonbonded Pairs Initial Allocation:     6341993

| GPU memory information (estimate):
| KB of GPU memory in use:    246078
| KB of CPU memory in use:     51390

--------------------------------------------------------------------------------
   4.  RESULTS
--------------------------------------------------------------------------------


| TI region  1


 NSTEP =        0   TIME(PS) =       0.000  TEMP(K) =     0.00  PRESS =     0.0
 Etot   =    -89368.2010  EKtot   =         0.0000  EPtot      =    -89368.2010
 BOND   =      7225.5672  ANGLE   =         0.0612  DIHED      =         0.0889
 1-4 NB =         0.3205  1-4 EEL =        17.8734  VDWAALS    =     19383.7137
 EELEC  =   -115995.8258  EHBOND  =         0.0000  RESTRAINT  =         0.0000
 DV/DL  =        -5.7363
 ------------------------------------------------------------------------------


| TI region  2


 NSTEP =        0   TIME(PS) =       0.000  TEMP(K) =     0.00  PRESS =     0.0
 Etot   =    -89368.2010  EKtot   =         0.0000  EPtot      =    -89368.2010
 BOND   =      7225.5672  ANGLE   =         0.0612  DIHED      =         0.0889
 1-4 NB =         0.3205  1-4 EEL =        17.8734  VDWAALS    =     19383.7137
 EELEC  =   -115995.8258  EHBOND  =         0.0000  RESTRAINT  =         0.0000
 DV/DL  =        -5.7363
 ------------------------------------------------------------------------------

 NMR restraints: Bond =    0.000   Angle =     0.000   Torsion =     0.000
===============================================================================

| TI region  1


 NSTEP =     5000   TIME(PS) =       5.000  TEMP(K) =     7.18  PRESS =     0.0
 Etot   =    -88740.0176  EKtot   =       448.1881  EPtot      =    -89188.2057
 BOND   =      7440.7926  ANGLE   =         0.1851  DIHED      =         0.0577
 1-4 NB =         0.2814  1-4 EEL =        17.9771  VDWAALS    =     19560.6456
 EELEC  =   -116208.1452  EHBOND  =         0.0000  RESTRAINT  =         0.0000
 DV/DL  =        -6.3353
 ------------------------------------------------------------------------------


| TI region  2


 NSTEP =     5000   TIME(PS) =       5.000  TEMP(K) =     7.18  PRESS =     0.0
 Etot   =    -88740.0181  EKtot   =       448.1877  EPtot      =    -89188.2057
 BOND   =      7440.7926  ANGLE   =         0.1851  DIHED      =         0.0577
 1-4 NB =         0.2814  1-4 EEL =        17.9771  VDWAALS    =     19560.6456
 EELEC  =   -116208.1452  EHBOND  =         0.0000  RESTRAINT  =         0.0000
 DV/DL  =        -6.3353
 ------------------------------------------------------------------------------

 NMR restraints: Bond =    0.000   Angle =     0.000   Torsion =     0.000
===============================================================================

| TI region  1


 NSTEP =    10000   TIME(PS) =      10.000  TEMP(K) =    15.41  PRESS =     0.0
 Etot   =    -87959.3678  EKtot   =       962.8566  EPtot      =    -88922.2244
 BOND   =      7614.6131  ANGLE   =         0.2281  DIHED      =         0.0761
 1-4 NB =         0.3654  1-4 EEL =        17.8526  VDWAALS    =     19567.8835
 EELEC  =   -116123.2431  EHBOND  =         0.0000  RESTRAINT  =         0.0000
 DV/DL  =        -4.8381
 ------------------------------------------------------------------------------


| TI region  2


 NSTEP =    10000   TIME(PS) =      10.000  TEMP(K) =    15.41  PRESS =     0.0
 Etot   =    -87959.3673  EKtot   =       962.8571  EPtot      =    -88922.2244
 BOND   =      7614.6131  ANGLE   =         0.2281  DIHED      =         0.0761
 1-4 NB =         0.3654  1-4 EEL =        17.8526  VDWAALS    =     19567.8835
 EELEC  =   -116123.2431  EHBOND  =         0.0000  RESTRAINT  =         0.0000
 DV/DL  =        -4.8381
 ------------------------------------------------------------------------------

 NMR restraints: Bond =    0.000   Angle =     0.000   Torsion =     0.000
===============================================================================

| TI region  1


 NSTEP =    15000   TIME(PS) =      15.000  TEMP(K) =    23.02  PRESS =     0.0
 Etot   =    -87111.8279  EKtot   =      1438.1191  EPtot      =    -88549.9470
 BOND   =      7805.2191  ANGLE   =         0.4856  DIHED      =         0.1496
 1-4 NB =         0.2886  1-4 EEL =        17.6893  VDWAALS    =     19524.2718
 EELEC  =   -115898.0510  EHBOND  =         0.0000  RESTRAINT  =         0.0000
 DV/DL  =        -5.2906
 ------------------------------------------------------------------------------


| TI region  2


 NSTEP =    15000   TIME(PS) =      15.000  TEMP(K) =    23.02  PRESS =     0.0
 Etot   =    -87111.8399  EKtot   =      1438.1070  EPtot      =    -88549.9470
 BOND   =      7805.2191  ANGLE   =         0.4856  DIHED      =         0.1496
 1-4 NB =         0.2886  1-4 EEL =        17.6893  VDWAALS    =     19524.2718
 EELEC  =   -115898.0510  EHBOND  =         0.0000  RESTRAINT  =         0.0000
 DV/DL  =        -5.2906
 ------------------------------------------------------------------------------

 NMR restraints: Bond =    0.000   Angle =     0.000   Torsion =     0.000
===============================================================================

| TI region  1


 NSTEP =    20000   TIME(PS) =      20.000  TEMP(K) =    30.97  PRESS =     0.0
 Etot   =    -86237.1795  EKtot   =      1934.5600  EPtot      =    -88171.7395
 BOND   =      8015.4154  ANGLE   =         0.3574  DIHED      =         0.2539
 1-4 NB =         0.3777  1-4 EEL =        17.5941  VDWAALS    =     19481.5017
 EELEC  =   -115687.2396  EHBOND  =         0.0000  RESTRAINT  =         0.0000
 DV/DL  =        -4.5793
 ------------------------------------------------------------------------------


| TI region  2


 NSTEP =    20000   TIME(PS) =      20.000  TEMP(K) =    30.97  PRESS =     0.0
 Etot   =    -86237.1408  EKtot   =      1934.5986  EPtot      =    -88171.7395
 BOND   =      8015.4154  ANGLE   =         0.3574  DIHED      =         0.2539
 1-4 NB =         0.3777  1-4 EEL =        17.5941  VDWAALS    =     19481.5017
 EELEC  =   -115687.2396  EHBOND  =         0.0000  RESTRAINT  =         0.0000
 DV/DL  =        -4.5793
 ------------------------------------------------------------------------------

 NMR restraints: Bond =    0.000   Angle =     0.000   Torsion =     0.000
===============================================================================

| TI region  1


 NSTEP =    25000   TIME(PS) =      25.000  TEMP(K) =    38.57  PRESS =     0.0
 Etot   =    -85370.3941  EKtot   =      2408.9938  EPtot      =    -87779.3879
 BOND   =      8190.5650  ANGLE   =         0.9819  DIHED      =         0.1803
 1-4 NB =         0.1261  1-4 EEL =        17.6503  VDWAALS    =     19624.7948
 EELEC  =   -115613.6862  EHBOND  =         0.0000  RESTRAINT  =         0.0000
 DV/DL  =        -5.4269
 ------------------------------------------------------------------------------


| TI region  2


 NSTEP =    25000   TIME(PS) =      25.000  TEMP(K) =    38.57  PRESS =     0.0
 Etot   =    -85370.3534  EKtot   =      2409.0344  EPtot      =    -87779.3879
 BOND   =      8190.5650  ANGLE   =         0.9819  DIHED      =         0.1803
 1-4 NB =         0.1261  1-4 EEL =        17.6503  VDWAALS    =     19624.7948
 EELEC  =   -115613.6862  EHBOND  =         0.0000  RESTRAINT  =         0.0000
 DV/DL  =        -5.4269
 ------------------------------------------------------------------------------

 NMR restraints: Bond =    0.000   Angle =     0.000   Torsion =     0.000
===============================================================================

| TI region  1


 NSTEP =    30000   TIME(PS) =      30.000  TEMP(K) =    46.56  PRESS =     0.0
 Etot   =    -84457.5020  EKtot   =      2908.4583  EPtot      =    -87365.9603
 BOND   =      8423.3306  ANGLE   =         1.2921  DIHED      =         0.0889
 1-4 NB =         0.4018  1-4 EEL =        17.9460  VDWAALS    =     19588.1461
 EELEC  =   -115397.1657  EHBOND  =         0.0000  RESTRAINT  =         0.0000
 DV/DL  =        -6.8047
 ------------------------------------------------------------------------------


| TI region  2


 NSTEP =    30000   TIME(PS) =      30.000  TEMP(K) =    46.56  PRESS =     0.0
 Etot   =    -84457.5067  EKtot   =      2908.4536  EPtot      =    -87365.9603
 BOND   =      8423.3306  ANGLE   =         1.2921  DIHED      =         0.0889
 1-4 NB =         0.4018  1-4 EEL =        17.9460  VDWAALS    =     19588.1461
 EELEC  =   -115397.1657  EHBOND  =         0.0000  RESTRAINT  =         0.0000
 DV/DL  =        -6.8047
 ------------------------------------------------------------------------------

 NMR restraints: Bond =    0.000   Angle =     0.000   Torsion =     0.000
===============================================================================

| TI region  1


 NSTEP =    35000   TIME(PS) =      35.000  TEMP(K) =    54.12  PRESS =     0.0
 Etot   =    -83624.2902  EKtot   =      3380.2526  EPtot      =    -87004.5427
 BOND   =      8643.2892  ANGLE   =         0.9707  DIHED      =         0.0948
 1-4 NB =         0.3646  1-4 EEL =        18.1326  VDWAALS    =     19829.8179
 EELEC  =   -115497.2126  EHBOND  =         0.0000  RESTRAINT  =         0.0000
 DV/DL  =        -4.8024
 ------------------------------------------------------------------------------


| TI region  2


 NSTEP =    35000   TIME(PS) =      35.000  TEMP(K) =    54.12  PRESS =     0.0
 Etot   =    -83624.2813  EKtot   =      3380.2614  EPtot      =    -87004.5427
 BOND   =      8643.2892  ANGLE   =         0.9707  DIHED      =         0.0948
 1-4 NB =         0.3646  1-4 EEL =        18.1326  VDWAALS    =     19829.8179
 EELEC  =   -115497.2126  EHBOND  =         0.0000  RESTRAINT  =         0.0000
 DV/DL  =        -4.8024
 ------------------------------------------------------------------------------

 NMR restraints: Bond =    0.000   Angle =     0.000   Torsion =     0.000
===============================================================================

| TI region  1


 NSTEP =    40000   TIME(PS) =      40.000  TEMP(K) =    62.26  PRESS =     0.0
 Etot   =    -82811.8949  EKtot   =      3888.9818  EPtot      =    -86700.8767
 BOND   =      8647.8599  ANGLE   =         1.1098  DIHED      =         0.7113
 1-4 NB =         0.1062  1-4 EEL =        17.3581  VDWAALS    =     19555.0666
 EELEC  =   -114923.0887  EHBOND  =         0.0000  RESTRAINT  =         0.0000
 DV/DL  =        -7.9970
 ------------------------------------------------------------------------------


| TI region  2


 NSTEP =    40000   TIME(PS) =      40.000  TEMP(K) =    62.26  PRESS =     0.0
 Etot   =    -82811.9210  EKtot   =      3888.9557  EPtot      =    -86700.8767
 BOND   =      8647.8599  ANGLE   =         1.1098  DIHED      =         0.7113
 1-4 NB =         0.1062  1-4 EEL =        17.3581  VDWAALS    =     19555.0666
 EELEC  =   -114923.0887  EHBOND  =         0.0000  RESTRAINT  =         0.0000
 DV/DL  =        -7.9970
 ------------------------------------------------------------------------------

 NMR restraints: Bond =    0.000   Angle =     0.000   Torsion =     0.000
===============================================================================

| TI region  1


 NSTEP =    45000   TIME(PS) =      45.000  TEMP(K) =    70.85  PRESS =     0.0
 Etot   =    -81855.7863  EKtot   =      4425.2002  EPtot      =    -86280.9865
 BOND   =      8900.7311  ANGLE   =         0.9813  DIHED      =         0.1307
 1-4 NB =         0.2823  1-4 EEL =        17.9356  VDWAALS    =     19588.8543
 EELEC  =   -114789.9019  EHBOND  =         0.0000  RESTRAINT  =         0.0000
 DV/DL  =        -4.4427
 ------------------------------------------------------------------------------


| TI region  2


 NSTEP =    45000   TIME(PS) =      45.000  TEMP(K) =    70.84  PRESS =     0.0
 Etot   =    -81855.8413  EKtot   =      4425.1452  EPtot      =    -86280.9865
 BOND   =      8900.7311  ANGLE   =         0.9813  DIHED      =         0.1307
 1-4 NB =         0.2823  1-4 EEL =        17.9356  VDWAALS    =     19588.8543
 EELEC  =   -114789.9019  EHBOND  =         0.0000  RESTRAINT  =         0.0000
 DV/DL  =        -4.4427
 ------------------------------------------------------------------------------

 NMR restraints: Bond =    0.000   Angle =     0.000   Torsion =     0.000
===============================================================================

| TI region  1


 NSTEP =    50000   TIME(PS) =      50.000  TEMP(K) =    78.17  PRESS =     0.0
 Etot   =    -81056.7855  EKtot   =      4882.5660  EPtot      =    -85939.3515
 BOND   =      9041.7026  ANGLE   =         1.5614  DIHED      =         0.0674
 1-4 NB =         0.5726  1-4 EEL =        18.4347  VDWAALS    =     19600.6103
 EELEC  =   -114602.3004  EHBOND  =         0.0000  RESTRAINT  =         0.0000
 DV/DL  =        -4.9751
 ------------------------------------------------------------------------------


| TI region  2


 NSTEP =    50000   TIME(PS) =      50.000  TEMP(K) =    78.17  PRESS =     0.0
 Etot   =    -81056.8084  EKtot   =      4882.5431  EPtot      =    -85939.3515
 BOND   =      9041.7026  ANGLE   =         1.5614  DIHED      =         0.0674
 1-4 NB =         0.5726  1-4 EEL =        18.4347  VDWAALS    =     19600.6103
 EELEC  =   -114602.3004  EHBOND  =         0.0000  RESTRAINT  =         0.0000
 DV/DL  =        -4.9751
 ------------------------------------------------------------------------------

 NMR restraints: Bond =    0.000   Angle =     0.000   Torsion =     0.000
===============================================================================

| TI region  1


 NSTEP =    55000   TIME(PS) =      55.000  TEMP(K) =    86.02  PRESS =     0.0
 Etot   =    -80133.8677  EKtot   =      5373.1848  EPtot      =    -85507.0525
 BOND   =      9271.2036  ANGLE   =         1.8250  DIHED      =         0.4572
 1-4 NB =         0.2589  1-4 EEL =        18.4664  VDWAALS    =     19608.5416
 EELEC  =   -114407.8052  EHBOND  =         0.0000  RESTRAINT  =         0.0000
 DV/DL  =        -8.6182
 ------------------------------------------------------------------------------


| TI region  2


 NSTEP =    55000   TIME(PS) =      55.000  TEMP(K) =    86.02  PRESS =     0.0
 Etot   =    -80133.7807  EKtot   =      5373.2718  EPtot      =    -85507.0525
 BOND   =      9271.2036  ANGLE   =         1.8250  DIHED      =         0.4572
 1-4 NB =         0.2589  1-4 EEL =        18.4664  VDWAALS    =     19608.5416
 EELEC  =   -114407.8052  EHBOND  =         0.0000  RESTRAINT  =         0.0000
 DV/DL  =        -8.6182
 ------------------------------------------------------------------------------

 NMR restraints: Bond =    0.000   Angle =     0.000   Torsion =     0.000
===============================================================================

| TI region  1


 NSTEP =    60000   TIME(PS) =      60.000  TEMP(K) =    93.95  PRESS =     0.0
 Etot   =    -79198.2535  EKtot   =      5868.4076  EPtot      =    -85066.6611
 BOND   =      9494.1781  ANGLE   =         1.4856  DIHED      =         0.4116
 1-4 NB =         0.1419  1-4 EEL =        17.0235  VDWAALS    =     19499.2789
 EELEC  =   -114079.1806  EHBOND  =         0.0000  RESTRAINT  =         0.0000
 DV/DL  =        -5.4834
 ------------------------------------------------------------------------------


| TI region  2


 NSTEP =    60000   TIME(PS) =      60.000  TEMP(K) =    93.95  PRESS =     0.0
 Etot   =    -79198.2848  EKtot   =      5868.3763  EPtot      =    -85066.6611
 BOND   =      9494.1781  ANGLE   =         1.4856  DIHED      =         0.4116
 1-4 NB =         0.1419  1-4 EEL =        17.0235  VDWAALS    =     19499.2789
 EELEC  =   -114079.1806  EHBOND  =         0.0000  RESTRAINT  =         0.0000
 DV/DL  =        -5.4834
 ------------------------------------------------------------------------------

 NMR restraints: Bond =    0.000   Angle =     0.000   Torsion =     0.000
===============================================================================

| TI region  1


 NSTEP =    65000   TIME(PS) =      65.000  TEMP(K) =   102.53  PRESS =     0.0
 Etot   =    -78205.7504  EKtot   =      6403.9835  EPtot      =    -84609.7340
 BOND   =      9687.7660  ANGLE   =         1.8148  DIHED      =         0.2112
 1-4 NB =         0.2177  1-4 EEL =        17.7311  VDWAALS    =     19312.9567
 EELEC  =   -113630.4314  EHBOND  =         0.0000  RESTRAINT  =         0.0000
 DV/DL  =        -8.3012
 ------------------------------------------------------------------------------


| TI region  2


 NSTEP =    65000   TIME(PS) =      65.000  TEMP(K) =   102.53  PRESS =     0.0
 Etot   =    -78205.7355  EKtot   =      6403.9985  EPtot      =    -84609.7340
 BOND   =      9687.7660  ANGLE   =         1.8148  DIHED      =         0.2112
 1-4 NB =         0.2177  1-4 EEL =        17.7311  VDWAALS    =     19312.9567
 EELEC  =   -113630.4314  EHBOND  =         0.0000  RESTRAINT  =         0.0000
 DV/DL  =        -8.3012
 ------------------------------------------------------------------------------

 NMR restraints: Bond =    0.000   Angle =     0.000   Torsion =     0.000
===============================================================================

| TI region  1


 NSTEP =    70000   TIME(PS) =      70.000  TEMP(K) =   109.67  PRESS =     0.0
 Etot   =    -77372.5752  EKtot   =      6849.9512  EPtot      =    -84222.5264
 BOND   =      9789.9001  ANGLE   =         1.3049  DIHED      =         0.0572
 1-4 NB =         0.5098  1-4 EEL =        18.2831  VDWAALS    =     19466.6041
 EELEC  =   -113499.1855  EHBOND  =         0.0000  RESTRAINT  =         0.0000
 DV/DL  =        -6.3125
 ------------------------------------------------------------------------------


| TI region  2


 NSTEP =    70000   TIME(PS) =      70.000  TEMP(K) =   109.66  PRESS =     0.0
 Etot   =    -77372.6393  EKtot   =      6849.8870  EPtot      =    -84222.5264
 BOND   =      9789.9001  ANGLE   =         1.3049  DIHED      =         0.0572
 1-4 NB =         0.5098  1-4 EEL =        18.2831  VDWAALS    =     19466.6041
 EELEC  =   -113499.1855  EHBOND  =         0.0000  RESTRAINT  =         0.0000
 DV/DL  =        -6.3125
 ------------------------------------------------------------------------------

 NMR restraints: Bond =    0.000   Angle =     0.000   Torsion =     0.000
===============================================================================

| TI region  1


 NSTEP =    75000   TIME(PS) =      75.000  TEMP(K) =   117.35  PRESS =     0.0
 Etot   =    -76431.3014  EKtot   =      7330.1928  EPtot      =    -83761.4943
 BOND   =      9955.2249  ANGLE   =         1.1457  DIHED      =         0.1664
 1-4 NB =         0.2938  1-4 EEL =        17.9530  VDWAALS    =     19440.8946
 EELEC  =   -113177.1727  EHBOND  =         0.0000  RESTRAINT  =         0.0000
 DV/DL  =        -7.3904
 ------------------------------------------------------------------------------


| TI region  2


 NSTEP =    75000   TIME(PS) =      75.000  TEMP(K) =   117.35  PRESS =     0.0
 Etot   =    -76431.3014  EKtot   =      7330.1929  EPtot      =    -83761.4943
 BOND   =      9955.2249  ANGLE   =         1.1457  DIHED      =         0.1664
 1-4 NB =         0.2938  1-4 EEL =        17.9530  VDWAALS    =     19440.8946
 EELEC  =   -113177.1727  EHBOND  =         0.0000  RESTRAINT  =         0.0000
 DV/DL  =        -7.3904
 ------------------------------------------------------------------------------

 NMR restraints: Bond =    0.000   Angle =     0.000   Torsion =     0.000
===============================================================================

| TI region  1


 NSTEP =    80000   TIME(PS) =      80.000  TEMP(K) =   125.98  PRESS =     0.0
 Etot   =    -75420.5400  EKtot   =      7869.0215  EPtot      =    -83289.5616
 BOND   =     10238.8976  ANGLE   =         1.2196  DIHED      =         0.4068
 1-4 NB =         0.2128  1-4 EEL =        17.1982  VDWAALS    =     19264.8224
 EELEC  =   -112812.3190  EHBOND  =         0.0000  RESTRAINT  =         0.0000
 DV/DL  =        -5.9095
 ------------------------------------------------------------------------------


| TI region  2


 NSTEP =    80000   TIME(PS) =      80.000  TEMP(K) =   125.98  PRESS =     0.0
 Etot   =    -75420.6153  EKtot   =      7868.9463  EPtot      =    -83289.5616
 BOND   =     10238.8976  ANGLE   =         1.2196  DIHED      =         0.4068
 1-4 NB =         0.2128  1-4 EEL =        17.1982  VDWAALS    =     19264.8224
 EELEC  =   -112812.3190  EHBOND  =         0.0000  RESTRAINT  =         0.0000
 DV/DL  =        -5.9095
 ------------------------------------------------------------------------------

 NMR restraints: Bond =    0.000   Angle =     0.000   Torsion =     0.000
===============================================================================

| TI region  1


 NSTEP =    85000   TIME(PS) =      85.000  TEMP(K) =   133.05  PRESS =     0.0
 Etot   =    -74518.3747  EKtot   =      8310.7748  EPtot      =    -82829.1496
 BOND   =     10349.7617  ANGLE   =         2.6934  DIHED      =         0.8337
 1-4 NB =         0.1736  1-4 EEL =        17.7634  VDWAALS    =     19254.9003
 EELEC  =   -112455.2757  EHBOND  =         0.0000  RESTRAINT  =         0.0000
 DV/DL  =        -4.9080
 ------------------------------------------------------------------------------


| TI region  2


 NSTEP =    85000   TIME(PS) =      85.000  TEMP(K) =   133.05  PRESS =     0.0
 Etot   =    -74518.3048  EKtot   =      8310.8447  EPtot      =    -82829.1496
 BOND   =     10349.7617  ANGLE   =         2.6934  DIHED      =         0.8337
 1-4 NB =         0.1736  1-4 EEL =        17.7634  VDWAALS    =     19254.9003
 EELEC  =   -112455.2757  EHBOND  =         0.0000  RESTRAINT  =         0.0000
 DV/DL  =        -4.9080
 ------------------------------------------------------------------------------

 NMR restraints: Bond =    0.000   Angle =     0.000   Torsion =     0.000
===============================================================================

| TI region  1


 NSTEP =    90000   TIME(PS) =      90.000  TEMP(K) =   140.68  PRESS =     0.0
 Etot   =    -73550.4643  EKtot   =      8787.3972  EPtot      =    -82337.8615
 BOND   =     10522.4592  ANGLE   =         3.2805  DIHED      =         0.3360
 1-4 NB =         0.0604  1-4 EEL =        17.4402  VDWAALS    =     19073.7104
 EELEC  =   -111955.1482  EHBOND  =         0.0000  RESTRAINT  =         0.0000
 DV/DL  =        -4.8934
 ------------------------------------------------------------------------------


| TI region  2


 NSTEP =    90000   TIME(PS) =      90.000  TEMP(K) =   140.68  PRESS =     0.0
 Etot   =    -73550.4467  EKtot   =      8787.4148  EPtot      =    -82337.8615
 BOND   =     10522.4592  ANGLE   =         3.2805  DIHED      =         0.3360
 1-4 NB =         0.0604  1-4 EEL =        17.4402  VDWAALS    =     19073.7104
 EELEC  =   -111955.1482  EHBOND  =         0.0000  RESTRAINT  =         0.0000
 DV/DL  =        -4.8934
 ------------------------------------------------------------------------------

 NMR restraints: Bond =    0.000   Angle =     0.000   Torsion =     0.000
===============================================================================

| TI region  1


 NSTEP =    95000   TIME(PS) =      95.000  TEMP(K) =   149.01  PRESS =     0.0
 Etot   =    -72687.2599  EKtot   =      9307.2876  EPtot      =    -81994.5474
 BOND   =     10623.7292  ANGLE   =         2.0723  DIHED      =         0.5093
 1-4 NB =         0.5517  1-4 EEL =        17.6411  VDWAALS    =     18992.6636
 EELEC  =   -111631.7146  EHBOND  =         0.0000  RESTRAINT  =         0.0000
 DV/DL  =        -6.6519
 ------------------------------------------------------------------------------


| TI region  2


 NSTEP =    95000   TIME(PS) =      95.000  TEMP(K) =   149.01  PRESS =     0.0
 Etot   =    -72687.3294  EKtot   =      9307.2181  EPtot      =    -81994.5474
 BOND   =     10623.7292  ANGLE   =         2.0723  DIHED      =         0.5093
 1-4 NB =         0.5517  1-4 EEL =        17.6411  VDWAALS    =     18992.6636
 EELEC  =   -111631.7146  EHBOND  =         0.0000  RESTRAINT  =         0.0000
 DV/DL  =        -6.6519
 ------------------------------------------------------------------------------

 NMR restraints: Bond =    0.000   Angle =     0.000   Torsion =     0.000
===============================================================================

| TI region  1


 NSTEP =   100000   TIME(PS) =     100.000  TEMP(K) =   158.97  PRESS =     0.0
 Etot   =    -71501.0627  EKtot   =      9929.3929  EPtot      =    -81430.4555
 BOND   =     10808.9927  ANGLE   =         1.4038  DIHED      =         0.8473
 1-4 NB =         0.4994  1-4 EEL =        16.4001  VDWAALS    =     18727.0901
 EELEC  =   -110985.6890  EHBOND  =         0.0000  RESTRAINT  =         0.0000
 DV/DL  =        -8.3082
 ------------------------------------------------------------------------------


| TI region  2


 NSTEP =   100000   TIME(PS) =     100.000  TEMP(K) =   158.96  PRESS =     0.0
 Etot   =    -71501.1994  EKtot   =      9929.2561  EPtot      =    -81430.4555
 BOND   =     10808.9927  ANGLE   =         1.4038  DIHED      =         0.8473
 1-4 NB =         0.4994  1-4 EEL =        16.4001  VDWAALS    =     18727.0901
 EELEC  =   -110985.6890  EHBOND  =         0.0000  RESTRAINT  =         0.0000
 DV/DL  =        -8.3082
 ------------------------------------------------------------------------------

 NMR restraints: Bond =    0.000   Angle =     0.000   Torsion =     0.000
===============================================================================

| TI region  1


 NSTEP =   105000   TIME(PS) =     105.000  TEMP(K) =   163.67  PRESS =     0.0
 Etot   =    -70633.6844  EKtot   =     10223.3807  EPtot      =    -80857.0651
 BOND   =     11023.4012  ANGLE   =         1.8691  DIHED      =         0.1507
 1-4 NB =         0.4503  1-4 EEL =        18.3692  VDWAALS    =     18756.4059
 EELEC  =   -110657.7115  EHBOND  =         0.0000  RESTRAINT  =         0.0000
 DV/DL  =       -12.3205
 ------------------------------------------------------------------------------


| TI region  2


 NSTEP =   105000   TIME(PS) =     105.000  TEMP(K) =   163.67  PRESS =     0.0
 Etot   =    -70633.6374  EKtot   =     10223.4277  EPtot      =    -80857.0651
 BOND   =     11023.4012  ANGLE   =         1.8691  DIHED      =         0.1507
 1-4 NB =         0.4503  1-4 EEL =        18.3692  VDWAALS    =     18756.4059
 EELEC  =   -110657.7115  EHBOND  =         0.0000  RESTRAINT  =         0.0000
 DV/DL  =       -12.3205
 ------------------------------------------------------------------------------

 NMR restraints: Bond =    0.000   Angle =     0.000   Torsion =     0.000
===============================================================================

| TI region  1


 NSTEP =   110000   TIME(PS) =     110.000  TEMP(K) =   173.75  PRESS =     0.0
 Etot   =    -69443.2623  EKtot   =     10852.6720  EPtot      =    -80295.9343
 BOND   =     11178.3008  ANGLE   =         2.6374  DIHED      =         1.3387
 1-4 NB =         0.0846  1-4 EEL =        16.4461  VDWAALS    =     18451.4581
 EELEC  =   -109946.2001  EHBOND  =         0.0000  RESTRAINT  =         0.0000
 DV/DL  =       -10.3884
 ------------------------------------------------------------------------------


| TI region  2


 NSTEP =   110000   TIME(PS) =     110.000  TEMP(K) =   173.75  PRESS =     0.0
 Etot   =    -69443.3239  EKtot   =     10852.6104  EPtot      =    -80295.9343
 BOND   =     11178.3008  ANGLE   =         2.6374  DIHED      =         1.3387
 1-4 NB =         0.0846  1-4 EEL =        16.4461  VDWAALS    =     18451.4581
 EELEC  =   -109946.2001  EHBOND  =         0.0000  RESTRAINT  =         0.0000
 DV/DL  =       -10.3884
 ------------------------------------------------------------------------------

 NMR restraints: Bond =    0.000   Angle =     0.000   Torsion =     0.000
===============================================================================

| TI region  1


 NSTEP =   115000   TIME(PS) =     115.000  TEMP(K) =   181.33  PRESS =     0.0
 Etot   =    -68391.9289  EKtot   =     11326.2954  EPtot      =    -79718.2243
 BOND   =     11194.3772  ANGLE   =         3.1364  DIHED      =         1.5199
 1-4 NB =         0.9327  1-4 EEL =        18.9211  VDWAALS    =     18347.2656
 EELEC  =   -109284.3771  EHBOND  =         0.0000  RESTRAINT  =         0.0000
 DV/DL  =        -4.8394
 ------------------------------------------------------------------------------


| TI region  2


 NSTEP =   115000   TIME(PS) =     115.000  TEMP(K) =   181.33  PRESS =     0.0
 Etot   =    -68391.7752  EKtot   =     11326.4491  EPtot      =    -79718.2243
 BOND   =     11194.3772  ANGLE   =         3.1364  DIHED      =         1.5199
 1-4 NB =         0.9327  1-4 EEL =        18.9211  VDWAALS    =     18347.2656
 EELEC  =   -109284.3771  EHBOND  =         0.0000  RESTRAINT  =         0.0000
 DV/DL  =        -4.8394
 ------------------------------------------------------------------------------

 NMR restraints: Bond =    0.000   Angle =     0.000   Torsion =     0.000
===============================================================================

| TI region  1


 NSTEP =   120000   TIME(PS) =     120.000  TEMP(K) =   187.92  PRESS =     0.0
 Etot   =    -67486.0050  EKtot   =     11737.6423  EPtot      =    -79223.6473
 BOND   =     11313.5517  ANGLE   =         3.2898  DIHED      =         0.8447
 1-4 NB =         0.2503  1-4 EEL =        18.5907  VDWAALS    =     18137.5698
 EELEC  =   -108697.7443  EHBOND  =         0.0000  RESTRAINT  =         0.0000
 DV/DL  =       -10.2224
 ------------------------------------------------------------------------------


| TI region  2


 NSTEP =   120000   TIME(PS) =     120.000  TEMP(K) =   187.91  PRESS =     0.0
 Etot   =    -67486.1234  EKtot   =     11737.5239  EPtot      =    -79223.6473
 BOND   =     11313.5517  ANGLE   =         3.2898  DIHED      =         0.8447
 1-4 NB =         0.2503  1-4 EEL =        18.5907  VDWAALS    =     18137.5698
 EELEC  =   -108697.7443  EHBOND  =         0.0000  RESTRAINT  =         0.0000
 DV/DL  =       -10.2224
 ------------------------------------------------------------------------------

 NMR restraints: Bond =    0.000   Angle =     0.000   Torsion =     0.000
===============================================================================

| TI region  1


 NSTEP =   125000   TIME(PS) =     125.000  TEMP(K) =   197.08  PRESS =     0.0
 Etot   =    -66377.5493  EKtot   =     12309.8103  EPtot      =    -78687.3597
 BOND   =     11708.2441  ANGLE   =         3.1516  DIHED      =         0.6897
 1-4 NB =        -0.0033  1-4 EEL =        17.0928  VDWAALS    =     18308.3376
 EELEC  =   -108724.8723  EHBOND  =         0.0000  RESTRAINT  =         0.0000
 DV/DL  =       -11.9200
 ------------------------------------------------------------------------------


| TI region  2


 NSTEP =   125000   TIME(PS) =     125.000  TEMP(K) =   197.08  PRESS =     0.0
 Etot   =    -66377.5405  EKtot   =     12309.8192  EPtot      =    -78687.3597
 BOND   =     11708.2441  ANGLE   =         3.1516  DIHED      =         0.6897
 1-4 NB =        -0.0033  1-4 EEL =        17.0928  VDWAALS    =     18308.3376
 EELEC  =   -108724.8723  EHBOND  =         0.0000  RESTRAINT  =         0.0000
 DV/DL  =       -11.9200
 ------------------------------------------------------------------------------

 NMR restraints: Bond =    0.000   Angle =     0.000   Torsion =     0.000
===============================================================================

| TI region  1


 NSTEP =   130000   TIME(PS) =     130.000  TEMP(K) =   204.05  PRESS =     0.0
 Etot   =    -65173.0319  EKtot   =     12745.4427  EPtot      =    -77918.4746
 BOND   =     11489.8944  ANGLE   =         5.9046  DIHED      =         0.3910
 1-4 NB =         0.3110  1-4 EEL =        17.7540  VDWAALS    =     17935.9084
 EELEC  =   -107368.6379  EHBOND  =         0.0000  RESTRAINT  =         0.0000
 DV/DL  =        -9.3685
 ------------------------------------------------------------------------------


| TI region  2


 NSTEP =   130000   TIME(PS) =     130.000  TEMP(K) =   204.05  PRESS =     0.0
 Etot   =    -65172.9061  EKtot   =     12745.5685  EPtot      =    -77918.4746
 BOND   =     11489.8944  ANGLE   =         5.9046  DIHED      =         0.3910
 1-4 NB =         0.3110  1-4 EEL =        17.7540  VDWAALS    =     17935.9084
 EELEC  =   -107368.6379  EHBOND  =         0.0000  RESTRAINT  =         0.0000
 DV/DL  =        -9.3685
 ------------------------------------------------------------------------------

 NMR restraints: Bond =    0.000   Angle =     0.000   Torsion =     0.000
===============================================================================

| TI region  1


 NSTEP =   135000   TIME(PS) =     135.000  TEMP(K) =   211.68  PRESS =     0.0
 Etot   =    -63883.8628  EKtot   =     13222.0446  EPtot      =    -77105.9074
 BOND   =     11882.5291  ANGLE   =         5.1230  DIHED      =         0.8693
 1-4 NB =         0.5581  1-4 EEL =        17.8713  VDWAALS    =     17767.7028
 EELEC  =   -106780.5609  EHBOND  =         0.0000  RESTRAINT  =         0.0000
 DV/DL  =       -10.8055
 ------------------------------------------------------------------------------


| TI region  2


 NSTEP =   135000   TIME(PS) =     135.000  TEMP(K) =   211.68  PRESS =     0.0
 Etot   =    -63883.8737  EKtot   =     13222.0337  EPtot      =    -77105.9074
 BOND   =     11882.5291  ANGLE   =         5.1230  DIHED      =         0.8693
 1-4 NB =         0.5581  1-4 EEL =        17.8713  VDWAALS    =     17767.7028
 EELEC  =   -106780.5609  EHBOND  =         0.0000  RESTRAINT  =         0.0000
 DV/DL  =       -10.8055
 ------------------------------------------------------------------------------

 NMR restraints: Bond =    0.000   Angle =     0.000   Torsion =     0.000
===============================================================================

| TI region  1


 NSTEP =   140000   TIME(PS) =     140.000  TEMP(K) =   219.05  PRESS =     0.0
 Etot   =    -62913.6395  EKtot   =     13682.6336  EPtot      =    -76596.2731
 BOND   =     12055.1467  ANGLE   =         4.8234  DIHED      =         0.1286
 1-4 NB =         0.3000  1-4 EEL =        18.1490  VDWAALS    =     17349.4650
 EELEC  =   -106024.2858  EHBOND  =         0.0000  RESTRAINT  =         0.0000
 DV/DL  =        -8.6042
 ------------------------------------------------------------------------------


| TI region  2


 NSTEP =   140000   TIME(PS) =     140.000  TEMP(K) =   219.05  PRESS =     0.0
 Etot   =    -62913.7235  EKtot   =     13682.5495  EPtot      =    -76596.2731
 BOND   =     12055.1467  ANGLE   =         4.8234  DIHED      =         0.1286
 1-4 NB =         0.3000  1-4 EEL =        18.1490  VDWAALS    =     17349.4650
 EELEC  =   -106024.2858  EHBOND  =         0.0000  RESTRAINT  =         0.0000
 DV/DL  =        -8.6042
 ------------------------------------------------------------------------------

 NMR restraints: Bond =    0.000   Angle =     0.000   Torsion =     0.000
===============================================================================

| TI region  1


 NSTEP =   145000   TIME(PS) =     145.000  TEMP(K) =   228.15  PRESS =     0.0
 Etot   =    -61392.0538  EKtot   =     14251.0954  EPtot      =    -75643.1491
 BOND   =     12148.1985  ANGLE   =         2.3270  DIHED      =         1.3114
 1-4 NB =         1.2037  1-4 EEL =        18.9713  VDWAALS    =     17232.7774
 EELEC  =   -105047.9384  EHBOND  =         0.0000  RESTRAINT  =         0.0000
 DV/DL  =        -7.9753
 ------------------------------------------------------------------------------


| TI region  2


 NSTEP =   145000   TIME(PS) =     145.000  TEMP(K) =   228.15  PRESS =     0.0
 Etot   =    -61392.0768  EKtot   =     14251.0723  EPtot      =    -75643.1491
 BOND   =     12148.1985  ANGLE   =         2.3270  DIHED      =         1.3114
 1-4 NB =         1.2037  1-4 EEL =        18.9713  VDWAALS    =     17232.7774
 EELEC  =   -105047.9384  EHBOND  =         0.0000  RESTRAINT  =         0.0000
 DV/DL  =        -7.9753
 ------------------------------------------------------------------------------

 NMR restraints: Bond =    0.000   Angle =     0.000   Torsion =     0.000
===============================================================================

| TI region  1


 NSTEP =   150000   TIME(PS) =     150.000  TEMP(K) =   233.96  PRESS =     0.0
 Etot   =    -60176.4531  EKtot   =     14613.4926  EPtot      =    -74789.9457
 BOND   =     12283.7468  ANGLE   =         2.9304  DIHED      =         0.4358
 1-4 NB =         0.8798  1-4 EEL =        18.8732  VDWAALS    =     16763.7590
 EELEC  =   -103860.5707  EHBOND  =         0.0000  RESTRAINT  =         0.0000
 DV/DL  =        -8.0265
 ------------------------------------------------------------------------------


| TI region  2


 NSTEP =   150000   TIME(PS) =     150.000  TEMP(K) =   233.96  PRESS =     0.0
 Etot   =    -60176.2727  EKtot   =     14613.6730  EPtot      =    -74789.9457
 BOND   =     12283.7468  ANGLE   =         2.9304  DIHED      =         0.4358
 1-4 NB =         0.8798  1-4 EEL =        18.8732  VDWAALS    =     16763.7590
 EELEC  =   -103860.5707  EHBOND  =         0.0000  RESTRAINT  =         0.0000
 DV/DL  =        -8.0265
 ------------------------------------------------------------------------------

 NMR restraints: Bond =    0.000   Angle =     0.000   Torsion =     0.000
===============================================================================

| TI region  1


 NSTEP =   155000   TIME(PS) =     155.000  TEMP(K) =   246.90  PRESS =     0.0
 Etot   =    -58411.9976  EKtot   =     15421.9141  EPtot      =    -73833.9118
 BOND   =     12375.7998  ANGLE   =         6.1127  DIHED      =         1.2998
 1-4 NB =         0.2142  1-4 EEL =        17.4915  VDWAALS    =     16506.5897
 EELEC  =   -102741.4194  EHBOND  =         0.0000  RESTRAINT  =         0.0000
 DV/DL  =        -9.8230
 ------------------------------------------------------------------------------


| TI region  2


 NSTEP =   155000   TIME(PS) =     155.000  TEMP(K) =   246.90  PRESS =     0.0
 Etot   =    -58412.1256  EKtot   =     15421.7861  EPtot      =    -73833.9118
 BOND   =     12375.7998  ANGLE   =         6.1127  DIHED      =         1.2998
 1-4 NB =         0.2142  1-4 EEL =        17.4915  VDWAALS    =     16506.5897
 EELEC  =   -102741.4194  EHBOND  =         0.0000  RESTRAINT  =         0.0000
 DV/DL  =        -9.8230
 ------------------------------------------------------------------------------

 NMR restraints: Bond =    0.000   Angle =     0.000   Torsion =     0.000
===============================================================================

| TI region  1


 NSTEP =   160000   TIME(PS) =     160.000  TEMP(K) =   253.21  PRESS =     0.0
 Etot   =    -56944.2161  EKtot   =     15816.1140  EPtot      =    -72760.3301
 BOND   =     12439.6023  ANGLE   =         2.6581  DIHED      =         0.3362
 1-4 NB =         0.3359  1-4 EEL =        17.8237  VDWAALS    =     15804.0000
 EELEC  =   -101025.0862  EHBOND  =         0.0000  RESTRAINT  =         0.0000
 DV/DL  =        -9.7905
 ------------------------------------------------------------------------------


| TI region  2


 NSTEP =   160000   TIME(PS) =     160.000  TEMP(K) =   253.21  PRESS =     0.0
 Etot   =    -56944.4023  EKtot   =     15815.9278  EPtot      =    -72760.3301
 BOND   =     12439.6023  ANGLE   =         2.6581  DIHED      =         0.3362
 1-4 NB =         0.3359  1-4 EEL =        17.8237  VDWAALS    =     15804.0000
 EELEC  =   -101025.0862  EHBOND  =         0.0000  RESTRAINT  =         0.0000
 DV/DL  =        -9.7905
 ------------------------------------------------------------------------------

 NMR restraints: Bond =    0.000   Angle =     0.000   Torsion =     0.000
===============================================================================

| TI region  1


 NSTEP =   165000   TIME(PS) =     165.000  TEMP(K) =   259.99  PRESS =     0.0
 Etot   =    -55029.5644  EKtot   =     16239.5676  EPtot      =    -71269.1321
 BOND   =     12658.9963  ANGLE   =         2.8622  DIHED      =         1.6111
 1-4 NB =         0.3047  1-4 EEL =        15.9311  VDWAALS    =     15471.9809
 EELEC  =    -99420.8184  EHBOND  =         0.0000  RESTRAINT  =         0.0000
 DV/DL  =       -12.5917
 ------------------------------------------------------------------------------


| TI region  2


 NSTEP =   165000   TIME(PS) =     165.000  TEMP(K) =   259.99  PRESS =     0.0
 Etot   =    -55029.5600  EKtot   =     16239.5721  EPtot      =    -71269.1321
 BOND   =     12658.9963  ANGLE   =         2.8622  DIHED      =         1.6111
 1-4 NB =         0.3047  1-4 EEL =        15.9311  VDWAALS    =     15471.9809
 EELEC  =    -99420.8184  EHBOND  =         0.0000  RESTRAINT  =         0.0000
 DV/DL  =       -12.5917
 ------------------------------------------------------------------------------

 NMR restraints: Bond =    0.000   Angle =     0.000   Torsion =     0.000
===============================================================================

| TI region  1


 NSTEP =   170000   TIME(PS) =     170.000  TEMP(K) =   264.78  PRESS =     0.0
 Etot   =    -53751.4270  EKtot   =     16538.8462  EPtot      =    -70290.2733
 BOND   =     12609.2217  ANGLE   =         5.9897  DIHED      =         2.2526
 1-4 NB =         0.6212  1-4 EEL =        17.0500  VDWAALS    =     14962.7508
 EELEC  =    -97888.1593  EHBOND  =         0.0000  RESTRAINT  =         0.0000
 DV/DL  =       -13.4092
 ------------------------------------------------------------------------------


| TI region  2


 NSTEP =   170000   TIME(PS) =     170.000  TEMP(K) =   264.78  PRESS =     0.0
 Etot   =    -53751.3500  EKtot   =     16538.9233  EPtot      =    -70290.2733
 BOND   =     12609.2217  ANGLE   =         5.9897  DIHED      =         2.2526
 1-4 NB =         0.6212  1-4 EEL =        17.0500  VDWAALS    =     14962.7508
 EELEC  =    -97888.1593  EHBOND  =         0.0000  RESTRAINT  =         0.0000
 DV/DL  =       -13.4092
 ------------------------------------------------------------------------------

 NMR restraints: Bond =    0.000   Angle =     0.000   Torsion =     0.000
===============================================================================

| TI region  1


 NSTEP =   175000   TIME(PS) =     175.000  TEMP(K) =   274.45  PRESS =     0.0
 Etot   =    -51905.3955  EKtot   =     17142.7029  EPtot      =    -69048.0984
 BOND   =     12532.9178  ANGLE   =         6.2625  DIHED      =         0.6746
 1-4 NB =         0.4660  1-4 EEL =        17.7927  VDWAALS    =     14730.0770
 EELEC  =    -96336.2890  EHBOND  =         0.0000  RESTRAINT  =         0.0000
 DV/DL  =        -7.1644
 ------------------------------------------------------------------------------


| TI region  2


 NSTEP =   175000   TIME(PS) =     175.000  TEMP(K) =   274.45  PRESS =     0.0
 Etot   =    -51905.3664  EKtot   =     17142.7320  EPtot      =    -69048.0984
 BOND   =     12532.9178  ANGLE   =         6.2625  DIHED      =         0.6746
 1-4 NB =         0.4660  1-4 EEL =        17.7927  VDWAALS    =     14730.0770
 EELEC  =    -96336.2890  EHBOND  =         0.0000  RESTRAINT  =         0.0000
 DV/DL  =        -7.1644
 ------------------------------------------------------------------------------

 NMR restraints: Bond =    0.000   Angle =     0.000   Torsion =     0.000
===============================================================================

| TI region  1


 NSTEP =   180000   TIME(PS) =     180.000  TEMP(K) =   280.51  PRESS =     0.0
 Etot   =    -50634.9951  EKtot   =     17521.5166  EPtot      =    -68156.5118
 BOND   =     12637.5281  ANGLE   =         4.8086  DIHED      =         1.2738
 1-4 NB =         1.2307  1-4 EEL =        18.6056  VDWAALS    =     14270.3321
 EELEC  =    -95090.2907  EHBOND  =         0.0000  RESTRAINT  =         0.0000
 DV/DL  =       -10.5264
 ------------------------------------------------------------------------------


| TI region  2


 NSTEP =   180000   TIME(PS) =     180.000  TEMP(K) =   280.52  PRESS =     0.0
 Etot   =    -50634.7599  EKtot   =     17521.7519  EPtot      =    -68156.5118
 BOND   =     12637.5281  ANGLE   =         4.8086  DIHED      =         1.2738
 1-4 NB =         1.2307  1-4 EEL =        18.6056  VDWAALS    =     14270.3321
 EELEC  =    -95090.2907  EHBOND  =         0.0000  RESTRAINT  =         0.0000
 DV/DL  =       -10.5264
 ------------------------------------------------------------------------------

 NMR restraints: Bond =    0.000   Angle =     0.000   Torsion =     0.000
===============================================================================

| TI region  1


 NSTEP =   185000   TIME(PS) =     185.000  TEMP(K) =   290.38  PRESS =     0.0
 Etot   =    -49028.6329  EKtot   =     18138.0230  EPtot      =    -67166.6560
 BOND   =     12622.9301  ANGLE   =         5.8593  DIHED      =         2.8274
 1-4 NB =         0.3972  1-4 EEL =        14.3865  VDWAALS    =     14075.2688
 EELEC  =    -93888.3253  EHBOND  =         0.0000  RESTRAINT  =         0.0000
 DV/DL  =       -13.1443
 ------------------------------------------------------------------------------


| TI region  2


 NSTEP =   185000   TIME(PS) =     185.000  TEMP(K) =   290.39  PRESS =     0.0
 Etot   =    -49028.4370  EKtot   =     18138.2189  EPtot      =    -67166.6560
 BOND   =     12622.9301  ANGLE   =         5.8593  DIHED      =         2.8274
 1-4 NB =         0.3972  1-4 EEL =        14.3865  VDWAALS    =     14075.2688
 EELEC  =    -93888.3253  EHBOND  =         0.0000  RESTRAINT  =         0.0000
 DV/DL  =       -13.1443
 ------------------------------------------------------------------------------

 NMR restraints: Bond =    0.000   Angle =     0.000   Torsion =     0.000
===============================================================================

| TI region  1


 NSTEP =   190000   TIME(PS) =     190.000  TEMP(K) =   298.36  PRESS =     0.0
 Etot   =    -47552.3092  EKtot   =     18636.2371  EPtot      =    -66188.5463
 BOND   =     12900.2909  ANGLE   =         4.9681  DIHED      =         1.1267
 1-4 NB =         0.5158  1-4 EEL =        16.3165  VDWAALS    =     13707.0278
 EELEC  =    -92818.7921  EHBOND  =         0.0000  RESTRAINT  =         0.0000
 DV/DL  =        -9.0115
 ------------------------------------------------------------------------------


| TI region  2


 NSTEP =   190000   TIME(PS) =     190.000  TEMP(K) =   298.36  PRESS =     0.0
 Etot   =    -47552.5232  EKtot   =     18636.0230  EPtot      =    -66188.5463
 BOND   =     12900.2909  ANGLE   =         4.9681  DIHED      =         1.1267
 1-4 NB =         0.5158  1-4 EEL =        16.3165  VDWAALS    =     13707.0278
 EELEC  =    -92818.7921  EHBOND  =         0.0000  RESTRAINT  =         0.0000
 DV/DL  =        -9.0115
 ------------------------------------------------------------------------------

 NMR restraints: Bond =    0.000   Angle =     0.000   Torsion =     0.000
===============================================================================

| TI region  1


 NSTEP =   195000   TIME(PS) =     195.000  TEMP(K) =   299.97  PRESS =     0.0
 Etot   =    -47341.6907  EKtot   =     18736.9139  EPtot      =    -66078.6045
 BOND   =     13289.0376  ANGLE   =         5.1201  DIHED      =         0.9654
 1-4 NB =         0.5685  1-4 EEL =        18.2910  VDWAALS    =     14142.7887
 EELEC  =    -93535.3759  EHBOND  =         0.0000  RESTRAINT  =         0.0000
 DV/DL  =        -8.3491
 ------------------------------------------------------------------------------


| TI region  2


 NSTEP =   195000   TIME(PS) =     195.000  TEMP(K) =   299.97  PRESS =     0.0
 Etot   =    -47341.9451  EKtot   =     18736.6594  EPtot      =    -66078.6045
 BOND   =     13289.0376  ANGLE   =         5.1201  DIHED      =         0.9654
 1-4 NB =         0.5685  1-4 EEL =        18.2910  VDWAALS    =     14142.7887
 EELEC  =    -93535.3759  EHBOND  =         0.0000  RESTRAINT  =         0.0000
 DV/DL  =        -8.3491
 ------------------------------------------------------------------------------

 NMR restraints: Bond =    0.000   Angle =     0.000   Torsion =     0.000
===============================================================================

| TI region  1


 NSTEP =   200000   TIME(PS) =     200.000  TEMP(K) =   299.95  PRESS =     0.0
 Etot   =    -47612.6632  EKtot   =     18735.6366  EPtot      =    -66348.2997
 BOND   =     12702.1530  ANGLE   =         3.5378  DIHED      =         1.9774
 1-4 NB =         0.3992  1-4 EEL =        18.2467  VDWAALS    =     13623.1966
 EELEC  =    -92697.8105  EHBOND  =         0.0000  RESTRAINT  =         0.0000
 DV/DL  =       -10.8380
 ------------------------------------------------------------------------------


| TI region  2


 NSTEP =   200000   TIME(PS) =     200.000  TEMP(K) =   299.95  PRESS =     0.0
 Etot   =    -47612.7999  EKtot   =     18735.4998  EPtot      =    -66348.2997
 BOND   =     12702.1530  ANGLE   =         3.5378  DIHED      =         1.9774
 1-4 NB =         0.3992  1-4 EEL =        18.2467  VDWAALS    =     13623.1966
 EELEC  =    -92697.8105  EHBOND  =         0.0000  RESTRAINT  =         0.0000
 DV/DL  =       -10.8380
 ------------------------------------------------------------------------------

 NMR restraints: Bond =    0.000   Angle =     0.000   Torsion =     0.000
===============================================================================

| TI region  1


      A V E R A G E S   O V E R      40 S T E P S


 NSTEP =   200000   TIME(PS) =     200.000  TEMP(K) =   160.34  PRESS =     0.0
 Etot   =    -69558.2215  EKtot   =     10014.9938  EPtot      =    -79573.2153
 BOND   =     10662.7875  ANGLE   =         2.7443  DIHED      =         0.7018
 1-4 NB =         0.4027  1-4 EEL =        17.6861  VDWAALS    =     17872.6929
 EELEC  =   -108130.2306  EHBOND  =         0.0000  RESTRAINT  =         0.0000
 DV/DL  =        -8.0347
 ------------------------------------------------------------------------------

 NMR restraints: Bond =    0.000   Angle =     0.000   Torsion =     0.000
===============================================================================

      R M S  F L U C T U A T I O N S


 NSTEP =   200000   TIME(PS) =     200.000  TEMP(K) =    89.96  PRESS =     0.0
 Etot   =     12708.5542  EKtot   =      5619.3839  EPtot      =      7159.0129
 BOND   =      1717.4598  ANGLE   =         1.8237  DIHED      =         0.6554
 1-4 NB =         0.2709  1-4 EEL =         0.8720  VDWAALS    =      2000.9633
 EELEC  =      7551.8012  EHBOND  =         0.0000  RESTRAINT  =         0.0000
 DV/DL  =         2.6065
 ------------------------------------------------------------------------------


| TI region  2


      A V E R A G E S   O V E R      40 S T E P S


 NSTEP =   200000   TIME(PS) =     200.000  TEMP(K) =   160.34  PRESS =     0.0
 Etot   =    -69558.2310  EKtot   =     10014.9843  EPtot      =    -79573.2153
 BOND   =     10662.7875  ANGLE   =         2.7443  DIHED      =         0.7018
 1-4 NB =         0.4027  1-4 EEL =        17.6861  VDWAALS    =     17872.6929
 EELEC  =   -108130.2306  EHBOND  =         0.0000  RESTRAINT  =         0.0000
 DV/DL  =        -8.0347
 ------------------------------------------------------------------------------

 NMR restraints: Bond =    0.000   Angle =     0.000   Torsion =     0.000
===============================================================================

      R M S  F L U C T U A T I O N S


 NSTEP =   200000   TIME(PS) =     200.000  TEMP(K) =    89.96  PRESS =     0.0
 Etot   =     12708.5442  EKtot   =      5619.3740  EPtot      =      7159.0129
 BOND   =      1717.4598  ANGLE   =         1.8237  DIHED      =         0.6554
 1-4 NB =         0.2709  1-4 EEL =         0.8720  VDWAALS    =      2000.9633
 EELEC  =      7551.8012  EHBOND  =         0.0000  RESTRAINT  =         0.0000
 DV/DL  =         2.6065
 ------------------------------------------------------------------------------


      DV/DL, AVERAGES OVER      40 STEPS


 NSTEP =   200000   TIME(PS) =     200.000  TEMP(K) =    89.96  PRESS =     0.0
 Etot   =         0.0000  EKtot   =         0.0000  EPtot      =        -8.0347
 BOND   =        -0.0223  ANGLE   =        -0.0030  DIHED      =        -0.0006
 1-4 NB =         0.0002  1-4 EEL =       -40.4365  VDWAALS    =         0.0001
 EELEC  =        32.4274  EHBOND  =         0.0000  RESTRAINT  =         0.0000
 DV/DL  =        -8.0347
 ------------------------------------------------------------------------------


 NMR restraints on final step:

--------------------------------------------------------------------------------
   5.  TIMINGS
--------------------------------------------------------------------------------

|  NonSetup CPU Time in Major Routines:
|
|     Routine           Sec        %
|     ------------------------------
|     Nonbond          79.74   17.05
|     Bond              0.00    0.00
|     Angle             0.00    0.00
|     Dihedral          0.00    0.00
|     Shake             0.00    0.00
|     RunMD           387.18   82.79
|     Other             0.72    0.15
|     ------------------------------
|     Total           467.64

|  PME Nonbond Pairlist CPU Time:
|
|     Routine              Sec        %
|     ---------------------------------
|     Set Up Cit           0.00    0.00
|     Build List           0.00    0.00
|     ---------------------------------
|     Total                0.00    0.00

|  PME Direct Force CPU Time:
|
|     Routine              Sec        %
|     ---------------------------------
|     NonBonded Calc       0.00    0.00
|     Exclude Masked       0.00    0.00
|     Other                0.48    0.10
|     ---------------------------------
|     Total                0.48    0.10

|  PME Reciprocal Force CPU Time:
|
|     Routine              Sec        %
|     ---------------------------------
|     1D bspline           0.00    0.00
|     Grid Charges         0.00    0.00
|     Scalar Sum           0.00    0.00
|     Gradient Sum         0.00    0.00
|     FFT                  0.00    0.00
|     ---------------------------------
|     Total                0.00    0.00

|  Final Performance Info:
|     -----------------------------------------------------
|     Average timings for last   20000 steps:
|     Elapsed(s) =      47.50 Per Step(ms) =       2.38
|         ns/day =      36.38   seconds/ns =    2375.14
|
|     Average timings for all steps:
|     Elapsed(s) =     468.38 Per Step(ms) =       2.34
|         ns/day =      36.89   seconds/ns =    2341.88
|     -----------------------------------------------------

|  Setup CPU time:            0.61 seconds
|  NonSetup CPU time:       467.64 seconds
|  Total CPU time:          468.25 seconds     0.13 hours

|  Setup wall time:           0    seconds
|  NonSetup wall time:      469    seconds
|  Total wall time:         469    seconds     0.13 hours
