
          -------------------------------------------------------
          Amber 20 PMEMD                              2020
          -------------------------------------------------------

| PMEMD implementation of SANDER, Release 18

|  Compiled date/time: Mon Apr 27 21:19:54 2020
| Run on 10/06/2020 at 15:40:38

|   Executable path: /opt/software/Amber/20-fosscuda-2019b/amber20/bin/pmemd.cuda
| Working directory: /mnt/ls15/scratch/users/songlin3/run/solvation_amber20/en/two_steps_tip3p_ethylenediame/step1_ethylenediame_to_vdw/0.68392
|          Hostname: lac-081

  [-O]verwriting output

File Assignments:
|   MDIN: heat.in                                                               
|  MDOUT: heat.out                                                              
| INPCRD: min.rst                                                               
|   PARM: en_step1_final.prmtop                                                 
| RESTRT: heat.rst                                                              
|   REFC: min.rst                                                               
|  MDVEL: mdvel                                                                 
|   MDEN: mden                                                                  
|  MDCRD: heat.netcdf                                                           
| MDINFO: heat.mdinfo                                                           
|  MDFRC: mdfrc                                                                 


 Here is the input file:

nvt for free MD                                                                
 &cntrl                                                                        
  imin=0,                                                                      
  irest=0,                                                                     
  ntx=1,                                                                       
  ig=-1,                                                                       
  nstlim=200000,                                                               
  dt=0.001,                                                                    
  cut=10.0,                                                                    
  ntc=1,                                                                       
  ntf=1,                                                                       
  ntb=1,                                                                       
  ntt=3,                                                                       
  gamma_ln=2.0,                                                                
  tempi=0.0,                                                                   
  temp0=300.0,                                                                 
  ntpr=5000,                                                                   
  ntwr=5000,                                                                   
  ntwx=10000,                                                                  
  ntwv=0,                                                                      
  ioutfm=1,                                                                    
  iwrap=0,                                                                     
  nmropt=1,                                                                    
  ifsc = 0, icfe=1,                                                            
  clambda=0.68392,                                                             
  timask1=':1',                                                                
  timask2=':2', crgmask = ':2',                                                
/                                                                              
&wt TYPE='TEMP0', istep1=0, istep2=190000, value1=0.0, value2=300.0 /          
&wt TYPE='TEMP0', istep1=190001, istep2=200000, value1=300.0, value2=300.0 /   
&wt TYPE='DUMPFREQ', istep1=10000, /                                           
&wt TYPE='END', /                                                              


Note: ig = -1. Setting random seed to   670925 based on wallclock time in 
      microseconds.
| irandom = 1, using AMBER's internal random number generator (default).
 
|--------------------- INFORMATION ----------------------
| GPU (CUDA) Version of PMEMD in use: NVIDIA GPU IN USE.
|                    Version 18.0.0
| 
|                      03/25/2018
| 
| Implementation by:
|                    Ross C. Walker     (SDSC)
|                    Scott Le Grand     (nVIDIA)
| 
| Version 18 performance extensions by:
|                    David Cerutti     (Rutgers)
| 
| Precision model in use:
|      [SPFP] - Single Precision Forces, 64-bit Fixed Point
|               Accumulation. (Default)
| 
|--------------------------------------------------------
 
|----------------- CITATION INFORMATION -----------------
|
|    When publishing work that utilized the CUDA version
|    of AMBER, please cite the following in addition to
|    the regular AMBER citations:
|
|  - Romelia Salomon-Ferrer; Andreas W. Goetz; Duncan
|    Poole; Scott Le Grand; Ross C. Walker "Routine
|    microsecond molecular dynamics simulations with
|    AMBER - Part II: Particle Mesh Ewald", J. Chem.
|    Theory Comput., 2013, 9 (9), pp3878-3888,
|    DOI: 10.1021/ct400314y.
|
|  - Andreas W. Goetz; Mark J. Williamson; Dong Xu;
|    Duncan Poole; Scott Le Grand; Ross C. Walker
|    "Routine microsecond molecular dynamics simulations
|    with AMBER - Part I: Generalized Born", J. Chem.
|    Theory Comput., 2012, 8 (5), pp1542-1555.
|
|  - Scott Le Grand; Andreas W. Goetz; Ross C. Walker
|    "SPFP: Speed without compromise - a mixed precision
|    model for GPU accelerated molecular dynamics
|    simulations.", Comp. Phys. Comm., 2013, 184
|    pp374-380, DOI: 10.1016/j.cpc.2012.09.022
|
|    When publishing work that utilized the CUDA version
|    of TI, BAR, MBAR or FEP please cite the following 
|    publications in addition to the regular AMBER 
|    GPU citations:
|
|  - Daniel J. Mermelstein; Charles Lin; Gard Nelson; 
|    Rachael Kretsch; J. Andrew McCammon; Ross C. Walker
|    "Fast and Flexible GPU Accelerated Binding 
|    Free Energy Calculations within the AMBER Molecular
|    Dynamics Package" J. Comp. Chem., 2018,
|    DOI: 10.1002/jcc.25187
|
|  - Tai-Sung Lee; Yuan Hu; Brad Sherborne; Zhuyan Guo;
|    Darrin M. York
|    "Toward Fast and Accurate Binding Affinity Prediction with
|    pmemdGTI: An Efficient Implementation of GPU-Accelerated
|    Thermodynamic Integration"
|    J. Chem. Theory Comput., 2017, 13 (7), 3077
|
|
|--------------------------------------------------------
 
|------------------- GPU DEVICE INFO --------------------
|
|            CUDA_VISIBLE_DEVICES: 0
|   CUDA Capable Devices Detected:      1
|           CUDA Device ID in use:      0
|                CUDA Device Name: Tesla K80
|     CUDA Device Global Mem Size:  12206 MB
| CUDA Device Num Multiprocessors:     13
|           CUDA Device Core Freq:   0.82 GHz
|
|--------------------------------------------------------
 
 
| Conditional Compilation Defines Used:
| FFTW_FFT
| BINTRAJ
| MKL
| CUDA
| EMIL

| Largest sphere to fit in unit cell has radius =    27.375

| New format PARM file being parsed.
| Version =    1.000 Date = 05/26/20 Time = 15:44:31

| Note: 1-4 EEL scale factors are being read from the topology file.

| Note: 1-4 VDW scale factors are being read from the topology file.
| Duplicated    0 dihedrals

| Duplicated    0 dihedrals

--------------------------------------------------------------------------------
   1.  RESOURCE   USE: 
--------------------------------------------------------------------------------

 getting box info from netcdf restart file
 NATOM  =   20967 NTYPES =       6 NBONH =   20959 MBONA  =       6
 NTHETH =      32 MTHETA =       4 NPHIH =      40 MPHIA  =       2
 NHPARM =       0 NPARM  =       0 NNB   =   28026 NRES   =    6983
 NBONA  =       6 NTHETA =       4 NPHIA =       2 NUMBND =       6
 NUMANG =       6 NPTRA  =       2 NATYP =       6 NPHB   =       1
 IFBOX  =       2 NMXRS  =      12 IFCAP =       0 NEXTRA =       0
 NCOPY  =       0

| Coordinate Index Table dimensions:    10   10   10
| Direct force subcell size =     6.7054    6.7054    6.7054

     BOX TYPE: TRUNCATED OCTAHEDRON

--------------------------------------------------------------------------------
   2.  CONTROL  DATA  FOR  THE  RUN
--------------------------------------------------------------------------------

default_name                                                                    

General flags:
     imin    =       0, nmropt  =       1

Nature and format of input:
     ntx     =       1, irest   =       0, ntrx    =       1

Nature and format of output:
     ntxo    =       2, ntpr    =    5000, ntrx    =       1, ntwr    =    5000
     iwrap   =       0, ntwx    =   10000, ntwv    =       0, ntwe    =       0
     ioutfm  =       1, ntwprt  =       0, idecomp =       0, rbornstat=      0

Potential function:
     ntf     =       1, ntb     =       1, igb     =       0, nsnb    =      25
     ipol    =       0, gbsa    =       0, iesp    =       0
     dielc   =   1.00000, cut     =  10.00000, intdiel =   1.00000

Frozen or restrained atoms:
     ibelly  =       0, ntr     =       0

Molecular dynamics:
     nstlim  =    200000, nscm    =      1000, nrespa  =         1
     t       =   0.00000, dt      =   0.00100, vlimit  =  -1.00000

Langevin dynamics temperature regulation:
     ig      =  670925
     temp0   = 300.00000, tempi   =   0.00000, gamma_ln=   2.00000

NMR refinement options:
     iscale  =       0, noeskp  =       1, ipnlty  =       1, mxsub   =       1
     scalm   = 100.00000, pencut  =   0.10000, tausw   =   0.10000

Free energy options:
     icfe    =       1, ifsc    =       0, klambda =       1
     clambda =  0.6839, scalpha =  0.5000, scbeta  = 12.0000
     sceeorder =       2
     dynlmb =  0.0000 logdvdl =       0

| Intermolecular bonds treatment:
|     no_intermolecular_bonds =       1

| Energy averages sample interval:
|     ene_avg_sampling =    5000

Ewald parameters:
     verbose =       0, ew_type =       0, nbflag  =       1, use_pme =       1
     vdwmeth =       1, eedmeth =       1, netfrc  =       1
     Box X =   67.054   Box Y =   67.054   Box Z =   67.054
     Alpha =  109.471   Beta  =  109.471   Gamma =  109.471
     NFFT1 =   64       NFFT2 =   64       NFFT3 =   64
     Cutoff=   10.000   Tol   =0.100E-04
     Ewald Coefficient =  0.27511
     Interpolation order =    4
     TI Mask 1 :1; matches     12 atoms
     TI Mask 2 :2; matches     12 atoms
     TI region 1:   20955 atoms
     TI region 2:   20955 atoms
Removing charge of      -0.6664 from atom      13
Removing charge of      -0.6664 from atom      14
Removing charge of      -0.0664 from atom      15
Removing charge of      -0.0664 from atom      16
Removing charge of       0.2792 from atom      17
Removing charge of       0.2802 from atom      18
Removing charge of       0.2802 from atom      19
Removing charge of       0.2792 from atom      20
Removing charge of       0.0898 from atom      21
Removing charge of       0.0837 from atom      22
Removing charge of       0.0898 from atom      23
Removing charge of       0.0837 from atom      24
Total charge of  -0.00000000 removed from      12 atoms
     Checking for mismatched coordinates.

--------------------------------------------------------------------------------
   3.  ATOMIC COORDINATES AND VELOCITIES
--------------------------------------------------------------------------------

default_name                                                                    
 begin time read from input coords =     0.000 ps



           Begin reading energy term weight changes/NMR restraints
 WEIGHT CHANGES:
 TEMP0         0 190000    0.000000  300.000000      0      0
 TEMP0    190001 200000  300.000000  300.000000      0      0
 DUMPFREQ  10000      0    0.000000    0.000000      0      0

 RESTRAINTS:
                          ** No restraint defined **

                  Done reading weight changes/NMR restraints


 
 Number of triangulated 3-point waters found:     6981

     Sum of charges for TI region  1 =  -0.00000000
     Skip neutralizing charges...


     Sum of charges for TI region  2 =   0.00000000
     Skip neutralizing charges...

| Dynamic Memory, Types Used:
| Reals              919408
| Integers           798260

| Nonbonded Pairs Initial Allocation:     6341993

| GPU memory information (estimate):
| KB of GPU memory in use:    246078
| KB of CPU memory in use:     51390

--------------------------------------------------------------------------------
   4.  RESULTS
--------------------------------------------------------------------------------


| TI region  1


 NSTEP =        0   TIME(PS) =       0.000  TEMP(K) =     0.00  PRESS =     0.0
 Etot   =    -89277.1158  EKtot   =         0.0000  EPtot      =    -89277.1158
 BOND   =      7205.3239  ANGLE   =         0.0970  DIHED      =         0.0778
 1-4 NB =         0.3102  1-4 EEL =        12.9019  VDWAALS    =     19318.4221
 EELEC  =   -115814.2487  EHBOND  =         0.0000  RESTRAINT  =         0.0000
 DV/DL  =        -7.1058
 ------------------------------------------------------------------------------


| TI region  2


 NSTEP =        0   TIME(PS) =       0.000  TEMP(K) =     0.00  PRESS =     0.0
 Etot   =    -89277.1158  EKtot   =         0.0000  EPtot      =    -89277.1158
 BOND   =      7205.3239  ANGLE   =         0.0970  DIHED      =         0.0778
 1-4 NB =         0.3102  1-4 EEL =        12.9019  VDWAALS    =     19318.4221
 EELEC  =   -115814.2487  EHBOND  =         0.0000  RESTRAINT  =         0.0000
 DV/DL  =        -7.1058
 ------------------------------------------------------------------------------

 NMR restraints: Bond =    0.000   Angle =     0.000   Torsion =     0.000
===============================================================================

| TI region  1


 NSTEP =     5000   TIME(PS) =       5.000  TEMP(K) =     7.27  PRESS =     0.0
 Etot   =    -88752.4091  EKtot   =       453.9099  EPtot      =    -89206.3190
 BOND   =      7415.5694  ANGLE   =         0.1555  DIHED      =         0.0511
 1-4 NB =         0.3579  1-4 EEL =        13.1764  VDWAALS    =     19425.2208
 EELEC  =   -116060.8500  EHBOND  =         0.0000  RESTRAINT  =         0.0000
 DV/DL  =        -5.4363
 ------------------------------------------------------------------------------


| TI region  2


 NSTEP =     5000   TIME(PS) =       5.000  TEMP(K) =     7.27  PRESS =     0.0
 Etot   =    -88752.4158  EKtot   =       453.9032  EPtot      =    -89206.3190
 BOND   =      7415.5694  ANGLE   =         0.1555  DIHED      =         0.0511
 1-4 NB =         0.3579  1-4 EEL =        13.1764  VDWAALS    =     19425.2208
 EELEC  =   -116060.8500  EHBOND  =         0.0000  RESTRAINT  =         0.0000
 DV/DL  =        -5.4363
 ------------------------------------------------------------------------------

 NMR restraints: Bond =    0.000   Angle =     0.000   Torsion =     0.000
===============================================================================

| TI region  1


 NSTEP =    10000   TIME(PS) =      10.000  TEMP(K) =    15.12  PRESS =     0.0
 Etot   =    -87937.8429  EKtot   =       944.7278  EPtot      =    -88882.5706
 BOND   =      7637.3350  ANGLE   =         0.2323  DIHED      =         0.0284
 1-4 NB =         0.3872  1-4 EEL =        13.1505  VDWAALS    =     19498.8273
 EELEC  =   -116032.5312  EHBOND  =         0.0000  RESTRAINT  =         0.0000
 DV/DL  =        -5.8957
 ------------------------------------------------------------------------------


| TI region  2


 NSTEP =    10000   TIME(PS) =      10.000  TEMP(K) =    15.12  PRESS =     0.0
 Etot   =    -87937.8269  EKtot   =       944.7437  EPtot      =    -88882.5706
 BOND   =      7637.3350  ANGLE   =         0.2323  DIHED      =         0.0284
 1-4 NB =         0.3872  1-4 EEL =        13.1505  VDWAALS    =     19498.8273
 EELEC  =   -116032.5312  EHBOND  =         0.0000  RESTRAINT  =         0.0000
 DV/DL  =        -5.8957
 ------------------------------------------------------------------------------

 NMR restraints: Bond =    0.000   Angle =     0.000   Torsion =     0.000
===============================================================================

| TI region  1


 NSTEP =    15000   TIME(PS) =      15.000  TEMP(K) =    23.14  PRESS =     0.0
 Etot   =    -87128.7059  EKtot   =      1445.5921  EPtot      =    -88574.2980
 BOND   =      7811.8993  ANGLE   =         0.3614  DIHED      =         0.1819
 1-4 NB =         0.3300  1-4 EEL =        12.8870  VDWAALS    =     19511.7630
 EELEC  =   -115911.7207  EHBOND  =         0.0000  RESTRAINT  =         0.0000
 DV/DL  =        -5.6692
 ------------------------------------------------------------------------------


| TI region  2


 NSTEP =    15000   TIME(PS) =      15.000  TEMP(K) =    23.14  PRESS =     0.0
 Etot   =    -87128.7160  EKtot   =      1445.5821  EPtot      =    -88574.2980
 BOND   =      7811.8993  ANGLE   =         0.3614  DIHED      =         0.1819
 1-4 NB =         0.3300  1-4 EEL =        12.8870  VDWAALS    =     19511.7630
 EELEC  =   -115911.7207  EHBOND  =         0.0000  RESTRAINT  =         0.0000
 DV/DL  =        -5.6692
 ------------------------------------------------------------------------------

 NMR restraints: Bond =    0.000   Angle =     0.000   Torsion =     0.000
===============================================================================

| TI region  1


 NSTEP =    20000   TIME(PS) =      20.000  TEMP(K) =    30.84  PRESS =     0.0
 Etot   =    -86227.1895  EKtot   =      1926.0834  EPtot      =    -88153.2729
 BOND   =      8053.3974  ANGLE   =         0.6616  DIHED      =         0.1389
 1-4 NB =         0.2916  1-4 EEL =        12.7932  VDWAALS    =     19487.9561
 EELEC  =   -115708.5117  EHBOND  =         0.0000  RESTRAINT  =         0.0000
 DV/DL  =        -5.0940
 ------------------------------------------------------------------------------


| TI region  2


 NSTEP =    20000   TIME(PS) =      20.000  TEMP(K) =    30.84  PRESS =     0.0
 Etot   =    -86227.2062  EKtot   =      1926.0667  EPtot      =    -88153.2729
 BOND   =      8053.3974  ANGLE   =         0.6616  DIHED      =         0.1389
 1-4 NB =         0.2916  1-4 EEL =        12.7932  VDWAALS    =     19487.9561
 EELEC  =   -115708.5117  EHBOND  =         0.0000  RESTRAINT  =         0.0000
 DV/DL  =        -5.0940
 ------------------------------------------------------------------------------

 NMR restraints: Bond =    0.000   Angle =     0.000   Torsion =     0.000
===============================================================================

| TI region  1


 NSTEP =    25000   TIME(PS) =      25.000  TEMP(K) =    38.81  PRESS =     0.0
 Etot   =    -85424.8538  EKtot   =      2424.3802  EPtot      =    -87849.2340
 BOND   =      8195.7935  ANGLE   =         0.5269  DIHED      =         0.1379
 1-4 NB =         0.5195  1-4 EEL =        13.2510  VDWAALS    =     19501.8020
 EELEC  =   -115561.2648  EHBOND  =         0.0000  RESTRAINT  =         0.0000
 DV/DL  =        -5.5919
 ------------------------------------------------------------------------------


| TI region  2


 NSTEP =    25000   TIME(PS) =      25.000  TEMP(K) =    38.81  PRESS =     0.0
 Etot   =    -85424.8415  EKtot   =      2424.3925  EPtot      =    -87849.2340
 BOND   =      8195.7935  ANGLE   =         0.5269  DIHED      =         0.1379
 1-4 NB =         0.5195  1-4 EEL =        13.2510  VDWAALS    =     19501.8020
 EELEC  =   -115561.2648  EHBOND  =         0.0000  RESTRAINT  =         0.0000
 DV/DL  =        -5.5919
 ------------------------------------------------------------------------------

 NMR restraints: Bond =    0.000   Angle =     0.000   Torsion =     0.000
===============================================================================

| TI region  1


 NSTEP =    30000   TIME(PS) =      30.000  TEMP(K) =    46.56  PRESS =     0.0
 Etot   =    -84579.6985  EKtot   =      2908.2398  EPtot      =    -87487.9383
 BOND   =      8364.8412  ANGLE   =         0.8048  DIHED      =         0.0915
 1-4 NB =         0.2910  1-4 EEL =        13.1535  VDWAALS    =     19680.7841
 EELEC  =   -115547.9043  EHBOND  =         0.0000  RESTRAINT  =         0.0000
 DV/DL  =        -4.1542
 ------------------------------------------------------------------------------


| TI region  2


 NSTEP =    30000   TIME(PS) =      30.000  TEMP(K) =    46.56  PRESS =     0.0
 Etot   =    -84579.7477  EKtot   =      2908.1906  EPtot      =    -87487.9383
 BOND   =      8364.8412  ANGLE   =         0.8048  DIHED      =         0.0915
 1-4 NB =         0.2910  1-4 EEL =        13.1535  VDWAALS    =     19680.7841
 EELEC  =   -115547.9043  EHBOND  =         0.0000  RESTRAINT  =         0.0000
 DV/DL  =        -4.1542
 ------------------------------------------------------------------------------

 NMR restraints: Bond =    0.000   Angle =     0.000   Torsion =     0.000
===============================================================================

| TI region  1


 NSTEP =    35000   TIME(PS) =      35.000  TEMP(K) =    54.13  PRESS =     0.0
 Etot   =    -83680.3930  EKtot   =      3381.1280  EPtot      =    -87061.5210
 BOND   =      8508.3546  ANGLE   =         0.9160  DIHED      =         0.1744
 1-4 NB =         0.3157  1-4 EEL =        12.7964  VDWAALS    =     19695.1199
 EELEC  =   -115279.1980  EHBOND  =         0.0000  RESTRAINT  =         0.0000
 DV/DL  =        -7.0608
 ------------------------------------------------------------------------------


| TI region  2


 NSTEP =    35000   TIME(PS) =      35.000  TEMP(K) =    54.13  PRESS =     0.0
 Etot   =    -83680.3733  EKtot   =      3381.1477  EPtot      =    -87061.5210
 BOND   =      8508.3546  ANGLE   =         0.9160  DIHED      =         0.1744
 1-4 NB =         0.3157  1-4 EEL =        12.7964  VDWAALS    =     19695.1199
 EELEC  =   -115279.1980  EHBOND  =         0.0000  RESTRAINT  =         0.0000
 DV/DL  =        -7.0608
 ------------------------------------------------------------------------------

 NMR restraints: Bond =    0.000   Angle =     0.000   Torsion =     0.000
===============================================================================

| TI region  1


 NSTEP =    40000   TIME(PS) =      40.000  TEMP(K) =    62.56  PRESS =     0.0
 Etot   =    -82776.2697  EKtot   =      3907.8863  EPtot      =    -86684.1561
 BOND   =      8717.6104  ANGLE   =         1.2374  DIHED      =         0.1559
 1-4 NB =         0.2475  1-4 EEL =        12.9593  VDWAALS    =     19630.0173
 EELEC  =   -115046.3839  EHBOND  =         0.0000  RESTRAINT  =         0.0000
 DV/DL  =        -4.1459
 ------------------------------------------------------------------------------


| TI region  2


 NSTEP =    40000   TIME(PS) =      40.000  TEMP(K) =    62.56  PRESS =     0.0
 Etot   =    -82776.2461  EKtot   =      3907.9099  EPtot      =    -86684.1561
 BOND   =      8717.6104  ANGLE   =         1.2374  DIHED      =         0.1559
 1-4 NB =         0.2475  1-4 EEL =        12.9593  VDWAALS    =     19630.0173
 EELEC  =   -115046.3839  EHBOND  =         0.0000  RESTRAINT  =         0.0000
 DV/DL  =        -4.1459
 ------------------------------------------------------------------------------

 NMR restraints: Bond =    0.000   Angle =     0.000   Torsion =     0.000
===============================================================================

| TI region  1


 NSTEP =    45000   TIME(PS) =      45.000  TEMP(K) =    70.38  PRESS =     0.0
 Etot   =    -81893.9212  EKtot   =      4396.3515  EPtot      =    -86290.2727
 BOND   =      8935.2059  ANGLE   =         1.9518  DIHED      =         0.2047
 1-4 NB =         0.5598  1-4 EEL =        13.1107  VDWAALS    =     19585.1863
 EELEC  =   -114826.4920  EHBOND  =         0.0000  RESTRAINT  =         0.0000
 DV/DL  =        -4.9027
 ------------------------------------------------------------------------------


| TI region  2


 NSTEP =    45000   TIME(PS) =      45.000  TEMP(K) =    70.38  PRESS =     0.0
 Etot   =    -81893.9488  EKtot   =      4396.3239  EPtot      =    -86290.2727
 BOND   =      8935.2059  ANGLE   =         1.9518  DIHED      =         0.2047
 1-4 NB =         0.5598  1-4 EEL =        13.1107  VDWAALS    =     19585.1863
 EELEC  =   -114826.4920  EHBOND  =         0.0000  RESTRAINT  =         0.0000
 DV/DL  =        -4.9027
 ------------------------------------------------------------------------------

 NMR restraints: Bond =    0.000   Angle =     0.000   Torsion =     0.000
===============================================================================

| TI region  1


 NSTEP =    50000   TIME(PS) =      50.000  TEMP(K) =    78.68  PRESS =     0.0
 Etot   =    -81001.1021  EKtot   =      4914.4649  EPtot      =    -85915.5669
 BOND   =      9131.8989  ANGLE   =         1.3112  DIHED      =         0.1084
 1-4 NB =         0.4813  1-4 EEL =        13.1721  VDWAALS    =     19523.7502
 EELEC  =   -114586.2890  EHBOND  =         0.0000  RESTRAINT  =         0.0000
 DV/DL  =        -5.4578
 ------------------------------------------------------------------------------


| TI region  2


 NSTEP =    50000   TIME(PS) =      50.000  TEMP(K) =    78.68  PRESS =     0.0
 Etot   =    -81001.0623  EKtot   =      4914.5046  EPtot      =    -85915.5669
 BOND   =      9131.8989  ANGLE   =         1.3112  DIHED      =         0.1084
 1-4 NB =         0.4813  1-4 EEL =        13.1721  VDWAALS    =     19523.7502
 EELEC  =   -114586.2890  EHBOND  =         0.0000  RESTRAINT  =         0.0000
 DV/DL  =        -5.4578
 ------------------------------------------------------------------------------

 NMR restraints: Bond =    0.000   Angle =     0.000   Torsion =     0.000
===============================================================================

| TI region  1


 NSTEP =    55000   TIME(PS) =      55.000  TEMP(K) =    85.78  PRESS =     0.0
 Etot   =    -80277.7309  EKtot   =      5357.9692  EPtot      =    -85635.7000
 BOND   =      9337.9942  ANGLE   =         1.4981  DIHED      =         0.1399
 1-4 NB =         0.6092  1-4 EEL =        13.3802  VDWAALS    =     19516.1520
 EELEC  =   -114505.4737  EHBOND  =         0.0000  RESTRAINT  =         0.0000
 DV/DL  =        -8.0351
 ------------------------------------------------------------------------------


| TI region  2


 NSTEP =    55000   TIME(PS) =      55.000  TEMP(K) =    85.78  PRESS =     0.0
 Etot   =    -80277.6688  EKtot   =      5358.0313  EPtot      =    -85635.7000
 BOND   =      9337.9942  ANGLE   =         1.4981  DIHED      =         0.1399
 1-4 NB =         0.6092  1-4 EEL =        13.3802  VDWAALS    =     19516.1520
 EELEC  =   -114505.4737  EHBOND  =         0.0000  RESTRAINT  =         0.0000
 DV/DL  =        -8.0351
 ------------------------------------------------------------------------------

 NMR restraints: Bond =    0.000   Angle =     0.000   Torsion =     0.000
===============================================================================

| TI region  1


 NSTEP =    60000   TIME(PS) =      60.000  TEMP(K) =    93.82  PRESS =     0.0
 Etot   =    -79327.6292  EKtot   =      5860.3592  EPtot      =    -85187.9884
 BOND   =      9516.5791  ANGLE   =         1.5283  DIHED      =         0.6574
 1-4 NB =         0.2742  1-4 EEL =        12.8622  VDWAALS    =     19594.8798
 EELEC  =   -114314.7694  EHBOND  =         0.0000  RESTRAINT  =         0.0000
 DV/DL  =        -9.2250
 ------------------------------------------------------------------------------


| TI region  2


 NSTEP =    60000   TIME(PS) =      60.000  TEMP(K) =    93.82  PRESS =     0.0
 Etot   =    -79327.5965  EKtot   =      5860.3919  EPtot      =    -85187.9884
 BOND   =      9516.5791  ANGLE   =         1.5283  DIHED      =         0.6574
 1-4 NB =         0.2742  1-4 EEL =        12.8622  VDWAALS    =     19594.8798
 EELEC  =   -114314.7694  EHBOND  =         0.0000  RESTRAINT  =         0.0000
 DV/DL  =        -9.2250
 ------------------------------------------------------------------------------

 NMR restraints: Bond =    0.000   Angle =     0.000   Torsion =     0.000
===============================================================================

| TI region  1


 NSTEP =    65000   TIME(PS) =      65.000  TEMP(K) =   102.39  PRESS =     0.0
 Etot   =    -78387.6884  EKtot   =      6395.4948  EPtot      =    -84783.1832
 BOND   =      9592.9045  ANGLE   =         2.2046  DIHED      =         0.0986
 1-4 NB =         0.2992  1-4 EEL =        13.0180  VDWAALS    =     19344.9041
 EELEC  =   -113736.6122  EHBOND  =         0.0000  RESTRAINT  =         0.0000
 DV/DL  =       -10.0429
 ------------------------------------------------------------------------------


| TI region  2


 NSTEP =    65000   TIME(PS) =      65.000  TEMP(K) =   102.39  PRESS =     0.0
 Etot   =    -78387.7256  EKtot   =      6395.4576  EPtot      =    -84783.1832
 BOND   =      9592.9045  ANGLE   =         2.2046  DIHED      =         0.0986
 1-4 NB =         0.2992  1-4 EEL =        13.0180  VDWAALS    =     19344.9041
 EELEC  =   -113736.6122  EHBOND  =         0.0000  RESTRAINT  =         0.0000
 DV/DL  =       -10.0429
 ------------------------------------------------------------------------------

 NMR restraints: Bond =    0.000   Angle =     0.000   Torsion =     0.000
===============================================================================

| TI region  1


 NSTEP =    70000   TIME(PS) =      70.000  TEMP(K) =   109.51  PRESS =     0.0
 Etot   =    -77488.5912  EKtot   =      6840.1699  EPtot      =    -84328.7611
 BOND   =      9593.7642  ANGLE   =         1.0061  DIHED      =         0.4434
 1-4 NB =         0.2312  1-4 EEL =        12.9510  VDWAALS    =     19448.1561
 EELEC  =   -113385.3131  EHBOND  =         0.0000  RESTRAINT  =         0.0000
 DV/DL  =       -11.8739
 ------------------------------------------------------------------------------


| TI region  2


 NSTEP =    70000   TIME(PS) =      70.000  TEMP(K) =   109.51  PRESS =     0.0
 Etot   =    -77488.5774  EKtot   =      6840.1837  EPtot      =    -84328.7611
 BOND   =      9593.7642  ANGLE   =         1.0061  DIHED      =         0.4434
 1-4 NB =         0.2312  1-4 EEL =        12.9510  VDWAALS    =     19448.1561
 EELEC  =   -113385.3131  EHBOND  =         0.0000  RESTRAINT  =         0.0000
 DV/DL  =       -11.8739
 ------------------------------------------------------------------------------

 NMR restraints: Bond =    0.000   Angle =     0.000   Torsion =     0.000
===============================================================================

| TI region  1


 NSTEP =    75000   TIME(PS) =      75.000  TEMP(K) =   116.84  PRESS =     0.0
 Etot   =    -76529.9348  EKtot   =      7297.9478  EPtot      =    -83827.8825
 BOND   =      9940.0720  ANGLE   =         2.0848  DIHED      =         0.5082
 1-4 NB =         0.3437  1-4 EEL =        12.4616  VDWAALS    =     19064.7495
 EELEC  =   -112848.1024  EHBOND  =         0.0000  RESTRAINT  =         0.0000
 DV/DL  =        -9.1557
 ------------------------------------------------------------------------------


| TI region  2


 NSTEP =    75000   TIME(PS) =      75.000  TEMP(K) =   116.84  PRESS =     0.0
 Etot   =    -76529.9843  EKtot   =      7297.8982  EPtot      =    -83827.8825
 BOND   =      9940.0720  ANGLE   =         2.0848  DIHED      =         0.5082
 1-4 NB =         0.3437  1-4 EEL =        12.4616  VDWAALS    =     19064.7495
 EELEC  =   -112848.1024  EHBOND  =         0.0000  RESTRAINT  =         0.0000
 DV/DL  =        -9.1557
 ------------------------------------------------------------------------------

 NMR restraints: Bond =    0.000   Angle =     0.000   Torsion =     0.000
===============================================================================

| TI region  1


 NSTEP =    80000   TIME(PS) =      80.000  TEMP(K) =   126.35  PRESS =     0.0
 Etot   =    -75529.7302  EKtot   =      7892.1977  EPtot      =    -83421.9280
 BOND   =     10181.3150  ANGLE   =         1.2193  DIHED      =         0.5061
 1-4 NB =         0.3870  1-4 EEL =        12.5673  VDWAALS    =     19107.6446
 EELEC  =   -112725.5672  EHBOND  =         0.0000  RESTRAINT  =         0.0000
 DV/DL  =       -11.8587
 ------------------------------------------------------------------------------


| TI region  2


 NSTEP =    80000   TIME(PS) =      80.000  TEMP(K) =   126.35  PRESS =     0.0
 Etot   =    -75529.8388  EKtot   =      7892.0892  EPtot      =    -83421.9280
 BOND   =     10181.3150  ANGLE   =         1.2193  DIHED      =         0.5061
 1-4 NB =         0.3870  1-4 EEL =        12.5673  VDWAALS    =     19107.6446
 EELEC  =   -112725.5672  EHBOND  =         0.0000  RESTRAINT  =         0.0000
 DV/DL  =       -11.8587
 ------------------------------------------------------------------------------

 NMR restraints: Bond =    0.000   Angle =     0.000   Torsion =     0.000
===============================================================================

| TI region  1


 NSTEP =    85000   TIME(PS) =      85.000  TEMP(K) =   134.07  PRESS =     0.0
 Etot   =    -74547.1415  EKtot   =      8374.4091  EPtot      =    -82921.5505
 BOND   =     10424.3699  ANGLE   =         2.8812  DIHED      =         0.3712
 1-4 NB =         0.0011  1-4 EEL =        12.1403  VDWAALS    =     19043.9983
 EELEC  =   -112405.3125  EHBOND  =         0.0000  RESTRAINT  =         0.0000
 DV/DL  =       -10.8463
 ------------------------------------------------------------------------------


| TI region  2


 NSTEP =    85000   TIME(PS) =      85.000  TEMP(K) =   134.07  PRESS =     0.0
 Etot   =    -74547.0723  EKtot   =      8374.4782  EPtot      =    -82921.5505
 BOND   =     10424.3699  ANGLE   =         2.8812  DIHED      =         0.3712
 1-4 NB =         0.0011  1-4 EEL =        12.1403  VDWAALS    =     19043.9983
 EELEC  =   -112405.3125  EHBOND  =         0.0000  RESTRAINT  =         0.0000
 DV/DL  =       -10.8463
 ------------------------------------------------------------------------------

 NMR restraints: Bond =    0.000   Angle =     0.000   Torsion =     0.000
===============================================================================

| TI region  1


 NSTEP =    90000   TIME(PS) =      90.000  TEMP(K) =   141.38  PRESS =     0.0
 Etot   =    -73616.3983  EKtot   =      8830.9270  EPtot      =    -82447.3253
 BOND   =     10329.8690  ANGLE   =         2.8628  DIHED      =         1.0989
 1-4 NB =         0.1812  1-4 EEL =        12.3565  VDWAALS    =     18743.5398
 EELEC  =   -111537.2334  EHBOND  =         0.0000  RESTRAINT  =         0.0000
 DV/DL  =        -6.5709
 ------------------------------------------------------------------------------


| TI region  2


 NSTEP =    90000   TIME(PS) =      90.000  TEMP(K) =   141.38  PRESS =     0.0
 Etot   =    -73616.5517  EKtot   =      8830.7736  EPtot      =    -82447.3253
 BOND   =     10329.8690  ANGLE   =         2.8628  DIHED      =         1.0989
 1-4 NB =         0.1812  1-4 EEL =        12.3565  VDWAALS    =     18743.5398
 EELEC  =   -111537.2334  EHBOND  =         0.0000  RESTRAINT  =         0.0000
 DV/DL  =        -6.5709
 ------------------------------------------------------------------------------

 NMR restraints: Bond =    0.000   Angle =     0.000   Torsion =     0.000
===============================================================================

| TI region  1


 NSTEP =    95000   TIME(PS) =      95.000  TEMP(K) =   149.97  PRESS =     0.0
 Etot   =    -72612.3724  EKtot   =      9367.6749  EPtot      =    -81980.0473
 BOND   =     10640.5520  ANGLE   =         2.0353  DIHED      =         0.8973
 1-4 NB =         0.0735  1-4 EEL =        12.3959  VDWAALS    =     18949.0715
 EELEC  =   -111585.0726  EHBOND  =         0.0000  RESTRAINT  =         0.0000
 DV/DL  =       -11.2941
 ------------------------------------------------------------------------------


| TI region  2


 NSTEP =    95000   TIME(PS) =      95.000  TEMP(K) =   149.97  PRESS =     0.0
 Etot   =    -72612.3366  EKtot   =      9367.7107  EPtot      =    -81980.0473
 BOND   =     10640.5520  ANGLE   =         2.0353  DIHED      =         0.8973
 1-4 NB =         0.0735  1-4 EEL =        12.3959  VDWAALS    =     18949.0715
 EELEC  =   -111585.0726  EHBOND  =         0.0000  RESTRAINT  =         0.0000
 DV/DL  =       -11.2941
 ------------------------------------------------------------------------------

 NMR restraints: Bond =    0.000   Angle =     0.000   Torsion =     0.000
===============================================================================

| TI region  1


 NSTEP =   100000   TIME(PS) =     100.000  TEMP(K) =   156.28  PRESS =     0.0
 Etot   =    -71672.4354  EKtot   =      9761.8994  EPtot      =    -81434.3348
 BOND   =     10653.6560  ANGLE   =         3.1290  DIHED      =         0.6138
 1-4 NB =         0.4257  1-4 EEL =        12.4281  VDWAALS    =     18659.4986
 EELEC  =   -110764.0860  EHBOND  =         0.0000  RESTRAINT  =         0.0000
 DV/DL  =       -13.3602
 ------------------------------------------------------------------------------


| TI region  2


 NSTEP =   100000   TIME(PS) =     100.000  TEMP(K) =   156.28  PRESS =     0.0
 Etot   =    -71672.3987  EKtot   =      9761.9361  EPtot      =    -81434.3348
 BOND   =     10653.6560  ANGLE   =         3.1290  DIHED      =         0.6138
 1-4 NB =         0.4257  1-4 EEL =        12.4281  VDWAALS    =     18659.4986
 EELEC  =   -110764.0860  EHBOND  =         0.0000  RESTRAINT  =         0.0000
 DV/DL  =       -13.3602
 ------------------------------------------------------------------------------

 NMR restraints: Bond =    0.000   Angle =     0.000   Torsion =     0.000
===============================================================================

| TI region  1


 NSTEP =   105000   TIME(PS) =     105.000  TEMP(K) =   165.40  PRESS =     0.0
 Etot   =    -70580.5606  EKtot   =     10331.0215  EPtot      =    -80911.5822
 BOND   =     10896.1649  ANGLE   =         5.4955  DIHED      =         0.3063
 1-4 NB =         0.2323  1-4 EEL =        12.3219  VDWAALS    =     18509.6703
 EELEC  =   -110335.7735  EHBOND  =         0.0000  RESTRAINT  =         0.0000
 DV/DL  =       -10.0591
 ------------------------------------------------------------------------------


| TI region  2


 NSTEP =   105000   TIME(PS) =     105.000  TEMP(K) =   165.39  PRESS =     0.0
 Etot   =    -70580.7686  EKtot   =     10330.8136  EPtot      =    -80911.5822
 BOND   =     10896.1649  ANGLE   =         5.4955  DIHED      =         0.3063
 1-4 NB =         0.2323  1-4 EEL =        12.3219  VDWAALS    =     18509.6703
 EELEC  =   -110335.7735  EHBOND  =         0.0000  RESTRAINT  =         0.0000
 DV/DL  =       -10.0591
 ------------------------------------------------------------------------------

 NMR restraints: Bond =    0.000   Angle =     0.000   Torsion =     0.000
===============================================================================

| TI region  1


 NSTEP =   110000   TIME(PS) =     110.000  TEMP(K) =   175.54  PRESS =     0.0
 Etot   =    -69416.6685  EKtot   =     10964.6144  EPtot      =    -80381.2829
 BOND   =     11054.3403  ANGLE   =         2.7366  DIHED      =         2.4981
 1-4 NB =         0.6649  1-4 EEL =        13.2778  VDWAALS    =     18245.6542
 EELEC  =   -109700.4547  EHBOND  =         0.0000  RESTRAINT  =         0.0000
 DV/DL  =        -8.2486
 ------------------------------------------------------------------------------


| TI region  2


 NSTEP =   110000   TIME(PS) =     110.000  TEMP(K) =   175.54  PRESS =     0.0
 Etot   =    -69416.7353  EKtot   =     10964.5476  EPtot      =    -80381.2829
 BOND   =     11054.3403  ANGLE   =         2.7366  DIHED      =         2.4981
 1-4 NB =         0.6649  1-4 EEL =        13.2778  VDWAALS    =     18245.6542
 EELEC  =   -109700.4547  EHBOND  =         0.0000  RESTRAINT  =         0.0000
 DV/DL  =        -8.2486
 ------------------------------------------------------------------------------

 NMR restraints: Bond =    0.000   Angle =     0.000   Torsion =     0.000
===============================================================================

| TI region  1


 NSTEP =   115000   TIME(PS) =     115.000  TEMP(K) =   181.11  PRESS =     0.0
 Etot   =    -68559.7752  EKtot   =     11312.3168  EPtot      =    -79872.0920
 BOND   =     11279.4607  ANGLE   =         2.7977  DIHED      =         0.2671
 1-4 NB =         0.2079  1-4 EEL =        13.0480  VDWAALS    =     18224.1237
 EELEC  =   -109391.9971  EHBOND  =         0.0000  RESTRAINT  =         0.0000
 DV/DL  =        -9.7270
 ------------------------------------------------------------------------------


| TI region  2


 NSTEP =   115000   TIME(PS) =     115.000  TEMP(K) =   181.11  PRESS =     0.0
 Etot   =    -68559.7744  EKtot   =     11312.3176  EPtot      =    -79872.0920
 BOND   =     11279.4607  ANGLE   =         2.7977  DIHED      =         0.2671
 1-4 NB =         0.2079  1-4 EEL =        13.0480  VDWAALS    =     18224.1237
 EELEC  =   -109391.9971  EHBOND  =         0.0000  RESTRAINT  =         0.0000
 DV/DL  =        -9.7270
 ------------------------------------------------------------------------------

 NMR restraints: Bond =    0.000   Angle =     0.000   Torsion =     0.000
===============================================================================

| TI region  1


 NSTEP =   120000   TIME(PS) =     120.000  TEMP(K) =   188.25  PRESS =     0.0
 Etot   =    -67486.4204  EKtot   =     11758.4812  EPtot      =    -79244.9016
 BOND   =     11536.9946  ANGLE   =         5.1776  DIHED      =         0.8872
 1-4 NB =         0.0332  1-4 EEL =        12.3841  VDWAALS    =     18072.1630
 EELEC  =   -108872.5412  EHBOND  =         0.0000  RESTRAINT  =         0.0000
 DV/DL  =        -9.0153
 ------------------------------------------------------------------------------


| TI region  2


 NSTEP =   120000   TIME(PS) =     120.000  TEMP(K) =   188.25  PRESS =     0.0
 Etot   =    -67486.2788  EKtot   =     11758.6228  EPtot      =    -79244.9016
 BOND   =     11536.9946  ANGLE   =         5.1776  DIHED      =         0.8872
 1-4 NB =         0.0332  1-4 EEL =        12.3841  VDWAALS    =     18072.1630
 EELEC  =   -108872.5412  EHBOND  =         0.0000  RESTRAINT  =         0.0000
 DV/DL  =        -9.0153
 ------------------------------------------------------------------------------

 NMR restraints: Bond =    0.000   Angle =     0.000   Torsion =     0.000
===============================================================================

| TI region  1


 NSTEP =   125000   TIME(PS) =     125.000  TEMP(K) =   197.83  PRESS =     0.0
 Etot   =    -66341.3928  EKtot   =     12357.0024  EPtot      =    -78698.3952
 BOND   =     11678.6563  ANGLE   =         2.7320  DIHED      =         0.2864
 1-4 NB =         0.0424  1-4 EEL =         9.1266  VDWAALS    =     18228.6097
 EELEC  =   -108617.8485  EHBOND  =         0.0000  RESTRAINT  =         0.0000
 DV/DL  =       -12.4457
 ------------------------------------------------------------------------------


| TI region  2


 NSTEP =   125000   TIME(PS) =     125.000  TEMP(K) =   197.83  PRESS =     0.0
 Etot   =    -66341.4359  EKtot   =     12356.9593  EPtot      =    -78698.3952
 BOND   =     11678.6563  ANGLE   =         2.7320  DIHED      =         0.2864
 1-4 NB =         0.0424  1-4 EEL =         9.1266  VDWAALS    =     18228.6097
 EELEC  =   -108617.8485  EHBOND  =         0.0000  RESTRAINT  =         0.0000
 DV/DL  =       -12.4457
 ------------------------------------------------------------------------------

 NMR restraints: Bond =    0.000   Angle =     0.000   Torsion =     0.000
===============================================================================

| TI region  1


 NSTEP =   130000   TIME(PS) =     130.000  TEMP(K) =   206.51  PRESS =     0.0
 Etot   =    -65227.7817  EKtot   =     12899.1028  EPtot      =    -78126.8845
 BOND   =     11607.8394  ANGLE   =         3.8446  DIHED      =         2.3035
 1-4 NB =         0.3723  1-4 EEL =        10.0318  VDWAALS    =     18033.0926
 EELEC  =   -107784.3687  EHBOND  =         0.0000  RESTRAINT  =         0.0000
 DV/DL  =       -15.1157
 ------------------------------------------------------------------------------


| TI region  2


 NSTEP =   130000   TIME(PS) =     130.000  TEMP(K) =   206.51  PRESS =     0.0
 Etot   =    -65227.7879  EKtot   =     12899.0966  EPtot      =    -78126.8845
 BOND   =     11607.8394  ANGLE   =         3.8446  DIHED      =         2.3035
 1-4 NB =         0.3723  1-4 EEL =        10.0318  VDWAALS    =     18033.0926
 EELEC  =   -107784.3687  EHBOND  =         0.0000  RESTRAINT  =         0.0000
 DV/DL  =       -15.1157
 ------------------------------------------------------------------------------

 NMR restraints: Bond =    0.000   Angle =     0.000   Torsion =     0.000
===============================================================================

| TI region  1


 NSTEP =   135000   TIME(PS) =     135.000  TEMP(K) =   212.27  PRESS =     0.0
 Etot   =    -64048.6770  EKtot   =     13259.0417  EPtot      =    -77307.7187
 BOND   =     11690.7216  ANGLE   =         3.8822  DIHED      =         2.2835
 1-4 NB =         0.3913  1-4 EEL =         9.1490  VDWAALS    =     17554.6661
 EELEC  =   -106568.8124  EHBOND  =         0.0000  RESTRAINT  =         0.0000
 DV/DL  =       -12.0289
 ------------------------------------------------------------------------------


| TI region  2


 NSTEP =   135000   TIME(PS) =     135.000  TEMP(K) =   212.27  PRESS =     0.0
 Etot   =    -64048.7570  EKtot   =     13258.9617  EPtot      =    -77307.7187
 BOND   =     11690.7216  ANGLE   =         3.8822  DIHED      =         2.2835
 1-4 NB =         0.3913  1-4 EEL =         9.1490  VDWAALS    =     17554.6661
 EELEC  =   -106568.8124  EHBOND  =         0.0000  RESTRAINT  =         0.0000
 DV/DL  =       -12.0289
 ------------------------------------------------------------------------------

 NMR restraints: Bond =    0.000   Angle =     0.000   Torsion =     0.000
===============================================================================

| TI region  1


 NSTEP =   140000   TIME(PS) =     140.000  TEMP(K) =   221.92  PRESS =     0.0
 Etot   =    -62820.3817  EKtot   =     13861.9327  EPtot      =    -76682.3144
 BOND   =     11975.4022  ANGLE   =         4.8205  DIHED      =         0.3921
 1-4 NB =         0.4176  1-4 EEL =         9.1057  VDWAALS    =     17418.9634
 EELEC  =   -106091.4158  EHBOND  =         0.0000  RESTRAINT  =         0.0000
 DV/DL  =       -12.4898
 ------------------------------------------------------------------------------


| TI region  2


 NSTEP =   140000   TIME(PS) =     140.000  TEMP(K) =   221.92  PRESS =     0.0
 Etot   =    -62820.3808  EKtot   =     13861.9336  EPtot      =    -76682.3144
 BOND   =     11975.4022  ANGLE   =         4.8205  DIHED      =         0.3921
 1-4 NB =         0.4176  1-4 EEL =         9.1057  VDWAALS    =     17418.9634
 EELEC  =   -106091.4158  EHBOND  =         0.0000  RESTRAINT  =         0.0000
 DV/DL  =       -12.4898
 ------------------------------------------------------------------------------

 NMR restraints: Bond =    0.000   Angle =     0.000   Torsion =     0.000
===============================================================================

| TI region  1


 NSTEP =   145000   TIME(PS) =     145.000  TEMP(K) =   230.54  PRESS =     0.0
 Etot   =    -61513.1102  EKtot   =     14400.3242  EPtot      =    -75913.4344
 BOND   =     12010.1635  ANGLE   =         4.6265  DIHED      =         0.6819
 1-4 NB =         0.0823  1-4 EEL =         8.9174  VDWAALS    =     17358.9649
 EELEC  =   -105296.8709  EHBOND  =         0.0000  RESTRAINT  =         0.0000
 DV/DL  =       -12.8774
 ------------------------------------------------------------------------------


| TI region  2


 NSTEP =   145000   TIME(PS) =     145.000  TEMP(K) =   230.54  PRESS =     0.0
 Etot   =    -61513.0606  EKtot   =     14400.3738  EPtot      =    -75913.4344
 BOND   =     12010.1635  ANGLE   =         4.6265  DIHED      =         0.6819
 1-4 NB =         0.0823  1-4 EEL =         8.9174  VDWAALS    =     17358.9649
 EELEC  =   -105296.8709  EHBOND  =         0.0000  RESTRAINT  =         0.0000
 DV/DL  =       -12.8774
 ------------------------------------------------------------------------------

 NMR restraints: Bond =    0.000   Angle =     0.000   Torsion =     0.000
===============================================================================

| TI region  1


 NSTEP =   150000   TIME(PS) =     150.000  TEMP(K) =   234.32  PRESS =     0.0
 Etot   =    -60333.5284  EKtot   =     14636.2140  EPtot      =    -74969.7424
 BOND   =     12226.1734  ANGLE   =         4.3426  DIHED      =         1.7959
 1-4 NB =         0.2015  1-4 EEL =         9.0593  VDWAALS    =     16754.3473
 EELEC  =   -103965.6623  EHBOND  =         0.0000  RESTRAINT  =         0.0000
 DV/DL  =       -12.5952
 ------------------------------------------------------------------------------


| TI region  2


 NSTEP =   150000   TIME(PS) =     150.000  TEMP(K) =   234.32  PRESS =     0.0
 Etot   =    -60333.6527  EKtot   =     14636.0897  EPtot      =    -74969.7424
 BOND   =     12226.1734  ANGLE   =         4.3426  DIHED      =         1.7959
 1-4 NB =         0.2015  1-4 EEL =         9.0593  VDWAALS    =     16754.3473
 EELEC  =   -103965.6623  EHBOND  =         0.0000  RESTRAINT  =         0.0000
 DV/DL  =       -12.5952
 ------------------------------------------------------------------------------

 NMR restraints: Bond =    0.000   Angle =     0.000   Torsion =     0.000
===============================================================================

| TI region  1


 NSTEP =   155000   TIME(PS) =     155.000  TEMP(K) =   239.57  PRESS =     0.0
 Etot   =    -58834.0477  EKtot   =     14964.4019  EPtot      =    -73798.4495
 BOND   =     12400.8068  ANGLE   =         2.9067  DIHED      =         0.8400
 1-4 NB =        -0.0203  1-4 EEL =         9.2107  VDWAALS    =     16362.4673
 EELEC  =   -102574.6609  EHBOND  =         0.0000  RESTRAINT  =         0.0000
 DV/DL  =       -11.4537
 ------------------------------------------------------------------------------


| TI region  2


 NSTEP =   155000   TIME(PS) =     155.000  TEMP(K) =   239.57  PRESS =     0.0
 Etot   =    -58834.1447  EKtot   =     14964.3048  EPtot      =    -73798.4495
 BOND   =     12400.8068  ANGLE   =         2.9067  DIHED      =         0.8400
 1-4 NB =        -0.0203  1-4 EEL =         9.2107  VDWAALS    =     16362.4673
 EELEC  =   -102574.6609  EHBOND  =         0.0000  RESTRAINT  =         0.0000
 DV/DL  =       -11.4537
 ------------------------------------------------------------------------------

 NMR restraints: Bond =    0.000   Angle =     0.000   Torsion =     0.000
===============================================================================

| TI region  1


 NSTEP =   160000   TIME(PS) =     160.000  TEMP(K) =   249.94  PRESS =     0.0
 Etot   =    -57026.7595  EKtot   =     15612.1519  EPtot      =    -72638.9113
 BOND   =     12420.7530  ANGLE   =         5.0994  DIHED      =         0.1449
 1-4 NB =         0.3320  1-4 EEL =         9.1516  VDWAALS    =     15900.1786
 EELEC  =   -100974.5709  EHBOND  =         0.0000  RESTRAINT  =         0.0000
 DV/DL  =       -13.1182
 ------------------------------------------------------------------------------


| TI region  2


 NSTEP =   160000   TIME(PS) =     160.000  TEMP(K) =   249.94  PRESS =     0.0
 Etot   =    -57026.8025  EKtot   =     15612.1088  EPtot      =    -72638.9113
 BOND   =     12420.7530  ANGLE   =         5.0994  DIHED      =         0.1449
 1-4 NB =         0.3320  1-4 EEL =         9.1516  VDWAALS    =     15900.1786
 EELEC  =   -100974.5709  EHBOND  =         0.0000  RESTRAINT  =         0.0000
 DV/DL  =       -13.1182
 ------------------------------------------------------------------------------

 NMR restraints: Bond =    0.000   Angle =     0.000   Torsion =     0.000
===============================================================================

| TI region  1


 NSTEP =   165000   TIME(PS) =     165.000  TEMP(K) =   261.59  PRESS =     0.0
 Etot   =    -54932.2526  EKtot   =     16339.6798  EPtot      =    -71271.9324
 BOND   =     12505.9501  ANGLE   =         4.3885  DIHED      =         1.2612
 1-4 NB =         0.3235  1-4 EEL =         9.2245  VDWAALS    =     15803.7128
 EELEC  =    -99596.7930  EHBOND  =         0.0000  RESTRAINT  =         0.0000
 DV/DL  =       -10.4784
 ------------------------------------------------------------------------------


| TI region  2


 NSTEP =   165000   TIME(PS) =     165.000  TEMP(K) =   261.59  PRESS =     0.0
 Etot   =    -54932.2764  EKtot   =     16339.6560  EPtot      =    -71271.9324
 BOND   =     12505.9501  ANGLE   =         4.3885  DIHED      =         1.2612
 1-4 NB =         0.3235  1-4 EEL =         9.2245  VDWAALS    =     15803.7128
 EELEC  =    -99596.7930  EHBOND  =         0.0000  RESTRAINT  =         0.0000
 DV/DL  =       -10.4784
 ------------------------------------------------------------------------------

 NMR restraints: Bond =    0.000   Angle =     0.000   Torsion =     0.000
===============================================================================

| TI region  1


 NSTEP =   170000   TIME(PS) =     170.000  TEMP(K) =   267.76  PRESS =     0.0
 Etot   =    -53593.9286  EKtot   =     16725.0827  EPtot      =    -70319.0113
 BOND   =     12707.8172  ANGLE   =         5.8629  DIHED      =         1.2313
 1-4 NB =         0.2821  1-4 EEL =         8.9271  VDWAALS    =     15387.2860
 EELEC  =    -98430.4178  EHBOND  =         0.0000  RESTRAINT  =         0.0000
 DV/DL  =       -11.1796
 ------------------------------------------------------------------------------


| TI region  2


 NSTEP =   170000   TIME(PS) =     170.000  TEMP(K) =   267.77  PRESS =     0.0
 Etot   =    -53593.6034  EKtot   =     16725.4079  EPtot      =    -70319.0113
 BOND   =     12707.8172  ANGLE   =         5.8629  DIHED      =         1.2313
 1-4 NB =         0.2821  1-4 EEL =         8.9271  VDWAALS    =     15387.2860
 EELEC  =    -98430.4178  EHBOND  =         0.0000  RESTRAINT  =         0.0000
 DV/DL  =       -11.1796
 ------------------------------------------------------------------------------

 NMR restraints: Bond =    0.000   Angle =     0.000   Torsion =     0.000
===============================================================================

| TI region  1


 NSTEP =   175000   TIME(PS) =     175.000  TEMP(K) =   275.80  PRESS =     0.0
 Etot   =    -51970.1260  EKtot   =     17227.3463  EPtot      =    -69197.4723
 BOND   =     12713.1792  ANGLE   =         5.8733  DIHED      =         0.9105
 1-4 NB =         0.8696  1-4 EEL =        13.4509  VDWAALS    =     14905.9734
 EELEC  =    -96837.7292  EHBOND  =         0.0000  RESTRAINT  =         0.0000
 DV/DL  =       -11.4377
 ------------------------------------------------------------------------------


| TI region  2


 NSTEP =   175000   TIME(PS) =     175.000  TEMP(K) =   275.80  PRESS =     0.0
 Etot   =    -51970.4457  EKtot   =     17227.0266  EPtot      =    -69197.4723
 BOND   =     12713.1792  ANGLE   =         5.8733  DIHED      =         0.9105
 1-4 NB =         0.8696  1-4 EEL =        13.4509  VDWAALS    =     14905.9734
 EELEC  =    -96837.7292  EHBOND  =         0.0000  RESTRAINT  =         0.0000
 DV/DL  =       -11.4377
 ------------------------------------------------------------------------------

 NMR restraints: Bond =    0.000   Angle =     0.000   Torsion =     0.000
===============================================================================

| TI region  1


 NSTEP =   180000   TIME(PS) =     180.000  TEMP(K) =   287.27  PRESS =     0.0
 Etot   =    -50367.3302  EKtot   =     17943.5417  EPtot      =    -68310.8719
 BOND   =     12793.7076  ANGLE   =         2.2890  DIHED      =         1.5647
 1-4 NB =         0.6596  1-4 EEL =        11.5501  VDWAALS    =     14721.5311
 EELEC  =    -95842.1740  EHBOND  =         0.0000  RESTRAINT  =         0.0000
 DV/DL  =        -9.5800
 ------------------------------------------------------------------------------


| TI region  2


 NSTEP =   180000   TIME(PS) =     180.000  TEMP(K) =   287.27  PRESS =     0.0
 Etot   =    -50367.2212  EKtot   =     17943.6507  EPtot      =    -68310.8719
 BOND   =     12793.7076  ANGLE   =         2.2890  DIHED      =         1.5647
 1-4 NB =         0.6596  1-4 EEL =        11.5501  VDWAALS    =     14721.5311
 EELEC  =    -95842.1740  EHBOND  =         0.0000  RESTRAINT  =         0.0000
 DV/DL  =        -9.5800
 ------------------------------------------------------------------------------

 NMR restraints: Bond =    0.000   Angle =     0.000   Torsion =     0.000
===============================================================================

| TI region  1


 NSTEP =   185000   TIME(PS) =     185.000  TEMP(K) =   291.61  PRESS =     0.0
 Etot   =    -49001.4466  EKtot   =     18214.8126  EPtot      =    -67216.2592
 BOND   =     12969.3332  ANGLE   =         4.3024  DIHED      =         0.1309
 1-4 NB =         0.2354  1-4 EEL =        12.5008  VDWAALS    =     14095.2984
 EELEC  =    -94298.0603  EHBOND  =         0.0000  RESTRAINT  =         0.0000
 DV/DL  =        -8.0988
 ------------------------------------------------------------------------------


| TI region  2


 NSTEP =   185000   TIME(PS) =     185.000  TEMP(K) =   291.61  PRESS =     0.0
 Etot   =    -49001.5030  EKtot   =     18214.7562  EPtot      =    -67216.2592
 BOND   =     12969.3332  ANGLE   =         4.3024  DIHED      =         0.1309
 1-4 NB =         0.2354  1-4 EEL =        12.5008  VDWAALS    =     14095.2984
 EELEC  =    -94298.0603  EHBOND  =         0.0000  RESTRAINT  =         0.0000
 DV/DL  =        -8.0988
 ------------------------------------------------------------------------------

 NMR restraints: Bond =    0.000   Angle =     0.000   Torsion =     0.000
===============================================================================

| TI region  1


 NSTEP =   190000   TIME(PS) =     190.000  TEMP(K) =   298.42  PRESS =     0.0
 Etot   =    -47538.6884  EKtot   =     18640.0103  EPtot      =    -66178.6987
 BOND   =     13110.7108  ANGLE   =         4.4114  DIHED      =         0.5098
 1-4 NB =         0.1157  1-4 EEL =        11.5725  VDWAALS    =     13977.2316
 EELEC  =    -93283.2505  EHBOND  =         0.0000  RESTRAINT  =         0.0000
 DV/DL  =       -12.4119
 ------------------------------------------------------------------------------


| TI region  2


 NSTEP =   190000   TIME(PS) =     190.000  TEMP(K) =   298.42  PRESS =     0.0
 Etot   =    -47538.7079  EKtot   =     18639.9908  EPtot      =    -66178.6987
 BOND   =     13110.7108  ANGLE   =         4.4114  DIHED      =         0.5098
 1-4 NB =         0.1157  1-4 EEL =        11.5725  VDWAALS    =     13977.2316
 EELEC  =    -93283.2505  EHBOND  =         0.0000  RESTRAINT  =         0.0000
 DV/DL  =       -12.4119
 ------------------------------------------------------------------------------

 NMR restraints: Bond =    0.000   Angle =     0.000   Torsion =     0.000
===============================================================================

| TI region  1


 NSTEP =   195000   TIME(PS) =     195.000  TEMP(K) =   301.24  PRESS =     0.0
 Etot   =    -47547.1634  EKtot   =     18815.8761  EPtot      =    -66363.0395
 BOND   =     12920.0427  ANGLE   =         7.4334  DIHED      =         1.6535
 1-4 NB =         1.4294  1-4 EEL =        11.5957  VDWAALS    =     13952.4465
 EELEC  =    -93257.6407  EHBOND  =         0.0000  RESTRAINT  =         0.0000
 DV/DL  =       -11.1028
 ------------------------------------------------------------------------------


| TI region  2


 NSTEP =   195000   TIME(PS) =     195.000  TEMP(K) =   301.24  PRESS =     0.0
 Etot   =    -47547.1139  EKtot   =     18815.9256  EPtot      =    -66363.0395
 BOND   =     12920.0427  ANGLE   =         7.4334  DIHED      =         1.6535
 1-4 NB =         1.4294  1-4 EEL =        11.5957  VDWAALS    =     13952.4465
 EELEC  =    -93257.6407  EHBOND  =         0.0000  RESTRAINT  =         0.0000
 DV/DL  =       -11.1028
 ------------------------------------------------------------------------------

 NMR restraints: Bond =    0.000   Angle =     0.000   Torsion =     0.000
===============================================================================

| TI region  1


 NSTEP =   200000   TIME(PS) =     200.000  TEMP(K) =   300.57  PRESS =     0.0
 Etot   =    -47451.4718  EKtot   =     18774.4851  EPtot      =    -66225.9568
 BOND   =     12652.7222  ANGLE   =         3.8715  DIHED      =         0.5555
 1-4 NB =         0.4572  1-4 EEL =        13.0051  VDWAALS    =     13678.1480
 EELEC  =    -92574.7164  EHBOND  =         0.0000  RESTRAINT  =         0.0000
 DV/DL  =       -12.2211
 ------------------------------------------------------------------------------


| TI region  2


 NSTEP =   200000   TIME(PS) =     200.000  TEMP(K) =   300.57  PRESS =     0.0
 Etot   =    -47451.5910  EKtot   =     18774.3658  EPtot      =    -66225.9568
 BOND   =     12652.7222  ANGLE   =         3.8715  DIHED      =         0.5555
 1-4 NB =         0.4572  1-4 EEL =        13.0051  VDWAALS    =     13678.1480
 EELEC  =    -92574.7164  EHBOND  =         0.0000  RESTRAINT  =         0.0000
 DV/DL  =       -12.2211
 ------------------------------------------------------------------------------

 NMR restraints: Bond =    0.000   Angle =     0.000   Torsion =     0.000
===============================================================================

| TI region  1


      A V E R A G E S   O V E R      40 S T E P S


 NSTEP =   200000   TIME(PS) =     200.000  TEMP(K) =   160.78  PRESS =     0.0
 Etot   =    -69599.5887  EKtot   =     10042.9813  EPtot      =    -79642.5700
 BOND   =     10653.3480  ANGLE   =         2.8876  DIHED      =         0.6778
 1-4 NB =         0.3484  1-4 EEL =        11.8405  VDWAALS    =     17854.9388
 EELEC  =   -108166.6112  EHBOND  =         0.0000  RESTRAINT  =         0.0000
 DV/DL  =        -9.5339
 ------------------------------------------------------------------------------

 NMR restraints: Bond =    0.000   Angle =     0.000   Torsion =     0.000
===============================================================================

      R M S  F L U C T U A T I O N S


 NSTEP =   200000   TIME(PS) =     200.000  TEMP(K) =    90.39  PRESS =     0.0
 Etot   =     12726.0839  EKtot   =      5646.0295  EPtot      =      7151.0960
 BOND   =      1725.8991  ANGLE   =         1.8155  DIHED      =         0.6630
 1-4 NB =         0.2557  1-4 EEL =         1.6008  VDWAALS    =      1910.1582
 EELEC  =      7438.5199  EHBOND  =         0.0000  RESTRAINT  =         0.0000
 DV/DL  =         2.9385
 ------------------------------------------------------------------------------


| TI region  2


      A V E R A G E S   O V E R      40 S T E P S


 NSTEP =   200000   TIME(PS) =     200.000  TEMP(K) =   160.78  PRESS =     0.0
 Etot   =    -69599.6044  EKtot   =     10042.9656  EPtot      =    -79642.5700
 BOND   =     10653.3480  ANGLE   =         2.8876  DIHED      =         0.6778
 1-4 NB =         0.3484  1-4 EEL =        11.8405  VDWAALS    =     17854.9388
 EELEC  =   -108166.6112  EHBOND  =         0.0000  RESTRAINT  =         0.0000
 DV/DL  =        -9.5339
 ------------------------------------------------------------------------------

 NMR restraints: Bond =    0.000   Angle =     0.000   Torsion =     0.000
===============================================================================

      R M S  F L U C T U A T I O N S


 NSTEP =   200000   TIME(PS) =     200.000  TEMP(K) =    90.39  PRESS =     0.0
 Etot   =     12726.0764  EKtot   =      5646.0215  EPtot      =      7151.0960
 BOND   =      1725.8991  ANGLE   =         1.8155  DIHED      =         0.6630
 1-4 NB =         0.2557  1-4 EEL =         1.6008  VDWAALS    =      1910.1582
 EELEC  =      7438.5199  EHBOND  =         0.0000  RESTRAINT  =         0.0000
 DV/DL  =         2.9385
 ------------------------------------------------------------------------------


      DV/DL, AVERAGES OVER      40 STEPS


 NSTEP =   200000   TIME(PS) =     200.000  TEMP(K) =    90.39  PRESS =     0.0
 Etot   =         0.0000  EKtot   =         0.0000  EPtot      =        -9.5339
 BOND   =         0.0115  ANGLE   =        -0.0031  DIHED      =         0.0003
 1-4 NB =        -0.0001  1-4 EEL =       -37.4606  VDWAALS    =         0.0007
 EELEC  =        27.9175  EHBOND  =         0.0000  RESTRAINT  =         0.0000
 DV/DL  =        -9.5339
 ------------------------------------------------------------------------------


 NMR restraints on final step:

--------------------------------------------------------------------------------
   5.  TIMINGS
--------------------------------------------------------------------------------

|  NonSetup CPU Time in Major Routines:
|
|     Routine           Sec        %
|     ------------------------------
|     Nonbond          80.03   16.89
|     Bond              0.00    0.00
|     Angle             0.00    0.00
|     Dihedral          0.00    0.00
|     Shake             0.00    0.00
|     RunMD           393.14   82.96
|     Other             0.70    0.15
|     ------------------------------
|     Total           473.88

|  PME Nonbond Pairlist CPU Time:
|
|     Routine              Sec        %
|     ---------------------------------
|     Set Up Cit           0.00    0.00
|     Build List           0.00    0.00
|     ---------------------------------
|     Total                0.00    0.00

|  PME Direct Force CPU Time:
|
|     Routine              Sec        %
|     ---------------------------------
|     NonBonded Calc       0.00    0.00
|     Exclude Masked       0.00    0.00
|     Other                0.48    0.10
|     ---------------------------------
|     Total                0.48    0.10

|  PME Reciprocal Force CPU Time:
|
|     Routine              Sec        %
|     ---------------------------------
|     1D bspline           0.00    0.00
|     Grid Charges         0.00    0.00
|     Scalar Sum           0.00    0.00
|     Gradient Sum         0.00    0.00
|     FFT                  0.00    0.00
|     ---------------------------------
|     Total                0.00    0.00

|  Final Performance Info:
|     -----------------------------------------------------
|     Average timings for last       1 steps:
|     Elapsed(s) =       0.00 Per Step(ms) =       3.91
|         ns/day =      22.09   seconds/ns =    3911.13
|
|     Average timings for all steps:
|     Elapsed(s) =     474.02 Per Step(ms) =       2.37
|         ns/day =      36.45   seconds/ns =    2370.09
|     -----------------------------------------------------

|  Setup CPU time:            0.61 seconds
|  NonSetup CPU time:       473.88 seconds
|  Total CPU time:          474.49 seconds     0.13 hours

|  Setup wall time:           0    seconds
|  NonSetup wall time:      474    seconds
|  Total wall time:         474    seconds     0.13 hours
