
          -------------------------------------------------------
          Amber 20 PMEMD                              2020
          -------------------------------------------------------

| PMEMD implementation of SANDER, Release 18

|  Compiled date/time: Mon Apr 27 21:19:54 2020
| Run on 09/29/2020 at 21:41:25

|   Executable path: /opt/software/Amber/20-fosscuda-2019b/amber20/bin/pmemd.cuda
| Working directory: /mnt/ls15/scratch/users/songlin3/run/solvation_amber20/en/two_steps_tip3p_ethylenediame/step1_ethylenediame_to_vdw/0.88495
|          Hostname: nvf-002

  [-O]verwriting output

File Assignments:
|   MDIN: heat.in                                                               
|  MDOUT: heat.out                                                              
| INPCRD: min.rst                                                               
|   PARM: en_step1_final.prmtop                                                 
| RESTRT: heat.rst                                                              
|   REFC: min.rst                                                               
|  MDVEL: mdvel                                                                 
|   MDEN: mden                                                                  
|  MDCRD: heat.netcdf                                                           
| MDINFO: heat.mdinfo                                                           
|  MDFRC: mdfrc                                                                 


 Here is the input file:

nvt for free MD                                                                
 &cntrl                                                                        
  imin=0,                                                                      
  irest=0,                                                                     
  ntx=1,                                                                       
  ig=-1,                                                                       
  nstlim=100000,                                                               
  dt=0.002,                                                                    
  cut=10.0,                                                                    
  ntc=2,                                                                       
  ntf=2,                                                                       
  ntb=1,                                                                       
  ntt=3,                                                                       
  gamma_ln=2.0,                                                                
  tempi=0.0,                                                                   
  temp0=300.0,                                                                 
  ntpr=5000,                                                                   
  ntwr=5000,                                                                   
  ntwx=10000,                                                                  
  ntwv=0,                                                                      
  ioutfm=1,                                                                    
  iwrap=0,                                                                     
  nmropt=1,                                                                    
  ifsc = 0, icfe=1,                                                            
  clambda=0.88495,                                                             
  timask1=':1',                                                                
  timask2=':2', crgmask = ':2',                                                
/                                                                              
&wt TYPE='TEMP0', istep1=0, istep2=90000, value1=0.0, value2=300.0 /           
&wt TYPE='TEMP0', istep1=90001, istep2=100000, value1=300.0, value2=300.0 /    
&wt TYPE='DUMPFREQ', istep1=10000, /                                           
&wt TYPE='END', /                                                              


Note: ig = -1. Setting random seed to    63318 based on wallclock time in 
      microseconds.
| irandom = 1, using AMBER's internal random number generator (default).
 
|--------------------- INFORMATION ----------------------
| GPU (CUDA) Version of PMEMD in use: NVIDIA GPU IN USE.
|                    Version 18.0.0
| 
|                      03/25/2018
| 
| Implementation by:
|                    Ross C. Walker     (SDSC)
|                    Scott Le Grand     (nVIDIA)
| 
| Version 18 performance extensions by:
|                    David Cerutti     (Rutgers)
| 
| Precision model in use:
|      [SPFP] - Single Precision Forces, 64-bit Fixed Point
|               Accumulation. (Default)
| 
|--------------------------------------------------------
 
|----------------- CITATION INFORMATION -----------------
|
|    When publishing work that utilized the CUDA version
|    of AMBER, please cite the following in addition to
|    the regular AMBER citations:
|
|  - Romelia Salomon-Ferrer; Andreas W. Goetz; Duncan
|    Poole; Scott Le Grand; Ross C. Walker "Routine
|    microsecond molecular dynamics simulations with
|    AMBER - Part II: Particle Mesh Ewald", J. Chem.
|    Theory Comput., 2013, 9 (9), pp3878-3888,
|    DOI: 10.1021/ct400314y.
|
|  - Andreas W. Goetz; Mark J. Williamson; Dong Xu;
|    Duncan Poole; Scott Le Grand; Ross C. Walker
|    "Routine microsecond molecular dynamics simulations
|    with AMBER - Part I: Generalized Born", J. Chem.
|    Theory Comput., 2012, 8 (5), pp1542-1555.
|
|  - Scott Le Grand; Andreas W. Goetz; Ross C. Walker
|    "SPFP: Speed without compromise - a mixed precision
|    model for GPU accelerated molecular dynamics
|    simulations.", Comp. Phys. Comm., 2013, 184
|    pp374-380, DOI: 10.1016/j.cpc.2012.09.022
|
|    When publishing work that utilized the CUDA version
|    of TI, BAR, MBAR or FEP please cite the following 
|    publications in addition to the regular AMBER 
|    GPU citations:
|
|  - Daniel J. Mermelstein; Charles Lin; Gard Nelson; 
|    Rachael Kretsch; J. Andrew McCammon; Ross C. Walker
|    "Fast and Flexible GPU Accelerated Binding 
|    Free Energy Calculations within the AMBER Molecular
|    Dynamics Package" J. Comp. Chem., 2018,
|    DOI: 10.1002/jcc.25187
|
|  - Tai-Sung Lee; Yuan Hu; Brad Sherborne; Zhuyan Guo;
|    Darrin M. York
|    "Toward Fast and Accurate Binding Affinity Prediction with
|    pmemdGTI: An Efficient Implementation of GPU-Accelerated
|    Thermodynamic Integration"
|    J. Chem. Theory Comput., 2017, 13 (7), 3077
|
|
|--------------------------------------------------------
 
|------------------- GPU DEVICE INFO --------------------
|
|            CUDA_VISIBLE_DEVICES: 0
|   CUDA Capable Devices Detected:      1
|           CUDA Device ID in use:      0
|                CUDA Device Name: Tesla V100S-PCIE-32GB
|     CUDA Device Global Mem Size:  32510 MB
| CUDA Device Num Multiprocessors:     80
|           CUDA Device Core Freq:   1.60 GHz
|
|--------------------------------------------------------
 
 
| Conditional Compilation Defines Used:
| FFTW_FFT
| BINTRAJ
| MKL
| CUDA
| EMIL

| Largest sphere to fit in unit cell has radius =    27.375

| New format PARM file being parsed.
| Version =    1.000 Date = 05/26/20 Time = 15:44:31

| Note: 1-4 EEL scale factors are being read from the topology file.

| Note: 1-4 VDW scale factors are being read from the topology file.
| Duplicated    0 dihedrals

| Duplicated    0 dihedrals

--------------------------------------------------------------------------------
   1.  RESOURCE   USE: 
--------------------------------------------------------------------------------

 getting box info from netcdf restart file
 NATOM  =   20967 NTYPES =       6 NBONH =   20959 MBONA  =       6
 NTHETH =      32 MTHETA =       4 NPHIH =      40 MPHIA  =       2
 NHPARM =       0 NPARM  =       0 NNB   =   28026 NRES   =    6983
 NBONA  =       6 NTHETA =       4 NPHIA =       2 NUMBND =       6
 NUMANG =       6 NPTRA  =       2 NATYP =       6 NPHB   =       1
 IFBOX  =       2 NMXRS  =      12 IFCAP =       0 NEXTRA =       0
 NCOPY  =       0

| Coordinate Index Table dimensions:    10   10   10
| Direct force subcell size =     6.7054    6.7054    6.7054

     BOX TYPE: TRUNCATED OCTAHEDRON

--------------------------------------------------------------------------------
   2.  CONTROL  DATA  FOR  THE  RUN
--------------------------------------------------------------------------------

default_name                                                                    

General flags:
     imin    =       0, nmropt  =       1

Nature and format of input:
     ntx     =       1, irest   =       0, ntrx    =       1

Nature and format of output:
     ntxo    =       2, ntpr    =    5000, ntrx    =       1, ntwr    =    5000
     iwrap   =       0, ntwx    =   10000, ntwv    =       0, ntwe    =       0
     ioutfm  =       1, ntwprt  =       0, idecomp =       0, rbornstat=      0

Potential function:
     ntf     =       2, ntb     =       1, igb     =       0, nsnb    =      25
     ipol    =       0, gbsa    =       0, iesp    =       0
     dielc   =   1.00000, cut     =  10.00000, intdiel =   1.00000

Frozen or restrained atoms:
     ibelly  =       0, ntr     =       0

Molecular dynamics:
     nstlim  =    100000, nscm    =      1000, nrespa  =         1
     t       =   0.00000, dt      =   0.00200, vlimit  =  -1.00000

Langevin dynamics temperature regulation:
     ig      =   63318
     temp0   = 300.00000, tempi   =   0.00000, gamma_ln=   2.00000

SHAKE:
     ntc     =       2, jfastw  =       0
     tol     =   0.00001

NMR refinement options:
     iscale  =       0, noeskp  =       1, ipnlty  =       1, mxsub   =       1
     scalm   = 100.00000, pencut  =   0.10000, tausw   =   0.10000

Free energy options:
     icfe    =       1, ifsc    =       0, klambda =       1
     clambda =  0.8850, scalpha =  0.5000, scbeta  = 12.0000
     sceeorder =       2
     dynlmb =  0.0000 logdvdl =       0

| Intermolecular bonds treatment:
|     no_intermolecular_bonds =       1

| Energy averages sample interval:
|     ene_avg_sampling =    5000

Ewald parameters:
     verbose =       0, ew_type =       0, nbflag  =       1, use_pme =       1
     vdwmeth =       1, eedmeth =       1, netfrc  =       1
     Box X =   67.054   Box Y =   67.054   Box Z =   67.054
     Alpha =  109.471   Beta  =  109.471   Gamma =  109.471
     NFFT1 =   64       NFFT2 =   64       NFFT3 =   64
     Cutoff=   10.000   Tol   =0.100E-04
     Ewald Coefficient =  0.27511
     Interpolation order =    4
     TI Mask 1 :1; matches     12 atoms
     TI Mask 2 :2; matches     12 atoms
     TI region 1:   20955 atoms
     TI region 2:   20955 atoms
Removing charge of      -0.6664 from atom      13
Removing charge of      -0.6664 from atom      14
Removing charge of      -0.0664 from atom      15
Removing charge of      -0.0664 from atom      16
Removing charge of       0.2792 from atom      17
Removing charge of       0.2802 from atom      18
Removing charge of       0.2802 from atom      19
Removing charge of       0.2792 from atom      20
Removing charge of       0.0898 from atom      21
Removing charge of       0.0837 from atom      22
Removing charge of       0.0898 from atom      23
Removing charge of       0.0837 from atom      24
Total charge of  -0.00000000 removed from      12 atoms
     Checking for mismatched coordinates.

--------------------------------------------------------------------------------
   3.  ATOMIC COORDINATES AND VELOCITIES
--------------------------------------------------------------------------------

default_name                                                                    
 begin time read from input coords =     0.000 ps



           Begin reading energy term weight changes/NMR restraints
 WEIGHT CHANGES:
 TEMP0         0  90000    0.000000  300.000000      0      0
 TEMP0     90001 100000  300.000000  300.000000      0      0
 DUMPFREQ  10000      0    0.000000    0.000000      0      0

 RESTRAINTS:
                          ** No restraint defined **

                  Done reading weight changes/NMR restraints


 
 Number of triangulated 3-point waters found:     6981

     Sum of charges for TI region  1 =  -0.00000000
     Skip neutralizing charges...


     Sum of charges for TI region  2 =   0.00000000
     Skip neutralizing charges...

| Dynamic Memory, Types Used:
| Reals              919424
| Integers           798292

| Nonbonded Pairs Initial Allocation:     6341993

| GPU memory information (estimate):
| KB of GPU memory in use:    247519
| KB of CPU memory in use:     52831

--------------------------------------------------------------------------------
   4.  RESULTS
--------------------------------------------------------------------------------


| TI region  1


 NSTEP =        0   TIME(PS) =       0.000  TEMP(K) =     0.00  PRESS =     0.0
 Etot   =    -65224.8219  EKtot   =         0.0000  EPtot      =    -65224.8219
 BOND   =         0.0428  ANGLE   =         0.2425  DIHED      =         0.8215
 1-4 NB =         0.5309  1-4 EEL =         4.9813  VDWAALS    =      5150.9759
 EELEC  =    -70382.4168  EHBOND  =         0.0000  RESTRAINT  =         0.0000
 DV/DL  =       -14.9131
 ------------------------------------------------------------------------------


| TI region  2


 NSTEP =        0   TIME(PS) =       0.000  TEMP(K) =     0.00  PRESS =     0.0
 Etot   =    -65224.8219  EKtot   =         0.0000  EPtot      =    -65224.8219
 BOND   =         0.0428  ANGLE   =         0.2425  DIHED      =         0.8215
 1-4 NB =         0.5309  1-4 EEL =         4.9813  VDWAALS    =      5150.9759
 EELEC  =    -70382.4168  EHBOND  =         0.0000  RESTRAINT  =         0.0000
 DV/DL  =       -14.9131
 ------------------------------------------------------------------------------

 NMR restraints: Bond =    0.000   Angle =     0.000   Torsion =     0.000
===============================================================================

| TI region  1


 NSTEP =     5000   TIME(PS) =      10.000  TEMP(K) =    16.06  PRESS =     0.0
 Etot   =    -82164.9910  EKtot   =       669.0225  EPtot      =    -82834.0134
 BOND   =         0.1455  ANGLE   =         0.2088  DIHED      =         0.1111
 1-4 NB =         0.2770  1-4 EEL =         4.7147  VDWAALS    =     14984.9988
 EELEC  =    -97824.4694  EHBOND  =         0.0000  RESTRAINT  =         0.0000
 DV/DL  =       -14.8395
 ------------------------------------------------------------------------------


| TI region  2


 NSTEP =     5000   TIME(PS) =      10.000  TEMP(K) =    16.06  PRESS =     0.0
 Etot   =    -82164.9910  EKtot   =       669.0225  EPtot      =    -82834.0134
 BOND   =         0.1455  ANGLE   =         0.2088  DIHED      =         0.1111
 1-4 NB =         0.2770  1-4 EEL =         4.7147  VDWAALS    =     14984.9988
 EELEC  =    -97824.4694  EHBOND  =         0.0000  RESTRAINT  =         0.0000
 DV/DL  =       -14.8395
 ------------------------------------------------------------------------------

 NMR restraints: Bond =    0.000   Angle =     0.000   Torsion =     0.000
===============================================================================

| TI region  1


 NSTEP =    10000   TIME(PS) =      20.000  TEMP(K) =    32.68  PRESS =     0.0
 Etot   =    -80996.4604  EKtot   =      1361.0610  EPtot      =    -82357.5214
 BOND   =         0.0425  ANGLE   =         0.5436  DIHED      =         0.3040
 1-4 NB =         0.2847  1-4 EEL =         4.6472  VDWAALS    =     15047.1705
 EELEC  =    -97410.5138  EHBOND  =         0.0000  RESTRAINT  =         0.0000
 DV/DL  =       -13.5141
 ------------------------------------------------------------------------------


| TI region  2


 NSTEP =    10000   TIME(PS) =      20.000  TEMP(K) =    32.68  PRESS =     0.0
 Etot   =    -80996.4604  EKtot   =      1361.0610  EPtot      =    -82357.5214
 BOND   =         0.0425  ANGLE   =         0.5436  DIHED      =         0.3040
 1-4 NB =         0.2847  1-4 EEL =         4.6472  VDWAALS    =     15047.1705
 EELEC  =    -97410.5138  EHBOND  =         0.0000  RESTRAINT  =         0.0000
 DV/DL  =       -13.5141
 ------------------------------------------------------------------------------

 NMR restraints: Bond =    0.000   Angle =     0.000   Torsion =     0.000
===============================================================================

| TI region  1


 NSTEP =    15000   TIME(PS) =      30.000  TEMP(K) =    49.59  PRESS =     0.0
 Etot   =    -79808.1737  EKtot   =      2065.2983  EPtot      =    -81873.4719
 BOND   =         0.3508  ANGLE   =         0.9105  DIHED      =         0.0859
 1-4 NB =         0.4208  1-4 EEL =         4.8481  VDWAALS    =     14874.4994
 EELEC  =    -96754.5874  EHBOND  =         0.0000  RESTRAINT  =         0.0000
 DV/DL  =       -12.6292
 ------------------------------------------------------------------------------


| TI region  2


 NSTEP =    15000   TIME(PS) =      30.000  TEMP(K) =    49.59  PRESS =     0.0
 Etot   =    -79808.1737  EKtot   =      2065.2983  EPtot      =    -81873.4719
 BOND   =         0.3508  ANGLE   =         0.9105  DIHED      =         0.0859
 1-4 NB =         0.4208  1-4 EEL =         4.8481  VDWAALS    =     14874.4994
 EELEC  =    -96754.5874  EHBOND  =         0.0000  RESTRAINT  =         0.0000
 DV/DL  =       -12.6292
 ------------------------------------------------------------------------------

 NMR restraints: Bond =    0.000   Angle =     0.000   Torsion =     0.000
===============================================================================

| TI region  1


 NSTEP =    20000   TIME(PS) =      40.000  TEMP(K) =    67.08  PRESS =     0.0
 Etot   =    -78576.1371  EKtot   =      2793.4465  EPtot      =    -81369.5835
 BOND   =         0.0281  ANGLE   =         1.8857  DIHED      =         0.3769
 1-4 NB =         0.2999  1-4 EEL =         4.7354  VDWAALS    =     14950.1234
 EELEC  =    -96327.0329  EHBOND  =         0.0000  RESTRAINT  =         0.0000
 DV/DL  =       -13.5561
 ------------------------------------------------------------------------------


| TI region  2


 NSTEP =    20000   TIME(PS) =      40.000  TEMP(K) =    67.08  PRESS =     0.0
 Etot   =    -78576.1371  EKtot   =      2793.4465  EPtot      =    -81369.5835
 BOND   =         0.0281  ANGLE   =         1.8857  DIHED      =         0.3769
 1-4 NB =         0.2999  1-4 EEL =         4.7354  VDWAALS    =     14950.1234
 EELEC  =    -96327.0329  EHBOND  =         0.0000  RESTRAINT  =         0.0000
 DV/DL  =       -13.5561
 ------------------------------------------------------------------------------

 NMR restraints: Bond =    0.000   Angle =     0.000   Torsion =     0.000
===============================================================================

| TI region  1


 NSTEP =    25000   TIME(PS) =      50.000  TEMP(K) =    82.36  PRESS =     0.0
 Etot   =    -77550.5580  EKtot   =      3429.8614  EPtot      =    -80980.4194
 BOND   =         0.5029  ANGLE   =         0.8323  DIHED      =         0.2756
 1-4 NB =         0.0991  1-4 EEL =         4.5666  VDWAALS    =     14837.3193
 EELEC  =    -95824.0152  EHBOND  =         0.0000  RESTRAINT  =         0.0000
 DV/DL  =       -14.5582
 ------------------------------------------------------------------------------


| TI region  2


 NSTEP =    25000   TIME(PS) =      50.000  TEMP(K) =    82.36  PRESS =     0.0
 Etot   =    -77550.5580  EKtot   =      3429.8614  EPtot      =    -80980.4194
 BOND   =         0.5029  ANGLE   =         0.8323  DIHED      =         0.2756
 1-4 NB =         0.0991  1-4 EEL =         4.5666  VDWAALS    =     14837.3193
 EELEC  =    -95824.0152  EHBOND  =         0.0000  RESTRAINT  =         0.0000
 DV/DL  =       -14.5582
 ------------------------------------------------------------------------------

 NMR restraints: Bond =    0.000   Angle =     0.000   Torsion =     0.000
===============================================================================

| TI region  1


 NSTEP =    30000   TIME(PS) =      60.000  TEMP(K) =   100.19  PRESS =     0.0
 Etot   =    -76277.5259  EKtot   =      4172.4587  EPtot      =    -80449.9847
 BOND   =         1.4954  ANGLE   =         1.3648  DIHED      =         0.2060
 1-4 NB =         0.1371  1-4 EEL =         4.7132  VDWAALS    =     14660.4299
 EELEC  =    -95118.3311  EHBOND  =         0.0000  RESTRAINT  =         0.0000
 DV/DL  =       -14.1996
 ------------------------------------------------------------------------------


| TI region  2


 NSTEP =    30000   TIME(PS) =      60.000  TEMP(K) =   100.19  PRESS =     0.0
 Etot   =    -76277.5259  EKtot   =      4172.4587  EPtot      =    -80449.9847
 BOND   =         1.4954  ANGLE   =         1.3648  DIHED      =         0.2060
 1-4 NB =         0.1371  1-4 EEL =         4.7132  VDWAALS    =     14660.4299
 EELEC  =    -95118.3311  EHBOND  =         0.0000  RESTRAINT  =         0.0000
 DV/DL  =       -14.1996
 ------------------------------------------------------------------------------

 NMR restraints: Bond =    0.000   Angle =     0.000   Torsion =     0.000
===============================================================================

| TI region  1


 NSTEP =    35000   TIME(PS) =      70.000  TEMP(K) =   118.74  PRESS =     0.0
 Etot   =    -74926.6591  EKtot   =      4945.1133  EPtot      =    -79871.7724
 BOND   =         0.1917  ANGLE   =         2.7518  DIHED      =         0.9150
 1-4 NB =         0.1743  1-4 EEL =         4.6357  VDWAALS    =     14568.5008
 EELEC  =    -94448.9417  EHBOND  =         0.0000  RESTRAINT  =         0.0000
 DV/DL  =       -11.1101
 ------------------------------------------------------------------------------


| TI region  2


 NSTEP =    35000   TIME(PS) =      70.000  TEMP(K) =   118.74  PRESS =     0.0
 Etot   =    -74926.6591  EKtot   =      4945.1133  EPtot      =    -79871.7724
 BOND   =         0.1917  ANGLE   =         2.7518  DIHED      =         0.9150
 1-4 NB =         0.1743  1-4 EEL =         4.6357  VDWAALS    =     14568.5008
 EELEC  =    -94448.9417  EHBOND  =         0.0000  RESTRAINT  =         0.0000
 DV/DL  =       -11.1101
 ------------------------------------------------------------------------------

 NMR restraints: Bond =    0.000   Angle =     0.000   Torsion =     0.000
===============================================================================

| TI region  1


 NSTEP =    40000   TIME(PS) =      80.000  TEMP(K) =   131.62  PRESS =     0.0
 Etot   =    -73775.2446  EKtot   =      5481.5743  EPtot      =    -79256.8189
 BOND   =         0.2530  ANGLE   =         3.0916  DIHED      =         1.0493
 1-4 NB =         0.8948  1-4 EEL =         5.0293  VDWAALS    =     14721.0379
 EELEC  =    -93988.1748  EHBOND  =         0.0000  RESTRAINT  =         0.0000
 DV/DL  =       -13.6210
 ------------------------------------------------------------------------------


| TI region  2


 NSTEP =    40000   TIME(PS) =      80.000  TEMP(K) =   131.62  PRESS =     0.0
 Etot   =    -73775.2446  EKtot   =      5481.5743  EPtot      =    -79256.8189
 BOND   =         0.2530  ANGLE   =         3.0916  DIHED      =         1.0493
 1-4 NB =         0.8948  1-4 EEL =         5.0293  VDWAALS    =     14721.0379
 EELEC  =    -93988.1748  EHBOND  =         0.0000  RESTRAINT  =         0.0000
 DV/DL  =       -13.6210
 ------------------------------------------------------------------------------

 NMR restraints: Bond =    0.000   Angle =     0.000   Torsion =     0.000
===============================================================================

| TI region  1


 NSTEP =    45000   TIME(PS) =      90.000  TEMP(K) =   148.78  PRESS =     0.0
 Etot   =    -72307.4975  EKtot   =      6196.0686  EPtot      =    -78503.5661
 BOND   =         0.3709  ANGLE   =         2.8349  DIHED      =         0.0866
 1-4 NB =         0.1488  1-4 EEL =         4.7159  VDWAALS    =     14199.8400
 EELEC  =    -92711.5632  EHBOND  =         0.0000  RESTRAINT  =         0.0000
 DV/DL  =       -14.7623
 ------------------------------------------------------------------------------


| TI region  2


 NSTEP =    45000   TIME(PS) =      90.000  TEMP(K) =   148.78  PRESS =     0.0
 Etot   =    -72307.4975  EKtot   =      6196.0686  EPtot      =    -78503.5661
 BOND   =         0.3709  ANGLE   =         2.8349  DIHED      =         0.0866
 1-4 NB =         0.1488  1-4 EEL =         4.7159  VDWAALS    =     14199.8400
 EELEC  =    -92711.5632  EHBOND  =         0.0000  RESTRAINT  =         0.0000
 DV/DL  =       -14.7623
 ------------------------------------------------------------------------------

 NMR restraints: Bond =    0.000   Angle =     0.000   Torsion =     0.000
===============================================================================

| TI region  1


 NSTEP =    50000   TIME(PS) =     100.000  TEMP(K) =   165.55  PRESS =     0.0
 Etot   =    -70940.9687  EKtot   =      6894.4638  EPtot      =    -77835.4325
 BOND   =         0.2095  ANGLE   =         1.9386  DIHED      =         0.5535
 1-4 NB =         0.3086  1-4 EEL =         4.5740  VDWAALS    =     14024.2393
 EELEC  =    -91867.2560  EHBOND  =         0.0000  RESTRAINT  =         0.0000
 DV/DL  =       -13.4790
 ------------------------------------------------------------------------------


| TI region  2


 NSTEP =    50000   TIME(PS) =     100.000  TEMP(K) =   165.55  PRESS =     0.0
 Etot   =    -70940.9687  EKtot   =      6894.4638  EPtot      =    -77835.4325
 BOND   =         0.2095  ANGLE   =         1.9386  DIHED      =         0.5535
 1-4 NB =         0.3086  1-4 EEL =         4.5740  VDWAALS    =     14024.2393
 EELEC  =    -91867.2560  EHBOND  =         0.0000  RESTRAINT  =         0.0000
 DV/DL  =       -13.4790
 ------------------------------------------------------------------------------

 NMR restraints: Bond =    0.000   Angle =     0.000   Torsion =     0.000
===============================================================================

| TI region  1


 NSTEP =    55000   TIME(PS) =     110.000  TEMP(K) =   183.37  PRESS =     0.0
 Etot   =    -69242.3071  EKtot   =      7636.7098  EPtot      =    -76879.0169
 BOND   =         0.7918  ANGLE   =         3.3240  DIHED      =         0.4079
 1-4 NB =         0.2437  1-4 EEL =         4.5500  VDWAALS    =     13793.4528
 EELEC  =    -90681.7870  EHBOND  =         0.0000  RESTRAINT  =         0.0000
 DV/DL  =       -10.1183
 ------------------------------------------------------------------------------


| TI region  2


 NSTEP =    55000   TIME(PS) =     110.000  TEMP(K) =   183.37  PRESS =     0.0
 Etot   =    -69242.3071  EKtot   =      7636.7098  EPtot      =    -76879.0169
 BOND   =         0.7918  ANGLE   =         3.3240  DIHED      =         0.4079
 1-4 NB =         0.2437  1-4 EEL =         4.5500  VDWAALS    =     13793.4528
 EELEC  =    -90681.7870  EHBOND  =         0.0000  RESTRAINT  =         0.0000
 DV/DL  =       -10.1183
 ------------------------------------------------------------------------------

 NMR restraints: Bond =    0.000   Angle =     0.000   Torsion =     0.000
===============================================================================

| TI region  1


 NSTEP =    60000   TIME(PS) =     120.000  TEMP(K) =   197.63  PRESS =     0.0
 Etot   =    -67711.4755  EKtot   =      8230.3900  EPtot      =    -75941.8655
 BOND   =         0.6836  ANGLE   =         4.9291  DIHED      =         1.6412
 1-4 NB =         0.4322  1-4 EEL =         4.3692  VDWAALS    =     13608.1328
 EELEC  =    -89562.0536  EHBOND  =         0.0000  RESTRAINT  =         0.0000
 DV/DL  =       -13.7539
 ------------------------------------------------------------------------------


| TI region  2


 NSTEP =    60000   TIME(PS) =     120.000  TEMP(K) =   197.63  PRESS =     0.0
 Etot   =    -67711.4755  EKtot   =      8230.3900  EPtot      =    -75941.8655
 BOND   =         0.6836  ANGLE   =         4.9291  DIHED      =         1.6412
 1-4 NB =         0.4322  1-4 EEL =         4.3692  VDWAALS    =     13608.1328
 EELEC  =    -89562.0536  EHBOND  =         0.0000  RESTRAINT  =         0.0000
 DV/DL  =       -13.7539
 ------------------------------------------------------------------------------

 NMR restraints: Bond =    0.000   Angle =     0.000   Torsion =     0.000
===============================================================================

| TI region  1


 NSTEP =    65000   TIME(PS) =     130.000  TEMP(K) =   212.58  PRESS =     0.0
 Etot   =    -65485.1416  EKtot   =      8852.9354  EPtot      =    -74338.0770
 BOND   =         0.4600  ANGLE   =         1.3491  DIHED      =         0.6897
 1-4 NB =         0.4870  1-4 EEL =         4.5433  VDWAALS    =     12662.5624
 EELEC  =    -87008.1683  EHBOND  =         0.0000  RESTRAINT  =         0.0000
 DV/DL  =       -11.4951
 ------------------------------------------------------------------------------


| TI region  2


 NSTEP =    65000   TIME(PS) =     130.000  TEMP(K) =   212.58  PRESS =     0.0
 Etot   =    -65485.1416  EKtot   =      8852.9354  EPtot      =    -74338.0770
 BOND   =         0.4600  ANGLE   =         1.3491  DIHED      =         0.6897
 1-4 NB =         0.4870  1-4 EEL =         4.5433  VDWAALS    =     12662.5624
 EELEC  =    -87008.1683  EHBOND  =         0.0000  RESTRAINT  =         0.0000
 DV/DL  =       -11.4951
 ------------------------------------------------------------------------------

 NMR restraints: Bond =    0.000   Angle =     0.000   Torsion =     0.000
===============================================================================

| TI region  1


 NSTEP =    70000   TIME(PS) =     140.000  TEMP(K) =   231.93  PRESS =     0.0
 Etot   =    -62577.8726  EKtot   =      9658.7913  EPtot      =    -72236.6639
 BOND   =         1.6706  ANGLE   =         3.6242  DIHED      =         1.3184
 1-4 NB =         0.8870  1-4 EEL =         4.9361  VDWAALS    =     11769.8182
 EELEC  =    -84018.9184  EHBOND  =         0.0000  RESTRAINT  =         0.0000
 DV/DL  =       -13.7147
 ------------------------------------------------------------------------------


| TI region  2


 NSTEP =    70000   TIME(PS) =     140.000  TEMP(K) =   231.93  PRESS =     0.0
 Etot   =    -62577.8726  EKtot   =      9658.7913  EPtot      =    -72236.6639
 BOND   =         1.6706  ANGLE   =         3.6242  DIHED      =         1.3184
 1-4 NB =         0.8870  1-4 EEL =         4.9361  VDWAALS    =     11769.8182
 EELEC  =    -84018.9184  EHBOND  =         0.0000  RESTRAINT  =         0.0000
 DV/DL  =       -13.7147
 ------------------------------------------------------------------------------

 NMR restraints: Bond =    0.000   Angle =     0.000   Torsion =     0.000
===============================================================================

| TI region  1


 NSTEP =    75000   TIME(PS) =     150.000  TEMP(K) =   246.60  PRESS =     0.0
 Etot   =    -60097.1516  EKtot   =     10269.8900  EPtot      =    -70367.0416
 BOND   =         0.5107  ANGLE   =         2.9989  DIHED      =         0.8173
 1-4 NB =         0.4485  1-4 EEL =         4.5552  VDWAALS    =     11219.4470
 EELEC  =    -81595.8192  EHBOND  =         0.0000  RESTRAINT  =         0.0000
 DV/DL  =       -14.8051
 ------------------------------------------------------------------------------


| TI region  2


 NSTEP =    75000   TIME(PS) =     150.000  TEMP(K) =   246.60  PRESS =     0.0
 Etot   =    -60097.1516  EKtot   =     10269.8900  EPtot      =    -70367.0416
 BOND   =         0.5107  ANGLE   =         2.9989  DIHED      =         0.8173
 1-4 NB =         0.4485  1-4 EEL =         4.5552  VDWAALS    =     11219.4470
 EELEC  =    -81595.8192  EHBOND  =         0.0000  RESTRAINT  =         0.0000
 DV/DL  =       -14.8051
 ------------------------------------------------------------------------------

 NMR restraints: Bond =    0.000   Angle =     0.000   Torsion =     0.000
===============================================================================

| TI region  1


 NSTEP =    80000   TIME(PS) =     160.000  TEMP(K) =   263.66  PRESS =     0.0
 Etot   =    -57569.2556  EKtot   =     10980.1685  EPtot      =    -68549.4242
 BOND   =         1.4232  ANGLE   =         2.1606  DIHED      =         0.7019
 1-4 NB =         0.3324  1-4 EEL =         4.4746  VDWAALS    =     10608.9341
 EELEC  =    -79167.4510  EHBOND  =         0.0000  RESTRAINT  =         0.0000
 DV/DL  =       -13.9224
 ------------------------------------------------------------------------------


| TI region  2


 NSTEP =    80000   TIME(PS) =     160.000  TEMP(K) =   263.66  PRESS =     0.0
 Etot   =    -57569.2556  EKtot   =     10980.1685  EPtot      =    -68549.4242
 BOND   =         1.4232  ANGLE   =         2.1606  DIHED      =         0.7019
 1-4 NB =         0.3324  1-4 EEL =         4.4746  VDWAALS    =     10608.9341
 EELEC  =    -79167.4510  EHBOND  =         0.0000  RESTRAINT  =         0.0000
 DV/DL  =       -13.9224
 ------------------------------------------------------------------------------

 NMR restraints: Bond =    0.000   Angle =     0.000   Torsion =     0.000
===============================================================================

| TI region  1


 NSTEP =    85000   TIME(PS) =     170.000  TEMP(K) =   284.29  PRESS =     0.0
 Etot   =    -55091.8650  EKtot   =     11839.4487  EPtot      =    -66931.3137
 BOND   =         0.9586  ANGLE   =         8.0143  DIHED      =         1.6902
 1-4 NB =         0.5911  1-4 EEL =         4.9130  VDWAALS    =      9875.5296
 EELEC  =    -76823.0105  EHBOND  =         0.0000  RESTRAINT  =         0.0000
 DV/DL  =       -10.9012
 ------------------------------------------------------------------------------


| TI region  2


 NSTEP =    85000   TIME(PS) =     170.000  TEMP(K) =   284.29  PRESS =     0.0
 Etot   =    -55091.8650  EKtot   =     11839.4487  EPtot      =    -66931.3137
 BOND   =         0.9586  ANGLE   =         8.0143  DIHED      =         1.6902
 1-4 NB =         0.5911  1-4 EEL =         4.9130  VDWAALS    =      9875.5296
 EELEC  =    -76823.0105  EHBOND  =         0.0000  RESTRAINT  =         0.0000
 DV/DL  =       -10.9012
 ------------------------------------------------------------------------------

 NMR restraints: Bond =    0.000   Angle =     0.000   Torsion =     0.000
===============================================================================

| TI region  1


 NSTEP =    90000   TIME(PS) =     180.000  TEMP(K) =   302.24  PRESS =     0.0
 Etot   =    -52977.8328  EKtot   =     12586.7609  EPtot      =    -65564.5937
 BOND   =         0.7914  ANGLE   =         7.2685  DIHED      =         2.5600
 1-4 NB =         0.4767  1-4 EEL =         4.2360  VDWAALS    =      9692.4546
 EELEC  =    -75272.3810  EHBOND  =         0.0000  RESTRAINT  =         0.0000
 DV/DL  =       -12.2605
 ------------------------------------------------------------------------------


| TI region  2


 NSTEP =    90000   TIME(PS) =     180.000  TEMP(K) =   302.24  PRESS =     0.0
 Etot   =    -52977.8328  EKtot   =     12586.7609  EPtot      =    -65564.5937
 BOND   =         0.7914  ANGLE   =         7.2685  DIHED      =         2.5600
 1-4 NB =         0.4767  1-4 EEL =         4.2360  VDWAALS    =      9692.4546
 EELEC  =    -75272.3810  EHBOND  =         0.0000  RESTRAINT  =         0.0000
 DV/DL  =       -12.2605
 ------------------------------------------------------------------------------

 NMR restraints: Bond =    0.000   Angle =     0.000   Torsion =     0.000
===============================================================================

| TI region  1


 NSTEP =    95000   TIME(PS) =     190.000  TEMP(K) =   302.57  PRESS =     0.0
 Etot   =    -52653.3444  EKtot   =     12600.5820  EPtot      =    -65253.9264
 BOND   =         0.0450  ANGLE   =         2.7993  DIHED      =         0.2806
 1-4 NB =         0.7704  1-4 EEL =         4.7640  VDWAALS    =      9378.8805
 EELEC  =    -74641.4661  EHBOND  =         0.0000  RESTRAINT  =         0.0000
 DV/DL  =       -13.4805
 ------------------------------------------------------------------------------


| TI region  2


 NSTEP =    95000   TIME(PS) =     190.000  TEMP(K) =   302.57  PRESS =     0.0
 Etot   =    -52653.3444  EKtot   =     12600.5820  EPtot      =    -65253.9264
 BOND   =         0.0450  ANGLE   =         2.7993  DIHED      =         0.2806
 1-4 NB =         0.7704  1-4 EEL =         4.7640  VDWAALS    =      9378.8805
 EELEC  =    -74641.4661  EHBOND  =         0.0000  RESTRAINT  =         0.0000
 DV/DL  =       -13.4805
 ------------------------------------------------------------------------------

 NMR restraints: Bond =    0.000   Angle =     0.000   Torsion =     0.000
===============================================================================

| TI region  1


 NSTEP =   100000   TIME(PS) =     200.000  TEMP(K) =   299.04  PRESS =     0.0
 Etot   =    -52869.3005  EKtot   =     12453.6392  EPtot      =    -65322.9397
 BOND   =         1.3049  ANGLE   =         5.5940  DIHED      =         1.6543
 1-4 NB =         0.2636  1-4 EEL =         3.8664  VDWAALS    =      9584.5486
 EELEC  =    -74920.1715  EHBOND  =         0.0000  RESTRAINT  =         0.0000
 DV/DL  =       -12.8878
 ------------------------------------------------------------------------------


| TI region  2


 NSTEP =   100000   TIME(PS) =     200.000  TEMP(K) =   299.04  PRESS =     0.0
 Etot   =    -52869.3005  EKtot   =     12453.6392  EPtot      =    -65322.9397
 BOND   =         1.3049  ANGLE   =         5.5940  DIHED      =         1.6543
 1-4 NB =         0.2636  1-4 EEL =         3.8664  VDWAALS    =      9584.5486
 EELEC  =    -74920.1715  EHBOND  =         0.0000  RESTRAINT  =         0.0000
 DV/DL  =       -12.8878
 ------------------------------------------------------------------------------

 NMR restraints: Bond =    0.000   Angle =     0.000   Torsion =     0.000
===============================================================================

| TI region  1


      A V E R A G E S   O V E R      20 S T E P S


 NSTEP =   100000   TIME(PS) =     200.000  TEMP(K) =   171.83  PRESS =     0.0
 Etot   =    -68179.9881  EKtot   =      7155.8842  EPtot      =    -75335.8723
 BOND   =         0.6115  ANGLE   =         2.9212  DIHED      =         0.7863
 1-4 NB =         0.3989  1-4 EEL =         4.6194  VDWAALS    =     12953.0960
 EELEC  =    -88298.3056  EHBOND  =         0.0000  RESTRAINT  =         0.0000
 DV/DL  =       -13.1804
 ------------------------------------------------------------------------------

 NMR restraints: Bond =    0.000   Angle =     0.000   Torsion =     0.000
===============================================================================

      R M S  F L U C T U A T I O N S


 NSTEP =   100000   TIME(PS) =     200.000  TEMP(K) =    92.39  PRESS =     0.0
 Etot   =      9883.8518  EKtot   =      3847.4821  EPtot      =      6111.5883
 BOND   =         0.5036  ANGLE   =         2.0698  DIHED      =         0.6603
 1-4 NB =         0.2281  1-4 EEL =         0.2536  VDWAALS    =      2078.9616
 EELEC  =      8178.3552  EHBOND  =         0.0000  RESTRAINT  =         0.0000
 DV/DL  =         1.3333
 ------------------------------------------------------------------------------


| TI region  2


      A V E R A G E S   O V E R      20 S T E P S


 NSTEP =   100000   TIME(PS) =     200.000  TEMP(K) =   171.83  PRESS =     0.0
 Etot   =    -68179.9881  EKtot   =      7155.8842  EPtot      =    -75335.8723
 BOND   =         0.6115  ANGLE   =         2.9212  DIHED      =         0.7863
 1-4 NB =         0.3989  1-4 EEL =         4.6194  VDWAALS    =     12953.0960
 EELEC  =    -88298.3056  EHBOND  =         0.0000  RESTRAINT  =         0.0000
 DV/DL  =       -13.1804
 ------------------------------------------------------------------------------

 NMR restraints: Bond =    0.000   Angle =     0.000   Torsion =     0.000
===============================================================================

      R M S  F L U C T U A T I O N S


 NSTEP =   100000   TIME(PS) =     200.000  TEMP(K) =    92.39  PRESS =     0.0
 Etot   =      9883.8518  EKtot   =      3847.4821  EPtot      =      6111.5883
 BOND   =         0.5036  ANGLE   =         2.0698  DIHED      =         0.6603
 1-4 NB =         0.2281  1-4 EEL =         0.2536  VDWAALS    =      2078.9616
 EELEC  =      8178.3552  EHBOND  =         0.0000  RESTRAINT  =         0.0000
 DV/DL  =         1.3333
 ------------------------------------------------------------------------------


      DV/DL, AVERAGES OVER      20 STEPS


 NSTEP =   100000   TIME(PS) =     200.000  TEMP(K) =    92.39  PRESS =     0.0
 Etot   =         0.0000  EKtot   =         0.0000  EPtot      =       -13.1804
 BOND   =         0.0000  ANGLE   =         0.0000  DIHED      =         0.0000
 1-4 NB =         0.0000  1-4 EEL =       -40.1511  VDWAALS    =         0.0000
 EELEC  =        26.9707  EHBOND  =         0.0000  RESTRAINT  =         0.0000
 DV/DL  =       -13.1804
 ------------------------------------------------------------------------------


 NMR restraints on final step:

--------------------------------------------------------------------------------
   5.  TIMINGS
--------------------------------------------------------------------------------

|  NonSetup CPU Time in Major Routines:
|
|     Routine           Sec        %
|     ------------------------------
|     Nonbond          27.43   44.98
|     Bond              0.00    0.00
|     Angle             0.00    0.00
|     Dihedral          0.00    0.00
|     Shake             0.31    0.50
|     RunMD            33.05   54.19
|     Other             0.20    0.33
|     ------------------------------
|     Total            60.99

|  PME Nonbond Pairlist CPU Time:
|
|     Routine              Sec        %
|     ---------------------------------
|     Set Up Cit           0.00    0.00
|     Build List           0.00    0.00
|     ---------------------------------
|     Total                0.00    0.00

|  PME Direct Force CPU Time:
|
|     Routine              Sec        %
|     ---------------------------------
|     NonBonded Calc       0.00    0.00
|     Exclude Masked       0.00    0.00
|     Other                0.13    0.22
|     ---------------------------------
|     Total                0.13    0.22

|  PME Reciprocal Force CPU Time:
|
|     Routine              Sec        %
|     ---------------------------------
|     1D bspline           0.00    0.00
|     Grid Charges         0.00    0.00
|     Scalar Sum           0.00    0.00
|     Gradient Sum         0.00    0.00
|     FFT                  0.00    0.00
|     ---------------------------------
|     Total                0.00    0.00

|  Final Performance Info:
|     -----------------------------------------------------
|     Average timings for last       1 steps:
|     Elapsed(s) =       0.00 Per Step(ms) =       2.12
|         ns/day =      81.40   seconds/ns =    1061.40
|
|     Average timings for all steps:
|     Elapsed(s) =      61.23 Per Step(ms) =       0.61
|         ns/day =     282.20   seconds/ns =     306.16
|     -----------------------------------------------------

|  Setup CPU time:            0.52 seconds
|  NonSetup CPU time:        60.99 seconds
|  Total CPU time:           61.51 seconds     0.02 hours

|  Setup wall time:           1    seconds
|  NonSetup wall time:       61    seconds
|  Total wall time:          62    seconds     0.02 hours
