
          -------------------------------------------------------
          Amber 20 PMEMD                              2020
          -------------------------------------------------------

| PMEMD implementation of SANDER, Release 18

|  Compiled date/time: Mon Apr 27 21:19:54 2020
| Run on 09/29/2020 at 21:42:46

|   Executable path: /opt/software/Amber/20-fosscuda-2019b/amber20/bin/pmemd.cuda
| Working directory: /mnt/ls15/scratch/users/songlin3/run/solvation_amber20/en/two_steps_tip3p_ethylenediame/step1_ethylenediame_to_vdw/0.99078
|          Hostname: lac-142

  [-O]verwriting output

File Assignments:
|   MDIN: heat.in                                                               
|  MDOUT: heat.out                                                              
| INPCRD: min.rst                                                               
|   PARM: en_step1_final.prmtop                                                 
| RESTRT: heat.rst                                                              
|   REFC: min.rst                                                               
|  MDVEL: mdvel                                                                 
|   MDEN: mden                                                                  
|  MDCRD: heat.netcdf                                                           
| MDINFO: heat.mdinfo                                                           
|  MDFRC: mdfrc                                                                 


 Here is the input file:

nvt for free MD                                                                
 &cntrl                                                                        
  imin=0,                                                                      
  irest=0,                                                                     
  ntx=1,                                                                       
  ig=-1,                                                                       
  nstlim=100000,                                                               
  dt=0.002,                                                                    
  cut=10.0,                                                                    
  ntc=2,                                                                       
  ntf=2,                                                                       
  ntb=1,                                                                       
  ntt=3,                                                                       
  gamma_ln=2.0,                                                                
  tempi=0.0,                                                                   
  temp0=300.0,                                                                 
  ntpr=5000,                                                                   
  ntwr=5000,                                                                   
  ntwx=10000,                                                                  
  ntwv=0,                                                                      
  ioutfm=1,                                                                    
  iwrap=0,                                                                     
  nmropt=1,                                                                    
  ifsc = 0, icfe=1,                                                            
  clambda=0.99078,                                                             
  timask1=':1',                                                                
  timask2=':2', crgmask = ':2',                                                
/                                                                              
&wt TYPE='TEMP0', istep1=0, istep2=90000, value1=0.0, value2=300.0 /           
&wt TYPE='TEMP0', istep1=90001, istep2=100000, value1=300.0, value2=300.0 /    
&wt TYPE='DUMPFREQ', istep1=10000, /                                           
&wt TYPE='END', /                                                              


Note: ig = -1. Setting random seed to   430473 based on wallclock time in 
      microseconds.
| irandom = 1, using AMBER's internal random number generator (default).
 
|--------------------- INFORMATION ----------------------
| GPU (CUDA) Version of PMEMD in use: NVIDIA GPU IN USE.
|                    Version 18.0.0
| 
|                      03/25/2018
| 
| Implementation by:
|                    Ross C. Walker     (SDSC)
|                    Scott Le Grand     (nVIDIA)
| 
| Version 18 performance extensions by:
|                    David Cerutti     (Rutgers)
| 
| Precision model in use:
|      [SPFP] - Single Precision Forces, 64-bit Fixed Point
|               Accumulation. (Default)
| 
|--------------------------------------------------------
 
|----------------- CITATION INFORMATION -----------------
|
|    When publishing work that utilized the CUDA version
|    of AMBER, please cite the following in addition to
|    the regular AMBER citations:
|
|  - Romelia Salomon-Ferrer; Andreas W. Goetz; Duncan
|    Poole; Scott Le Grand; Ross C. Walker "Routine
|    microsecond molecular dynamics simulations with
|    AMBER - Part II: Particle Mesh Ewald", J. Chem.
|    Theory Comput., 2013, 9 (9), pp3878-3888,
|    DOI: 10.1021/ct400314y.
|
|  - Andreas W. Goetz; Mark J. Williamson; Dong Xu;
|    Duncan Poole; Scott Le Grand; Ross C. Walker
|    "Routine microsecond molecular dynamics simulations
|    with AMBER - Part I: Generalized Born", J. Chem.
|    Theory Comput., 2012, 8 (5), pp1542-1555.
|
|  - Scott Le Grand; Andreas W. Goetz; Ross C. Walker
|    "SPFP: Speed without compromise - a mixed precision
|    model for GPU accelerated molecular dynamics
|    simulations.", Comp. Phys. Comm., 2013, 184
|    pp374-380, DOI: 10.1016/j.cpc.2012.09.022
|
|    When publishing work that utilized the CUDA version
|    of TI, BAR, MBAR or FEP please cite the following 
|    publications in addition to the regular AMBER 
|    GPU citations:
|
|  - Daniel J. Mermelstein; Charles Lin; Gard Nelson; 
|    Rachael Kretsch; J. Andrew McCammon; Ross C. Walker
|    "Fast and Flexible GPU Accelerated Binding 
|    Free Energy Calculations within the AMBER Molecular
|    Dynamics Package" J. Comp. Chem., 2018,
|    DOI: 10.1002/jcc.25187
|
|  - Tai-Sung Lee; Yuan Hu; Brad Sherborne; Zhuyan Guo;
|    Darrin M. York
|    "Toward Fast and Accurate Binding Affinity Prediction with
|    pmemdGTI: An Efficient Implementation of GPU-Accelerated
|    Thermodynamic Integration"
|    J. Chem. Theory Comput., 2017, 13 (7), 3077
|
|
|--------------------------------------------------------
 
|------------------- GPU DEVICE INFO --------------------
|
|            CUDA_VISIBLE_DEVICES: 0
|   CUDA Capable Devices Detected:      1
|           CUDA Device ID in use:      0
|                CUDA Device Name: Tesla K80
|     CUDA Device Global Mem Size:  11441 MB
| CUDA Device Num Multiprocessors:     13
|           CUDA Device Core Freq:   0.82 GHz
|
|--------------------------------------------------------
 
 
| Conditional Compilation Defines Used:
| FFTW_FFT
| BINTRAJ
| MKL
| CUDA
| EMIL

| Largest sphere to fit in unit cell has radius =    27.375

| New format PARM file being parsed.
| Version =    1.000 Date = 05/26/20 Time = 15:44:31

| Note: 1-4 EEL scale factors are being read from the topology file.

| Note: 1-4 VDW scale factors are being read from the topology file.
| Duplicated    0 dihedrals

| Duplicated    0 dihedrals

--------------------------------------------------------------------------------
   1.  RESOURCE   USE: 
--------------------------------------------------------------------------------

 getting box info from netcdf restart file
 NATOM  =   20967 NTYPES =       6 NBONH =   20959 MBONA  =       6
 NTHETH =      32 MTHETA =       4 NPHIH =      40 MPHIA  =       2
 NHPARM =       0 NPARM  =       0 NNB   =   28026 NRES   =    6983
 NBONA  =       6 NTHETA =       4 NPHIA =       2 NUMBND =       6
 NUMANG =       6 NPTRA  =       2 NATYP =       6 NPHB   =       1
 IFBOX  =       2 NMXRS  =      12 IFCAP =       0 NEXTRA =       0
 NCOPY  =       0

| Coordinate Index Table dimensions:    10   10   10
| Direct force subcell size =     6.7054    6.7054    6.7054

     BOX TYPE: TRUNCATED OCTAHEDRON

--------------------------------------------------------------------------------
   2.  CONTROL  DATA  FOR  THE  RUN
--------------------------------------------------------------------------------

default_name                                                                    

General flags:
     imin    =       0, nmropt  =       1

Nature and format of input:
     ntx     =       1, irest   =       0, ntrx    =       1

Nature and format of output:
     ntxo    =       2, ntpr    =    5000, ntrx    =       1, ntwr    =    5000
     iwrap   =       0, ntwx    =   10000, ntwv    =       0, ntwe    =       0
     ioutfm  =       1, ntwprt  =       0, idecomp =       0, rbornstat=      0

Potential function:
     ntf     =       2, ntb     =       1, igb     =       0, nsnb    =      25
     ipol    =       0, gbsa    =       0, iesp    =       0
     dielc   =   1.00000, cut     =  10.00000, intdiel =   1.00000

Frozen or restrained atoms:
     ibelly  =       0, ntr     =       0

Molecular dynamics:
     nstlim  =    100000, nscm    =      1000, nrespa  =         1
     t       =   0.00000, dt      =   0.00200, vlimit  =  -1.00000

Langevin dynamics temperature regulation:
     ig      =  430473
     temp0   = 300.00000, tempi   =   0.00000, gamma_ln=   2.00000

SHAKE:
     ntc     =       2, jfastw  =       0
     tol     =   0.00001

NMR refinement options:
     iscale  =       0, noeskp  =       1, ipnlty  =       1, mxsub   =       1
     scalm   = 100.00000, pencut  =   0.10000, tausw   =   0.10000

Free energy options:
     icfe    =       1, ifsc    =       0, klambda =       1
     clambda =  0.9908, scalpha =  0.5000, scbeta  = 12.0000
     sceeorder =       2
     dynlmb =  0.0000 logdvdl =       0

| Intermolecular bonds treatment:
|     no_intermolecular_bonds =       1

| Energy averages sample interval:
|     ene_avg_sampling =    5000

Ewald parameters:
     verbose =       0, ew_type =       0, nbflag  =       1, use_pme =       1
     vdwmeth =       1, eedmeth =       1, netfrc  =       1
     Box X =   67.054   Box Y =   67.054   Box Z =   67.054
     Alpha =  109.471   Beta  =  109.471   Gamma =  109.471
     NFFT1 =   64       NFFT2 =   64       NFFT3 =   64
     Cutoff=   10.000   Tol   =0.100E-04
     Ewald Coefficient =  0.27511
     Interpolation order =    4
     TI Mask 1 :1; matches     12 atoms
     TI Mask 2 :2; matches     12 atoms
     TI region 1:   20955 atoms
     TI region 2:   20955 atoms
Removing charge of      -0.6664 from atom      13
Removing charge of      -0.6664 from atom      14
Removing charge of      -0.0664 from atom      15
Removing charge of      -0.0664 from atom      16
Removing charge of       0.2792 from atom      17
Removing charge of       0.2802 from atom      18
Removing charge of       0.2802 from atom      19
Removing charge of       0.2792 from atom      20
Removing charge of       0.0898 from atom      21
Removing charge of       0.0837 from atom      22
Removing charge of       0.0898 from atom      23
Removing charge of       0.0837 from atom      24
Total charge of  -0.00000000 removed from      12 atoms
     Checking for mismatched coordinates.

--------------------------------------------------------------------------------
   3.  ATOMIC COORDINATES AND VELOCITIES
--------------------------------------------------------------------------------

default_name                                                                    
 begin time read from input coords =     0.000 ps



           Begin reading energy term weight changes/NMR restraints
 WEIGHT CHANGES:
 TEMP0         0  90000    0.000000  300.000000      0      0
 TEMP0     90001 100000  300.000000  300.000000      0      0
 DUMPFREQ  10000      0    0.000000    0.000000      0      0

 RESTRAINTS:
                          ** No restraint defined **

                  Done reading weight changes/NMR restraints


 
 Number of triangulated 3-point waters found:     6981

     Sum of charges for TI region  1 =  -0.00000000
     Skip neutralizing charges...


     Sum of charges for TI region  2 =   0.00000000
     Skip neutralizing charges...

| Dynamic Memory, Types Used:
| Reals              919424
| Integers           798292

| Nonbonded Pairs Initial Allocation:     6341993

| GPU memory information (estimate):
| KB of GPU memory in use:    244837
| KB of CPU memory in use:     50149

--------------------------------------------------------------------------------
   4.  RESULTS
--------------------------------------------------------------------------------


| TI region  1


 NSTEP =        0   TIME(PS) =       0.000  TEMP(K) =     0.00  PRESS =     0.0
 Etot   =    -65226.4869  EKtot   =         0.0000  EPtot      =    -65226.4869
 BOND   =         0.0406  ANGLE   =         0.2263  DIHED      =         0.8376
 1-4 NB =         0.5506  1-4 EEL =         0.4000  VDWAALS    =      5151.1011
 EELEC  =    -70379.6430  EHBOND  =         0.0000  RESTRAINT  =         0.0000
 DV/DL  =       -15.0051
 ------------------------------------------------------------------------------


| TI region  2


 NSTEP =        0   TIME(PS) =       0.000  TEMP(K) =     0.00  PRESS =     0.0
 Etot   =    -65226.4869  EKtot   =         0.0000  EPtot      =    -65226.4869
 BOND   =         0.0406  ANGLE   =         0.2263  DIHED      =         0.8376
 1-4 NB =         0.5506  1-4 EEL =         0.4000  VDWAALS    =      5151.1011
 EELEC  =    -70379.6430  EHBOND  =         0.0000  RESTRAINT  =         0.0000
 DV/DL  =       -15.0051
 ------------------------------------------------------------------------------

 NMR restraints: Bond =    0.000   Angle =     0.000   Torsion =     0.000
===============================================================================

| TI region  1


 NSTEP =     5000   TIME(PS) =      10.000  TEMP(K) =    16.05  PRESS =     0.0
 Etot   =    -82094.8039  EKtot   =       668.3090  EPtot      =    -82763.1129
 BOND   =         0.0863  ANGLE   =         0.3597  DIHED      =         0.0847
 1-4 NB =         0.1792  1-4 EEL =         0.3725  VDWAALS    =     14971.3437
 EELEC  =    -97735.5390  EHBOND  =         0.0000  RESTRAINT  =         0.0000
 DV/DL  =       -15.3236
 ------------------------------------------------------------------------------


| TI region  2


 NSTEP =     5000   TIME(PS) =      10.000  TEMP(K) =    16.05  PRESS =     0.0
 Etot   =    -82094.8039  EKtot   =       668.3090  EPtot      =    -82763.1129
 BOND   =         0.0863  ANGLE   =         0.3597  DIHED      =         0.0847
 1-4 NB =         0.1792  1-4 EEL =         0.3725  VDWAALS    =     14971.3437
 EELEC  =    -97735.5390  EHBOND  =         0.0000  RESTRAINT  =         0.0000
 DV/DL  =       -15.3236
 ------------------------------------------------------------------------------

 NMR restraints: Bond =    0.000   Angle =     0.000   Torsion =     0.000
===============================================================================

| TI region  1


 NSTEP =    10000   TIME(PS) =      20.000  TEMP(K) =    32.77  PRESS =     0.0
 Etot   =    -80909.6921  EKtot   =      1364.7635  EPtot      =    -82274.4557
 BOND   =         0.0487  ANGLE   =         0.4590  DIHED      =         0.1028
 1-4 NB =         0.3341  1-4 EEL =         0.3788  VDWAALS    =     14951.4604
 EELEC  =    -97227.2396  EHBOND  =         0.0000  RESTRAINT  =         0.0000
 DV/DL  =       -14.4641
 ------------------------------------------------------------------------------


| TI region  2


 NSTEP =    10000   TIME(PS) =      20.000  TEMP(K) =    32.77  PRESS =     0.0
 Etot   =    -80909.6921  EKtot   =      1364.7635  EPtot      =    -82274.4557
 BOND   =         0.0487  ANGLE   =         0.4590  DIHED      =         0.1028
 1-4 NB =         0.3341  1-4 EEL =         0.3788  VDWAALS    =     14951.4604
 EELEC  =    -97227.2396  EHBOND  =         0.0000  RESTRAINT  =         0.0000
 DV/DL  =       -14.4641
 ------------------------------------------------------------------------------

 NMR restraints: Bond =    0.000   Angle =     0.000   Torsion =     0.000
===============================================================================

| TI region  1


 NSTEP =    15000   TIME(PS) =      30.000  TEMP(K) =    49.04  PRESS =     0.0
 Etot   =    -79763.7103  EKtot   =      2042.2635  EPtot      =    -81805.9738
 BOND   =         0.2682  ANGLE   =         0.7908  DIHED      =         0.0365
 1-4 NB =         0.1894  1-4 EEL =         0.3730  VDWAALS    =     14868.0005
 EELEC  =    -96675.6321  EHBOND  =         0.0000  RESTRAINT  =         0.0000
 DV/DL  =       -14.0174
 ------------------------------------------------------------------------------


| TI region  2


 NSTEP =    15000   TIME(PS) =      30.000  TEMP(K) =    49.04  PRESS =     0.0
 Etot   =    -79763.7103  EKtot   =      2042.2635  EPtot      =    -81805.9738
 BOND   =         0.2682  ANGLE   =         0.7908  DIHED      =         0.0365
 1-4 NB =         0.1894  1-4 EEL =         0.3730  VDWAALS    =     14868.0005
 EELEC  =    -96675.6321  EHBOND  =         0.0000  RESTRAINT  =         0.0000
 DV/DL  =       -14.0174
 ------------------------------------------------------------------------------

 NMR restraints: Bond =    0.000   Angle =     0.000   Torsion =     0.000
===============================================================================

| TI region  1


 NSTEP =    20000   TIME(PS) =      40.000  TEMP(K) =    65.45  PRESS =     0.0
 Etot   =    -78570.5738  EKtot   =      2725.7426  EPtot      =    -81296.3164
 BOND   =         0.1017  ANGLE   =         0.8900  DIHED      =         0.2912
 1-4 NB =         0.2618  1-4 EEL =         0.3760  VDWAALS    =     14923.3747
 EELEC  =    -96221.6117  EHBOND  =         0.0000  RESTRAINT  =         0.0000
 DV/DL  =       -13.2040
 ------------------------------------------------------------------------------


| TI region  2


 NSTEP =    20000   TIME(PS) =      40.000  TEMP(K) =    65.45  PRESS =     0.0
 Etot   =    -78570.5738  EKtot   =      2725.7426  EPtot      =    -81296.3164
 BOND   =         0.1017  ANGLE   =         0.8900  DIHED      =         0.2912
 1-4 NB =         0.2618  1-4 EEL =         0.3760  VDWAALS    =     14923.3747
 EELEC  =    -96221.6117  EHBOND  =         0.0000  RESTRAINT  =         0.0000
 DV/DL  =       -13.2040
 ------------------------------------------------------------------------------

 NMR restraints: Bond =    0.000   Angle =     0.000   Torsion =     0.000
===============================================================================

| TI region  1


 NSTEP =    25000   TIME(PS) =      50.000  TEMP(K) =    81.95  PRESS =     0.0
 Etot   =    -77410.6659  EKtot   =      3412.9664  EPtot      =    -80823.6323
 BOND   =         0.1352  ANGLE   =         1.8712  DIHED      =         0.1600
 1-4 NB =         0.0440  1-4 EEL =         0.3646  VDWAALS    =     14829.7530
 EELEC  =    -95655.9603  EHBOND  =         0.0000  RESTRAINT  =         0.0000
 DV/DL  =       -13.4087
 ------------------------------------------------------------------------------


| TI region  2


 NSTEP =    25000   TIME(PS) =      50.000  TEMP(K) =    81.95  PRESS =     0.0
 Etot   =    -77410.6659  EKtot   =      3412.9664  EPtot      =    -80823.6323
 BOND   =         0.1352  ANGLE   =         1.8712  DIHED      =         0.1600
 1-4 NB =         0.0440  1-4 EEL =         0.3646  VDWAALS    =     14829.7530
 EELEC  =    -95655.9603  EHBOND  =         0.0000  RESTRAINT  =         0.0000
 DV/DL  =       -13.4087
 ------------------------------------------------------------------------------

 NMR restraints: Bond =    0.000   Angle =     0.000   Torsion =     0.000
===============================================================================

| TI region  1


 NSTEP =    30000   TIME(PS) =      60.000  TEMP(K) =    99.99  PRESS =     0.0
 Etot   =    -76305.8586  EKtot   =      4164.0102  EPtot      =    -80469.8688
 BOND   =         0.3906  ANGLE   =         2.9625  DIHED      =         0.1068
 1-4 NB =         0.3428  1-4 EEL =         0.3853  VDWAALS    =     14674.6123
 EELEC  =    -95148.6691  EHBOND  =         0.0000  RESTRAINT  =         0.0000
 DV/DL  =       -12.8253
 ------------------------------------------------------------------------------


| TI region  2


 NSTEP =    30000   TIME(PS) =      60.000  TEMP(K) =    99.99  PRESS =     0.0
 Etot   =    -76305.8586  EKtot   =      4164.0102  EPtot      =    -80469.8688
 BOND   =         0.3906  ANGLE   =         2.9625  DIHED      =         0.1068
 1-4 NB =         0.3428  1-4 EEL =         0.3853  VDWAALS    =     14674.6123
 EELEC  =    -95148.6691  EHBOND  =         0.0000  RESTRAINT  =         0.0000
 DV/DL  =       -12.8253
 ------------------------------------------------------------------------------

 NMR restraints: Bond =    0.000   Angle =     0.000   Torsion =     0.000
===============================================================================

| TI region  1


 NSTEP =    35000   TIME(PS) =      70.000  TEMP(K) =   116.54  PRESS =     0.0
 Etot   =    -75020.2360  EKtot   =      4853.4423  EPtot      =    -79873.6783
 BOND   =         0.2222  ANGLE   =         2.0231  DIHED      =         0.2146
 1-4 NB =         0.1929  1-4 EEL =         0.3787  VDWAALS    =     14571.8225
 EELEC  =    -94448.5323  EHBOND  =         0.0000  RESTRAINT  =         0.0000
 DV/DL  =       -13.2265
 ------------------------------------------------------------------------------


| TI region  2


 NSTEP =    35000   TIME(PS) =      70.000  TEMP(K) =   116.54  PRESS =     0.0
 Etot   =    -75020.2360  EKtot   =      4853.4423  EPtot      =    -79873.6783
 BOND   =         0.2222  ANGLE   =         2.0231  DIHED      =         0.2146
 1-4 NB =         0.1929  1-4 EEL =         0.3787  VDWAALS    =     14571.8225
 EELEC  =    -94448.5323  EHBOND  =         0.0000  RESTRAINT  =         0.0000
 DV/DL  =       -13.2265
 ------------------------------------------------------------------------------

 NMR restraints: Bond =    0.000   Angle =     0.000   Torsion =     0.000
===============================================================================

| TI region  1


 NSTEP =    40000   TIME(PS) =      80.000  TEMP(K) =   132.78  PRESS =     0.0
 Etot   =    -73726.5698  EKtot   =      5529.8347  EPtot      =    -79256.4045
 BOND   =         0.1699  ANGLE   =         1.7486  DIHED      =         0.2557
 1-4 NB =         0.1618  1-4 EEL =         0.3765  VDWAALS    =     14482.7990
 EELEC  =    -93741.9162  EHBOND  =         0.0000  RESTRAINT  =         0.0000
 DV/DL  =       -17.4877
 ------------------------------------------------------------------------------


| TI region  2


 NSTEP =    40000   TIME(PS) =      80.000  TEMP(K) =   132.78  PRESS =     0.0
 Etot   =    -73726.5698  EKtot   =      5529.8347  EPtot      =    -79256.4045
 BOND   =         0.1699  ANGLE   =         1.7486  DIHED      =         0.2557
 1-4 NB =         0.1618  1-4 EEL =         0.3765  VDWAALS    =     14482.7990
 EELEC  =    -93741.9162  EHBOND  =         0.0000  RESTRAINT  =         0.0000
 DV/DL  =       -17.4877
 ------------------------------------------------------------------------------

 NMR restraints: Bond =    0.000   Angle =     0.000   Torsion =     0.000
===============================================================================

| TI region  1


 NSTEP =    45000   TIME(PS) =      90.000  TEMP(K) =   149.05  PRESS =     0.0
 Etot   =    -72377.9994  EKtot   =      6207.3766  EPtot      =    -78585.3760
 BOND   =         0.1182  ANGLE   =         3.7837  DIHED      =         0.5737
 1-4 NB =         0.2774  1-4 EEL =         0.3689  VDWAALS    =     14344.9106
 EELEC  =    -92935.4085  EHBOND  =         0.0000  RESTRAINT  =         0.0000
 DV/DL  =       -13.0249
 ------------------------------------------------------------------------------


| TI region  2


 NSTEP =    45000   TIME(PS) =      90.000  TEMP(K) =   149.05  PRESS =     0.0
 Etot   =    -72377.9994  EKtot   =      6207.3766  EPtot      =    -78585.3760
 BOND   =         0.1182  ANGLE   =         3.7837  DIHED      =         0.5737
 1-4 NB =         0.2774  1-4 EEL =         0.3689  VDWAALS    =     14344.9106
 EELEC  =    -92935.4085  EHBOND  =         0.0000  RESTRAINT  =         0.0000
 DV/DL  =       -13.0249
 ------------------------------------------------------------------------------

 NMR restraints: Bond =    0.000   Angle =     0.000   Torsion =     0.000
===============================================================================

| TI region  1


 NSTEP =    50000   TIME(PS) =     100.000  TEMP(K) =   164.74  PRESS =     0.0
 Etot   =    -70881.9307  EKtot   =      6860.6764  EPtot      =    -77742.6071
 BOND   =         0.5221  ANGLE   =         2.8730  DIHED      =         0.6965
 1-4 NB =         0.6104  1-4 EEL =         0.3850  VDWAALS    =     14216.6601
 EELEC  =    -91964.3542  EHBOND  =         0.0000  RESTRAINT  =         0.0000
 DV/DL  =       -13.4288
 ------------------------------------------------------------------------------


| TI region  2


 NSTEP =    50000   TIME(PS) =     100.000  TEMP(K) =   164.74  PRESS =     0.0
 Etot   =    -70881.9307  EKtot   =      6860.6764  EPtot      =    -77742.6071
 BOND   =         0.5221  ANGLE   =         2.8730  DIHED      =         0.6965
 1-4 NB =         0.6104  1-4 EEL =         0.3850  VDWAALS    =     14216.6601
 EELEC  =    -91964.3542  EHBOND  =         0.0000  RESTRAINT  =         0.0000
 DV/DL  =       -13.4288
 ------------------------------------------------------------------------------

 NMR restraints: Bond =    0.000   Angle =     0.000   Torsion =     0.000
===============================================================================

| TI region  1


 NSTEP =    55000   TIME(PS) =     110.000  TEMP(K) =   181.72  PRESS =     0.0
 Etot   =    -69411.5923  EKtot   =      7567.6853  EPtot      =    -76979.2776
 BOND   =         0.4123  ANGLE   =         4.2795  DIHED      =         0.2986
 1-4 NB =         0.2331  1-4 EEL =         0.3696  VDWAALS    =     13698.1577
 EELEC  =    -90683.0283  EHBOND  =         0.0000  RESTRAINT  =         0.0000
 DV/DL  =       -14.1088
 ------------------------------------------------------------------------------


| TI region  2


 NSTEP =    55000   TIME(PS) =     110.000  TEMP(K) =   181.72  PRESS =     0.0
 Etot   =    -69411.5923  EKtot   =      7567.6853  EPtot      =    -76979.2776
 BOND   =         0.4123  ANGLE   =         4.2795  DIHED      =         0.2986
 1-4 NB =         0.2331  1-4 EEL =         0.3696  VDWAALS    =     13698.1577
 EELEC  =    -90683.0283  EHBOND  =         0.0000  RESTRAINT  =         0.0000
 DV/DL  =       -14.1088
 ------------------------------------------------------------------------------

 NMR restraints: Bond =    0.000   Angle =     0.000   Torsion =     0.000
===============================================================================

| TI region  1


 NSTEP =    60000   TIME(PS) =     120.000  TEMP(K) =   197.68  PRESS =     0.0
 Etot   =    -67698.5675  EKtot   =      8232.3789  EPtot      =    -75930.9464
 BOND   =         0.3413  ANGLE   =         3.0639  DIHED      =         0.3688
 1-4 NB =         0.1820  1-4 EEL =         0.3641  VDWAALS    =     13446.6395
 EELEC  =    -89381.9060  EHBOND  =         0.0000  RESTRAINT  =         0.0000
 DV/DL  =       -10.0785
 ------------------------------------------------------------------------------


| TI region  2


 NSTEP =    60000   TIME(PS) =     120.000  TEMP(K) =   197.68  PRESS =     0.0
 Etot   =    -67698.5675  EKtot   =      8232.3789  EPtot      =    -75930.9464
 BOND   =         0.3413  ANGLE   =         3.0639  DIHED      =         0.3688
 1-4 NB =         0.1820  1-4 EEL =         0.3641  VDWAALS    =     13446.6395
 EELEC  =    -89381.9060  EHBOND  =         0.0000  RESTRAINT  =         0.0000
 DV/DL  =       -10.0785
 ------------------------------------------------------------------------------

 NMR restraints: Bond =    0.000   Angle =     0.000   Torsion =     0.000
===============================================================================

| TI region  1


 NSTEP =    65000   TIME(PS) =     130.000  TEMP(K) =   213.93  PRESS =     0.0
 Etot   =    -65240.9294  EKtot   =      8909.1517  EPtot      =    -74150.0812
 BOND   =         1.2013  ANGLE   =         4.0928  DIHED      =         0.7038
 1-4 NB =         0.2814  1-4 EEL =         0.3888  VDWAALS    =     12806.9079
 EELEC  =    -86963.6572  EHBOND  =         0.0000  RESTRAINT  =         0.0000
 DV/DL  =       -15.7066
 ------------------------------------------------------------------------------


| TI region  2


 NSTEP =    65000   TIME(PS) =     130.000  TEMP(K) =   213.93  PRESS =     0.0
 Etot   =    -65240.9294  EKtot   =      8909.1517  EPtot      =    -74150.0812
 BOND   =         1.2013  ANGLE   =         4.0928  DIHED      =         0.7038
 1-4 NB =         0.2814  1-4 EEL =         0.3888  VDWAALS    =     12806.9079
 EELEC  =    -86963.6572  EHBOND  =         0.0000  RESTRAINT  =         0.0000
 DV/DL  =       -15.7066
 ------------------------------------------------------------------------------

 NMR restraints: Bond =    0.000   Angle =     0.000   Torsion =     0.000
===============================================================================

| TI region  1


 NSTEP =    70000   TIME(PS) =     140.000  TEMP(K) =   234.14  PRESS =     0.0
 Etot   =    -62746.7020  EKtot   =      9750.7557  EPtot      =    -72497.4577
 BOND   =         0.1998  ANGLE   =         1.6832  DIHED      =         2.2134
 1-4 NB =         0.5577  1-4 EEL =         0.3857  VDWAALS    =     11795.8322
 EELEC  =    -84298.3298  EHBOND  =         0.0000  RESTRAINT  =         0.0000
 DV/DL  =       -13.0545
 ------------------------------------------------------------------------------


| TI region  2


 NSTEP =    70000   TIME(PS) =     140.000  TEMP(K) =   234.14  PRESS =     0.0
 Etot   =    -62746.7020  EKtot   =      9750.7557  EPtot      =    -72497.4577
 BOND   =         0.1998  ANGLE   =         1.6832  DIHED      =         2.2134
 1-4 NB =         0.5577  1-4 EEL =         0.3857  VDWAALS    =     11795.8322
 EELEC  =    -84298.3298  EHBOND  =         0.0000  RESTRAINT  =         0.0000
 DV/DL  =       -13.0545
 ------------------------------------------------------------------------------

 NMR restraints: Bond =    0.000   Angle =     0.000   Torsion =     0.000
===============================================================================

| TI region  1


 NSTEP =    75000   TIME(PS) =     150.000  TEMP(K) =   247.42  PRESS =     0.0
 Etot   =    -60016.2463  EKtot   =     10304.0394  EPtot      =    -70320.2857
 BOND   =         0.6370  ANGLE   =         4.1826  DIHED      =         1.1165
 1-4 NB =         0.2947  1-4 EEL =         0.3892  VDWAALS    =     11247.4648
 EELEC  =    -81574.3704  EHBOND  =         0.0000  RESTRAINT  =         0.0000
 DV/DL  =       -14.6000
 ------------------------------------------------------------------------------


| TI region  2


 NSTEP =    75000   TIME(PS) =     150.000  TEMP(K) =   247.42  PRESS =     0.0
 Etot   =    -60016.2463  EKtot   =     10304.0394  EPtot      =    -70320.2857
 BOND   =         0.6370  ANGLE   =         4.1826  DIHED      =         1.1165
 1-4 NB =         0.2947  1-4 EEL =         0.3892  VDWAALS    =     11247.4648
 EELEC  =    -81574.3704  EHBOND  =         0.0000  RESTRAINT  =         0.0000
 DV/DL  =       -14.6000
 ------------------------------------------------------------------------------

 NMR restraints: Bond =    0.000   Angle =     0.000   Torsion =     0.000
===============================================================================

| TI region  1


 NSTEP =    80000   TIME(PS) =     160.000  TEMP(K) =   265.74  PRESS =     0.0
 Etot   =    -57491.4639  EKtot   =     11066.9507  EPtot      =    -68558.4146
 BOND   =         1.5612  ANGLE   =         3.9351  DIHED      =         2.1262
 1-4 NB =         0.3189  1-4 EEL =         0.3701  VDWAALS    =     10511.2236
 EELEC  =    -79077.9497  EHBOND  =         0.0000  RESTRAINT  =         0.0000
 DV/DL  =       -10.7806
 ------------------------------------------------------------------------------


| TI region  2


 NSTEP =    80000   TIME(PS) =     160.000  TEMP(K) =   265.74  PRESS =     0.0
 Etot   =    -57491.4639  EKtot   =     11066.9507  EPtot      =    -68558.4146
 BOND   =         1.5612  ANGLE   =         3.9351  DIHED      =         2.1262
 1-4 NB =         0.3189  1-4 EEL =         0.3701  VDWAALS    =     10511.2236
 EELEC  =    -79077.9497  EHBOND  =         0.0000  RESTRAINT  =         0.0000
 DV/DL  =       -10.7806
 ------------------------------------------------------------------------------

 NMR restraints: Bond =    0.000   Angle =     0.000   Torsion =     0.000
===============================================================================

| TI region  1


 NSTEP =    85000   TIME(PS) =     170.000  TEMP(K) =   281.65  PRESS =     0.0
 Etot   =    -55570.1695  EKtot   =     11729.4655  EPtot      =    -67299.6349
 BOND   =         0.0408  ANGLE   =         3.9724  DIHED      =         0.3351
 1-4 NB =         0.8409  1-4 EEL =         0.3959  VDWAALS    =      9945.4632
 EELEC  =    -77250.6833  EHBOND  =         0.0000  RESTRAINT  =         0.0000
 DV/DL  =       -13.7694
 ------------------------------------------------------------------------------


| TI region  2


 NSTEP =    85000   TIME(PS) =     170.000  TEMP(K) =   281.65  PRESS =     0.0
 Etot   =    -55570.1695  EKtot   =     11729.4655  EPtot      =    -67299.6349
 BOND   =         0.0408  ANGLE   =         3.9724  DIHED      =         0.3351
 1-4 NB =         0.8409  1-4 EEL =         0.3959  VDWAALS    =      9945.4632
 EELEC  =    -77250.6833  EHBOND  =         0.0000  RESTRAINT  =         0.0000
 DV/DL  =       -13.7694
 ------------------------------------------------------------------------------

 NMR restraints: Bond =    0.000   Angle =     0.000   Torsion =     0.000
===============================================================================

| TI region  1


 NSTEP =    90000   TIME(PS) =     180.000  TEMP(K) =   297.49  PRESS =     0.0
 Etot   =    -53547.1789  EKtot   =     12389.1992  EPtot      =    -65936.3781
 BOND   =         0.5441  ANGLE   =         4.0346  DIHED      =         1.4101
 1-4 NB =         0.1477  1-4 EEL =         0.3588  VDWAALS    =      9618.5396
 EELEC  =    -75561.4130  EHBOND  =         0.0000  RESTRAINT  =         0.0000
 DV/DL  =       -12.2091
 ------------------------------------------------------------------------------


| TI region  2


 NSTEP =    90000   TIME(PS) =     180.000  TEMP(K) =   297.49  PRESS =     0.0
 Etot   =    -53547.1789  EKtot   =     12389.1992  EPtot      =    -65936.3781
 BOND   =         0.5441  ANGLE   =         4.0346  DIHED      =         1.4101
 1-4 NB =         0.1477  1-4 EEL =         0.3588  VDWAALS    =      9618.5396
 EELEC  =    -75561.4130  EHBOND  =         0.0000  RESTRAINT  =         0.0000
 DV/DL  =       -12.2091
 ------------------------------------------------------------------------------

 NMR restraints: Bond =    0.000   Angle =     0.000   Torsion =     0.000
===============================================================================

| TI region  1


 NSTEP =    95000   TIME(PS) =     190.000  TEMP(K) =   300.13  PRESS =     0.0
 Etot   =    -52945.6030  EKtot   =     12499.1545  EPtot      =    -65444.7575
 BOND   =         0.2953  ANGLE   =         5.2218  DIHED      =         1.0756
 1-4 NB =         0.3969  1-4 EEL =         0.3815  VDWAALS    =      9662.6218
 EELEC  =    -75114.7504  EHBOND  =         0.0000  RESTRAINT  =         0.0000
 DV/DL  =       -12.8974
 ------------------------------------------------------------------------------


| TI region  2


 NSTEP =    95000   TIME(PS) =     190.000  TEMP(K) =   300.13  PRESS =     0.0
 Etot   =    -52945.6030  EKtot   =     12499.1545  EPtot      =    -65444.7575
 BOND   =         0.2953  ANGLE   =         5.2218  DIHED      =         1.0756
 1-4 NB =         0.3969  1-4 EEL =         0.3815  VDWAALS    =      9662.6218
 EELEC  =    -75114.7504  EHBOND  =         0.0000  RESTRAINT  =         0.0000
 DV/DL  =       -12.8974
 ------------------------------------------------------------------------------

 NMR restraints: Bond =    0.000   Angle =     0.000   Torsion =     0.000
===============================================================================

| TI region  1


 NSTEP =   100000   TIME(PS) =     200.000  TEMP(K) =   294.81  PRESS =     0.0
 Etot   =    -53590.6497  EKtot   =     12277.4239  EPtot      =    -65868.0736
 BOND   =         1.1712  ANGLE   =         3.9183  DIHED      =         0.3956
 1-4 NB =         0.0690  1-4 EEL =         0.3473  VDWAALS    =      9696.7815
 EELEC  =    -75570.7565  EHBOND  =         0.0000  RESTRAINT  =         0.0000
 DV/DL  =       -15.3065
 ------------------------------------------------------------------------------


| TI region  2


 NSTEP =   100000   TIME(PS) =     200.000  TEMP(K) =   294.81  PRESS =     0.0
 Etot   =    -53590.6497  EKtot   =     12277.4239  EPtot      =    -65868.0736
 BOND   =         1.1712  ANGLE   =         3.9183  DIHED      =         0.3956
 1-4 NB =         0.0690  1-4 EEL =         0.3473  VDWAALS    =      9696.7815
 EELEC  =    -75570.7565  EHBOND  =         0.0000  RESTRAINT  =         0.0000
 DV/DL  =       -15.3065
 ------------------------------------------------------------------------------

 NMR restraints: Bond =    0.000   Angle =     0.000   Torsion =     0.000
===============================================================================

| TI region  1


      A V E R A G E S   O V E R      20 S T E P S


 NSTEP =   100000   TIME(PS) =     200.000  TEMP(K) =   171.15  PRESS =     0.0
 Etot   =    -68266.0572  EKtot   =      7127.7795  EPtot      =    -75393.8366
 BOND   =         0.4234  ANGLE   =         2.8073  DIHED      =         0.6283
 1-4 NB =         0.2958  1-4 EEL =         0.3755  VDWAALS    =     12963.2184
 EELEC  =    -88361.5854  EHBOND  =         0.0000  RESTRAINT  =         0.0000
 DV/DL  =       -13.6461
 ------------------------------------------------------------------------------

 NMR restraints: Bond =    0.000   Angle =     0.000   Torsion =     0.000
===============================================================================

      R M S  F L U C T U A T I O N S


 NSTEP =   100000   TIME(PS) =     200.000  TEMP(K) =    91.86  PRESS =     0.0
 Etot   =      9721.7261  EKtot   =      3825.6176  EPtot      =      5972.5610
 BOND   =         0.4130  ANGLE   =         1.4332  DIHED      =         0.6314
 1-4 NB =         0.1855  1-4 EEL =         0.0113  VDWAALS    =      2039.8559
 EELEC  =      8000.2262  EHBOND  =         0.0000  RESTRAINT  =         0.0000
 DV/DL  =         1.6120
 ------------------------------------------------------------------------------


| TI region  2


      A V E R A G E S   O V E R      20 S T E P S


 NSTEP =   100000   TIME(PS) =     200.000  TEMP(K) =   171.15  PRESS =     0.0
 Etot   =    -68266.0572  EKtot   =      7127.7795  EPtot      =    -75393.8366
 BOND   =         0.4234  ANGLE   =         2.8073  DIHED      =         0.6283
 1-4 NB =         0.2958  1-4 EEL =         0.3755  VDWAALS    =     12963.2184
 EELEC  =    -88361.5854  EHBOND  =         0.0000  RESTRAINT  =         0.0000
 DV/DL  =       -13.6461
 ------------------------------------------------------------------------------

 NMR restraints: Bond =    0.000   Angle =     0.000   Torsion =     0.000
===============================================================================

      R M S  F L U C T U A T I O N S


 NSTEP =   100000   TIME(PS) =     200.000  TEMP(K) =    91.86  PRESS =     0.0
 Etot   =      9721.7261  EKtot   =      3825.6176  EPtot      =      5972.5610
 BOND   =         0.4130  ANGLE   =         1.4332  DIHED      =         0.6314
 1-4 NB =         0.1855  1-4 EEL =         0.0113  VDWAALS    =      2039.8559
 EELEC  =      8000.2262  EHBOND  =         0.0000  RESTRAINT  =         0.0000
 DV/DL  =         1.6120
 ------------------------------------------------------------------------------


      DV/DL, AVERAGES OVER      20 STEPS


 NSTEP =   100000   TIME(PS) =     200.000  TEMP(K) =    91.86  PRESS =     0.0
 Etot   =         0.0000  EKtot   =         0.0000  EPtot      =       -13.6461
 BOND   =         0.0000  ANGLE   =         0.0000  DIHED      =         0.0000
 1-4 NB =         0.0000  1-4 EEL =       -40.7276  VDWAALS    =         0.0000
 EELEC  =        27.0815  EHBOND  =         0.0000  RESTRAINT  =         0.0000
 DV/DL  =       -13.6461
 ------------------------------------------------------------------------------


 NMR restraints on final step:

--------------------------------------------------------------------------------
   5.  TIMINGS
--------------------------------------------------------------------------------

|  NonSetup CPU Time in Major Routines:
|
|     Routine           Sec        %
|     ------------------------------
|     Nonbond          40.92   16.63
|     Bond              0.00    0.00
|     Angle             0.00    0.00
|     Dihedral          0.00    0.00
|     Shake             0.40    0.16
|     RunMD           204.38   83.05
|     Other             0.41    0.17
|     ------------------------------
|     Total           246.10

|  PME Nonbond Pairlist CPU Time:
|
|     Routine              Sec        %
|     ---------------------------------
|     Set Up Cit           0.00    0.00
|     Build List           0.00    0.00
|     ---------------------------------
|     Total                0.00    0.00

|  PME Direct Force CPU Time:
|
|     Routine              Sec        %
|     ---------------------------------
|     NonBonded Calc       0.00    0.00
|     Exclude Masked       0.00    0.00
|     Other                0.27    0.11
|     ---------------------------------
|     Total                0.27    0.11

|  PME Reciprocal Force CPU Time:
|
|     Routine              Sec        %
|     ---------------------------------
|     1D bspline           0.00    0.00
|     Grid Charges         0.00    0.00
|     Scalar Sum           0.00    0.00
|     Gradient Sum         0.00    0.00
|     FFT                  0.00    0.00
|     ---------------------------------
|     Total                0.00    0.00

|  Final Performance Info:
|     -----------------------------------------------------
|     Average timings for last       1 steps:
|     Elapsed(s) =       0.00 Per Step(ms) =       2.94
|         ns/day =      58.87   seconds/ns =    1467.53
|
|     Average timings for all steps:
|     Elapsed(s) =     246.39 Per Step(ms) =       2.46
|         ns/day =      70.13   seconds/ns =    1231.95
|     -----------------------------------------------------

|  Setup CPU time:            0.64 seconds
|  NonSetup CPU time:       246.10 seconds
|  Total CPU time:          246.74 seconds     0.07 hours

|  Setup wall time:           1    seconds
|  NonSetup wall time:      246    seconds
|  Total wall time:         247    seconds     0.07 hours
