
          -------------------------------------------------------
          Amber 20 PMEMD                              2020
          -------------------------------------------------------

| PMEMD implementation of SANDER, Release 18

|  Compiled date/time: Mon Apr 27 21:19:54 2020
| Run on 10/06/2020 at 15:39:39

|   Executable path: /opt/software/Amber/20-fosscuda-2019b/amber20/bin/pmemd.cuda
| Working directory: /mnt/ls15/scratch/users/songlin3/run/solvation_amber20/en/two_steps_tip3p_ethylenediame/step1_ethylenediame_to_vdw/0.99078
|          Hostname: lac-139

  [-O]verwriting output

File Assignments:
|   MDIN: min.in                                                                
|  MDOUT: min.out                                                               
| INPCRD: en_step1_final.inpcrd                                                 
|   PARM: en_step1_final.prmtop                                                 
| RESTRT: min.rst                                                               
|   REFC: en_step1_final.inpcrd                                                 
|  MDVEL: mdvel                                                                 
|   MDEN: mden                                                                  
|  MDCRD: min.netcdf                                                            
| MDINFO: min.mdinfo                                                            
|  MDFRC: mdfrc                                                                 


 Here is the input file:

minimization                                                                   
 &cntrl                                                                        
  imin=1,                                                                      
  maxcyc=20000,                                                                
  ncyc=10000,                                                                  
  cut=10.0,                                                                    
  ntc=1,                                                                       
  ntf=1,                                                                       
  ntb=1,                                                                       
  ntpr=5000,                                                                   
  ntwr=5000,                                                                   
  ntwx=2000,                                                                   
  ioutfm=1,                                                                    
  iwrap=0,                                                                     
  ifsc = 0, icfe=1,                                                            
  clambda=0.99078,                                                             
  timask1=':1',                                                                
  timask2=':2', crgmask = ':2',                                                
/                                                                              


Note: ig = -1. Setting random seed to   538750 based on wallclock time in 
      microseconds.
| irandom = 1, using AMBER's internal random number generator (default).
 
|--------------------- INFORMATION ----------------------
| GPU (CUDA) Version of PMEMD in use: NVIDIA GPU IN USE.
|                    Version 18.0.0
| 
|                      03/25/2018
| 
| Implementation by:
|                    Ross C. Walker     (SDSC)
|                    Scott Le Grand     (nVIDIA)
| 
| Version 18 performance extensions by:
|                    David Cerutti     (Rutgers)
| 
| Precision model in use:
|      [SPFP] - Single Precision Forces, 64-bit Fixed Point
|               Accumulation. (Default)
| 
|--------------------------------------------------------
 
|----------------- CITATION INFORMATION -----------------
|
|    When publishing work that utilized the CUDA version
|    of AMBER, please cite the following in addition to
|    the regular AMBER citations:
|
|  - Romelia Salomon-Ferrer; Andreas W. Goetz; Duncan
|    Poole; Scott Le Grand; Ross C. Walker "Routine
|    microsecond molecular dynamics simulations with
|    AMBER - Part II: Particle Mesh Ewald", J. Chem.
|    Theory Comput., 2013, 9 (9), pp3878-3888,
|    DOI: 10.1021/ct400314y.
|
|  - Andreas W. Goetz; Mark J. Williamson; Dong Xu;
|    Duncan Poole; Scott Le Grand; Ross C. Walker
|    "Routine microsecond molecular dynamics simulations
|    with AMBER - Part I: Generalized Born", J. Chem.
|    Theory Comput., 2012, 8 (5), pp1542-1555.
|
|  - Scott Le Grand; Andreas W. Goetz; Ross C. Walker
|    "SPFP: Speed without compromise - a mixed precision
|    model for GPU accelerated molecular dynamics
|    simulations.", Comp. Phys. Comm., 2013, 184
|    pp374-380, DOI: 10.1016/j.cpc.2012.09.022
|
|    When publishing work that utilized the CUDA version
|    of TI, BAR, MBAR or FEP please cite the following 
|    publications in addition to the regular AMBER 
|    GPU citations:
|
|  - Daniel J. Mermelstein; Charles Lin; Gard Nelson; 
|    Rachael Kretsch; J. Andrew McCammon; Ross C. Walker
|    "Fast and Flexible GPU Accelerated Binding 
|    Free Energy Calculations within the AMBER Molecular
|    Dynamics Package" J. Comp. Chem., 2018,
|    DOI: 10.1002/jcc.25187
|
|  - Tai-Sung Lee; Yuan Hu; Brad Sherborne; Zhuyan Guo;
|    Darrin M. York
|    "Toward Fast and Accurate Binding Affinity Prediction with
|    pmemdGTI: An Efficient Implementation of GPU-Accelerated
|    Thermodynamic Integration"
|    J. Chem. Theory Comput., 2017, 13 (7), 3077
|
|
|--------------------------------------------------------
 
|------------------- GPU DEVICE INFO --------------------
|
|            CUDA_VISIBLE_DEVICES: 0
|   CUDA Capable Devices Detected:      1
|           CUDA Device ID in use:      0
|                CUDA Device Name: Tesla K80
|     CUDA Device Global Mem Size:  11441 MB
| CUDA Device Num Multiprocessors:     13
|           CUDA Device Core Freq:   0.82 GHz
|
|--------------------------------------------------------
 
 
| Conditional Compilation Defines Used:
| FFTW_FFT
| BINTRAJ
| MKL
| CUDA
| EMIL

| Largest sphere to fit in unit cell has radius =    27.375

| New format PARM file being parsed.
| Version =    1.000 Date = 05/26/20 Time = 15:44:31

| Note: 1-4 EEL scale factors are being read from the topology file.

| Note: 1-4 VDW scale factors are being read from the topology file.
| Duplicated    0 dihedrals

| Duplicated    0 dihedrals

--------------------------------------------------------------------------------
   1.  RESOURCE   USE: 
--------------------------------------------------------------------------------

 getting new box info from bottom of inpcrd
 NATOM  =   20967 NTYPES =       6 NBONH =   20959 MBONA  =       6
 NTHETH =      32 MTHETA =       4 NPHIH =      40 MPHIA  =       2
 NHPARM =       0 NPARM  =       0 NNB   =   28026 NRES   =    6983
 NBONA  =       6 NTHETA =       4 NPHIA =       2 NUMBND =       6
 NUMANG =       6 NPTRA  =       2 NATYP =       6 NPHB   =       1
 IFBOX  =       2 NMXRS  =      12 IFCAP =       0 NEXTRA =       0
 NCOPY  =       0

| Coordinate Index Table dimensions:    10   10   10
| Direct force subcell size =     6.7054    6.7054    6.7054

     BOX TYPE: TRUNCATED OCTAHEDRON

--------------------------------------------------------------------------------
   2.  CONTROL  DATA  FOR  THE  RUN
--------------------------------------------------------------------------------

default_name                                                                    

General flags:
     imin    =       1, nmropt  =       0

Nature and format of input:
     ntx     =       1, irest   =       0, ntrx    =       1

Nature and format of output:
     ntxo    =       2, ntpr    =    5000, ntrx    =       1, ntwr    =    5000
     iwrap   =       0, ntwx    =    2000, ntwv    =       0, ntwe    =       0
     ioutfm  =       1, ntwprt  =       0, idecomp =       0, rbornstat=      0

Potential function:
     ntf     =       1, ntb     =       1, igb     =       0, nsnb    =      25
     ipol    =       0, gbsa    =       0, iesp    =       0
     dielc   =   1.00000, cut     =  10.00000, intdiel =   1.00000

Frozen or restrained atoms:
     ibelly  =       0, ntr     =       0

Energy minimization:
     maxcyc  =   20000, ncyc    =   10000, ntmin   =       1
     dx0     =   0.01000, drms    =   0.00010

Free energy options:
     icfe    =       1, ifsc    =       0, klambda =       1
     clambda =  0.9908, scalpha =  0.5000, scbeta  = 12.0000
     sceeorder =       2
     dynlmb =  0.0000 logdvdl =       0

| Intermolecular bonds treatment:
|     no_intermolecular_bonds =       1

| Energy averages sample interval:
|     ene_avg_sampling =       1

Ewald parameters:
     verbose =       0, ew_type =       0, nbflag  =       1, use_pme =       1
     vdwmeth =       1, eedmeth =       1, netfrc  =       0
     Box X =   67.054   Box Y =   67.054   Box Z =   67.054
     Alpha =  109.471   Beta  =  109.471   Gamma =  109.471
     NFFT1 =   64       NFFT2 =   64       NFFT3 =   64
     Cutoff=   10.000   Tol   =0.100E-04
     Ewald Coefficient =  0.27511
     Interpolation order =    4
     TI Mask 1 :1; matches     12 atoms
     TI Mask 2 :2; matches     12 atoms
     TI region 1:   20955 atoms
     TI region 2:   20955 atoms
Removing charge of      -0.6664 from atom      13
Removing charge of      -0.6664 from atom      14
Removing charge of      -0.0664 from atom      15
Removing charge of      -0.0664 from atom      16
Removing charge of       0.2792 from atom      17
Removing charge of       0.2802 from atom      18
Removing charge of       0.2802 from atom      19
Removing charge of       0.2792 from atom      20
Removing charge of       0.0898 from atom      21
Removing charge of       0.0837 from atom      22
Removing charge of       0.0898 from atom      23
Removing charge of       0.0837 from atom      24
Total charge of  -0.00000000 removed from      12 atoms
     Checking for mismatched coordinates.

--------------------------------------------------------------------------------
   3.  ATOMIC COORDINATES AND VELOCITIES
--------------------------------------------------------------------------------

                                                                                
 begin time read from input coords =     0.000 ps

 
 Number of triangulated 3-point waters found:     6981

     Sum of charges for TI region  1 =  -0.00000000
     Skip neutralizing charges...


     Sum of charges for TI region  2 =   0.00000000
     Skip neutralizing charges...

| Dynamic Memory, Types Used:
| Reals              856481
| Integers           798188

| Nonbonded Pairs Initial Allocation:     6341993

| GPU memory information (estimate):
| KB of GPU memory in use:    183101
| KB of CPU memory in use:     51389

--------------------------------------------------------------------------------
   4.  RESULTS
--------------------------------------------------------------------------------


| TI region  1



   NSTEP       ENERGY          RMS            GMAX         NAME    NUMBER
      1      -5.5540E+04     3.5082E+01     7.6996E+02     O       16870

 BOND    =        1.9519  ANGLE   =        5.5194  DIHED      =        1.5241
 VDWAALS =    15062.9086  EEL     =   -70613.7408  HBOND      =        0.0000
 1-4 VDW =        1.0949  1-4 EEL =        0.4152  RESTRAINT  =        0.0000
 DV/DL  =       -15.3050

| TI region  2



   NSTEP       ENERGY          RMS            GMAX         NAME    NUMBER
      1      -5.5540E+04     3.5082E+01     7.6996E+02     O       16870

 BOND    =        1.9519  ANGLE   =        5.5194  DIHED      =        1.5241
 VDWAALS =    15062.9086  EEL     =   -70613.7408  HBOND      =        0.0000
 1-4 VDW =        1.0949  1-4 EEL =        0.4152  RESTRAINT  =        0.0000
 DV/DL  =       -15.3050

| TI region  1



   NSTEP       ENERGY          RMS            GMAX         NAME    NUMBER
   5000      -8.7128E+04     1.0575E-01     1.5156E+00     H2      14625

 BOND    =     6743.6084  ANGLE   =        0.0740  DIHED      =        0.0525
 VDWAALS =    17283.5650  EEL     =  -111155.9788  HBOND      =        0.0000
 1-4 VDW =        0.2716  1-4 EEL =        0.3764  RESTRAINT  =        0.0000
 DV/DL  =       -14.7578

| TI region  2



   NSTEP       ENERGY          RMS            GMAX         NAME    NUMBER
   5000      -8.7128E+04     1.0575E-01     1.5156E+00     H2      14625

 BOND    =     6743.6084  ANGLE   =        0.0740  DIHED      =        0.0525
 VDWAALS =    17283.5650  EEL     =  -111155.9788  HBOND      =        0.0000
 1-4 VDW =        0.2716  1-4 EEL =        0.3764  RESTRAINT  =        0.0000
 DV/DL  =       -14.7578

| TI region  1



   NSTEP       ENERGY          RMS            GMAX         NAME    NUMBER
  10000      -8.8112E+04     8.2652E-02     1.7266E+00     H2      16440

 BOND    =     6971.1522  ANGLE   =        0.0749  DIHED      =        0.0513
 VDWAALS =    18256.4062  EEL     =  -113340.5062  HBOND      =        0.0000
 1-4 VDW =        0.2717  1-4 EEL =        0.3765  RESTRAINT  =        0.0000
 DV/DL  =       -15.1650

| TI region  2



   NSTEP       ENERGY          RMS            GMAX         NAME    NUMBER
  10000      -8.8112E+04     8.2652E-02     1.7266E+00     H2      16440

 BOND    =     6971.1522  ANGLE   =        0.0749  DIHED      =        0.0513
 VDWAALS =    18256.4062  EEL     =  -113340.5062  HBOND      =        0.0000
 1-4 VDW =        0.2717  1-4 EEL =        0.3765  RESTRAINT  =        0.0000
 DV/DL  =       -15.1650

     .... RESTARTED DUE TO LINMIN FAILURE ...

     .... RESTARTED DUE TO LINMIN FAILURE ...

     .... RESTARTED DUE TO LINMIN FAILURE ...

     .... RESTARTED DUE TO LINMIN FAILURE ...

| TI region  1



   NSTEP       ENERGY          RMS            GMAX         NAME    NUMBER
  15000      -8.9169E+04     5.2142E-02     2.8042E+00     N2          2

 BOND    =     7186.2063  ANGLE   =        0.1141  DIHED      =        0.0433
 VDWAALS =    19239.6179  EEL     =  -115595.1725  HBOND      =        0.0000
 1-4 VDW =        0.2728  1-4 EEL =        0.3776  RESTRAINT  =        0.0000
 DV/DL  =       -16.2294

| TI region  2



   NSTEP       ENERGY          RMS            GMAX         NAME    NUMBER
  15000      -8.9169E+04     5.2142E-02     2.8042E+00     N2          2

 BOND    =     7186.2063  ANGLE   =        0.1141  DIHED      =        0.0433
 VDWAALS =    19239.6179  EEL     =  -115595.1725  HBOND      =        0.0000
 1-4 VDW =        0.2728  1-4 EEL =        0.3776  RESTRAINT  =        0.0000
 DV/DL  =       -16.2294

     .... RESTARTED DUE TO LINMIN FAILURE ...


                    FINAL RESULTS


| TI region  1



   NSTEP       ENERGY          RMS            GMAX         NAME    NUMBER
  16593      -8.9284E+04     9.5419E-02     3.7285E+00     N1          1

 BOND    =     7205.5462  ANGLE   =        0.0821  DIHED      =        0.0644
 VDWAALS =    19333.7290  EEL     =  -115823.8477  HBOND      =        0.0000
 1-4 VDW =        0.2463  1-4 EEL =        0.3748  RESTRAINT  =        0.0000
 DV/DL  =       -15.0686

| TI region  2



   NSTEP       ENERGY          RMS            GMAX         NAME    NUMBER
  16593      -8.9284E+04     9.5419E-02     3.7285E+00     N1          1

 BOND    =     7205.5462  ANGLE   =        0.0821  DIHED      =        0.0644
 VDWAALS =    19333.7290  EEL     =  -115823.8477  HBOND      =        0.0000
 1-4 VDW =        0.2463  1-4 EEL =        0.3748  RESTRAINT  =        0.0000
 DV/DL  =       -15.0686

     ***** REPEATED LINMIN FAILURE *****
--------------------------------------------------------------------------------
   5.  TIMINGS
--------------------------------------------------------------------------------

|  NonSetup CPU Time in Major Routines:
|
|     Routine           Sec        %
|     ------------------------------
|     Nonbond          38.70   64.88
|     Bond              0.00    0.00
|     Angle             0.00    0.00
|     Dihedral          0.00    0.00
|     Shake             0.00    0.00
|     Other            20.95   35.12
|     ------------------------------
|     Total            59.65

|  PME Nonbond Pairlist CPU Time:
|
|     Routine              Sec        %
|     ---------------------------------
|     Set Up Cit           0.00    0.00
|     Build List           0.00    0.00
|     ---------------------------------
|     Total                0.00    0.00

|  PME Direct Force CPU Time:
|
|     Routine              Sec        %
|     ---------------------------------
|     NonBonded Calc       0.00    0.00
|     Exclude Masked       0.00    0.00
|     Other                0.05    0.08
|     ---------------------------------
|     Total                0.05    0.08

|  PME Reciprocal Force CPU Time:
|
|     Routine              Sec        %
|     ---------------------------------
|     1D bspline           0.00    0.00
|     Grid Charges         0.00    0.00
|     Scalar Sum           0.00    0.00
|     Gradient Sum         0.00    0.00
|     FFT                  0.00    0.00
|     ---------------------------------
|     Total                0.00    0.00

|  Setup CPU time:            0.69 seconds
|  NonSetup CPU time:        59.65 seconds
|  Total CPU time:           60.35 seconds     0.02 hours

|  Setup wall time:           1    seconds
|  NonSetup wall time:       60    seconds
|  Total wall time:          61    seconds     0.02 hours
