
          -------------------------------------------------------
          Amber 20 PMEMD                              2020
          -------------------------------------------------------

| PMEMD implementation of SANDER, Release 18

|  Compiled date/time: Mon Apr 27 21:19:54 2020
| Run on 09/29/2020 at 21:37:57

|   Executable path: /opt/software/Amber/20-fosscuda-2019b/amber20/bin/pmemd.cuda
| Working directory: /mnt/ls15/scratch/users/songlin3/run/solvation_amber20/en/two_steps_tip3p_ethylenediame/step1_ethylenediame_to_vdw/0.20634
|          Hostname: lac-344

  [-O]verwriting output

File Assignments:
|   MDIN: heat.in                                                               
|  MDOUT: heat.out                                                              
| INPCRD: min.rst                                                               
|   PARM: en_step1_final.prmtop                                                 
| RESTRT: heat.rst                                                              
|   REFC: min.rst                                                               
|  MDVEL: mdvel                                                                 
|   MDEN: mden                                                                  
|  MDCRD: heat.netcdf                                                           
| MDINFO: heat.mdinfo                                                           
|  MDFRC: mdfrc                                                                 


 Here is the input file:

nvt for free MD                                                                
 &cntrl                                                                        
  imin=0,                                                                      
  irest=0,                                                                     
  ntx=1,                                                                       
  ig=-1,                                                                       
  nstlim=100000,                                                               
  dt=0.002,                                                                    
  cut=10.0,                                                                    
  ntc=2,                                                                       
  ntf=2,                                                                       
  ntb=1,                                                                       
  ntt=3,                                                                       
  gamma_ln=2.0,                                                                
  tempi=0.0,                                                                   
  temp0=300.0,                                                                 
  ntpr=5000,                                                                   
  ntwr=5000,                                                                   
  ntwx=10000,                                                                  
  ntwv=0,                                                                      
  ioutfm=1,                                                                    
  iwrap=0,                                                                     
  nmropt=1,                                                                    
  ifsc = 0, icfe=1,                                                            
  clambda=0.20634,                                                             
  timask1=':1',                                                                
  timask2=':2', crgmask = ':2',                                                
/                                                                              
&wt TYPE='TEMP0', istep1=0, istep2=90000, value1=0.0, value2=300.0 /           
&wt TYPE='TEMP0', istep1=90001, istep2=100000, value1=300.0, value2=300.0 /    
&wt TYPE='DUMPFREQ', istep1=10000, /                                           
&wt TYPE='END', /                                                              


Note: ig = -1. Setting random seed to   577191 based on wallclock time in 
      microseconds.
| irandom = 1, using AMBER's internal random number generator (default).
 
|--------------------- INFORMATION ----------------------
| GPU (CUDA) Version of PMEMD in use: NVIDIA GPU IN USE.
|                    Version 18.0.0
| 
|                      03/25/2018
| 
| Implementation by:
|                    Ross C. Walker     (SDSC)
|                    Scott Le Grand     (nVIDIA)
| 
| Version 18 performance extensions by:
|                    David Cerutti     (Rutgers)
| 
| Precision model in use:
|      [SPFP] - Single Precision Forces, 64-bit Fixed Point
|               Accumulation. (Default)
| 
|--------------------------------------------------------
 
|----------------- CITATION INFORMATION -----------------
|
|    When publishing work that utilized the CUDA version
|    of AMBER, please cite the following in addition to
|    the regular AMBER citations:
|
|  - Romelia Salomon-Ferrer; Andreas W. Goetz; Duncan
|    Poole; Scott Le Grand; Ross C. Walker "Routine
|    microsecond molecular dynamics simulations with
|    AMBER - Part II: Particle Mesh Ewald", J. Chem.
|    Theory Comput., 2013, 9 (9), pp3878-3888,
|    DOI: 10.1021/ct400314y.
|
|  - Andreas W. Goetz; Mark J. Williamson; Dong Xu;
|    Duncan Poole; Scott Le Grand; Ross C. Walker
|    "Routine microsecond molecular dynamics simulations
|    with AMBER - Part I: Generalized Born", J. Chem.
|    Theory Comput., 2012, 8 (5), pp1542-1555.
|
|  - Scott Le Grand; Andreas W. Goetz; Ross C. Walker
|    "SPFP: Speed without compromise - a mixed precision
|    model for GPU accelerated molecular dynamics
|    simulations.", Comp. Phys. Comm., 2013, 184
|    pp374-380, DOI: 10.1016/j.cpc.2012.09.022
|
|    When publishing work that utilized the CUDA version
|    of TI, BAR, MBAR or FEP please cite the following 
|    publications in addition to the regular AMBER 
|    GPU citations:
|
|  - Daniel J. Mermelstein; Charles Lin; Gard Nelson; 
|    Rachael Kretsch; J. Andrew McCammon; Ross C. Walker
|    "Fast and Flexible GPU Accelerated Binding 
|    Free Energy Calculations within the AMBER Molecular
|    Dynamics Package" J. Comp. Chem., 2018,
|    DOI: 10.1002/jcc.25187
|
|  - Tai-Sung Lee; Yuan Hu; Brad Sherborne; Zhuyan Guo;
|    Darrin M. York
|    "Toward Fast and Accurate Binding Affinity Prediction with
|    pmemdGTI: An Efficient Implementation of GPU-Accelerated
|    Thermodynamic Integration"
|    J. Chem. Theory Comput., 2017, 13 (7), 3077
|
|
|--------------------------------------------------------
 
|------------------- GPU DEVICE INFO --------------------
|
|            CUDA_VISIBLE_DEVICES: 0
|   CUDA Capable Devices Detected:      1
|           CUDA Device ID in use:      0
|                CUDA Device Name: Tesla K80
|     CUDA Device Global Mem Size:  12206 MB
| CUDA Device Num Multiprocessors:     13
|           CUDA Device Core Freq:   0.82 GHz
|
|--------------------------------------------------------
 
 
| Conditional Compilation Defines Used:
| FFTW_FFT
| BINTRAJ
| MKL
| CUDA
| EMIL

| Largest sphere to fit in unit cell has radius =    27.375

| New format PARM file being parsed.
| Version =    1.000 Date = 05/26/20 Time = 15:44:31

| Note: 1-4 EEL scale factors are being read from the topology file.

| Note: 1-4 VDW scale factors are being read from the topology file.
| Duplicated    0 dihedrals

| Duplicated    0 dihedrals

--------------------------------------------------------------------------------
   1.  RESOURCE   USE: 
--------------------------------------------------------------------------------

 getting box info from netcdf restart file
 NATOM  =   20967 NTYPES =       6 NBONH =   20959 MBONA  =       6
 NTHETH =      32 MTHETA =       4 NPHIH =      40 MPHIA  =       2
 NHPARM =       0 NPARM  =       0 NNB   =   28026 NRES   =    6983
 NBONA  =       6 NTHETA =       4 NPHIA =       2 NUMBND =       6
 NUMANG =       6 NPTRA  =       2 NATYP =       6 NPHB   =       1
 IFBOX  =       2 NMXRS  =      12 IFCAP =       0 NEXTRA =       0
 NCOPY  =       0

| Coordinate Index Table dimensions:    10   10   10
| Direct force subcell size =     6.7054    6.7054    6.7054

     BOX TYPE: TRUNCATED OCTAHEDRON

--------------------------------------------------------------------------------
   2.  CONTROL  DATA  FOR  THE  RUN
--------------------------------------------------------------------------------

default_name                                                                    

General flags:
     imin    =       0, nmropt  =       1

Nature and format of input:
     ntx     =       1, irest   =       0, ntrx    =       1

Nature and format of output:
     ntxo    =       2, ntpr    =    5000, ntrx    =       1, ntwr    =    5000
     iwrap   =       0, ntwx    =   10000, ntwv    =       0, ntwe    =       0
     ioutfm  =       1, ntwprt  =       0, idecomp =       0, rbornstat=      0

Potential function:
     ntf     =       2, ntb     =       1, igb     =       0, nsnb    =      25
     ipol    =       0, gbsa    =       0, iesp    =       0
     dielc   =   1.00000, cut     =  10.00000, intdiel =   1.00000

Frozen or restrained atoms:
     ibelly  =       0, ntr     =       0

Molecular dynamics:
     nstlim  =    100000, nscm    =      1000, nrespa  =         1
     t       =   0.00000, dt      =   0.00200, vlimit  =  -1.00000

Langevin dynamics temperature regulation:
     ig      =  577191
     temp0   = 300.00000, tempi   =   0.00000, gamma_ln=   2.00000

SHAKE:
     ntc     =       2, jfastw  =       0
     tol     =   0.00001

NMR refinement options:
     iscale  =       0, noeskp  =       1, ipnlty  =       1, mxsub   =       1
     scalm   = 100.00000, pencut  =   0.10000, tausw   =   0.10000

Free energy options:
     icfe    =       1, ifsc    =       0, klambda =       1
     clambda =  0.2063, scalpha =  0.5000, scbeta  = 12.0000
     sceeorder =       2
     dynlmb =  0.0000 logdvdl =       0

| Intermolecular bonds treatment:
|     no_intermolecular_bonds =       1

| Energy averages sample interval:
|     ene_avg_sampling =    5000

Ewald parameters:
     verbose =       0, ew_type =       0, nbflag  =       1, use_pme =       1
     vdwmeth =       1, eedmeth =       1, netfrc  =       1
     Box X =   67.054   Box Y =   67.054   Box Z =   67.054
     Alpha =  109.471   Beta  =  109.471   Gamma =  109.471
     NFFT1 =   64       NFFT2 =   64       NFFT3 =   64
     Cutoff=   10.000   Tol   =0.100E-04
     Ewald Coefficient =  0.27511
     Interpolation order =    4
     TI Mask 1 :1; matches     12 atoms
     TI Mask 2 :2; matches     12 atoms
     TI region 1:   20955 atoms
     TI region 2:   20955 atoms
Removing charge of      -0.6664 from atom      13
Removing charge of      -0.6664 from atom      14
Removing charge of      -0.0664 from atom      15
Removing charge of      -0.0664 from atom      16
Removing charge of       0.2792 from atom      17
Removing charge of       0.2802 from atom      18
Removing charge of       0.2802 from atom      19
Removing charge of       0.2792 from atom      20
Removing charge of       0.0898 from atom      21
Removing charge of       0.0837 from atom      22
Removing charge of       0.0898 from atom      23
Removing charge of       0.0837 from atom      24
Total charge of  -0.00000000 removed from      12 atoms
     Checking for mismatched coordinates.

--------------------------------------------------------------------------------
   3.  ATOMIC COORDINATES AND VELOCITIES
--------------------------------------------------------------------------------

default_name                                                                    
 begin time read from input coords =     0.000 ps



           Begin reading energy term weight changes/NMR restraints
 WEIGHT CHANGES:
 TEMP0         0  90000    0.000000  300.000000      0      0
 TEMP0     90001 100000  300.000000  300.000000      0      0
 DUMPFREQ  10000      0    0.000000    0.000000      0      0

 RESTRAINTS:
                          ** No restraint defined **

                  Done reading weight changes/NMR restraints


 
 Number of triangulated 3-point waters found:     6981

     Sum of charges for TI region  1 =  -0.00000000
     Skip neutralizing charges...


     Sum of charges for TI region  2 =   0.00000000
     Skip neutralizing charges...

| Dynamic Memory, Types Used:
| Reals              919424
| Integers           798292

| Nonbonded Pairs Initial Allocation:     6341993

| GPU memory information (estimate):
| KB of GPU memory in use:    244837
| KB of CPU memory in use:     50149

--------------------------------------------------------------------------------
   4.  RESULTS
--------------------------------------------------------------------------------


| TI region  1


 NSTEP =        0   TIME(PS) =       0.000  TEMP(K) =     0.00  PRESS =     0.0
 Etot   =    -65215.2854  EKtot   =         0.0000  EPtot      =    -65215.2854
 BOND   =         0.0641  ANGLE   =         0.4008  DIHED      =         0.7336
 1-4 NB =         0.4183  1-4 EEL =        33.9444  VDWAALS    =      5151.1898
 EELEC  =    -70402.0363  EHBOND  =         0.0000  RESTRAINT  =         0.0000
 DV/DL  =       -14.3278
 ------------------------------------------------------------------------------


| TI region  2


 NSTEP =        0   TIME(PS) =       0.000  TEMP(K) =     0.00  PRESS =     0.0
 Etot   =    -65215.2854  EKtot   =         0.0000  EPtot      =    -65215.2854
 BOND   =         0.0641  ANGLE   =         0.4008  DIHED      =         0.7336
 1-4 NB =         0.4183  1-4 EEL =        33.9444  VDWAALS    =      5151.1898
 EELEC  =    -70402.0363  EHBOND  =         0.0000  RESTRAINT  =         0.0000
 DV/DL  =       -14.3278
 ------------------------------------------------------------------------------

 NMR restraints: Bond =    0.000   Angle =     0.000   Torsion =     0.000
===============================================================================

| TI region  1


 NSTEP =     5000   TIME(PS) =      10.000  TEMP(K) =    15.92  PRESS =     0.0
 Etot   =    -82202.0070  EKtot   =       662.8982  EPtot      =    -82864.9051
 BOND   =         0.3371  ANGLE   =         0.4577  DIHED      =         0.4426
 1-4 NB =         0.1885  1-4 EEL =        31.2997  VDWAALS    =     14910.4118
 EELEC  =    -97808.0425  EHBOND  =         0.0000  RESTRAINT  =         0.0000
 DV/DL  =        -1.2509
 ------------------------------------------------------------------------------


| TI region  2


 NSTEP =     5000   TIME(PS) =      10.000  TEMP(K) =    15.92  PRESS =     0.0
 Etot   =    -82202.0070  EKtot   =       662.8982  EPtot      =    -82864.9051
 BOND   =         0.3371  ANGLE   =         0.4577  DIHED      =         0.4426
 1-4 NB =         0.1885  1-4 EEL =        31.2997  VDWAALS    =     14910.4118
 EELEC  =    -97808.0425  EHBOND  =         0.0000  RESTRAINT  =         0.0000
 DV/DL  =        -1.2509
 ------------------------------------------------------------------------------

 NMR restraints: Bond =    0.000   Angle =     0.000   Torsion =     0.000
===============================================================================

| TI region  1


 NSTEP =    10000   TIME(PS) =      20.000  TEMP(K) =    32.36  PRESS =     0.0
 Etot   =    -81051.6556  EKtot   =      1347.7418  EPtot      =    -82399.3974
 BOND   =         0.2654  ANGLE   =         1.0426  DIHED      =         0.0994
 1-4 NB =         0.3748  1-4 EEL =        33.0267  VDWAALS    =     14879.3825
 EELEC  =    -97313.5889  EHBOND  =         0.0000  RESTRAINT  =         0.0000
 DV/DL  =        -1.4381
 ------------------------------------------------------------------------------


| TI region  2


 NSTEP =    10000   TIME(PS) =      20.000  TEMP(K) =    32.36  PRESS =     0.0
 Etot   =    -81051.6556  EKtot   =      1347.7418  EPtot      =    -82399.3974
 BOND   =         0.2654  ANGLE   =         1.0426  DIHED      =         0.0994
 1-4 NB =         0.3748  1-4 EEL =        33.0267  VDWAALS    =     14879.3825
 EELEC  =    -97313.5889  EHBOND  =         0.0000  RESTRAINT  =         0.0000
 DV/DL  =        -1.4381
 ------------------------------------------------------------------------------

 NMR restraints: Bond =    0.000   Angle =     0.000   Torsion =     0.000
===============================================================================

| TI region  1


 NSTEP =    15000   TIME(PS) =      30.000  TEMP(K) =    48.83  PRESS =     0.0
 Etot   =    -79923.4199  EKtot   =      2033.6654  EPtot      =    -81957.0853
 BOND   =         0.2765  ANGLE   =         0.9117  DIHED      =         0.1030
 1-4 NB =         0.2877  1-4 EEL =        32.8411  VDWAALS    =     14897.7188
 EELEC  =    -96889.2242  EHBOND  =         0.0000  RESTRAINT  =         0.0000
 DV/DL  =        -4.4665
 ------------------------------------------------------------------------------


| TI region  2


 NSTEP =    15000   TIME(PS) =      30.000  TEMP(K) =    48.83  PRESS =     0.0
 Etot   =    -79923.4199  EKtot   =      2033.6654  EPtot      =    -81957.0853
 BOND   =         0.2765  ANGLE   =         0.9117  DIHED      =         0.1030
 1-4 NB =         0.2877  1-4 EEL =        32.8411  VDWAALS    =     14897.7188
 EELEC  =    -96889.2242  EHBOND  =         0.0000  RESTRAINT  =         0.0000
 DV/DL  =        -4.4665
 ------------------------------------------------------------------------------

 NMR restraints: Bond =    0.000   Angle =     0.000   Torsion =     0.000
===============================================================================

| TI region  1


 NSTEP =    20000   TIME(PS) =      40.000  TEMP(K) =    66.08  PRESS =     0.0
 Etot   =    -78705.5834  EKtot   =      2751.8103  EPtot      =    -81457.3936
 BOND   =         0.5987  ANGLE   =         1.4184  DIHED      =         0.1582
 1-4 NB =         0.2539  1-4 EEL =        32.5311  VDWAALS    =     14785.4081
 EELEC  =    -96277.7621  EHBOND  =         0.0000  RESTRAINT  =         0.0000
 DV/DL  =        -2.1379
 ------------------------------------------------------------------------------


| TI region  2


 NSTEP =    20000   TIME(PS) =      40.000  TEMP(K) =    66.08  PRESS =     0.0
 Etot   =    -78705.5834  EKtot   =      2751.8103  EPtot      =    -81457.3936
 BOND   =         0.5987  ANGLE   =         1.4184  DIHED      =         0.1582
 1-4 NB =         0.2539  1-4 EEL =        32.5311  VDWAALS    =     14785.4081
 EELEC  =    -96277.7621  EHBOND  =         0.0000  RESTRAINT  =         0.0000
 DV/DL  =        -2.1379
 ------------------------------------------------------------------------------

 NMR restraints: Bond =    0.000   Angle =     0.000   Torsion =     0.000
===============================================================================

| TI region  1


 NSTEP =    25000   TIME(PS) =      50.000  TEMP(K) =    82.31  PRESS =     0.0
 Etot   =    -77525.4957  EKtot   =      3427.6677  EPtot      =    -80953.1634
 BOND   =         0.2915  ANGLE   =         1.2587  DIHED      =         0.6629
 1-4 NB =         0.2169  1-4 EEL =        30.4460  VDWAALS    =     14862.7742
 EELEC  =    -95848.8137  EHBOND  =         0.0000  RESTRAINT  =         0.0000
 DV/DL  =        -0.5276
 ------------------------------------------------------------------------------


| TI region  2


 NSTEP =    25000   TIME(PS) =      50.000  TEMP(K) =    82.31  PRESS =     0.0
 Etot   =    -77525.4957  EKtot   =      3427.6677  EPtot      =    -80953.1634
 BOND   =         0.2915  ANGLE   =         1.2587  DIHED      =         0.6629
 1-4 NB =         0.2169  1-4 EEL =        30.4460  VDWAALS    =     14862.7742
 EELEC  =    -95848.8137  EHBOND  =         0.0000  RESTRAINT  =         0.0000
 DV/DL  =        -0.5276
 ------------------------------------------------------------------------------

 NMR restraints: Bond =    0.000   Angle =     0.000   Torsion =     0.000
===============================================================================

| TI region  1


 NSTEP =    30000   TIME(PS) =      60.000  TEMP(K) =    99.31  PRESS =     0.0
 Etot   =    -76303.8404  EKtot   =      4135.7827  EPtot      =    -80439.6231
 BOND   =         0.2063  ANGLE   =         1.0913  DIHED      =         0.0835
 1-4 NB =         0.1762  1-4 EEL =        32.6512  VDWAALS    =     14793.3421
 EELEC  =    -95267.1737  EHBOND  =         0.0000  RESTRAINT  =         0.0000
 DV/DL  =        -3.9938
 ------------------------------------------------------------------------------


| TI region  2


 NSTEP =    30000   TIME(PS) =      60.000  TEMP(K) =    99.31  PRESS =     0.0
 Etot   =    -76303.8404  EKtot   =      4135.7827  EPtot      =    -80439.6231
 BOND   =         0.2063  ANGLE   =         1.0913  DIHED      =         0.0835
 1-4 NB =         0.1762  1-4 EEL =        32.6512  VDWAALS    =     14793.3421
 EELEC  =    -95267.1737  EHBOND  =         0.0000  RESTRAINT  =         0.0000
 DV/DL  =        -3.9938
 ------------------------------------------------------------------------------

 NMR restraints: Bond =    0.000   Angle =     0.000   Torsion =     0.000
===============================================================================

| TI region  1


 NSTEP =    35000   TIME(PS) =      70.000  TEMP(K) =   115.88  PRESS =     0.0
 Etot   =    -75019.7643  EKtot   =      4825.8658  EPtot      =    -79845.6301
 BOND   =         0.2835  ANGLE   =         1.3531  DIHED      =         0.2511
 1-4 NB =         0.4337  1-4 EEL =        33.4818  VDWAALS    =     14724.4220
 EELEC  =    -94605.8553  EHBOND  =         0.0000  RESTRAINT  =         0.0000
 DV/DL  =        -1.3358
 ------------------------------------------------------------------------------


| TI region  2


 NSTEP =    35000   TIME(PS) =      70.000  TEMP(K) =   115.88  PRESS =     0.0
 Etot   =    -75019.7643  EKtot   =      4825.8658  EPtot      =    -79845.6301
 BOND   =         0.2835  ANGLE   =         1.3531  DIHED      =         0.2511
 1-4 NB =         0.4337  1-4 EEL =        33.4818  VDWAALS    =     14724.4220
 EELEC  =    -94605.8553  EHBOND  =         0.0000  RESTRAINT  =         0.0000
 DV/DL  =        -1.3358
 ------------------------------------------------------------------------------

 NMR restraints: Bond =    0.000   Angle =     0.000   Torsion =     0.000
===============================================================================

| TI region  1


 NSTEP =    40000   TIME(PS) =      80.000  TEMP(K) =   132.68  PRESS =     0.0
 Etot   =    -73828.7442  EKtot   =      5525.5855  EPtot      =    -79354.3298
 BOND   =         0.7310  ANGLE   =         1.5858  DIHED      =         0.2395
 1-4 NB =         0.3610  1-4 EEL =        32.9128  VDWAALS    =     14552.7103
 EELEC  =    -93942.8702  EHBOND  =         0.0000  RESTRAINT  =         0.0000
 DV/DL  =        -5.9332
 ------------------------------------------------------------------------------


| TI region  2


 NSTEP =    40000   TIME(PS) =      80.000  TEMP(K) =   132.68  PRESS =     0.0
 Etot   =    -73828.7442  EKtot   =      5525.5855  EPtot      =    -79354.3298
 BOND   =         0.7310  ANGLE   =         1.5858  DIHED      =         0.2395
 1-4 NB =         0.3610  1-4 EEL =        32.9128  VDWAALS    =     14552.7103
 EELEC  =    -93942.8702  EHBOND  =         0.0000  RESTRAINT  =         0.0000
 DV/DL  =        -5.9332
 ------------------------------------------------------------------------------

 NMR restraints: Bond =    0.000   Angle =     0.000   Torsion =     0.000
===============================================================================

| TI region  1


 NSTEP =    45000   TIME(PS) =      90.000  TEMP(K) =   150.17  PRESS =     0.0
 Etot   =    -72350.4878  EKtot   =      6253.7849  EPtot      =    -78604.2727
 BOND   =         0.3053  ANGLE   =         2.2390  DIHED      =         0.4741
 1-4 NB =         0.2993  1-4 EEL =        31.3700  VDWAALS    =     14387.3513
 EELEC  =    -93026.3116  EHBOND  =         0.0000  RESTRAINT  =         0.0000
 DV/DL  =        -1.2289
 ------------------------------------------------------------------------------


| TI region  2


 NSTEP =    45000   TIME(PS) =      90.000  TEMP(K) =   150.17  PRESS =     0.0
 Etot   =    -72350.4878  EKtot   =      6253.7849  EPtot      =    -78604.2727
 BOND   =         0.3053  ANGLE   =         2.2390  DIHED      =         0.4741
 1-4 NB =         0.2993  1-4 EEL =        31.3700  VDWAALS    =     14387.3513
 EELEC  =    -93026.3116  EHBOND  =         0.0000  RESTRAINT  =         0.0000
 DV/DL  =        -1.2289
 ------------------------------------------------------------------------------

 NMR restraints: Bond =    0.000   Angle =     0.000   Torsion =     0.000
===============================================================================

| TI region  1


 NSTEP =    50000   TIME(PS) =     100.000  TEMP(K) =   165.27  PRESS =     0.0
 Etot   =    -71060.0906  EKtot   =      6882.9238  EPtot      =    -77943.0144
 BOND   =         0.4975  ANGLE   =         3.0522  DIHED      =         0.8296
 1-4 NB =         0.3924  1-4 EEL =        31.5517  VDWAALS    =     14339.5004
 EELEC  =    -92318.8382  EHBOND  =         0.0000  RESTRAINT  =         0.0000
 DV/DL  =        -3.6977
 ------------------------------------------------------------------------------


| TI region  2


 NSTEP =    50000   TIME(PS) =     100.000  TEMP(K) =   165.27  PRESS =     0.0
 Etot   =    -71060.0906  EKtot   =      6882.9238  EPtot      =    -77943.0144
 BOND   =         0.4975  ANGLE   =         3.0522  DIHED      =         0.8296
 1-4 NB =         0.3924  1-4 EEL =        31.5517  VDWAALS    =     14339.5004
 EELEC  =    -92318.8382  EHBOND  =         0.0000  RESTRAINT  =         0.0000
 DV/DL  =        -3.6977
 ------------------------------------------------------------------------------

 NMR restraints: Bond =    0.000   Angle =     0.000   Torsion =     0.000
===============================================================================

| TI region  1


 NSTEP =    55000   TIME(PS) =     110.000  TEMP(K) =   185.11  PRESS =     0.0
 Etot   =    -69309.9299  EKtot   =      7708.9273  EPtot      =    -77018.8573
 BOND   =         1.9785  ANGLE   =         1.5868  DIHED      =         0.9672
 1-4 NB =         0.3000  1-4 EEL =        31.1193  VDWAALS    =     13955.9077
 EELEC  =    -91010.7168  EHBOND  =         0.0000  RESTRAINT  =         0.0000
 DV/DL  =         0.2948
 ------------------------------------------------------------------------------


| TI region  2


 NSTEP =    55000   TIME(PS) =     110.000  TEMP(K) =   185.11  PRESS =     0.0
 Etot   =    -69309.9299  EKtot   =      7708.9273  EPtot      =    -77018.8573
 BOND   =         1.9785  ANGLE   =         1.5868  DIHED      =         0.9672
 1-4 NB =         0.3000  1-4 EEL =        31.1193  VDWAALS    =     13955.9077
 EELEC  =    -91010.7168  EHBOND  =         0.0000  RESTRAINT  =         0.0000
 DV/DL  =         0.2948
 ------------------------------------------------------------------------------

 NMR restraints: Bond =    0.000   Angle =     0.000   Torsion =     0.000
===============================================================================

| TI region  1


 NSTEP =    60000   TIME(PS) =     120.000  TEMP(K) =   198.26  PRESS =     0.0
 Etot   =    -67478.5973  EKtot   =      8256.6014  EPtot      =    -75735.1987
 BOND   =         0.5477  ANGLE   =         5.2147  DIHED      =         0.7776
 1-4 NB =         0.3297  1-4 EEL =        33.4442  VDWAALS    =     13393.5115
 EELEC  =    -89169.0241  EHBOND  =         0.0000  RESTRAINT  =         0.0000
 DV/DL  =         2.1206
 ------------------------------------------------------------------------------


| TI region  2


 NSTEP =    60000   TIME(PS) =     120.000  TEMP(K) =   198.26  PRESS =     0.0
 Etot   =    -67478.5973  EKtot   =      8256.6014  EPtot      =    -75735.1987
 BOND   =         0.5477  ANGLE   =         5.2147  DIHED      =         0.7776
 1-4 NB =         0.3297  1-4 EEL =        33.4442  VDWAALS    =     13393.5115
 EELEC  =    -89169.0241  EHBOND  =         0.0000  RESTRAINT  =         0.0000
 DV/DL  =         2.1206
 ------------------------------------------------------------------------------

 NMR restraints: Bond =    0.000   Angle =     0.000   Torsion =     0.000
===============================================================================

| TI region  1


 NSTEP =    65000   TIME(PS) =     130.000  TEMP(K) =   215.42  PRESS =     0.0
 Etot   =    -65330.9603  EKtot   =      8971.4048  EPtot      =    -74302.3651
 BOND   =         0.3085  ANGLE   =         2.7465  DIHED      =         1.5437
 1-4 NB =         0.3897  1-4 EEL =        29.7605  VDWAALS    =     12560.5049
 EELEC  =    -86897.6189  EHBOND  =         0.0000  RESTRAINT  =         0.0000
 DV/DL  =        -3.4789
 ------------------------------------------------------------------------------


| TI region  2


 NSTEP =    65000   TIME(PS) =     130.000  TEMP(K) =   215.42  PRESS =     0.0
 Etot   =    -65330.9603  EKtot   =      8971.4048  EPtot      =    -74302.3651
 BOND   =         0.3085  ANGLE   =         2.7465  DIHED      =         1.5437
 1-4 NB =         0.3897  1-4 EEL =        29.7605  VDWAALS    =     12560.5049
 EELEC  =    -86897.6189  EHBOND  =         0.0000  RESTRAINT  =         0.0000
 DV/DL  =        -3.4789
 ------------------------------------------------------------------------------

 NMR restraints: Bond =    0.000   Angle =     0.000   Torsion =     0.000
===============================================================================

| TI region  1


 NSTEP =    70000   TIME(PS) =     140.000  TEMP(K) =   232.26  PRESS =     0.0
 Etot   =    -62698.5850  EKtot   =      9672.5663  EPtot      =    -72371.1513
 BOND   =         0.6806  ANGLE   =         2.4418  DIHED      =         0.7935
 1-4 NB =         0.0562  1-4 EEL =        30.1337  VDWAALS    =     12160.3084
 EELEC  =    -84565.5655  EHBOND  =         0.0000  RESTRAINT  =         0.0000
 DV/DL  =        -5.1886
 ------------------------------------------------------------------------------


| TI region  2


 NSTEP =    70000   TIME(PS) =     140.000  TEMP(K) =   232.26  PRESS =     0.0
 Etot   =    -62698.5850  EKtot   =      9672.5663  EPtot      =    -72371.1513
 BOND   =         0.6806  ANGLE   =         2.4418  DIHED      =         0.7935
 1-4 NB =         0.0562  1-4 EEL =        30.1337  VDWAALS    =     12160.3084
 EELEC  =    -84565.5655  EHBOND  =         0.0000  RESTRAINT  =         0.0000
 DV/DL  =        -5.1886
 ------------------------------------------------------------------------------

 NMR restraints: Bond =    0.000   Angle =     0.000   Torsion =     0.000
===============================================================================

| TI region  1


 NSTEP =    75000   TIME(PS) =     150.000  TEMP(K) =   246.48  PRESS =     0.0
 Etot   =    -59991.5405  EKtot   =     10264.9326  EPtot      =    -70256.4731
 BOND   =         0.2921  ANGLE   =         3.2411  DIHED      =         0.7880
 1-4 NB =         0.9041  1-4 EEL =        33.2536  VDWAALS    =     11119.2819
 EELEC  =    -81414.2340  EHBOND  =         0.0000  RESTRAINT  =         0.0000
 DV/DL  =        -4.5195
 ------------------------------------------------------------------------------


| TI region  2


 NSTEP =    75000   TIME(PS) =     150.000  TEMP(K) =   246.48  PRESS =     0.0
 Etot   =    -59991.5405  EKtot   =     10264.9326  EPtot      =    -70256.4731
 BOND   =         0.2921  ANGLE   =         3.2411  DIHED      =         0.7880
 1-4 NB =         0.9041  1-4 EEL =        33.2536  VDWAALS    =     11119.2819
 EELEC  =    -81414.2340  EHBOND  =         0.0000  RESTRAINT  =         0.0000
 DV/DL  =        -4.5195
 ------------------------------------------------------------------------------

 NMR restraints: Bond =    0.000   Angle =     0.000   Torsion =     0.000
===============================================================================

| TI region  1


 NSTEP =    80000   TIME(PS) =     160.000  TEMP(K) =   268.07  PRESS =     0.0
 Etot   =    -57481.9324  EKtot   =     11164.0828  EPtot      =    -68646.0152
 BOND   =         0.3684  ANGLE   =         3.7674  DIHED      =         1.4175
 1-4 NB =         0.3432  1-4 EEL =        33.9193  VDWAALS    =     10708.7739
 EELEC  =    -79394.6049  EHBOND  =         0.0000  RESTRAINT  =         0.0000
 DV/DL  =        -4.8306
 ------------------------------------------------------------------------------


| TI region  2


 NSTEP =    80000   TIME(PS) =     160.000  TEMP(K) =   268.07  PRESS =     0.0
 Etot   =    -57481.9324  EKtot   =     11164.0828  EPtot      =    -68646.0152
 BOND   =         0.3684  ANGLE   =         3.7674  DIHED      =         1.4175
 1-4 NB =         0.3432  1-4 EEL =        33.9193  VDWAALS    =     10708.7739
 EELEC  =    -79394.6049  EHBOND  =         0.0000  RESTRAINT  =         0.0000
 DV/DL  =        -4.8306
 ------------------------------------------------------------------------------

 NMR restraints: Bond =    0.000   Angle =     0.000   Torsion =     0.000
===============================================================================

| TI region  1


 NSTEP =    85000   TIME(PS) =     170.000  TEMP(K) =   278.74  PRESS =     0.0
 Etot   =    -55440.3280  EKtot   =     11608.3304  EPtot      =    -67048.6584
 BOND   =         1.3407  ANGLE   =         3.6308  DIHED      =         1.3502
 1-4 NB =         0.2909  1-4 EEL =        28.3720  VDWAALS    =     10134.5520
 EELEC  =    -77218.1950  EHBOND  =         0.0000  RESTRAINT  =         0.0000
 DV/DL  =        -6.2201
 ------------------------------------------------------------------------------


| TI region  2


 NSTEP =    85000   TIME(PS) =     170.000  TEMP(K) =   278.74  PRESS =     0.0
 Etot   =    -55440.3280  EKtot   =     11608.3304  EPtot      =    -67048.6584
 BOND   =         1.3407  ANGLE   =         3.6308  DIHED      =         1.3502
 1-4 NB =         0.2909  1-4 EEL =        28.3720  VDWAALS    =     10134.5520
 EELEC  =    -77218.1950  EHBOND  =         0.0000  RESTRAINT  =         0.0000
 DV/DL  =        -6.2201
 ------------------------------------------------------------------------------

 NMR restraints: Bond =    0.000   Angle =     0.000   Torsion =     0.000
===============================================================================

| TI region  1


 NSTEP =    90000   TIME(PS) =     180.000  TEMP(K) =   298.81  PRESS =     0.0
 Etot   =    -53129.6230  EKtot   =     12444.2259  EPtot      =    -65573.8489
 BOND   =         0.4178  ANGLE   =         4.3817  DIHED      =         1.6866
 1-4 NB =         0.2205  1-4 EEL =        22.7135  VDWAALS    =      9531.8314
 EELEC  =    -75135.1003  EHBOND  =         0.0000  RESTRAINT  =         0.0000
 DV/DL  =        -9.4182
 ------------------------------------------------------------------------------


| TI region  2


 NSTEP =    90000   TIME(PS) =     180.000  TEMP(K) =   298.81  PRESS =     0.0
 Etot   =    -53129.6230  EKtot   =     12444.2259  EPtot      =    -65573.8489
 BOND   =         0.4178  ANGLE   =         4.3817  DIHED      =         1.6866
 1-4 NB =         0.2205  1-4 EEL =        22.7135  VDWAALS    =      9531.8314
 EELEC  =    -75135.1003  EHBOND  =         0.0000  RESTRAINT  =         0.0000
 DV/DL  =        -9.4182
 ------------------------------------------------------------------------------

 NMR restraints: Bond =    0.000   Angle =     0.000   Torsion =     0.000
===============================================================================

| TI region  1


 NSTEP =    95000   TIME(PS) =     190.000  TEMP(K) =   300.80  PRESS =     0.0
 Etot   =    -52653.9579  EKtot   =     12527.1566  EPtot      =    -65181.1145
 BOND   =         1.9978  ANGLE   =         4.1702  DIHED      =         0.8201
 1-4 NB =         0.0504  1-4 EEL =        22.6275  VDWAALS    =      9582.3827
 EELEC  =    -74793.1631  EHBOND  =         0.0000  RESTRAINT  =         0.0000
 DV/DL  =         0.4447
 ------------------------------------------------------------------------------


| TI region  2


 NSTEP =    95000   TIME(PS) =     190.000  TEMP(K) =   300.80  PRESS =     0.0
 Etot   =    -52653.9579  EKtot   =     12527.1566  EPtot      =    -65181.1145
 BOND   =         1.9978  ANGLE   =         4.1702  DIHED      =         0.8201
 1-4 NB =         0.0504  1-4 EEL =        22.6275  VDWAALS    =      9582.3827
 EELEC  =    -74793.1631  EHBOND  =         0.0000  RESTRAINT  =         0.0000
 DV/DL  =         0.4447
 ------------------------------------------------------------------------------

 NMR restraints: Bond =    0.000   Angle =     0.000   Torsion =     0.000
===============================================================================

| TI region  1


 NSTEP =   100000   TIME(PS) =     200.000  TEMP(K) =   297.85  PRESS =     0.0
 Etot   =    -52980.0623  EKtot   =     12404.3398  EPtot      =    -65384.4021
 BOND   =         1.0498  ANGLE   =         7.5436  DIHED      =         1.4847
 1-4 NB =         0.1339  1-4 EEL =        22.2216  VDWAALS    =      9448.6381
 EELEC  =    -74865.4737  EHBOND  =         0.0000  RESTRAINT  =         0.0000
 DV/DL  =        -8.3873
 ------------------------------------------------------------------------------


| TI region  2


 NSTEP =   100000   TIME(PS) =     200.000  TEMP(K) =   297.85  PRESS =     0.0
 Etot   =    -52980.0623  EKtot   =     12404.3398  EPtot      =    -65384.4021
 BOND   =         1.0498  ANGLE   =         7.5436  DIHED      =         1.4847
 1-4 NB =         0.1339  1-4 EEL =        22.2216  VDWAALS    =      9448.6381
 EELEC  =    -74865.4737  EHBOND  =         0.0000  RESTRAINT  =         0.0000
 DV/DL  =        -8.3873
 ------------------------------------------------------------------------------

 NMR restraints: Bond =    0.000   Angle =     0.000   Torsion =     0.000
===============================================================================

| TI region  1


      A V E R A G E S   O V E R      20 S T E P S


 NSTEP =   100000   TIME(PS) =     200.000  TEMP(K) =   171.53  PRESS =     0.0
 Etot   =    -68223.3303  EKtot   =      7143.5147  EPtot      =    -75366.8450
 BOND   =         0.6387  ANGLE   =         2.6568  DIHED      =         0.7487
 1-4 NB =         0.3001  1-4 EEL =        30.4839  VDWAALS    =     12986.4357
 EELEC  =    -88388.1088  EHBOND  =         0.0000  RESTRAINT  =         0.0000
 DV/DL  =        -3.2597
 ------------------------------------------------------------------------------

 NMR restraints: Bond =    0.000   Angle =     0.000   Torsion =     0.000
===============================================================================

      R M S  F L U C T U A T I O N S


 NSTEP =   100000   TIME(PS) =     200.000  TEMP(K) =    92.16  PRESS =     0.0
 Etot   =      9876.7618  EKtot   =      3837.8760  EPtot      =      6119.5252
 BOND   =         0.5292  ANGLE   =         1.7178  DIHED      =         0.5118
 1-4 NB =         0.1738  1-4 EEL =         3.6229  VDWAALS    =      2062.0569
 EELEC  =      8167.9577  EHBOND  =         0.0000  RESTRAINT  =         0.0000
 DV/DL  =         2.9099
 ------------------------------------------------------------------------------


| TI region  2


      A V E R A G E S   O V E R      20 S T E P S


 NSTEP =   100000   TIME(PS) =     200.000  TEMP(K) =   171.53  PRESS =     0.0
 Etot   =    -68223.3303  EKtot   =      7143.5147  EPtot      =    -75366.8450
 BOND   =         0.6387  ANGLE   =         2.6568  DIHED      =         0.7487
 1-4 NB =         0.3001  1-4 EEL =        30.4839  VDWAALS    =     12986.4357
 EELEC  =    -88388.1088  EHBOND  =         0.0000  RESTRAINT  =         0.0000
 DV/DL  =        -3.2597
 ------------------------------------------------------------------------------

 NMR restraints: Bond =    0.000   Angle =     0.000   Torsion =     0.000
===============================================================================

      R M S  F L U C T U A T I O N S


 NSTEP =   100000   TIME(PS) =     200.000  TEMP(K) =    92.16  PRESS =     0.0
 Etot   =      9876.7618  EKtot   =      3837.8760  EPtot      =      6119.5252
 BOND   =         0.5292  ANGLE   =         1.7178  DIHED      =         0.5118
 1-4 NB =         0.1738  1-4 EEL =         3.6229  VDWAALS    =      2062.0569
 EELEC  =      8167.9577  EHBOND  =         0.0000  RESTRAINT  =         0.0000
 DV/DL  =         2.9099
 ------------------------------------------------------------------------------


      DV/DL, AVERAGES OVER      20 STEPS


 NSTEP =   100000   TIME(PS) =     200.000  TEMP(K) =    92.16  PRESS =     0.0
 Etot   =         0.0000  EKtot   =         0.0000  EPtot      =        -3.2597
 BOND   =         0.0000  ANGLE   =         0.0000  DIHED      =         0.0000
 1-4 NB =         0.0000  1-4 EEL =       -38.4092  VDWAALS    =         0.0000
 EELEC  =        35.1495  EHBOND  =         0.0000  RESTRAINT  =         0.0000
 DV/DL  =        -3.2597
 ------------------------------------------------------------------------------


 NMR restraints on final step:

--------------------------------------------------------------------------------
   5.  TIMINGS
--------------------------------------------------------------------------------

|  NonSetup CPU Time in Major Routines:
|
|     Routine           Sec        %
|     ------------------------------
|     Nonbond          40.36   16.49
|     Bond              0.00    0.00
|     Angle             0.00    0.00
|     Dihedral          0.00    0.00
|     Shake             0.40    0.16
|     RunMD           203.68   83.20
|     Other             0.36    0.15
|     ------------------------------
|     Total           244.79

|  PME Nonbond Pairlist CPU Time:
|
|     Routine              Sec        %
|     ---------------------------------
|     Set Up Cit           0.00    0.00
|     Build List           0.00    0.00
|     ---------------------------------
|     Total                0.00    0.00

|  PME Direct Force CPU Time:
|
|     Routine              Sec        %
|     ---------------------------------
|     NonBonded Calc       0.00    0.00
|     Exclude Masked       0.00    0.00
|     Other                0.24    0.10
|     ---------------------------------
|     Total                0.24    0.10

|  PME Reciprocal Force CPU Time:
|
|     Routine              Sec        %
|     ---------------------------------
|     1D bspline           0.00    0.00
|     Grid Charges         0.00    0.00
|     Scalar Sum           0.00    0.00
|     Gradient Sum         0.00    0.00
|     FFT                  0.00    0.00
|     ---------------------------------
|     Total                0.00    0.00

|  Final Performance Info:
|     -----------------------------------------------------
|     Average timings for last       1 steps:
|     Elapsed(s) =       0.00 Per Step(ms) =       2.72
|         ns/day =      63.53   seconds/ns =    1359.99
|
|     Average timings for all steps:
|     Elapsed(s) =     245.13 Per Step(ms) =       2.45
|         ns/day =      70.49   seconds/ns =    1225.63
|     -----------------------------------------------------

|  Setup CPU time:            0.62 seconds
|  NonSetup CPU time:       244.79 seconds
|  Total CPU time:          245.41 seconds     0.07 hours

|  Setup wall time:           0    seconds
|  NonSetup wall time:      245    seconds
|  Total wall time:         245    seconds     0.07 hours
