
          -------------------------------------------------------
          Amber 20 PMEMD                              2020
          -------------------------------------------------------

| PMEMD implementation of SANDER, Release 18

|  Compiled date/time: Mon Apr 27 21:19:54 2020
| Run on 09/29/2020 at 21:19:17

|   Executable path: /opt/software/Amber/20-fosscuda-2019b/amber20/bin/pmemd.cuda
| Working directory: /mnt/ls15/scratch/users/songlin3/run/solvation_amber20/en/two_steps_tip3p_ethylenediame/step2_vdw_to_nothing/0.56262
|          Hostname: lac-080

  [-O]verwriting output

File Assignments:
|   MDIN: min.in                                                                
|  MDOUT: min.out                                                               
| INPCRD: en_step2_final.inpcrd                                                 
|   PARM: en_step2_final.prmtop                                                 
| RESTRT: min.rst                                                               
|   REFC: en_step2_final.inpcrd                                                 
|  MDVEL: mdvel                                                                 
|   MDEN: mden                                                                  
|  MDCRD: min.netcdf                                                            
| MDINFO: min.mdinfo                                                            
|  MDFRC: mdfrc                                                                 


 Here is the input file:

minimization                                                                   
 &cntrl                                                                        
  imin=1,                                                                      
  ntmin=2,                                                                     
  maxcyc=20000,                                                                
  cut=10.0,                                                                    
  ntc=1,                                                                       
  ntf=1,                                                                       
  ntb=1,                                                                       
  ntpr=5000,                                                                   
  ntwr=5000,                                                                   
  ntwx=2000,                                                                   
  ioutfm=1,                                                                    
  iwrap=0,                                                                     
  ifsc = 1, icfe=1,                                                            
  clambda=0.56262,                                                             
  timask1=':1', scmask1=':1', scmask2='',                                      
  timask2='', crgmask = ':1',                                                  
/                                                                              


Note: ig = -1. Setting random seed to   803442 based on wallclock time in 
      microseconds.
| irandom = 1, using AMBER's internal random number generator (default).
 
|--------------------- INFORMATION ----------------------
| GPU (CUDA) Version of PMEMD in use: NVIDIA GPU IN USE.
|                    Version 18.0.0
| 
|                      03/25/2018
| 
| Implementation by:
|                    Ross C. Walker     (SDSC)
|                    Scott Le Grand     (nVIDIA)
| 
| Version 18 performance extensions by:
|                    David Cerutti     (Rutgers)
| 
| Precision model in use:
|      [SPFP] - Single Precision Forces, 64-bit Fixed Point
|               Accumulation. (Default)
| 
|--------------------------------------------------------
 
|----------------- CITATION INFORMATION -----------------
|
|    When publishing work that utilized the CUDA version
|    of AMBER, please cite the following in addition to
|    the regular AMBER citations:
|
|  - Romelia Salomon-Ferrer; Andreas W. Goetz; Duncan
|    Poole; Scott Le Grand; Ross C. Walker "Routine
|    microsecond molecular dynamics simulations with
|    AMBER - Part II: Particle Mesh Ewald", J. Chem.
|    Theory Comput., 2013, 9 (9), pp3878-3888,
|    DOI: 10.1021/ct400314y.
|
|  - Andreas W. Goetz; Mark J. Williamson; Dong Xu;
|    Duncan Poole; Scott Le Grand; Ross C. Walker
|    "Routine microsecond molecular dynamics simulations
|    with AMBER - Part I: Generalized Born", J. Chem.
|    Theory Comput., 2012, 8 (5), pp1542-1555.
|
|  - Scott Le Grand; Andreas W. Goetz; Ross C. Walker
|    "SPFP: Speed without compromise - a mixed precision
|    model for GPU accelerated molecular dynamics
|    simulations.", Comp. Phys. Comm., 2013, 184
|    pp374-380, DOI: 10.1016/j.cpc.2012.09.022
|
|    When publishing work that utilized the CUDA version
|    of TI, BAR, MBAR or FEP please cite the following 
|    publications in addition to the regular AMBER 
|    GPU citations:
|
|  - Daniel J. Mermelstein; Charles Lin; Gard Nelson; 
|    Rachael Kretsch; J. Andrew McCammon; Ross C. Walker
|    "Fast and Flexible GPU Accelerated Binding 
|    Free Energy Calculations within the AMBER Molecular
|    Dynamics Package" J. Comp. Chem., 2018,
|    DOI: 10.1002/jcc.25187
|
|  - Tai-Sung Lee; Yuan Hu; Brad Sherborne; Zhuyan Guo;
|    Darrin M. York
|    "Toward Fast and Accurate Binding Affinity Prediction with
|    pmemdGTI: An Efficient Implementation of GPU-Accelerated
|    Thermodynamic Integration"
|    J. Chem. Theory Comput., 2017, 13 (7), 3077
|
|
|--------------------------------------------------------
 
|------------------- GPU DEVICE INFO --------------------
|
|            CUDA_VISIBLE_DEVICES: 0
|   CUDA Capable Devices Detected:      1
|           CUDA Device ID in use:      0
|                CUDA Device Name: Tesla K80
|     CUDA Device Global Mem Size:  12206 MB
| CUDA Device Num Multiprocessors:     13
|           CUDA Device Core Freq:   0.82 GHz
|
|--------------------------------------------------------
 
 
| Conditional Compilation Defines Used:
| FFTW_FFT
| BINTRAJ
| MKL
| CUDA
| EMIL

| Largest sphere to fit in unit cell has radius =    27.375

| New format PARM file being parsed.
| Version =    1.000 Date = 09/18/20 Time = 17:37:14

| Note: 1-4 EEL scale factors are being read from the topology file.

| Note: 1-4 VDW scale factors are being read from the topology file.
| Duplicated    0 dihedrals

| Duplicated    0 dihedrals

--------------------------------------------------------------------------------
   1.  RESOURCE   USE: 
--------------------------------------------------------------------------------

 getting new box info from bottom of inpcrd
 NATOM  =   20955 NTYPES =       6 NBONH =   20951 MBONA  =       3
 NTHETH =      16 MTHETA =       2 NPHIH =      20 MPHIA  =       1
 NHPARM =       0 NPARM  =       0 NNB   =   27975 NRES   =    6982
 NBONA  =       3 NTHETA =       2 NPHIA =       1 NUMBND =       6
 NUMANG =       6 NPTRA  =       2 NATYP =       6 NPHB   =       1
 IFBOX  =       2 NMXRS  =      12 IFCAP =       0 NEXTRA =       0
 NCOPY  =       0

| Coordinate Index Table dimensions:    10   10   10
| Direct force subcell size =     6.7054    6.7054    6.7054

     BOX TYPE: TRUNCATED OCTAHEDRON

--------------------------------------------------------------------------------
   2.  CONTROL  DATA  FOR  THE  RUN
--------------------------------------------------------------------------------

default_name                                                                    

General flags:
     imin    =       1, nmropt  =       0

Nature and format of input:
     ntx     =       1, irest   =       0, ntrx    =       1

Nature and format of output:
     ntxo    =       2, ntpr    =    5000, ntrx    =       1, ntwr    =    5000
     iwrap   =       0, ntwx    =    2000, ntwv    =       0, ntwe    =       0
     ioutfm  =       1, ntwprt  =       0, idecomp =       0, rbornstat=      0

Potential function:
     ntf     =       1, ntb     =       1, igb     =       0, nsnb    =      25
     ipol    =       0, gbsa    =       0, iesp    =       0
     dielc   =   1.00000, cut     =  10.00000, intdiel =   1.00000

Frozen or restrained atoms:
     ibelly  =       0, ntr     =       0

Energy minimization:
     maxcyc  =   20000, ncyc    =      10, ntmin   =       2
     dx0     =   0.01000, drms    =   0.00010

Free energy options:
     icfe    =       1, ifsc    =       1, klambda =       1
     clambda =  0.5626, scalpha =  0.5000, scbeta  = 12.0000
     sceeorder =       2
     dynlmb =  0.0000 logdvdl =       0

| Intermolecular bonds treatment:
|     no_intermolecular_bonds =       1

| Energy averages sample interval:
|     ene_avg_sampling =       1

Ewald parameters:
     verbose =       0, ew_type =       0, nbflag  =       1, use_pme =       1
     vdwmeth =       1, eedmeth =       1, netfrc  =       0
     Box X =   67.054   Box Y =   67.054   Box Z =   67.054
     Alpha =  109.471   Beta  =  109.471   Gamma =  109.471
     NFFT1 =   64       NFFT2 =   64       NFFT3 =   64
     Cutoff=   10.000   Tol   =0.100E-04
     Ewald Coefficient =  0.27511
     Interpolation order =    4
     TI Mask 1 :1; matches     12 atoms
     TI Mask 2  matches      0 atoms
     TI region 1:   20955 atoms
     TI region 2:   20943 atoms
     SC Mask 1 :1; matches     12 atoms
Removing charge of      -0.6664 from atom       1
Removing charge of      -0.6664 from atom       2
Removing charge of      -0.0664 from atom       3
Removing charge of      -0.0664 from atom       4
Removing charge of       0.2792 from atom       5
Removing charge of       0.2802 from atom       6
Removing charge of       0.2802 from atom       7
Removing charge of       0.2792 from atom       8
Removing charge of       0.0898 from atom       9
Removing charge of       0.0837 from atom      10
Removing charge of       0.0898 from atom      11
Removing charge of       0.0837 from atom      12
Total charge of  -0.00000000 removed from      12 atoms
    No charge on TI atoms. Skipping extra recip sum.

--------------------------------------------------------------------------------
   3.  ATOMIC COORDINATES AND VELOCITIES
--------------------------------------------------------------------------------

                                                                                
 begin time read from input coords =     0.000 ps

 
 Number of triangulated 3-point waters found:     6981
 Number of shake restraints removed in TI region  1 :        0
 Number of shake restraints removed in TI region  2 :        0

     Sum of charges for TI region  1 =   0.00000000
     Skip neutralizing charges...


     Sum of charges for TI region  2 =   0.00000000
     Skip neutralizing charges...

| Dynamic Memory, Types Used:
| Reals              856073
| Integers           797022

| Nonbonded Pairs Initial Allocation:     6338363

| GPU memory information (estimate):
| KB of GPU memory in use:    182708
| KB of CPU memory in use:     50996

--------------------------------------------------------------------------------
   4.  RESULTS
--------------------------------------------------------------------------------


| TI region  1



   NSTEP       ENERGY          RMS            GMAX         NAME    NUMBER
      1       8.6825E+04     1.2192E+02     1.1550E+03     O        1072

 BOND    =   134075.7421  ANGLE   =        0.0000  DIHED      =        0.0000
 VDWAALS =    23363.1363  EEL     =   -70613.4668  HBOND      =        0.0000
 1-4 VDW =        0.0000  1-4 EEL =        0.0000  RESTRAINT  =        0.0000
 DV/DL  =         6.9738
  Softcore part of the system:      12 atoms,       TEMP(K)    =           0.00
 SC_Etot=         0.0000  SC_EKtot=         0.0000  SC_EPtot   =         9.6711
 SC_BOND=         1.6151  SC_ANGLE=         5.5194  SC_DIHED   =         1.5241
 SC_14NB=         1.0949  SC_14EEL=         0.0000  SC_VDW     =        -0.0823
 SC_EEL =         0.0000
 SC_RES_DIST=     0.0000  SC_RES_ANG=       0.0000  SC_RES_TORS=         0.0000
 SC_EEL_DER=      0.0000  SC_VDW_DER=       0.1046  SC_DERIV   =         0.1046
 ------------------------------------------------------------------------------


| TI region  2



   NSTEP       ENERGY          RMS            GMAX         NAME    NUMBER
      1       8.6825E+04     1.2192E+02     1.1550E+03     O        1072

 BOND    =   134075.7421  ANGLE   =        0.0000  DIHED      =        0.0000
 VDWAALS =    23363.1363  EEL     =   -70613.4668  HBOND      =        0.0000
 1-4 VDW =        0.0000  1-4 EEL =        0.0000  RESTRAINT  =        0.0000
 DV/DL  =         6.9738

| TI region  1



   NSTEP       ENERGY          RMS            GMAX         NAME    NUMBER
   5000      -6.2400E+04     1.1489E-01     1.5245E+00     H2       2472

 BOND    =     3505.8656  ANGLE   =        0.0000  DIHED      =       -0.0000
 VDWAALS =     3516.0038  EEL     =   -69421.6786  HBOND      =        0.0000
 1-4 VDW =        0.0000  1-4 EEL =        0.0000  RESTRAINT  =        0.0000
 DV/DL  =         7.0861
  Softcore part of the system:      12 atoms,       TEMP(K)    =           0.00
 SC_Etot=         0.0000  SC_EKtot=         0.0000  SC_EPtot   =         0.3340
 SC_BOND=         0.0126  SC_ANGLE=         0.0727  SC_DIHED   =         0.0536
 SC_14NB=         0.2734  SC_14EEL=         0.0000  SC_VDW     =        -0.0783
 SC_EEL =         0.0000
 SC_RES_DIST=     0.0000  SC_RES_ANG=       0.0000  SC_RES_TORS=         0.0000
 SC_EEL_DER=      0.0000  SC_VDW_DER=       0.0820  SC_DERIV   =         0.0820
 ------------------------------------------------------------------------------


| TI region  2



   NSTEP       ENERGY          RMS            GMAX         NAME    NUMBER
   5000      -6.2400E+04     1.1489E-01     1.5245E+00     H2       2472

 BOND    =     3505.8656  ANGLE   =        0.0000  DIHED      =       -0.0000
 VDWAALS =     3516.0038  EEL     =   -69421.6786  HBOND      =        0.0000
 1-4 VDW =        0.0000  1-4 EEL =        0.0000  RESTRAINT  =        0.0000
 DV/DL  =         7.0861

| TI region  1



   NSTEP       ENERGY          RMS            GMAX         NAME    NUMBER
  10000      -6.3020E+04     9.7060E-02     1.1648E+00     H1      12335

 BOND    =     3596.1393  ANGLE   =        0.0000  DIHED      =        0.0000
 VDWAALS =     3684.4763  EEL     =   -70301.0233  HBOND      =        0.0000
 1-4 VDW =        0.0000  1-4 EEL =        0.0000  RESTRAINT  =        0.0000
 DV/DL  =         7.1039
  Softcore part of the system:      12 atoms,       TEMP(K)    =           0.00
 SC_Etot=         0.0000  SC_EKtot=         0.0000  SC_EPtot   =         0.3338
 SC_BOND=         0.0123  SC_ANGLE=         0.0728  SC_DIHED   =         0.0507
 SC_14NB=         0.2764  SC_14EEL=         0.0000  SC_VDW     =        -0.0785
 SC_EEL =         0.0000
 SC_RES_DIST=     0.0000  SC_RES_ANG=       0.0000  SC_RES_TORS=         0.0000
 SC_EEL_DER=      0.0000  SC_VDW_DER=       0.0692  SC_DERIV   =         0.0692
 ------------------------------------------------------------------------------


| TI region  2



   NSTEP       ENERGY          RMS            GMAX         NAME    NUMBER
  10000      -6.3020E+04     9.7060E-02     1.1648E+00     H1      12335

 BOND    =     3596.1393  ANGLE   =        0.0000  DIHED      =        0.0000
 VDWAALS =     3684.4763  EEL     =   -70301.0233  HBOND      =        0.0000
 1-4 VDW =        0.0000  1-4 EEL =        0.0000  RESTRAINT  =        0.0000
 DV/DL  =         7.1039

| TI region  1



   NSTEP       ENERGY          RMS            GMAX         NAME    NUMBER
  15000      -6.3308E+04     1.2254E-01     1.3590E+00     H1       9767

 BOND    =     3608.2543  ANGLE   =        0.0000  DIHED      =        0.0000
 VDWAALS =     3757.6718  EEL     =   -70673.7454  HBOND      =        0.0000
 1-4 VDW =        0.0000  1-4 EEL =        0.0000  RESTRAINT  =        0.0000
 DV/DL  =         7.0832
  Softcore part of the system:      12 atoms,       TEMP(K)    =           0.00
 SC_Etot=         0.0000  SC_EKtot=         0.0000  SC_EPtot   =         0.3338
 SC_BOND=         0.0121  SC_ANGLE=         0.0726  SC_DIHED   =         0.0506
 SC_14NB=         0.2770  SC_14EEL=         0.0000  SC_VDW     =        -0.0785
 SC_EEL =         0.0000
 SC_RES_DIST=     0.0000  SC_RES_ANG=       0.0000  SC_RES_TORS=         0.0000
 SC_EEL_DER=      0.0000  SC_VDW_DER=       0.0503  SC_DERIV   =         0.0503
 ------------------------------------------------------------------------------


| TI region  2



   NSTEP       ENERGY          RMS            GMAX         NAME    NUMBER
  15000      -6.3308E+04     1.2254E-01     1.3590E+00     H1       9767

 BOND    =     3608.2543  ANGLE   =        0.0000  DIHED      =        0.0000
 VDWAALS =     3757.6718  EEL     =   -70673.7454  HBOND      =        0.0000
 1-4 VDW =        0.0000  1-4 EEL =        0.0000  RESTRAINT  =        0.0000
 DV/DL  =         7.0832

| TI region  1



   NSTEP       ENERGY          RMS            GMAX         NAME    NUMBER
  20000      -6.3488E+04     6.4116E-02     7.2932E-01     H2      10704

 BOND    =     3637.1414  ANGLE   =        0.0000  DIHED      =       -0.0000
 VDWAALS =     3814.5205  EEL     =   -70939.9263  HBOND      =        0.0000
 1-4 VDW =        0.0000  1-4 EEL =        0.0000  RESTRAINT  =        0.0000
 DV/DL  =         7.0994
  Softcore part of the system:      12 atoms,       TEMP(K)    =           0.00
 SC_Etot=         0.0000  SC_EKtot=         0.0000  SC_EPtot   =         0.3338
 SC_BOND=         0.0121  SC_ANGLE=         0.0726  SC_DIHED   =         0.0515
 SC_14NB=         0.2761  SC_14EEL=         0.0000  SC_VDW     =        -0.0785
 SC_EEL =         0.0000
 SC_RES_DIST=     0.0000  SC_RES_ANG=       0.0000  SC_RES_TORS=         0.0000
 SC_EEL_DER=      0.0000  SC_VDW_DER=       0.0409  SC_DERIV   =         0.0409
 ------------------------------------------------------------------------------


| TI region  2



   NSTEP       ENERGY          RMS            GMAX         NAME    NUMBER
  20000      -6.3488E+04     6.4116E-02     7.2932E-01     H2      10704

 BOND    =     3637.1414  ANGLE   =        0.0000  DIHED      =       -0.0000
 VDWAALS =     3814.5205  EEL     =   -70939.9263  HBOND      =        0.0000
 1-4 VDW =        0.0000  1-4 EEL =        0.0000  RESTRAINT  =        0.0000
 DV/DL  =         7.0994


  Maximum number of minimization cycles reached.


                    FINAL RESULTS


| TI region  1



   NSTEP       ENERGY          RMS            GMAX         NAME    NUMBER
  20000      -6.3488E+04     6.4116E-02     7.2932E-01     H2      10704

 BOND    =     3637.1414  ANGLE   =        0.0000  DIHED      =       -0.0000
 VDWAALS =     3814.5205  EEL     =   -70939.9263  HBOND      =        0.0000
 1-4 VDW =        0.0000  1-4 EEL =        0.0000  RESTRAINT  =        0.0000
 DV/DL  =         7.0994
  Softcore part of the system:      12 atoms,       TEMP(K)    =           0.00
 SC_Etot=         0.0000  SC_EKtot=         0.0000  SC_EPtot   =         0.3338
 SC_BOND=         0.0121  SC_ANGLE=         0.0726  SC_DIHED   =         0.0515
 SC_14NB=         0.2761  SC_14EEL=         0.0000  SC_VDW     =        -0.0785
 SC_EEL =         0.0000
 SC_RES_DIST=     0.0000  SC_RES_ANG=       0.0000  SC_RES_TORS=         0.0000
 SC_EEL_DER=      0.0000  SC_VDW_DER=       0.0409  SC_DERIV   =         0.0409
 ------------------------------------------------------------------------------


| TI region  2



   NSTEP       ENERGY          RMS            GMAX         NAME    NUMBER
  20000      -6.3488E+04     6.4116E-02     7.2932E-01     H2      10704

 BOND    =     3637.1414  ANGLE   =        0.0000  DIHED      =       -0.0000
 VDWAALS =     3814.5205  EEL     =   -70939.9263  HBOND      =        0.0000
 1-4 VDW =        0.0000  1-4 EEL =        0.0000  RESTRAINT  =        0.0000
 DV/DL  =         7.0994
--------------------------------------------------------------------------------
   5.  TIMINGS
--------------------------------------------------------------------------------

|  NonSetup CPU Time in Major Routines:
|
|     Routine           Sec        %
|     ------------------------------
|     Nonbond          47.15   68.57
|     Bond              0.00    0.00
|     Angle             0.00    0.00
|     Dihedral          0.00    0.00
|     Shake             0.00    0.00
|     Other            21.62   31.43
|     ------------------------------
|     Total            68.77

|  PME Nonbond Pairlist CPU Time:
|
|     Routine              Sec        %
|     ---------------------------------
|     Set Up Cit           0.00    0.00
|     Build List           0.00    0.00
|     ---------------------------------
|     Total                0.00    0.00

|  PME Direct Force CPU Time:
|
|     Routine              Sec        %
|     ---------------------------------
|     NonBonded Calc       0.00    0.00
|     Exclude Masked       0.00    0.00
|     Other                0.08    0.12
|     ---------------------------------
|     Total                0.08    0.12

|  PME Reciprocal Force CPU Time:
|
|     Routine              Sec        %
|     ---------------------------------
|     1D bspline           0.00    0.00
|     Grid Charges         0.00    0.00
|     Scalar Sum           0.00    0.00
|     Gradient Sum         0.00    0.00
|     FFT                  0.00    0.00
|     ---------------------------------
|     Total                0.00    0.00

|  Setup CPU time:            0.75 seconds
|  NonSetup CPU time:        68.77 seconds
|  Total CPU time:           69.52 seconds     0.02 hours

|  Setup wall time:           1    seconds
|  NonSetup wall time:       68    seconds
|  Total wall time:          69    seconds     0.02 hours
