
          -------------------------------------------------------
          Amber 20 PMEMD                              2020
          -------------------------------------------------------

| PMEMD implementation of SANDER, Release 18

|  Compiled date/time: Mon Apr 27 21:19:54 2020
| Run on 09/29/2020 at 21:41:07

|   Executable path: /opt/software/Amber/20-fosscuda-2019b/amber20/bin/pmemd.cuda
| Working directory: /mnt/ls15/scratch/users/songlin3/run/solvation_amber20/en/two_steps_tip3p_ethylenediame/step1_ethylenediame_to_vdw/0.79366
|          Hostname: nvf-002

  [-O]verwriting output

File Assignments:
|   MDIN: heat.in                                                               
|  MDOUT: heat.out                                                              
| INPCRD: min.rst                                                               
|   PARM: en_step1_final.prmtop                                                 
| RESTRT: heat.rst                                                              
|   REFC: min.rst                                                               
|  MDVEL: mdvel                                                                 
|   MDEN: mden                                                                  
|  MDCRD: heat.netcdf                                                           
| MDINFO: heat.mdinfo                                                           
|  MDFRC: mdfrc                                                                 


 Here is the input file:

nvt for free MD                                                                
 &cntrl                                                                        
  imin=0,                                                                      
  irest=0,                                                                     
  ntx=1,                                                                       
  ig=-1,                                                                       
  nstlim=100000,                                                               
  dt=0.002,                                                                    
  cut=10.0,                                                                    
  ntc=2,                                                                       
  ntf=2,                                                                       
  ntb=1,                                                                       
  ntt=3,                                                                       
  gamma_ln=2.0,                                                                
  tempi=0.0,                                                                   
  temp0=300.0,                                                                 
  ntpr=5000,                                                                   
  ntwr=5000,                                                                   
  ntwx=10000,                                                                  
  ntwv=0,                                                                      
  ioutfm=1,                                                                    
  iwrap=0,                                                                     
  nmropt=1,                                                                    
  ifsc = 0, icfe=1,                                                            
  clambda=0.79366,                                                             
  timask1=':1',                                                                
  timask2=':2', crgmask = ':2',                                                
/                                                                              
&wt TYPE='TEMP0', istep1=0, istep2=90000, value1=0.0, value2=300.0 /           
&wt TYPE='TEMP0', istep1=90001, istep2=100000, value1=300.0, value2=300.0 /    
&wt TYPE='DUMPFREQ', istep1=10000, /                                           
&wt TYPE='END', /                                                              


Note: ig = -1. Setting random seed to   692230 based on wallclock time in 
      microseconds.
| irandom = 1, using AMBER's internal random number generator (default).
 
|--------------------- INFORMATION ----------------------
| GPU (CUDA) Version of PMEMD in use: NVIDIA GPU IN USE.
|                    Version 18.0.0
| 
|                      03/25/2018
| 
| Implementation by:
|                    Ross C. Walker     (SDSC)
|                    Scott Le Grand     (nVIDIA)
| 
| Version 18 performance extensions by:
|                    David Cerutti     (Rutgers)
| 
| Precision model in use:
|      [SPFP] - Single Precision Forces, 64-bit Fixed Point
|               Accumulation. (Default)
| 
|--------------------------------------------------------
 
|----------------- CITATION INFORMATION -----------------
|
|    When publishing work that utilized the CUDA version
|    of AMBER, please cite the following in addition to
|    the regular AMBER citations:
|
|  - Romelia Salomon-Ferrer; Andreas W. Goetz; Duncan
|    Poole; Scott Le Grand; Ross C. Walker "Routine
|    microsecond molecular dynamics simulations with
|    AMBER - Part II: Particle Mesh Ewald", J. Chem.
|    Theory Comput., 2013, 9 (9), pp3878-3888,
|    DOI: 10.1021/ct400314y.
|
|  - Andreas W. Goetz; Mark J. Williamson; Dong Xu;
|    Duncan Poole; Scott Le Grand; Ross C. Walker
|    "Routine microsecond molecular dynamics simulations
|    with AMBER - Part I: Generalized Born", J. Chem.
|    Theory Comput., 2012, 8 (5), pp1542-1555.
|
|  - Scott Le Grand; Andreas W. Goetz; Ross C. Walker
|    "SPFP: Speed without compromise - a mixed precision
|    model for GPU accelerated molecular dynamics
|    simulations.", Comp. Phys. Comm., 2013, 184
|    pp374-380, DOI: 10.1016/j.cpc.2012.09.022
|
|    When publishing work that utilized the CUDA version
|    of TI, BAR, MBAR or FEP please cite the following 
|    publications in addition to the regular AMBER 
|    GPU citations:
|
|  - Daniel J. Mermelstein; Charles Lin; Gard Nelson; 
|    Rachael Kretsch; J. Andrew McCammon; Ross C. Walker
|    "Fast and Flexible GPU Accelerated Binding 
|    Free Energy Calculations within the AMBER Molecular
|    Dynamics Package" J. Comp. Chem., 2018,
|    DOI: 10.1002/jcc.25187
|
|  - Tai-Sung Lee; Yuan Hu; Brad Sherborne; Zhuyan Guo;
|    Darrin M. York
|    "Toward Fast and Accurate Binding Affinity Prediction with
|    pmemdGTI: An Efficient Implementation of GPU-Accelerated
|    Thermodynamic Integration"
|    J. Chem. Theory Comput., 2017, 13 (7), 3077
|
|
|--------------------------------------------------------
 
|------------------- GPU DEVICE INFO --------------------
|
|            CUDA_VISIBLE_DEVICES: 0
|   CUDA Capable Devices Detected:      1
|           CUDA Device ID in use:      0
|                CUDA Device Name: Tesla V100S-PCIE-32GB
|     CUDA Device Global Mem Size:  32510 MB
| CUDA Device Num Multiprocessors:     80
|           CUDA Device Core Freq:   1.60 GHz
|
|--------------------------------------------------------
 
 
| Conditional Compilation Defines Used:
| FFTW_FFT
| BINTRAJ
| MKL
| CUDA
| EMIL

| Largest sphere to fit in unit cell has radius =    27.375

| New format PARM file being parsed.
| Version =    1.000 Date = 05/26/20 Time = 15:44:31

| Note: 1-4 EEL scale factors are being read from the topology file.

| Note: 1-4 VDW scale factors are being read from the topology file.
| Duplicated    0 dihedrals

| Duplicated    0 dihedrals

--------------------------------------------------------------------------------
   1.  RESOURCE   USE: 
--------------------------------------------------------------------------------

 getting box info from netcdf restart file
 NATOM  =   20967 NTYPES =       6 NBONH =   20959 MBONA  =       6
 NTHETH =      32 MTHETA =       4 NPHIH =      40 MPHIA  =       2
 NHPARM =       0 NPARM  =       0 NNB   =   28026 NRES   =    6983
 NBONA  =       6 NTHETA =       4 NPHIA =       2 NUMBND =       6
 NUMANG =       6 NPTRA  =       2 NATYP =       6 NPHB   =       1
 IFBOX  =       2 NMXRS  =      12 IFCAP =       0 NEXTRA =       0
 NCOPY  =       0

| Coordinate Index Table dimensions:    10   10   10
| Direct force subcell size =     6.7054    6.7054    6.7054

     BOX TYPE: TRUNCATED OCTAHEDRON

--------------------------------------------------------------------------------
   2.  CONTROL  DATA  FOR  THE  RUN
--------------------------------------------------------------------------------

default_name                                                                    

General flags:
     imin    =       0, nmropt  =       1

Nature and format of input:
     ntx     =       1, irest   =       0, ntrx    =       1

Nature and format of output:
     ntxo    =       2, ntpr    =    5000, ntrx    =       1, ntwr    =    5000
     iwrap   =       0, ntwx    =   10000, ntwv    =       0, ntwe    =       0
     ioutfm  =       1, ntwprt  =       0, idecomp =       0, rbornstat=      0

Potential function:
     ntf     =       2, ntb     =       1, igb     =       0, nsnb    =      25
     ipol    =       0, gbsa    =       0, iesp    =       0
     dielc   =   1.00000, cut     =  10.00000, intdiel =   1.00000

Frozen or restrained atoms:
     ibelly  =       0, ntr     =       0

Molecular dynamics:
     nstlim  =    100000, nscm    =      1000, nrespa  =         1
     t       =   0.00000, dt      =   0.00200, vlimit  =  -1.00000

Langevin dynamics temperature regulation:
     ig      =  692230
     temp0   = 300.00000, tempi   =   0.00000, gamma_ln=   2.00000

SHAKE:
     ntc     =       2, jfastw  =       0
     tol     =   0.00001

NMR refinement options:
     iscale  =       0, noeskp  =       1, ipnlty  =       1, mxsub   =       1
     scalm   = 100.00000, pencut  =   0.10000, tausw   =   0.10000

Free energy options:
     icfe    =       1, ifsc    =       0, klambda =       1
     clambda =  0.7937, scalpha =  0.5000, scbeta  = 12.0000
     sceeorder =       2
     dynlmb =  0.0000 logdvdl =       0

| Intermolecular bonds treatment:
|     no_intermolecular_bonds =       1

| Energy averages sample interval:
|     ene_avg_sampling =    5000

Ewald parameters:
     verbose =       0, ew_type =       0, nbflag  =       1, use_pme =       1
     vdwmeth =       1, eedmeth =       1, netfrc  =       1
     Box X =   67.054   Box Y =   67.054   Box Z =   67.054
     Alpha =  109.471   Beta  =  109.471   Gamma =  109.471
     NFFT1 =   64       NFFT2 =   64       NFFT3 =   64
     Cutoff=   10.000   Tol   =0.100E-04
     Ewald Coefficient =  0.27511
     Interpolation order =    4
     TI Mask 1 :1; matches     12 atoms
     TI Mask 2 :2; matches     12 atoms
     TI region 1:   20955 atoms
     TI region 2:   20955 atoms
Removing charge of      -0.6664 from atom      13
Removing charge of      -0.6664 from atom      14
Removing charge of      -0.0664 from atom      15
Removing charge of      -0.0664 from atom      16
Removing charge of       0.2792 from atom      17
Removing charge of       0.2802 from atom      18
Removing charge of       0.2802 from atom      19
Removing charge of       0.2792 from atom      20
Removing charge of       0.0898 from atom      21
Removing charge of       0.0837 from atom      22
Removing charge of       0.0898 from atom      23
Removing charge of       0.0837 from atom      24
Total charge of  -0.00000000 removed from      12 atoms
     Checking for mismatched coordinates.

--------------------------------------------------------------------------------
   3.  ATOMIC COORDINATES AND VELOCITIES
--------------------------------------------------------------------------------

default_name                                                                    
 begin time read from input coords =     0.000 ps



           Begin reading energy term weight changes/NMR restraints
 WEIGHT CHANGES:
 TEMP0         0  90000    0.000000  300.000000      0      0
 TEMP0     90001 100000  300.000000  300.000000      0      0
 DUMPFREQ  10000      0    0.000000    0.000000      0      0

 RESTRAINTS:
                          ** No restraint defined **

                  Done reading weight changes/NMR restraints


 
 Number of triangulated 3-point waters found:     6981

     Sum of charges for TI region  1 =  -0.00000000
     Skip neutralizing charges...


     Sum of charges for TI region  2 =   0.00000000
     Skip neutralizing charges...

| Dynamic Memory, Types Used:
| Reals              919424
| Integers           798292

| Nonbonded Pairs Initial Allocation:     6341993

| GPU memory information (estimate):
| KB of GPU memory in use:    247519
| KB of CPU memory in use:     52831

--------------------------------------------------------------------------------
   4.  RESULTS
--------------------------------------------------------------------------------


| TI region  1


 NSTEP =        0   TIME(PS) =       0.000  TEMP(K) =     0.00  PRESS =     0.0
 Etot   =    -65223.5128  EKtot   =         0.0000  EPtot      =    -65223.5128
 BOND   =         0.0450  ANGLE   =         0.2583  DIHED      =         0.8082
 1-4 NB =         0.5144  1-4 EEL =         8.9188  VDWAALS    =      5151.0161
 EELEC  =    -70385.0735  EHBOND  =         0.0000  RESTRAINT  =         0.0000
 DV/DL  =       -14.8343
 ------------------------------------------------------------------------------


| TI region  2


 NSTEP =        0   TIME(PS) =       0.000  TEMP(K) =     0.00  PRESS =     0.0
 Etot   =    -65223.5128  EKtot   =         0.0000  EPtot      =    -65223.5128
 BOND   =         0.0450  ANGLE   =         0.2583  DIHED      =         0.8082
 1-4 NB =         0.5144  1-4 EEL =         8.9188  VDWAALS    =      5151.0161
 EELEC  =    -70385.0735  EHBOND  =         0.0000  RESTRAINT  =         0.0000
 DV/DL  =       -14.8343
 ------------------------------------------------------------------------------

 NMR restraints: Bond =    0.000   Angle =     0.000   Torsion =     0.000
===============================================================================

| TI region  1


 NSTEP =     5000   TIME(PS) =      10.000  TEMP(K) =    15.82  PRESS =     0.0
 Etot   =    -82160.4798  EKtot   =       659.0017  EPtot      =    -82819.4815
 BOND   =         0.0766  ANGLE   =         0.3007  DIHED      =         0.1803
 1-4 NB =         0.2086  1-4 EEL =         8.2557  VDWAALS    =     15183.5347
 EELEC  =    -98012.0381  EHBOND  =         0.0000  RESTRAINT  =         0.0000
 DV/DL  =       -13.8970
 ------------------------------------------------------------------------------


| TI region  2


 NSTEP =     5000   TIME(PS) =      10.000  TEMP(K) =    15.82  PRESS =     0.0
 Etot   =    -82160.4798  EKtot   =       659.0017  EPtot      =    -82819.4815
 BOND   =         0.0766  ANGLE   =         0.3007  DIHED      =         0.1803
 1-4 NB =         0.2086  1-4 EEL =         8.2557  VDWAALS    =     15183.5347
 EELEC  =    -98012.0381  EHBOND  =         0.0000  RESTRAINT  =         0.0000
 DV/DL  =       -13.8970
 ------------------------------------------------------------------------------

 NMR restraints: Bond =    0.000   Angle =     0.000   Torsion =     0.000
===============================================================================

| TI region  1


 NSTEP =    10000   TIME(PS) =      20.000  TEMP(K) =    32.47  PRESS =     0.0
 Etot   =    -80954.9705  EKtot   =      1352.4136  EPtot      =    -82307.3841
 BOND   =         0.2045  ANGLE   =         0.4890  DIHED      =         0.0749
 1-4 NB =         0.3320  1-4 EEL =         8.5436  VDWAALS    =     15131.5074
 EELEC  =    -97448.5355  EHBOND  =         0.0000  RESTRAINT  =         0.0000
 DV/DL  =        -8.1601
 ------------------------------------------------------------------------------


| TI region  2


 NSTEP =    10000   TIME(PS) =      20.000  TEMP(K) =    32.47  PRESS =     0.0
 Etot   =    -80954.9705  EKtot   =      1352.4136  EPtot      =    -82307.3841
 BOND   =         0.2045  ANGLE   =         0.4890  DIHED      =         0.0749
 1-4 NB =         0.3320  1-4 EEL =         8.5436  VDWAALS    =     15131.5074
 EELEC  =    -97448.5355  EHBOND  =         0.0000  RESTRAINT  =         0.0000
 DV/DL  =        -8.1601
 ------------------------------------------------------------------------------

 NMR restraints: Bond =    0.000   Angle =     0.000   Torsion =     0.000
===============================================================================

| TI region  1


 NSTEP =    15000   TIME(PS) =      30.000  TEMP(K) =    49.76  PRESS =     0.0
 Etot   =    -79793.6008  EKtot   =      2072.3492  EPtot      =    -81865.9499
 BOND   =         0.0400  ANGLE   =         0.9269  DIHED      =         0.1343
 1-4 NB =         0.2814  1-4 EEL =         8.2979  VDWAALS    =     14917.0443
 EELEC  =    -96792.6748  EHBOND  =         0.0000  RESTRAINT  =         0.0000
 DV/DL  =        -7.4564
 ------------------------------------------------------------------------------


| TI region  2


 NSTEP =    15000   TIME(PS) =      30.000  TEMP(K) =    49.76  PRESS =     0.0
 Etot   =    -79793.6008  EKtot   =      2072.3492  EPtot      =    -81865.9499
 BOND   =         0.0400  ANGLE   =         0.9269  DIHED      =         0.1343
 1-4 NB =         0.2814  1-4 EEL =         8.2979  VDWAALS    =     14917.0443
 EELEC  =    -96792.6748  EHBOND  =         0.0000  RESTRAINT  =         0.0000
 DV/DL  =        -7.4564
 ------------------------------------------------------------------------------

 NMR restraints: Bond =    0.000   Angle =     0.000   Torsion =     0.000
===============================================================================

| TI region  1


 NSTEP =    20000   TIME(PS) =      40.000  TEMP(K) =    65.50  PRESS =     0.0
 Etot   =    -78700.3247  EKtot   =      2727.6373  EPtot      =    -81427.9619
 BOND   =         0.6898  ANGLE   =         0.6254  DIHED      =         0.0342
 1-4 NB =         0.4808  1-4 EEL =         8.4647  VDWAALS    =     15077.7085
 EELEC  =    -96515.9653  EHBOND  =         0.0000  RESTRAINT  =         0.0000
 DV/DL  =       -11.3159
 ------------------------------------------------------------------------------


| TI region  2


 NSTEP =    20000   TIME(PS) =      40.000  TEMP(K) =    65.50  PRESS =     0.0
 Etot   =    -78700.3247  EKtot   =      2727.6373  EPtot      =    -81427.9619
 BOND   =         0.6898  ANGLE   =         0.6254  DIHED      =         0.0342
 1-4 NB =         0.4808  1-4 EEL =         8.4647  VDWAALS    =     15077.7085
 EELEC  =    -96515.9653  EHBOND  =         0.0000  RESTRAINT  =         0.0000
 DV/DL  =       -11.3159
 ------------------------------------------------------------------------------

 NMR restraints: Bond =    0.000   Angle =     0.000   Torsion =     0.000
===============================================================================

| TI region  1


 NSTEP =    25000   TIME(PS) =      50.000  TEMP(K) =    82.93  PRESS =     0.0
 Etot   =    -77546.9885  EKtot   =      3453.6989  EPtot      =    -81000.6874
 BOND   =         0.1613  ANGLE   =         1.8165  DIHED      =         1.0760
 1-4 NB =         0.2144  1-4 EEL =         8.1233  VDWAALS    =     15007.1826
 EELEC  =    -96019.2615  EHBOND  =         0.0000  RESTRAINT  =         0.0000
 DV/DL  =       -14.2216
 ------------------------------------------------------------------------------


| TI region  2


 NSTEP =    25000   TIME(PS) =      50.000  TEMP(K) =    82.93  PRESS =     0.0
 Etot   =    -77546.9885  EKtot   =      3453.6989  EPtot      =    -81000.6874
 BOND   =         0.1613  ANGLE   =         1.8165  DIHED      =         1.0760
 1-4 NB =         0.2144  1-4 EEL =         8.1233  VDWAALS    =     15007.1826
 EELEC  =    -96019.2615  EHBOND  =         0.0000  RESTRAINT  =         0.0000
 DV/DL  =       -14.2216
 ------------------------------------------------------------------------------

 NMR restraints: Bond =    0.000   Angle =     0.000   Torsion =     0.000
===============================================================================

| TI region  1


 NSTEP =    30000   TIME(PS) =      60.000  TEMP(K) =    99.61  PRESS =     0.0
 Etot   =    -76300.0539  EKtot   =      4148.3982  EPtot      =    -80448.4522
 BOND   =         0.2588  ANGLE   =         0.9988  DIHED      =         0.4810
 1-4 NB =         0.2494  1-4 EEL =         8.3479  VDWAALS    =     14813.6834
 EELEC  =    -95272.4714  EHBOND  =         0.0000  RESTRAINT  =         0.0000
 DV/DL  =       -14.2772
 ------------------------------------------------------------------------------


| TI region  2


 NSTEP =    30000   TIME(PS) =      60.000  TEMP(K) =    99.61  PRESS =     0.0
 Etot   =    -76300.0539  EKtot   =      4148.3982  EPtot      =    -80448.4522
 BOND   =         0.2588  ANGLE   =         0.9988  DIHED      =         0.4810
 1-4 NB =         0.2494  1-4 EEL =         8.3479  VDWAALS    =     14813.6834
 EELEC  =    -95272.4714  EHBOND  =         0.0000  RESTRAINT  =         0.0000
 DV/DL  =       -14.2772
 ------------------------------------------------------------------------------

 NMR restraints: Bond =    0.000   Angle =     0.000   Torsion =     0.000
===============================================================================

| TI region  1


 NSTEP =    35000   TIME(PS) =      70.000  TEMP(K) =   117.05  PRESS =     0.0
 Etot   =    -75071.6956  EKtot   =      4874.5914  EPtot      =    -79946.2871
 BOND   =         0.1081  ANGLE   =         2.3739  DIHED      =         0.1071
 1-4 NB =         0.1123  1-4 EEL =         8.4750  VDWAALS    =     14888.6687
 EELEC  =    -94846.1322  EHBOND  =         0.0000  RESTRAINT  =         0.0000
 DV/DL  =       -15.0288
 ------------------------------------------------------------------------------


| TI region  2


 NSTEP =    35000   TIME(PS) =      70.000  TEMP(K) =   117.05  PRESS =     0.0
 Etot   =    -75071.6956  EKtot   =      4874.5914  EPtot      =    -79946.2871
 BOND   =         0.1081  ANGLE   =         2.3739  DIHED      =         0.1071
 1-4 NB =         0.1123  1-4 EEL =         8.4750  VDWAALS    =     14888.6687
 EELEC  =    -94846.1322  EHBOND  =         0.0000  RESTRAINT  =         0.0000
 DV/DL  =       -15.0288
 ------------------------------------------------------------------------------

 NMR restraints: Bond =    0.000   Angle =     0.000   Torsion =     0.000
===============================================================================

| TI region  1


 NSTEP =    40000   TIME(PS) =      80.000  TEMP(K) =   133.47  PRESS =     0.0
 Etot   =    -73780.6166  EKtot   =      5558.3994  EPtot      =    -79339.0160
 BOND   =         0.5682  ANGLE   =         2.7071  DIHED      =         0.8902
 1-4 NB =         0.3239  1-4 EEL =         7.9340  VDWAALS    =     14685.0637
 EELEC  =    -94036.5032  EHBOND  =         0.0000  RESTRAINT  =         0.0000
 DV/DL  =       -11.2739
 ------------------------------------------------------------------------------


| TI region  2


 NSTEP =    40000   TIME(PS) =      80.000  TEMP(K) =   133.47  PRESS =     0.0
 Etot   =    -73780.6166  EKtot   =      5558.3994  EPtot      =    -79339.0160
 BOND   =         0.5682  ANGLE   =         2.7071  DIHED      =         0.8902
 1-4 NB =         0.3239  1-4 EEL =         7.9340  VDWAALS    =     14685.0637
 EELEC  =    -94036.5032  EHBOND  =         0.0000  RESTRAINT  =         0.0000
 DV/DL  =       -11.2739
 ------------------------------------------------------------------------------

 NMR restraints: Bond =    0.000   Angle =     0.000   Torsion =     0.000
===============================================================================

| TI region  1


 NSTEP =    45000   TIME(PS) =      90.000  TEMP(K) =   149.79  PRESS =     0.0
 Etot   =    -72309.1810  EKtot   =      6237.9414  EPtot      =    -78547.1224
 BOND   =         0.7499  ANGLE   =         3.2328  DIHED      =         0.4331
 1-4 NB =         0.0539  1-4 EEL =         7.8301  VDWAALS    =     14496.0235
 EELEC  =    -93055.4457  EHBOND  =         0.0000  RESTRAINT  =         0.0000
 DV/DL  =       -13.6789
 ------------------------------------------------------------------------------


| TI region  2


 NSTEP =    45000   TIME(PS) =      90.000  TEMP(K) =   149.79  PRESS =     0.0
 Etot   =    -72309.1810  EKtot   =      6237.9414  EPtot      =    -78547.1224
 BOND   =         0.7499  ANGLE   =         3.2328  DIHED      =         0.4331
 1-4 NB =         0.0539  1-4 EEL =         7.8301  VDWAALS    =     14496.0235
 EELEC  =    -93055.4457  EHBOND  =         0.0000  RESTRAINT  =         0.0000
 DV/DL  =       -13.6789
 ------------------------------------------------------------------------------

 NMR restraints: Bond =    0.000   Angle =     0.000   Torsion =     0.000
===============================================================================

| TI region  1


 NSTEP =    50000   TIME(PS) =     100.000  TEMP(K) =   163.05  PRESS =     0.0
 Etot   =    -70957.4971  EKtot   =      6790.2047  EPtot      =    -77747.7018
 BOND   =         1.7020  ANGLE   =         1.9429  DIHED      =         0.8779
 1-4 NB =         0.3336  1-4 EEL =         8.1266  VDWAALS    =     14229.6754
 EELEC  =    -91990.3602  EHBOND  =         0.0000  RESTRAINT  =         0.0000
 DV/DL  =       -12.2314
 ------------------------------------------------------------------------------


| TI region  2


 NSTEP =    50000   TIME(PS) =     100.000  TEMP(K) =   163.05  PRESS =     0.0
 Etot   =    -70957.4971  EKtot   =      6790.2047  EPtot      =    -77747.7018
 BOND   =         1.7020  ANGLE   =         1.9429  DIHED      =         0.8779
 1-4 NB =         0.3336  1-4 EEL =         8.1266  VDWAALS    =     14229.6754
 EELEC  =    -91990.3602  EHBOND  =         0.0000  RESTRAINT  =         0.0000
 DV/DL  =       -12.2314
 ------------------------------------------------------------------------------

 NMR restraints: Bond =    0.000   Angle =     0.000   Torsion =     0.000
===============================================================================

| TI region  1


 NSTEP =    55000   TIME(PS) =     110.000  TEMP(K) =   180.33  PRESS =     0.0
 Etot   =    -69321.7896  EKtot   =      7509.7993  EPtot      =    -76831.5889
 BOND   =         1.5681  ANGLE   =         2.5422  DIHED      =         1.0892
 1-4 NB =         0.7554  1-4 EEL =         8.1494  VDWAALS    =     13801.2486
 EELEC  =    -90646.9417  EHBOND  =         0.0000  RESTRAINT  =         0.0000
 DV/DL  =        -8.0484
 ------------------------------------------------------------------------------


| TI region  2


 NSTEP =    55000   TIME(PS) =     110.000  TEMP(K) =   180.33  PRESS =     0.0
 Etot   =    -69321.7896  EKtot   =      7509.7993  EPtot      =    -76831.5889
 BOND   =         1.5681  ANGLE   =         2.5422  DIHED      =         1.0892
 1-4 NB =         0.7554  1-4 EEL =         8.1494  VDWAALS    =     13801.2486
 EELEC  =    -90646.9417  EHBOND  =         0.0000  RESTRAINT  =         0.0000
 DV/DL  =        -8.0484
 ------------------------------------------------------------------------------

 NMR restraints: Bond =    0.000   Angle =     0.000   Torsion =     0.000
===============================================================================

| TI region  1


 NSTEP =    60000   TIME(PS) =     120.000  TEMP(K) =   198.29  PRESS =     0.0
 Etot   =    -67710.7164  EKtot   =      8257.7907  EPtot      =    -75968.5071
 BOND   =         0.0412  ANGLE   =         2.2083  DIHED      =         0.7450
 1-4 NB =         0.2953  1-4 EEL =         8.3364  VDWAALS    =     13557.1669
 EELEC  =    -89537.3003  EHBOND  =         0.0000  RESTRAINT  =         0.0000
 DV/DL  =       -15.1059
 ------------------------------------------------------------------------------


| TI region  2


 NSTEP =    60000   TIME(PS) =     120.000  TEMP(K) =   198.29  PRESS =     0.0
 Etot   =    -67710.7164  EKtot   =      8257.7907  EPtot      =    -75968.5071
 BOND   =         0.0412  ANGLE   =         2.2083  DIHED      =         0.7450
 1-4 NB =         0.2953  1-4 EEL =         8.3364  VDWAALS    =     13557.1669
 EELEC  =    -89537.3003  EHBOND  =         0.0000  RESTRAINT  =         0.0000
 DV/DL  =       -15.1059
 ------------------------------------------------------------------------------

 NMR restraints: Bond =    0.000   Angle =     0.000   Torsion =     0.000
===============================================================================

| TI region  1


 NSTEP =    65000   TIME(PS) =     130.000  TEMP(K) =   217.66  PRESS =     0.0
 Etot   =    -65094.6119  EKtot   =      9064.7621  EPtot      =    -74159.3740
 BOND   =         0.6371  ANGLE   =         3.3637  DIHED      =         0.8696
 1-4 NB =         0.0428  1-4 EEL =         7.6638  VDWAALS    =     12763.9303
 EELEC  =    -86935.8812  EHBOND  =         0.0000  RESTRAINT  =         0.0000
 DV/DL  =       -13.5215
 ------------------------------------------------------------------------------


| TI region  2


 NSTEP =    65000   TIME(PS) =     130.000  TEMP(K) =   217.66  PRESS =     0.0
 Etot   =    -65094.6119  EKtot   =      9064.7621  EPtot      =    -74159.3740
 BOND   =         0.6371  ANGLE   =         3.3637  DIHED      =         0.8696
 1-4 NB =         0.0428  1-4 EEL =         7.6638  VDWAALS    =     12763.9303
 EELEC  =    -86935.8812  EHBOND  =         0.0000  RESTRAINT  =         0.0000
 DV/DL  =       -13.5215
 ------------------------------------------------------------------------------

 NMR restraints: Bond =    0.000   Angle =     0.000   Torsion =     0.000
===============================================================================

| TI region  1


 NSTEP =    70000   TIME(PS) =     140.000  TEMP(K) =   236.00  PRESS =     0.0
 Etot   =    -62272.5615  EKtot   =      9828.5382  EPtot      =    -72101.0996
 BOND   =         0.3159  ANGLE   =         3.5223  DIHED      =         3.1821
 1-4 NB =         1.1239  1-4 EEL =         9.2675  VDWAALS    =     11587.5441
 EELEC  =    -83706.0553  EHBOND  =         0.0000  RESTRAINT  =         0.0000
 DV/DL  =       -10.5040
 ------------------------------------------------------------------------------


| TI region  2


 NSTEP =    70000   TIME(PS) =     140.000  TEMP(K) =   236.00  PRESS =     0.0
 Etot   =    -62272.5615  EKtot   =      9828.5382  EPtot      =    -72101.0996
 BOND   =         0.3159  ANGLE   =         3.5223  DIHED      =         3.1821
 1-4 NB =         1.1239  1-4 EEL =         9.2675  VDWAALS    =     11587.5441
 EELEC  =    -83706.0553  EHBOND  =         0.0000  RESTRAINT  =         0.0000
 DV/DL  =       -10.5040
 ------------------------------------------------------------------------------

 NMR restraints: Bond =    0.000   Angle =     0.000   Torsion =     0.000
===============================================================================

| TI region  1


 NSTEP =    75000   TIME(PS) =     150.000  TEMP(K) =   249.72  PRESS =     0.0
 Etot   =    -59931.8405  EKtot   =     10399.6699  EPtot      =    -70331.5104
 BOND   =         0.9616  ANGLE   =         4.5172  DIHED      =         0.2968
 1-4 NB =         0.1635  1-4 EEL =         8.1644  VDWAALS    =     11190.6726
 EELEC  =    -81536.2865  EHBOND  =         0.0000  RESTRAINT  =         0.0000
 DV/DL  =       -10.7700
 ------------------------------------------------------------------------------


| TI region  2


 NSTEP =    75000   TIME(PS) =     150.000  TEMP(K) =   249.72  PRESS =     0.0
 Etot   =    -59931.8405  EKtot   =     10399.6699  EPtot      =    -70331.5104
 BOND   =         0.9616  ANGLE   =         4.5172  DIHED      =         0.2968
 1-4 NB =         0.1635  1-4 EEL =         8.1644  VDWAALS    =     11190.6726
 EELEC  =    -81536.2865  EHBOND  =         0.0000  RESTRAINT  =         0.0000
 DV/DL  =       -10.7700
 ------------------------------------------------------------------------------

 NMR restraints: Bond =    0.000   Angle =     0.000   Torsion =     0.000
===============================================================================

| TI region  1


 NSTEP =    80000   TIME(PS) =     160.000  TEMP(K) =   262.93  PRESS =     0.0
 Etot   =    -57777.7064  EKtot   =     10949.8205  EPtot      =    -68727.5268
 BOND   =         1.3482  ANGLE   =         2.8046  DIHED      =         0.6552
 1-4 NB =        -0.0025  1-4 EEL =         7.8815  VDWAALS    =     10662.6561
 EELEC  =    -79402.8699  EHBOND  =         0.0000  RESTRAINT  =         0.0000
 DV/DL  =       -12.9728
 ------------------------------------------------------------------------------


| TI region  2


 NSTEP =    80000   TIME(PS) =     160.000  TEMP(K) =   262.93  PRESS =     0.0
 Etot   =    -57777.7064  EKtot   =     10949.8205  EPtot      =    -68727.5268
 BOND   =         1.3482  ANGLE   =         2.8046  DIHED      =         0.6552
 1-4 NB =        -0.0025  1-4 EEL =         7.8815  VDWAALS    =     10662.6561
 EELEC  =    -79402.8699  EHBOND  =         0.0000  RESTRAINT  =         0.0000
 DV/DL  =       -12.9728
 ------------------------------------------------------------------------------

 NMR restraints: Bond =    0.000   Angle =     0.000   Torsion =     0.000
===============================================================================

| TI region  1


 NSTEP =    85000   TIME(PS) =     170.000  TEMP(K) =   281.33  PRESS =     0.0
 Etot   =    -55372.8004  EKtot   =     11715.9631  EPtot      =    -67088.7635
 BOND   =         1.3968  ANGLE   =         3.2735  DIHED      =         0.1527
 1-4 NB =         0.1373  1-4 EEL =         8.2037  VDWAALS    =     10111.8696
 EELEC  =    -77213.7971  EHBOND  =         0.0000  RESTRAINT  =         0.0000
 DV/DL  =       -12.9421
 ------------------------------------------------------------------------------


| TI region  2


 NSTEP =    85000   TIME(PS) =     170.000  TEMP(K) =   281.33  PRESS =     0.0
 Etot   =    -55372.8004  EKtot   =     11715.9631  EPtot      =    -67088.7635
 BOND   =         1.3968  ANGLE   =         3.2735  DIHED      =         0.1527
 1-4 NB =         0.1373  1-4 EEL =         8.2037  VDWAALS    =     10111.8696
 EELEC  =    -77213.7971  EHBOND  =         0.0000  RESTRAINT  =         0.0000
 DV/DL  =       -12.9421
 ------------------------------------------------------------------------------

 NMR restraints: Bond =    0.000   Angle =     0.000   Torsion =     0.000
===============================================================================

| TI region  1


 NSTEP =    90000   TIME(PS) =     180.000  TEMP(K) =   297.77  PRESS =     0.0
 Etot   =    -53091.7865  EKtot   =     12400.9904  EPtot      =    -65492.7770
 BOND   =         1.0501  ANGLE   =         4.6093  DIHED      =         0.6440
 1-4 NB =        -0.0402  1-4 EEL =         7.9366  VDWAALS    =      9702.1483
 EELEC  =    -75209.1252  EHBOND  =         0.0000  RESTRAINT  =         0.0000
 DV/DL  =       -13.1990
 ------------------------------------------------------------------------------


| TI region  2


 NSTEP =    90000   TIME(PS) =     180.000  TEMP(K) =   297.77  PRESS =     0.0
 Etot   =    -53091.7865  EKtot   =     12400.9904  EPtot      =    -65492.7770
 BOND   =         1.0501  ANGLE   =         4.6093  DIHED      =         0.6440
 1-4 NB =        -0.0402  1-4 EEL =         7.9366  VDWAALS    =      9702.1483
 EELEC  =    -75209.1252  EHBOND  =         0.0000  RESTRAINT  =         0.0000
 DV/DL  =       -13.1990
 ------------------------------------------------------------------------------

 NMR restraints: Bond =    0.000   Angle =     0.000   Torsion =     0.000
===============================================================================

| TI region  1


 NSTEP =    95000   TIME(PS) =     190.000  TEMP(K) =   299.24  PRESS =     0.0
 Etot   =    -52955.3047  EKtot   =     12461.8239  EPtot      =    -65417.1286
 BOND   =         0.0988  ANGLE   =         6.2770  DIHED      =         0.1554
 1-4 NB =         0.4427  1-4 EEL =         8.4837  VDWAALS    =      9915.1498
 EELEC  =    -75347.7360  EHBOND  =         0.0000  RESTRAINT  =         0.0000
 DV/DL  =       -10.7738
 ------------------------------------------------------------------------------


| TI region  2


 NSTEP =    95000   TIME(PS) =     190.000  TEMP(K) =   299.24  PRESS =     0.0
 Etot   =    -52955.3047  EKtot   =     12461.8239  EPtot      =    -65417.1286
 BOND   =         0.0988  ANGLE   =         6.2770  DIHED      =         0.1554
 1-4 NB =         0.4427  1-4 EEL =         8.4837  VDWAALS    =      9915.1498
 EELEC  =    -75347.7360  EHBOND  =         0.0000  RESTRAINT  =         0.0000
 DV/DL  =       -10.7738
 ------------------------------------------------------------------------------

 NMR restraints: Bond =    0.000   Angle =     0.000   Torsion =     0.000
===============================================================================

| TI region  1


 NSTEP =   100000   TIME(PS) =     200.000  TEMP(K) =   300.93  PRESS =     0.0
 Etot   =    -52977.3907  EKtot   =     12532.5870  EPtot      =    -65509.9777
 BOND   =         0.2399  ANGLE   =         4.8028  DIHED      =         3.0828
 1-4 NB =         0.2213  1-4 EEL =         7.4868  VDWAALS    =      9739.7717
 EELEC  =    -75265.5831  EHBOND  =         0.0000  RESTRAINT  =         0.0000
 DV/DL  =       -14.1831
 ------------------------------------------------------------------------------


| TI region  2


 NSTEP =   100000   TIME(PS) =     200.000  TEMP(K) =   300.93  PRESS =     0.0
 Etot   =    -52977.3907  EKtot   =     12532.5870  EPtot      =    -65509.9777
 BOND   =         0.2399  ANGLE   =         4.8028  DIHED      =         3.0828
 1-4 NB =         0.2213  1-4 EEL =         7.4868  VDWAALS    =      9739.7717
 EELEC  =    -75265.5831  EHBOND  =         0.0000  RESTRAINT  =         0.0000
 DV/DL  =       -14.1831
 ------------------------------------------------------------------------------

 NMR restraints: Bond =    0.000   Angle =     0.000   Torsion =     0.000
===============================================================================

| TI region  1


      A V E R A G E S   O V E R      20 S T E P S


 NSTEP =   100000   TIME(PS) =     200.000  TEMP(K) =   171.68  PRESS =     0.0
 Etot   =    -68204.0959  EKtot   =      7149.8191  EPtot      =    -75353.9149
 BOND   =         0.6108  ANGLE   =         2.6667  DIHED      =         0.7581
 1-4 NB =         0.2865  1-4 EEL =         8.1986  VDWAALS    =     13073.1125
 EELEC  =    -88439.5482  EHBOND  =         0.0000  RESTRAINT  =         0.0000
 DV/DL  =       -12.1781
 ------------------------------------------------------------------------------

 NMR restraints: Bond =    0.000   Angle =     0.000   Torsion =     0.000
===============================================================================

      R M S  F L U C T U A T I O N S


 NSTEP =   100000   TIME(PS) =     200.000  TEMP(K) =    92.26  PRESS =     0.0
 Etot   =      9844.4609  EKtot   =      3842.0977  EPtot      =      6078.7509
 BOND   =         0.5375  ANGLE   =         1.5588  DIHED      =         0.8609
 1-4 NB =         0.2624  1-4 EEL =         0.3692  VDWAALS    =      2070.9134
 EELEC  =      8137.2453  EHBOND  =         0.0000  RESTRAINT  =         0.0000
 DV/DL  =         2.2626
 ------------------------------------------------------------------------------


| TI region  2


      A V E R A G E S   O V E R      20 S T E P S


 NSTEP =   100000   TIME(PS) =     200.000  TEMP(K) =   171.68  PRESS =     0.0
 Etot   =    -68204.0959  EKtot   =      7149.8191  EPtot      =    -75353.9149
 BOND   =         0.6108  ANGLE   =         2.6667  DIHED      =         0.7581
 1-4 NB =         0.2865  1-4 EEL =         8.1986  VDWAALS    =     13073.1125
 EELEC  =    -88439.5482  EHBOND  =         0.0000  RESTRAINT  =         0.0000
 DV/DL  =       -12.1781
 ------------------------------------------------------------------------------

 NMR restraints: Bond =    0.000   Angle =     0.000   Torsion =     0.000
===============================================================================

      R M S  F L U C T U A T I O N S


 NSTEP =   100000   TIME(PS) =     200.000  TEMP(K) =    92.26  PRESS =     0.0
 Etot   =      9844.4609  EKtot   =      3842.0977  EPtot      =      6078.7509
 BOND   =         0.5375  ANGLE   =         1.5588  DIHED      =         0.8609
 1-4 NB =         0.2624  1-4 EEL =         0.3692  VDWAALS    =      2070.9134
 EELEC  =      8137.2453  EHBOND  =         0.0000  RESTRAINT  =         0.0000
 DV/DL  =         2.2626
 ------------------------------------------------------------------------------


      DV/DL, AVERAGES OVER      20 STEPS


 NSTEP =   100000   TIME(PS) =     200.000  TEMP(K) =    92.26  PRESS =     0.0
 Etot   =         0.0000  EKtot   =         0.0000  EPtot      =       -12.1781
 BOND   =         0.0000  ANGLE   =         0.0000  DIHED      =         0.0000
 1-4 NB =         0.0000  1-4 EEL =       -39.7336  VDWAALS    =         0.0000
 EELEC  =        27.5555  EHBOND  =         0.0000  RESTRAINT  =         0.0000
 DV/DL  =       -12.1781
 ------------------------------------------------------------------------------


 NMR restraints on final step:

--------------------------------------------------------------------------------
   5.  TIMINGS
--------------------------------------------------------------------------------

|  NonSetup CPU Time in Major Routines:
|
|     Routine           Sec        %
|     ------------------------------
|     Nonbond          28.14   45.70
|     Bond              0.00    0.00
|     Angle             0.00    0.00
|     Dihedral          0.00    0.00
|     Shake             0.34    0.55
|     RunMD            32.91   53.44
|     Other             0.19    0.32
|     ------------------------------
|     Total            61.58

|  PME Nonbond Pairlist CPU Time:
|
|     Routine              Sec        %
|     ---------------------------------
|     Set Up Cit           0.00    0.00
|     Build List           0.00    0.00
|     ---------------------------------
|     Total                0.00    0.00

|  PME Direct Force CPU Time:
|
|     Routine              Sec        %
|     ---------------------------------
|     NonBonded Calc       0.00    0.00
|     Exclude Masked       0.00    0.00
|     Other                0.12    0.20
|     ---------------------------------
|     Total                0.12    0.20

|  PME Reciprocal Force CPU Time:
|
|     Routine              Sec        %
|     ---------------------------------
|     1D bspline           0.00    0.00
|     Grid Charges         0.00    0.00
|     Scalar Sum           0.00    0.00
|     Gradient Sum         0.00    0.00
|     FFT                  0.00    0.00
|     ---------------------------------
|     Total                0.00    0.00

|  Final Performance Info:
|     -----------------------------------------------------
|     Average timings for last       1 steps:
|     Elapsed(s) =       0.00 Per Step(ms) =       2.26
|         ns/day =      76.56   seconds/ns =    1128.54
|
|     Average timings for all steps:
|     Elapsed(s) =      61.83 Per Step(ms) =       0.62
|         ns/day =     279.45   seconds/ns =     309.17
|     -----------------------------------------------------

|  Setup CPU time:            0.53 seconds
|  NonSetup CPU time:        61.58 seconds
|  Total CPU time:           62.11 seconds     0.02 hours

|  Setup wall time:           0    seconds
|  NonSetup wall time:       62    seconds
|  Total wall time:          62    seconds     0.02 hours
